<?xml version="1.0" encoding="UTF-8"?>
<testsuite name="org.morgorithm.frames.demo.DemoData" tests="1" skipped="0" failures="0" errors="0" timestamp="2021-05-05T16:10:09" hostname="DESKTOP-KCDHFKO" time="1.638">
  <properties/>
  <testcase name="contactTestData()" classname="org.morgorithm.frames.demo.DemoData" time="1.638"/>
  <system-out><![CDATA[01:09:47.481 [Test worker] DEBUG org.springframework.test.context.BootstrapUtils - Instantiating CacheAwareContextLoaderDelegate from class [org.springframework.test.context.cache.DefaultCacheAwareContextLoaderDelegate]
01:09:47.523 [Test worker] DEBUG org.springframework.test.context.BootstrapUtils - Instantiating BootstrapContext using constructor [public org.springframework.test.context.support.DefaultBootstrapContext(java.lang.Class,org.springframework.test.context.CacheAwareContextLoaderDelegate)]
01:09:47.605 [Test worker] DEBUG org.springframework.test.context.BootstrapUtils - Instantiating TestContextBootstrapper for test class [org.morgorithm.frames.demo.DemoData] from class [org.springframework.boot.test.context.SpringBootTestContextBootstrapper]
01:09:47.635 [Test worker] INFO org.springframework.boot.test.context.SpringBootTestContextBootstrapper - Neither @ContextConfiguration nor @ContextHierarchy found for test class [org.morgorithm.frames.demo.DemoData], using SpringBootContextLoader
01:09:47.647 [Test worker] DEBUG org.springframework.test.context.support.AbstractContextLoader - Did not detect default resource location for test class [org.morgorithm.frames.demo.DemoData]: class path resource [org/morgorithm/frames/demo/DemoData-context.xml] does not exist
01:09:47.649 [Test worker] DEBUG org.springframework.test.context.support.AbstractContextLoader - Did not detect default resource location for test class [org.morgorithm.frames.demo.DemoData]: class path resource [org/morgorithm/frames/demo/DemoDataContext.groovy] does not exist
01:09:47.649 [Test worker] INFO org.springframework.test.context.support.AbstractContextLoader - Could not detect default resource locations for test class [org.morgorithm.frames.demo.DemoData]: no resource found for suffixes {-context.xml, Context.groovy}.
01:09:47.650 [Test worker] INFO org.springframework.test.context.support.AnnotationConfigContextLoaderUtils - Could not detect default configuration classes for test class [org.morgorithm.frames.demo.DemoData]: DemoData does not declare any static, non-private, non-final, nested classes annotated with @Configuration.
01:09:47.778 [Test worker] DEBUG org.springframework.test.context.support.ActiveProfilesUtils - Could not find an 'annotation declaring class' for annotation type [org.springframework.test.context.ActiveProfiles] and class [org.morgorithm.frames.demo.DemoData]
01:09:47.940 [Test worker] DEBUG org.springframework.context.annotation.ClassPathScanningCandidateComponentProvider - Identified candidate component class: file [C:\Users\nick1\kpu\frames-web-server\build\classes\java\main\org\morgorithm\frames\FramesApplication.class]
01:09:47.944 [Test worker] INFO org.springframework.boot.test.context.SpringBootTestContextBootstrapper - Found @SpringBootConfiguration org.morgorithm.frames.FramesApplication for test class org.morgorithm.frames.demo.DemoData
01:09:48.258 [Test worker] DEBUG org.springframework.boot.test.context.SpringBootTestContextBootstrapper - @TestExecutionListeners is not present for class [org.morgorithm.frames.demo.DemoData]: using defaults.
01:09:48.260 [Test worker] INFO org.springframework.boot.test.context.SpringBootTestContextBootstrapper - Loaded default TestExecutionListener class names from location [META-INF/spring.factories]: [org.springframework.boot.test.autoconfigure.restdocs.RestDocsTestExecutionListener, org.springframework.boot.test.autoconfigure.web.client.MockRestServiceServerResetTestExecutionListener, org.springframework.boot.test.autoconfigure.web.servlet.MockMvcPrintOnlyOnFailureTestExecutionListener, org.springframework.boot.test.autoconfigure.web.servlet.WebDriverTestExecutionListener, org.springframework.boot.test.autoconfigure.webservices.client.MockWebServiceServerTestExecutionListener, org.springframework.boot.test.mock.mockito.MockitoTestExecutionListener, org.springframework.boot.test.mock.mockito.ResetMocksTestExecutionListener, org.springframework.test.context.web.ServletTestExecutionListener, org.springframework.test.context.support.DirtiesContextBeforeModesTestExecutionListener, org.springframework.test.context.event.ApplicationEventsTestExecutionListener, org.springframework.test.context.support.DependencyInjectionTestExecutionListener, org.springframework.test.context.support.DirtiesContextTestExecutionListener, org.springframework.test.context.transaction.TransactionalTestExecutionListener, org.springframework.test.context.jdbc.SqlScriptsTestExecutionListener, org.springframework.test.context.event.EventPublishingTestExecutionListener]
01:09:48.309 [Test worker] INFO org.springframework.boot.test.context.SpringBootTestContextBootstrapper - Using TestExecutionListeners: [org.springframework.test.context.web.ServletTestExecutionListener@66b63a5c, org.springframework.test.context.support.DirtiesContextBeforeModesTestExecutionListener@df53b63, org.springframework.test.context.event.ApplicationEventsTestExecutionListener@20d95a3f, org.springframework.boot.test.mock.mockito.MockitoTestExecutionListener@3c0d9af1, org.springframework.boot.test.autoconfigure.SpringBootDependencyInjectionTestExecutionListener@6bbe23f6, org.springframework.test.context.support.DirtiesContextTestExecutionListener@4fb433c1, org.springframework.test.context.transaction.TransactionalTestExecutionListener@255680aa, org.springframework.test.context.jdbc.SqlScriptsTestExecutionListener@75dc4ce3, org.springframework.test.context.event.EventPublishingTestExecutionListener@6f67703d, org.springframework.boot.test.autoconfigure.restdocs.RestDocsTestExecutionListener@1236c2b, org.springframework.boot.test.autoconfigure.web.client.MockRestServiceServerResetTestExecutionListener@10e1ef75, org.springframework.boot.test.autoconfigure.web.servlet.MockMvcPrintOnlyOnFailureTestExecutionListener@7cd12de, org.springframework.boot.test.autoconfigure.web.servlet.WebDriverTestExecutionListener@537f6c82, org.springframework.boot.test.autoconfigure.webservices.client.MockWebServiceServerTestExecutionListener@492710f2, org.springframework.boot.test.mock.mockito.ResetMocksTestExecutionListener@5622c4e4]
01:09:48.319 [Test worker] DEBUG org.springframework.test.context.support.AbstractDirtiesContextTestExecutionListener - Before test class: context [DefaultTestContext@263007a8 testClass = DemoData, testInstance = [null], testMethod = [null], testException = [null], mergedContextConfiguration = [WebMergedContextConfiguration@6cc30adb testClass = DemoData, locations = '{}', classes = '{class org.morgorithm.frames.FramesApplication}', contextInitializerClasses = '[]', activeProfiles = '{}', propertySourceLocations = '{}', propertySourceProperties = '{org.springframework.boot.test.context.SpringBootTestContextBootstrapper=true}', contextCustomizers = set[org.springframework.boot.test.autoconfigure.actuate.metrics.MetricsExportContextCustomizerFactory$DisableMetricExportContextCustomizer@53daa4a6, org.springframework.boot.test.autoconfigure.properties.PropertyMappingContextCustomizer@0, org.springframework.boot.test.autoconfigure.web.servlet.WebDriverContextCustomizerFactory$Customizer@64bdc7ed, org.springframework.boot.test.context.filter.ExcludeFilterContextCustomizer@60287ae6, org.springframework.boot.test.json.DuplicateJsonObjectContextCustomizerFactory$DuplicateJsonObjectContextCustomizer@2b47dfe6, org.springframework.boot.test.mock.mockito.MockitoContextCustomizer@0, org.springframework.boot.test.web.client.TestRestTemplateContextCustomizer@592d7d57, org.springframework.boot.test.context.SpringBootTestArgs@1, org.springframework.boot.test.context.SpringBootTestWebEnvironment@388cab37], resourceBasePath = 'src/main/webapp', contextLoader = 'org.springframework.boot.test.context.SpringBootContextLoader', parent = [null]], attributes = map['org.springframework.test.context.web.ServletTestExecutionListener.activateListener' -> true]], class annotated with @DirtiesContext [false] with mode [null].
01:09:48.385 [Test worker] DEBUG org.springframework.test.context.support.TestPropertySourceUtils - Adding inlined properties to environment: {spring.jmx.enabled=false, org.springframework.boot.test.context.SpringBootTestContextBootstrapper=true}

  .   ____          _            __ _ _
 /\\ / ___'_ __ _ _(_)_ __  __ _ \ \ \ \
( ( )\___ | '_ | '_| | '_ \/ _` | \ \ \ \
 \\/  ___)| |_)| | | | | || (_| |  ) ) ) )
  '  |____| .__|_| |_|_| |_\__, | / / / /
 =========|_|==============|___/=/_/_/_/
 :: Spring Boot ::                (v2.4.2)

2021-05-06 01:09:48.928  WARN 79364 --- [    Test worker] ory$DuplicateJsonObjectContextCustomizer : 

Found multiple occurrences of org.json.JSONObject on the class path:

	jar:file:/C:/Users/nick1/.gradle/caches/modules-2/files-2.1/org.json/json/20210307/528c8df3757e8bcf151817b1d7b9b434f6aa08d5/json-20210307.jar!/org/json/JSONObject.class
	jar:file:/C:/Users/nick1/.gradle/caches/modules-2/files-2.1/com.vaadin.external.google/android-json/0.0.20131108.vaadin1/fa26d351fe62a6a17f5cda1287c1c6110dec413f/android-json-0.0.20131108.vaadin1.jar!/org/json/JSONObject.class

You may wish to exclude one of them to ensure predictable runtime behavior

2021-05-06 01:09:48.967  INFO 79364 --- [    Test worker] org.morgorithm.frames.demo.DemoData      : Starting DemoData using Java 11.0.9 on DESKTOP-KCDHFKO with PID 79364 (started by nick1 in C:\Users\nick1\kpu\frames-web-server)
2021-05-06 01:09:48.970  INFO 79364 --- [    Test worker] org.morgorithm.frames.demo.DemoData      : No active profile set, falling back to default profiles: default
2021-05-06 01:09:54.087  INFO 79364 --- [    Test worker] .s.d.r.c.RepositoryConfigurationDelegate : Bootstrapping Spring Data JPA repositories in DEFAULT mode.
2021-05-06 01:09:54.453  INFO 79364 --- [    Test worker] .s.d.r.c.RepositoryConfigurationDelegate : Finished Spring Data repository scanning in 343 ms. Found 6 JPA repository interfaces.
2021-05-06 01:09:55.388  INFO 79364 --- [    Test worker] trationDelegate$BeanPostProcessorChecker : Bean '(inner bean)#39463f5' of type [com.amazonaws.auth.EC2ContainerCredentialsProviderWrapper] is not eligible for getting processed by all BeanPostProcessors (for example: not eligible for auto-proxying)
2021-05-06 01:09:55.422  INFO 79364 --- [    Test worker] trationDelegate$BeanPostProcessorChecker : Bean '(inner bean)#1c6a79e5' of type [com.amazonaws.auth.profile.ProfileCredentialsProvider] is not eligible for getting processed by all BeanPostProcessors (for example: not eligible for auto-proxying)
2021-05-06 01:09:55.441  INFO 79364 --- [    Test worker] trationDelegate$BeanPostProcessorChecker : Bean 'credentialsProvider' of type [org.springframework.cloud.aws.core.credentials.CredentialsProviderFactoryBean] is not eligible for getting processed by all BeanPostProcessors (for example: not eligible for auto-proxying)
2021-05-06 01:09:55.441  INFO 79364 --- [    Test worker] trationDelegate$BeanPostProcessorChecker : Bean 'credentialsProvider' of type [com.amazonaws.auth.AWSCredentialsProviderChain] is not eligible for getting processed by all BeanPostProcessors (for example: not eligible for auto-proxying)
2021-05-06 01:09:56.396  INFO 79364 --- [    Test worker] o.hibernate.jpa.internal.util.LogHelper  : HHH000204: Processing PersistenceUnitInfo [name: default]
2021-05-06 01:09:56.571  INFO 79364 --- [    Test worker] org.hibernate.Version                    : HHH000412: Hibernate ORM core version 5.4.27.Final
2021-05-06 01:09:57.073  INFO 79364 --- [    Test worker] o.hibernate.annotations.common.Version   : HCANN000001: Hibernate Commons Annotations {5.1.2.Final}
2021-05-06 01:09:57.435  INFO 79364 --- [    Test worker] com.zaxxer.hikari.HikariDataSource       : HikariPool-1 - Starting...
2021-05-06 01:09:58.093  INFO 79364 --- [    Test worker] com.zaxxer.hikari.HikariDataSource       : HikariPool-1 - Start completed.
2021-05-06 01:09:58.186  INFO 79364 --- [    Test worker] org.hibernate.dialect.Dialect            : HHH000400: Using dialect: org.hibernate.dialect.MySQL8Dialect
2021-05-06 01:10:00.445  INFO 79364 --- [    Test worker] o.h.e.t.j.p.i.JtaPlatformInitiator       : HHH000490: Using JtaPlatform implementation: [org.hibernate.engine.transaction.jta.platform.internal.NoJtaPlatform]
2021-05-06 01:10:00.471  INFO 79364 --- [    Test worker] j.LocalContainerEntityManagerFactoryBean : Initialized JPA EntityManagerFactory for persistence unit 'default'
2021-05-06 01:10:01.642  WARN 79364 --- [    Test worker] JpaBaseConfiguration$JpaWebConfiguration : spring.jpa.open-in-view is enabled by default. Therefore, database queries may be performed during view rendering. Explicitly configure spring.jpa.open-in-view to disable this warning
2021-05-06 01:10:03.888  INFO 79364 --- [    Test worker] o.s.s.concurrent.ThreadPoolTaskExecutor  : Initializing ExecutorService 'clientInboundChannelExecutor'
2021-05-06 01:10:03.922  INFO 79364 --- [    Test worker] o.s.s.concurrent.ThreadPoolTaskExecutor  : Initializing ExecutorService 'clientOutboundChannelExecutor'
confiureMessageBroker 연동!!**
2021-05-06 01:10:03.926  INFO 79364 --- [    Test worker] o.s.s.concurrent.ThreadPoolTaskExecutor  : Initializing ExecutorService 'brokerChannelExecutor'
2021-05-06 01:10:04.998  INFO 79364 --- [    Test worker] o.s.s.web.DefaultSecurityFilterChain     : Will secure Ant [pattern='/css/**'] with []
2021-05-06 01:10:04.998  INFO 79364 --- [    Test worker] o.s.s.web.DefaultSecurityFilterChain     : Will secure Ant [pattern='/js/**'] with []
2021-05-06 01:10:04.998  INFO 79364 --- [    Test worker] o.s.s.web.DefaultSecurityFilterChain     : Will secure Ant [pattern='/img/**'] with []
2021-05-06 01:10:04.998  INFO 79364 --- [    Test worker] o.s.s.web.DefaultSecurityFilterChain     : Will secure Ant [pattern='/lib/**'] with []
2021-05-06 01:10:05.386  INFO 79364 --- [    Test worker] o.s.s.web.DefaultSecurityFilterChain     : Will secure any request with [org.springframework.security.web.context.request.async.WebAsyncManagerIntegrationFilter@2d2cc368, org.springframework.security.web.context.SecurityContextPersistenceFilter@60b5f8db, org.springframework.security.web.header.HeaderWriterFilter@5478bbdb, org.springframework.security.web.csrf.CsrfFilter@558cf1b0, org.springframework.security.web.authentication.logout.LogoutFilter@2feb03d0, org.springframework.security.web.authentication.UsernamePasswordAuthenticationFilter@2d51ede6, org.springframework.security.web.savedrequest.RequestCacheAwareFilter@52c69c4, org.springframework.security.web.servletapi.SecurityContextHolderAwareRequestFilter@42852ca1, org.springframework.security.web.authentication.AnonymousAuthenticationFilter@31a2fcb3, org.springframework.security.web.session.SessionManagementFilter@31490901, org.springframework.security.web.access.ExceptionTranslationFilter@566a284a, org.springframework.security.web.access.intercept.FilterSecurityInterceptor@6da1801f]
2021-05-06 01:10:05.505  INFO 79364 --- [    Test worker] o.s.s.c.ThreadPoolTaskScheduler          : Initializing ExecutorService 'messageBrokerTaskScheduler'
end point 연결!!!***
2021-05-06 01:10:06.964  INFO 79364 --- [    Test worker] o.s.b.a.w.s.WelcomePageHandlerMapping    : Adding welcome page: class path resource [static/index.html]
2021-05-06 01:10:09.239  INFO 79364 --- [    Test worker] o.s.m.s.b.SimpleBrokerMessageHandler     : Starting...
2021-05-06 01:10:09.240  INFO 79364 --- [    Test worker] o.s.m.s.b.SimpleBrokerMessageHandler     : BrokerAvailabilityEvent[available=true, SimpleBrokerMessageHandler [org.springframework.messaging.simp.broker.DefaultSubscriptionRegistry@3e179702]]
2021-05-06 01:10:09.241  INFO 79364 --- [    Test worker] o.s.m.s.b.SimpleBrokerMessageHandler     : Started.
2021-05-06 01:10:09.268  INFO 79364 --- [    Test worker] org.morgorithm.frames.demo.DemoData      : Started DemoData in 20.87 seconds (JVM running for 24.833)
]]></system-out>
  <system-err><![CDATA[]]></system-err>
</testsuite>
