<?xml version="1.0" encoding="UTF-8"?>
<testsuite name="org.morgorithm.frames.repository.StatusRepositoryTests" tests="1" skipped="0" failures="0" errors="0" timestamp="2021-04-11T03:19:52" hostname="DESKTOP-KCDHFKO" time="0.544">
  <properties/>
  <testcase name="getFacilityInInfoOneDay()" classname="org.morgorithm.frames.repository.StatusRepositoryTests" time="0.544"/>
  <system-out><![CDATA[12:19:36.001 [Test worker] DEBUG org.springframework.test.context.BootstrapUtils - Instantiating CacheAwareContextLoaderDelegate from class [org.springframework.test.context.cache.DefaultCacheAwareContextLoaderDelegate]
12:19:36.043 [Test worker] DEBUG org.springframework.test.context.BootstrapUtils - Instantiating BootstrapContext using constructor [public org.springframework.test.context.support.DefaultBootstrapContext(java.lang.Class,org.springframework.test.context.CacheAwareContextLoaderDelegate)]
12:19:36.154 [Test worker] DEBUG org.springframework.test.context.BootstrapUtils - Instantiating TestContextBootstrapper for test class [org.morgorithm.frames.repository.StatusRepositoryTests] from class [org.springframework.boot.test.context.SpringBootTestContextBootstrapper]
12:19:36.201 [Test worker] INFO org.springframework.boot.test.context.SpringBootTestContextBootstrapper - Neither @ContextConfiguration nor @ContextHierarchy found for test class [org.morgorithm.frames.repository.StatusRepositoryTests], using SpringBootContextLoader
12:19:36.216 [Test worker] DEBUG org.springframework.test.context.support.AbstractContextLoader - Did not detect default resource location for test class [org.morgorithm.frames.repository.StatusRepositoryTests]: class path resource [org/morgorithm/frames/repository/StatusRepositoryTests-context.xml] does not exist
12:19:36.218 [Test worker] DEBUG org.springframework.test.context.support.AbstractContextLoader - Did not detect default resource location for test class [org.morgorithm.frames.repository.StatusRepositoryTests]: class path resource [org/morgorithm/frames/repository/StatusRepositoryTestsContext.groovy] does not exist
12:19:36.219 [Test worker] INFO org.springframework.test.context.support.AbstractContextLoader - Could not detect default resource locations for test class [org.morgorithm.frames.repository.StatusRepositoryTests]: no resource found for suffixes {-context.xml, Context.groovy}.
12:19:36.222 [Test worker] INFO org.springframework.test.context.support.AnnotationConfigContextLoaderUtils - Could not detect default configuration classes for test class [org.morgorithm.frames.repository.StatusRepositoryTests]: StatusRepositoryTests does not declare any static, non-private, non-final, nested classes annotated with @Configuration.
12:19:36.348 [Test worker] DEBUG org.springframework.test.context.support.ActiveProfilesUtils - Could not find an 'annotation declaring class' for annotation type [org.springframework.test.context.ActiveProfiles] and class [org.morgorithm.frames.repository.StatusRepositoryTests]
12:19:36.563 [Test worker] DEBUG org.springframework.context.annotation.ClassPathScanningCandidateComponentProvider - Identified candidate component class: file [C:\Users\nick1\framesWeb-master\build\classes\java\main\org\morgorithm\frames\FramesApplication.class]
12:19:36.566 [Test worker] INFO org.springframework.boot.test.context.SpringBootTestContextBootstrapper - Found @SpringBootConfiguration org.morgorithm.frames.FramesApplication for test class org.morgorithm.frames.repository.StatusRepositoryTests
12:19:36.885 [Test worker] DEBUG org.springframework.boot.test.context.SpringBootTestContextBootstrapper - @TestExecutionListeners is not present for class [org.morgorithm.frames.repository.StatusRepositoryTests]: using defaults.
12:19:36.887 [Test worker] INFO org.springframework.boot.test.context.SpringBootTestContextBootstrapper - Loaded default TestExecutionListener class names from location [META-INF/spring.factories]: [org.springframework.boot.test.autoconfigure.restdocs.RestDocsTestExecutionListener, org.springframework.boot.test.autoconfigure.web.client.MockRestServiceServerResetTestExecutionListener, org.springframework.boot.test.autoconfigure.web.servlet.MockMvcPrintOnlyOnFailureTestExecutionListener, org.springframework.boot.test.autoconfigure.web.servlet.WebDriverTestExecutionListener, org.springframework.boot.test.autoconfigure.webservices.client.MockWebServiceServerTestExecutionListener, org.springframework.boot.test.mock.mockito.MockitoTestExecutionListener, org.springframework.boot.test.mock.mockito.ResetMocksTestExecutionListener, org.springframework.test.context.web.ServletTestExecutionListener, org.springframework.test.context.support.DirtiesContextBeforeModesTestExecutionListener, org.springframework.test.context.event.ApplicationEventsTestExecutionListener, org.springframework.test.context.support.DependencyInjectionTestExecutionListener, org.springframework.test.context.support.DirtiesContextTestExecutionListener, org.springframework.test.context.transaction.TransactionalTestExecutionListener, org.springframework.test.context.jdbc.SqlScriptsTestExecutionListener, org.springframework.test.context.event.EventPublishingTestExecutionListener]
12:19:36.935 [Test worker] INFO org.springframework.boot.test.context.SpringBootTestContextBootstrapper - Using TestExecutionListeners: [org.springframework.test.context.web.ServletTestExecutionListener@1013351c, org.springframework.test.context.support.DirtiesContextBeforeModesTestExecutionListener@462dbd15, org.springframework.test.context.event.ApplicationEventsTestExecutionListener@6e5eaac1, org.springframework.boot.test.mock.mockito.MockitoTestExecutionListener@2b1cd595, org.springframework.boot.test.autoconfigure.SpringBootDependencyInjectionTestExecutionListener@22aebe3f, org.springframework.test.context.support.DirtiesContextTestExecutionListener@9c06a6a, org.springframework.test.context.transaction.TransactionalTestExecutionListener@1253d131, org.springframework.test.context.jdbc.SqlScriptsTestExecutionListener@5f2e1e93, org.springframework.test.context.event.EventPublishingTestExecutionListener@8261c0f, org.springframework.boot.test.autoconfigure.restdocs.RestDocsTestExecutionListener@23fa45b, org.springframework.boot.test.autoconfigure.web.client.MockRestServiceServerResetTestExecutionListener@e692774, org.springframework.boot.test.autoconfigure.web.servlet.MockMvcPrintOnlyOnFailureTestExecutionListener@211c6aac, org.springframework.boot.test.autoconfigure.web.servlet.WebDriverTestExecutionListener@1962cce4, org.springframework.boot.test.autoconfigure.webservices.client.MockWebServiceServerTestExecutionListener@6680beef, org.springframework.boot.test.mock.mockito.ResetMocksTestExecutionListener@211567cc]
12:19:36.954 [Test worker] DEBUG org.springframework.test.context.support.AbstractDirtiesContextTestExecutionListener - Before test class: context [DefaultTestContext@4c6f35ea testClass = StatusRepositoryTests, testInstance = [null], testMethod = [null], testException = [null], mergedContextConfiguration = [WebMergedContextConfiguration@8f1a069 testClass = StatusRepositoryTests, locations = '{}', classes = '{class org.morgorithm.frames.FramesApplication}', contextInitializerClasses = '[]', activeProfiles = '{}', propertySourceLocations = '{}', propertySourceProperties = '{org.springframework.boot.test.context.SpringBootTestContextBootstrapper=true}', contextCustomizers = set[org.springframework.boot.test.autoconfigure.actuate.metrics.MetricsExportContextCustomizerFactory$DisableMetricExportContextCustomizer@187f039f, org.springframework.boot.test.autoconfigure.properties.PropertyMappingContextCustomizer@0, org.springframework.boot.test.autoconfigure.web.servlet.WebDriverContextCustomizerFactory$Customizer@7849bb56, org.springframework.boot.test.context.filter.ExcludeFilterContextCustomizer@779b131e, org.springframework.boot.test.json.DuplicateJsonObjectContextCustomizerFactory$DuplicateJsonObjectContextCustomizer@20471e1a, org.springframework.boot.test.mock.mockito.MockitoContextCustomizer@0, org.springframework.boot.test.web.client.TestRestTemplateContextCustomizer@68637957, org.springframework.boot.test.context.SpringBootTestArgs@1, org.springframework.boot.test.context.SpringBootTestWebEnvironment@6a6ee0f7], resourceBasePath = 'src/main/webapp', contextLoader = 'org.springframework.boot.test.context.SpringBootContextLoader', parent = [null]], attributes = map['org.springframework.test.context.web.ServletTestExecutionListener.activateListener' -> true]], class annotated with @DirtiesContext [false] with mode [null].
12:19:37.055 [Test worker] DEBUG org.springframework.test.context.support.TestPropertySourceUtils - Adding inlined properties to environment: {spring.jmx.enabled=false, org.springframework.boot.test.context.SpringBootTestContextBootstrapper=true}

  .   ____          _            __ _ _
 /\\ / ___'_ __ _ _(_)_ __  __ _ \ \ \ \
( ( )\___ | '_ | '_| | '_ \/ _` | \ \ \ \
 \\/  ___)| |_)| | | | | || (_| |  ) ) ) )
  '  |____| .__|_| |_|_| |_\__, | / / / /
 =========|_|==============|___/=/_/_/_/
 :: Spring Boot ::                (v2.4.2)

2021-04-11 12:19:37.739  INFO 35136 --- [    Test worker] o.m.f.repository.StatusRepositoryTests   : Starting StatusRepositoryTests using Java 11.0.9 on DESKTOP-KCDHFKO with PID 35136 (started by nick1 in C:\Users\nick1\framesWeb-master)
2021-04-11 12:19:37.744  INFO 35136 --- [    Test worker] o.m.f.repository.StatusRepositoryTests   : No active profile set, falling back to default profiles: default
2021-04-11 12:19:39.862  INFO 35136 --- [    Test worker] .s.d.r.c.RepositoryConfigurationDelegate : Bootstrapping Spring Data JPA repositories in DEFAULT mode.
2021-04-11 12:19:40.135  INFO 35136 --- [    Test worker] .s.d.r.c.RepositoryConfigurationDelegate : Finished Spring Data repository scanning in 253 ms. Found 4 JPA repository interfaces.
2021-04-11 12:19:42.036  INFO 35136 --- [    Test worker] o.hibernate.jpa.internal.util.LogHelper  : HHH000204: Processing PersistenceUnitInfo [name: default]
2021-04-11 12:19:42.218  INFO 35136 --- [    Test worker] org.hibernate.Version                    : HHH000412: Hibernate ORM core version 5.4.27.Final
2021-04-11 12:19:42.610  INFO 35136 --- [    Test worker] o.hibernate.annotations.common.Version   : HCANN000001: Hibernate Commons Annotations {5.1.2.Final}
2021-04-11 12:19:42.900  INFO 35136 --- [    Test worker] com.zaxxer.hikari.HikariDataSource       : HikariPool-1 - Starting...
2021-04-11 12:19:43.740  INFO 35136 --- [    Test worker] com.zaxxer.hikari.HikariDataSource       : HikariPool-1 - Start completed.
2021-04-11 12:19:43.841  INFO 35136 --- [    Test worker] org.hibernate.dialect.Dialect            : HHH000400: Using dialect: org.hibernate.dialect.MySQL8Dialect
2021-04-11 12:19:46.068  INFO 35136 --- [    Test worker] o.h.e.t.j.p.i.JtaPlatformInitiator       : HHH000490: Using JtaPlatform implementation: [org.hibernate.engine.transaction.jta.platform.internal.NoJtaPlatform]
2021-04-11 12:19:46.090  INFO 35136 --- [    Test worker] j.LocalContainerEntityManagerFactoryBean : Initialized JPA EntityManagerFactory for persistence unit 'default'
2021-04-11 12:19:48.839  INFO 35136 --- [    Test worker] o.s.s.concurrent.ThreadPoolTaskExecutor  : Initializing ExecutorService 'clientInboundChannelExecutor'
2021-04-11 12:19:48.874  INFO 35136 --- [    Test worker] o.s.s.concurrent.ThreadPoolTaskExecutor  : Initializing ExecutorService 'clientOutboundChannelExecutor'
confiureMessageBroker 연동!!**
2021-04-11 12:19:48.879  INFO 35136 --- [    Test worker] o.s.s.concurrent.ThreadPoolTaskExecutor  : Initializing ExecutorService 'brokerChannelExecutor'
2021-04-11 12:19:49.010  INFO 35136 --- [    Test worker] o.s.s.c.ThreadPoolTaskScheduler          : Initializing ExecutorService 'messageBrokerTaskScheduler'
end point 연결!!!***
2021-04-11 12:19:49.375  WARN 35136 --- [    Test worker] JpaBaseConfiguration$JpaWebConfiguration : spring.jpa.open-in-view is enabled by default. Therefore, database queries may be performed during view rendering. Explicitly configure spring.jpa.open-in-view to disable this warning
2021-04-11 12:19:51.034  INFO 35136 --- [    Test worker] o.s.b.a.w.s.WelcomePageHandlerMapping    : Adding welcome page: class path resource [static/index.html]
2021-04-11 12:19:52.083  INFO 35136 --- [    Test worker] o.s.m.s.b.SimpleBrokerMessageHandler     : Starting...
2021-04-11 12:19:52.083  INFO 35136 --- [    Test worker] o.s.m.s.b.SimpleBrokerMessageHandler     : BrokerAvailabilityEvent[available=true, SimpleBrokerMessageHandler [org.springframework.messaging.simp.broker.DefaultSubscriptionRegistry@785562cf]]
2021-04-11 12:19:52.084  INFO 35136 --- [    Test worker] o.s.m.s.b.SimpleBrokerMessageHandler     : Started.
2021-04-11 12:19:52.102  INFO 35136 --- [    Test worker] o.m.f.repository.StatusRepositoryTests   : Started StatusRepositoryTests in 15.032 seconds (JVM running for 19.527)
######from: 2021-04-10T00:00
######to: 2021-04-11T23:59:59
Hibernate: 
    select
        status0_.facility_bno as col_0_0_,
        count(status0_.state) as col_1_0_,
        status0_.facility_bno as col_2_0_,
        status0_.state as col_3_0_,
        status0_.regdate as col_4_0_,
        facility1_.bno as bno1_0_,
        facility1_.building as building2_0_ 
    from
        status status0_ 
    inner join
        facility facility1_ 
            on status0_.facility_bno=facility1_.bno 
    where
        status0_.regdate>=? 
        and status0_.regdate<? 
    group by
        status0_.facility_bno ,
        status0_.state 
    order by
        status0_.facility_bno
[Ljava.lang.Object;@3b746596
[Facility(bno=1, building=building1), 9, 1, false, 2021-04-11T12:24:22.719073]
[Ljava.lang.Object;@24577d68
[Facility(bno=1, building=building1), 11, 1, true, 2021-04-10T11:32:22.637292]
[Ljava.lang.Object;@614c736d
[Facility(bno=2, building=building2), 9, 2, false, 2021-04-11T11:30:22.715084]
[Ljava.lang.Object;@525ffd17
[Facility(bno=2, building=building2), 17, 2, true, 2021-04-11T13:20:22.636295]
[Ljava.lang.Object;@f939d84
[Facility(bno=3, building=building3), 13, 3, false, 2021-04-11T14:16:22.711095]
[Ljava.lang.Object;@10301d23
[Facility(bno=3, building=building3), 17, 3, true, 2021-04-10T09:56:22.672198]
[Ljava.lang.Object;@1265d353
[Facility(bno=4, building=building4), 15, 4, false, 2021-04-10T12:16:22.714087]
[Ljava.lang.Object;@3f7f334d
[Facility(bno=4, building=building4), 26, 4, true, 2021-04-10T09:51:22.635298]
[Ljava.lang.Object;@2c93f69b
[Facility(bno=5, building=building5), 9, 5, false, 2021-04-10T10:00:22.700124]
[Ljava.lang.Object;@3cda3f2f
[Facility(bno=5, building=building5), 17, 5, true, 2021-04-10T11:20:22.651255]
[Ljava.lang.Object;@998cac
[Facility(bno=6, building=building6), 11, 6, false, 2021-04-10T12:11:22.702119]
[Ljava.lang.Object;@46ba22a9
[Facility(bno=6, building=building6), 22, 6, true, 2021-04-11T07:42:22.652252]
[Ljava.lang.Object;@75ae23cb
[Facility(bno=7, building=building7), 7, 7, false, 2021-04-10T11:09:22.730044]
[Ljava.lang.Object;@18604916
[Facility(bno=7, building=building7), 14, 7, true, 2021-04-10T09:46:22.657240]
[Ljava.lang.Object;@54d04a5a
[Facility(bno=8, building=building8), 10, 8, false, 2021-04-10T09:20:22.729047]
[Ljava.lang.Object;@43e89503
[Facility(bno=8, building=building8), 18, 8, true, 2021-04-10T14:32:22.639287]
[Ljava.lang.Object;@475c56ce
[Facility(bno=9, building=building9), 9, 9, false, 2021-04-10T11:18:22.736028]
[Ljava.lang.Object;@5dee8fca
[Facility(bno=9, building=building9), 23, 9, true, 2021-04-11T07:55:22.634299]
[Ljava.lang.Object;@b3a8cb7
[Facility(bno=10, building=building10), 11, 10, false, 2021-04-10T09:19:22.687159]
[Ljava.lang.Object;@c7d505e
[Facility(bno=10, building=building10), 17, 10, true, 2021-04-11T08:57:22.638289]
]]></system-out>
  <system-err><![CDATA[]]></system-err>
</testsuite>
