<?xml version="1.0" encoding="UTF-8"?>
<testsuite name="org.morgorithm.frames.service.StatusServiceTests" tests="1" skipped="0" failures="0" errors="0" timestamp="2021-05-05T02:25:19" hostname="DESKTOP-KCDHFKO" time="1.589">
  <properties/>
  <testcase name="testGetFacilityStatus()" classname="org.morgorithm.frames.service.StatusServiceTests" time="1.589"/>
  <system-out><![CDATA[11:24:55.020 [Test worker] DEBUG org.springframework.test.context.BootstrapUtils - Instantiating CacheAwareContextLoaderDelegate from class [org.springframework.test.context.cache.DefaultCacheAwareContextLoaderDelegate]
11:24:55.068 [Test worker] DEBUG org.springframework.test.context.BootstrapUtils - Instantiating BootstrapContext using constructor [public org.springframework.test.context.support.DefaultBootstrapContext(java.lang.Class,org.springframework.test.context.CacheAwareContextLoaderDelegate)]
11:24:55.176 [Test worker] DEBUG org.springframework.test.context.BootstrapUtils - Instantiating TestContextBootstrapper for test class [org.morgorithm.frames.service.StatusServiceTests] from class [org.springframework.boot.test.context.SpringBootTestContextBootstrapper]
11:24:55.209 [Test worker] INFO org.springframework.boot.test.context.SpringBootTestContextBootstrapper - Neither @ContextConfiguration nor @ContextHierarchy found for test class [org.morgorithm.frames.service.StatusServiceTests], using SpringBootContextLoader
11:24:55.222 [Test worker] DEBUG org.springframework.test.context.support.AbstractContextLoader - Did not detect default resource location for test class [org.morgorithm.frames.service.StatusServiceTests]: class path resource [org/morgorithm/frames/service/StatusServiceTests-context.xml] does not exist
11:24:55.223 [Test worker] DEBUG org.springframework.test.context.support.AbstractContextLoader - Did not detect default resource location for test class [org.morgorithm.frames.service.StatusServiceTests]: class path resource [org/morgorithm/frames/service/StatusServiceTestsContext.groovy] does not exist
11:24:55.224 [Test worker] INFO org.springframework.test.context.support.AbstractContextLoader - Could not detect default resource locations for test class [org.morgorithm.frames.service.StatusServiceTests]: no resource found for suffixes {-context.xml, Context.groovy}.
11:24:55.227 [Test worker] INFO org.springframework.test.context.support.AnnotationConfigContextLoaderUtils - Could not detect default configuration classes for test class [org.morgorithm.frames.service.StatusServiceTests]: StatusServiceTests does not declare any static, non-private, non-final, nested classes annotated with @Configuration.
11:24:55.352 [Test worker] DEBUG org.springframework.test.context.support.ActiveProfilesUtils - Could not find an 'annotation declaring class' for annotation type [org.springframework.test.context.ActiveProfiles] and class [org.morgorithm.frames.service.StatusServiceTests]
11:24:55.572 [Test worker] DEBUG org.springframework.context.annotation.ClassPathScanningCandidateComponentProvider - Identified candidate component class: file [C:\Users\nick1\kpu\frames-web-server\build\classes\java\main\org\morgorithm\frames\FramesApplication.class]
11:24:55.576 [Test worker] INFO org.springframework.boot.test.context.SpringBootTestContextBootstrapper - Found @SpringBootConfiguration org.morgorithm.frames.FramesApplication for test class org.morgorithm.frames.service.StatusServiceTests
11:24:55.948 [Test worker] DEBUG org.springframework.boot.test.context.SpringBootTestContextBootstrapper - @TestExecutionListeners is not present for class [org.morgorithm.frames.service.StatusServiceTests]: using defaults.
11:24:55.952 [Test worker] INFO org.springframework.boot.test.context.SpringBootTestContextBootstrapper - Loaded default TestExecutionListener class names from location [META-INF/spring.factories]: [org.springframework.boot.test.autoconfigure.restdocs.RestDocsTestExecutionListener, org.springframework.boot.test.autoconfigure.web.client.MockRestServiceServerResetTestExecutionListener, org.springframework.boot.test.autoconfigure.web.servlet.MockMvcPrintOnlyOnFailureTestExecutionListener, org.springframework.boot.test.autoconfigure.web.servlet.WebDriverTestExecutionListener, org.springframework.boot.test.autoconfigure.webservices.client.MockWebServiceServerTestExecutionListener, org.springframework.boot.test.mock.mockito.MockitoTestExecutionListener, org.springframework.boot.test.mock.mockito.ResetMocksTestExecutionListener, org.springframework.test.context.web.ServletTestExecutionListener, org.springframework.test.context.support.DirtiesContextBeforeModesTestExecutionListener, org.springframework.test.context.event.ApplicationEventsTestExecutionListener, org.springframework.test.context.support.DependencyInjectionTestExecutionListener, org.springframework.test.context.support.DirtiesContextTestExecutionListener, org.springframework.test.context.transaction.TransactionalTestExecutionListener, org.springframework.test.context.jdbc.SqlScriptsTestExecutionListener, org.springframework.test.context.event.EventPublishingTestExecutionListener]
11:24:56.008 [Test worker] INFO org.springframework.boot.test.context.SpringBootTestContextBootstrapper - Using TestExecutionListeners: [org.springframework.test.context.web.ServletTestExecutionListener@1781b458, org.springframework.test.context.support.DirtiesContextBeforeModesTestExecutionListener@7375beb2, org.springframework.test.context.event.ApplicationEventsTestExecutionListener@412379c2, org.springframework.boot.test.mock.mockito.MockitoTestExecutionListener@5ed8fc8d, org.springframework.boot.test.autoconfigure.SpringBootDependencyInjectionTestExecutionListener@4461b07a, org.springframework.test.context.support.DirtiesContextTestExecutionListener@1abf166a, org.springframework.test.context.transaction.TransactionalTestExecutionListener@40889196, org.springframework.test.context.jdbc.SqlScriptsTestExecutionListener@59ad219e, org.springframework.test.context.event.EventPublishingTestExecutionListener@1006b8b1, org.springframework.boot.test.autoconfigure.restdocs.RestDocsTestExecutionListener@72e8e09d, org.springframework.boot.test.autoconfigure.web.client.MockRestServiceServerResetTestExecutionListener@7668cb77, org.springframework.boot.test.autoconfigure.web.servlet.MockMvcPrintOnlyOnFailureTestExecutionListener@4679a5f5, org.springframework.boot.test.autoconfigure.web.servlet.WebDriverTestExecutionListener@631f5ebb, org.springframework.boot.test.autoconfigure.webservices.client.MockWebServiceServerTestExecutionListener@56c6a64d, org.springframework.boot.test.mock.mockito.ResetMocksTestExecutionListener@6645fc91]
11:24:56.016 [Test worker] DEBUG org.springframework.test.context.support.AbstractDirtiesContextTestExecutionListener - Before test class: context [DefaultTestContext@62d6cd32 testClass = StatusServiceTests, testInstance = [null], testMethod = [null], testException = [null], mergedContextConfiguration = [WebMergedContextConfiguration@4accdf23 testClass = StatusServiceTests, locations = '{}', classes = '{class org.morgorithm.frames.FramesApplication}', contextInitializerClasses = '[]', activeProfiles = '{}', propertySourceLocations = '{}', propertySourceProperties = '{org.springframework.boot.test.context.SpringBootTestContextBootstrapper=true}', contextCustomizers = set[org.springframework.boot.test.autoconfigure.actuate.metrics.MetricsExportContextCustomizerFactory$DisableMetricExportContextCustomizer@2bb3b82c, org.springframework.boot.test.autoconfigure.properties.PropertyMappingContextCustomizer@0, org.springframework.boot.test.autoconfigure.web.servlet.WebDriverContextCustomizerFactory$Customizer@672e1249, org.springframework.boot.test.context.filter.ExcludeFilterContextCustomizer@1c776076, org.springframework.boot.test.json.DuplicateJsonObjectContextCustomizerFactory$DuplicateJsonObjectContextCustomizer@1faa7fa5, org.springframework.boot.test.mock.mockito.MockitoContextCustomizer@0, org.springframework.boot.test.web.client.TestRestTemplateContextCustomizer@7824dccc, org.springframework.boot.test.context.SpringBootTestArgs@1, org.springframework.boot.test.context.SpringBootTestWebEnvironment@3f1f2b93], resourceBasePath = 'src/main/webapp', contextLoader = 'org.springframework.boot.test.context.SpringBootContextLoader', parent = [null]], attributes = map['org.springframework.test.context.web.ServletTestExecutionListener.activateListener' -> true]], class annotated with @DirtiesContext [false] with mode [null].
11:24:56.100 [Test worker] DEBUG org.springframework.test.context.support.TestPropertySourceUtils - Adding inlined properties to environment: {spring.jmx.enabled=false, org.springframework.boot.test.context.SpringBootTestContextBootstrapper=true}

  .   ____          _            __ _ _
 /\\ / ___'_ __ _ _(_)_ __  __ _ \ \ \ \
( ( )\___ | '_ | '_| | '_ \/ _` | \ \ \ \
 \\/  ___)| |_)| | | | | || (_| |  ) ) ) )
  '  |____| .__|_| |_|_| |_\__, | / / / /
 =========|_|==============|___/=/_/_/_/
 :: Spring Boot ::                (v2.4.2)

2021-05-05 11:24:56.815  WARN 357352 --- [    Test worker] ory$DuplicateJsonObjectContextCustomizer : 

Found multiple occurrences of org.json.JSONObject on the class path:

	jar:file:/C:/Users/nick1/.gradle/caches/modules-2/files-2.1/org.json/json/20210307/528c8df3757e8bcf151817b1d7b9b434f6aa08d5/json-20210307.jar!/org/json/JSONObject.class
	jar:file:/C:/Users/nick1/.gradle/caches/modules-2/files-2.1/com.vaadin.external.google/android-json/0.0.20131108.vaadin1/fa26d351fe62a6a17f5cda1287c1c6110dec413f/android-json-0.0.20131108.vaadin1.jar!/org/json/JSONObject.class

You may wish to exclude one of them to ensure predictable runtime behavior

2021-05-05 11:24:56.863  INFO 357352 --- [    Test worker] o.m.frames.service.StatusServiceTests    : Starting StatusServiceTests using Java 11.0.9 on DESKTOP-KCDHFKO with PID 357352 (started by nick1 in C:\Users\nick1\kpu\frames-web-server)
2021-05-05 11:24:56.866  INFO 357352 --- [    Test worker] o.m.frames.service.StatusServiceTests    : No active profile set, falling back to default profiles: default
2021-05-05 11:25:02.180  INFO 357352 --- [    Test worker] .s.d.r.c.RepositoryConfigurationDelegate : Bootstrapping Spring Data JPA repositories in DEFAULT mode.
2021-05-05 11:25:02.522  INFO 357352 --- [    Test worker] .s.d.r.c.RepositoryConfigurationDelegate : Finished Spring Data repository scanning in 320 ms. Found 6 JPA repository interfaces.
2021-05-05 11:25:03.448  INFO 357352 --- [    Test worker] trationDelegate$BeanPostProcessorChecker : Bean '(inner bean)#47fe018f' of type [com.amazonaws.auth.EC2ContainerCredentialsProviderWrapper] is not eligible for getting processed by all BeanPostProcessors (for example: not eligible for auto-proxying)
2021-05-05 11:25:03.491  INFO 357352 --- [    Test worker] trationDelegate$BeanPostProcessorChecker : Bean '(inner bean)#5a8b4b68' of type [com.amazonaws.auth.profile.ProfileCredentialsProvider] is not eligible for getting processed by all BeanPostProcessors (for example: not eligible for auto-proxying)
2021-05-05 11:25:03.514  INFO 357352 --- [    Test worker] trationDelegate$BeanPostProcessorChecker : Bean 'credentialsProvider' of type [org.springframework.cloud.aws.core.credentials.CredentialsProviderFactoryBean] is not eligible for getting processed by all BeanPostProcessors (for example: not eligible for auto-proxying)
2021-05-05 11:25:03.514  INFO 357352 --- [    Test worker] trationDelegate$BeanPostProcessorChecker : Bean 'credentialsProvider' of type [com.amazonaws.auth.AWSCredentialsProviderChain] is not eligible for getting processed by all BeanPostProcessors (for example: not eligible for auto-proxying)
2021-05-05 11:25:04.564  INFO 357352 --- [    Test worker] o.hibernate.jpa.internal.util.LogHelper  : HHH000204: Processing PersistenceUnitInfo [name: default]
2021-05-05 11:25:04.767  INFO 357352 --- [    Test worker] org.hibernate.Version                    : HHH000412: Hibernate ORM core version 5.4.27.Final
2021-05-05 11:25:05.283  INFO 357352 --- [    Test worker] o.hibernate.annotations.common.Version   : HCANN000001: Hibernate Commons Annotations {5.1.2.Final}
2021-05-05 11:25:05.725  INFO 357352 --- [    Test worker] com.zaxxer.hikari.HikariDataSource       : HikariPool-1 - Starting...
2021-05-05 11:25:06.569  INFO 357352 --- [    Test worker] com.zaxxer.hikari.HikariDataSource       : HikariPool-1 - Start completed.
2021-05-05 11:25:06.683  INFO 357352 --- [    Test worker] org.hibernate.dialect.Dialect            : HHH000400: Using dialect: org.hibernate.dialect.MySQL8Dialect
2021-05-05 11:25:09.215  INFO 357352 --- [    Test worker] o.h.e.t.j.p.i.JtaPlatformInitiator       : HHH000490: Using JtaPlatform implementation: [org.hibernate.engine.transaction.jta.platform.internal.NoJtaPlatform]
2021-05-05 11:25:09.236  INFO 357352 --- [    Test worker] j.LocalContainerEntityManagerFactoryBean : Initialized JPA EntityManagerFactory for persistence unit 'default'
2021-05-05 11:25:10.610  WARN 357352 --- [    Test worker] JpaBaseConfiguration$JpaWebConfiguration : spring.jpa.open-in-view is enabled by default. Therefore, database queries may be performed during view rendering. Explicitly configure spring.jpa.open-in-view to disable this warning
2021-05-05 11:25:12.929  INFO 357352 --- [    Test worker] o.s.s.concurrent.ThreadPoolTaskExecutor  : Initializing ExecutorService 'clientInboundChannelExecutor'
2021-05-05 11:25:12.969  INFO 357352 --- [    Test worker] o.s.s.concurrent.ThreadPoolTaskExecutor  : Initializing ExecutorService 'clientOutboundChannelExecutor'
confiureMessageBroker 연동!!**
2021-05-05 11:25:12.977  INFO 357352 --- [    Test worker] o.s.s.concurrent.ThreadPoolTaskExecutor  : Initializing ExecutorService 'brokerChannelExecutor'
2021-05-05 11:25:14.345  INFO 357352 --- [    Test worker] o.s.s.web.DefaultSecurityFilterChain     : Will secure Ant [pattern='/css/**'] with []
2021-05-05 11:25:14.345  INFO 357352 --- [    Test worker] o.s.s.web.DefaultSecurityFilterChain     : Will secure Ant [pattern='/js/**'] with []
2021-05-05 11:25:14.346  INFO 357352 --- [    Test worker] o.s.s.web.DefaultSecurityFilterChain     : Will secure Ant [pattern='/img/**'] with []
2021-05-05 11:25:14.347  INFO 357352 --- [    Test worker] o.s.s.web.DefaultSecurityFilterChain     : Will secure Ant [pattern='/lib/**'] with []
2021-05-05 11:25:14.798  INFO 357352 --- [    Test worker] o.s.s.web.DefaultSecurityFilterChain     : Will secure any request with [org.springframework.security.web.context.request.async.WebAsyncManagerIntegrationFilter@2b168d6f, org.springframework.security.web.context.SecurityContextPersistenceFilter@44d46e28, org.springframework.security.web.header.HeaderWriterFilter@4885f142, org.springframework.security.web.csrf.CsrfFilter@1bc22a6f, org.springframework.security.web.authentication.logout.LogoutFilter@2caab7ee, org.springframework.security.web.authentication.UsernamePasswordAuthenticationFilter@6676b284, org.springframework.security.web.savedrequest.RequestCacheAwareFilter@1652953b, org.springframework.security.web.servletapi.SecurityContextHolderAwareRequestFilter@71c061da, org.springframework.security.web.authentication.AnonymousAuthenticationFilter@572c2d2d, org.springframework.security.web.session.SessionManagementFilter@42c9466c, org.springframework.security.web.access.ExceptionTranslationFilter@38f35a17, org.springframework.security.web.access.intercept.FilterSecurityInterceptor@17d8b654]
2021-05-05 11:25:14.934  INFO 357352 --- [    Test worker] o.s.s.c.ThreadPoolTaskScheduler          : Initializing ExecutorService 'messageBrokerTaskScheduler'
end point 연결!!!***
2021-05-05 11:25:16.693  INFO 357352 --- [    Test worker] o.s.b.a.w.s.WelcomePageHandlerMapping    : Adding welcome page: class path resource [static/index.html]
2021-05-05 11:25:19.412  INFO 357352 --- [    Test worker] o.s.m.s.b.SimpleBrokerMessageHandler     : Starting...
2021-05-05 11:25:19.412  INFO 357352 --- [    Test worker] o.s.m.s.b.SimpleBrokerMessageHandler     : BrokerAvailabilityEvent[available=true, SimpleBrokerMessageHandler [org.springframework.messaging.simp.broker.DefaultSubscriptionRegistry@9a9addd]]
2021-05-05 11:25:19.413  INFO 357352 --- [    Test worker] o.s.m.s.b.SimpleBrokerMessageHandler     : Started.
2021-05-05 11:25:19.438  INFO 357352 --- [    Test worker] o.m.frames.service.StatusServiceTests    : Started StatusServiceTests in 23.322 seconds (JVM running for 27.922)
latestStatusNum after:null
***********************************
print:Status(statusnum=1886, temperature=37.52, state=false)
***********************************



test getFacilityStatus result.size():0
0 0 0 0 0 0 0 0 0 0 
0 0 0 0 0 0 0 0 0 0 
공학관A동 공학관B동 공학관C동 공학관D동 공학관E동 공학관G동 공학관P동 산학융합본부 TIP 제2기숙사 ]]></system-out>
  <system-err><![CDATA[]]></system-err>
</testsuite>
