<?xml version="1.0" encoding="UTF-8"?>
<testsuite name="org.morgorithm.frames.service.DataValidityPeriodTests" tests="1" skipped="0" failures="0" errors="0" timestamp="2021-05-12T03:48:53" hostname="DESKTOP-KCDHFKO" time="0.14">
  <properties/>
  <testcase name="dataValidityPeriodTest()" classname="org.morgorithm.frames.service.DataValidityPeriodTests" time="0.14"/>
  <system-out><![CDATA[2021-05-12 12:48:53.909  INFO 119320 --- [    Test worker] .b.t.c.SpringBootTestContextBootstrapper : Neither @ContextConfiguration nor @ContextHierarchy found for test class [org.morgorithm.frames.service.DataValidityPeriodTests], using SpringBootContextLoader
2021-05-12 12:48:53.913  INFO 119320 --- [    Test worker] o.s.t.c.support.AbstractContextLoader    : Could not detect default resource locations for test class [org.morgorithm.frames.service.DataValidityPeriodTests]: no resource found for suffixes {-context.xml, Context.groovy}.
2021-05-12 12:48:53.913  INFO 119320 --- [    Test worker] t.c.s.AnnotationConfigContextLoaderUtils : Could not detect default configuration classes for test class [org.morgorithm.frames.service.DataValidityPeriodTests]: DataValidityPeriodTests does not declare any static, non-private, non-final, nested classes annotated with @Configuration.
2021-05-12 12:48:53.964  INFO 119320 --- [    Test worker] .b.t.c.SpringBootTestContextBootstrapper : Found @SpringBootConfiguration org.morgorithm.frames.FramesApplication for test class org.morgorithm.frames.service.DataValidityPeriodTests
2021-05-12 12:48:53.968  INFO 119320 --- [    Test worker] .b.t.c.SpringBootTestContextBootstrapper : Loaded default TestExecutionListener class names from location [META-INF/spring.factories]: [org.springframework.boot.test.autoconfigure.restdocs.RestDocsTestExecutionListener, org.springframework.boot.test.autoconfigure.web.client.MockRestServiceServerResetTestExecutionListener, org.springframework.boot.test.autoconfigure.web.servlet.MockMvcPrintOnlyOnFailureTestExecutionListener, org.springframework.boot.test.autoconfigure.web.servlet.WebDriverTestExecutionListener, org.springframework.boot.test.autoconfigure.webservices.client.MockWebServiceServerTestExecutionListener, org.springframework.boot.test.mock.mockito.MockitoTestExecutionListener, org.springframework.boot.test.mock.mockito.ResetMocksTestExecutionListener, org.springframework.test.context.web.ServletTestExecutionListener, org.springframework.test.context.support.DirtiesContextBeforeModesTestExecutionListener, org.springframework.test.context.event.ApplicationEventsTestExecutionListener, org.springframework.test.context.support.DependencyInjectionTestExecutionListener, org.springframework.test.context.support.DirtiesContextTestExecutionListener, org.springframework.test.context.transaction.TransactionalTestExecutionListener, org.springframework.test.context.jdbc.SqlScriptsTestExecutionListener, org.springframework.test.context.event.EventPublishingTestExecutionListener]
2021-05-12 12:48:53.969  INFO 119320 --- [    Test worker] .b.t.c.SpringBootTestContextBootstrapper : Using TestExecutionListeners: [org.springframework.test.context.web.ServletTestExecutionListener@44b62c7a, org.springframework.test.context.support.DirtiesContextBeforeModesTestExecutionListener@9654c5c, org.springframework.test.context.event.ApplicationEventsTestExecutionListener@11d4601f, org.springframework.boot.test.mock.mockito.MockitoTestExecutionListener@566315ff, org.springframework.boot.test.autoconfigure.SpringBootDependencyInjectionTestExecutionListener@234336b5, org.springframework.test.context.support.DirtiesContextTestExecutionListener@67892d, org.springframework.test.context.transaction.TransactionalTestExecutionListener@3281d5a6, org.springframework.test.context.jdbc.SqlScriptsTestExecutionListener@7c03e2e4, org.springframework.test.context.event.EventPublishingTestExecutionListener@464f954f, org.springframework.boot.test.autoconfigure.restdocs.RestDocsTestExecutionListener@7add524a, org.springframework.boot.test.autoconfigure.web.client.MockRestServiceServerResetTestExecutionListener@464d8452, org.springframework.boot.test.autoconfigure.web.servlet.MockMvcPrintOnlyOnFailureTestExecutionListener@25ba5abd, org.springframework.boot.test.autoconfigure.web.servlet.WebDriverTestExecutionListener@1f6546a8, org.springframework.boot.test.autoconfigure.webservices.client.MockWebServiceServerTestExecutionListener@f3a180c, org.springframework.boot.test.mock.mockito.ResetMocksTestExecutionListener@257f72ad]
]]></system-out>
  <system-err><![CDATA[]]></system-err>
</testsuite>
