<?xml version="1.0" encoding="UTF-8"?>
<testsuite name="org.morgorithm.frames.demo.DemoData" tests="1" skipped="0" failures="0" errors="0" timestamp="2021-05-06T09:46:19" hostname="DESKTOP-KCDHFKO" time="1.464">
  <properties/>
  <testcase name="contactTestData()" classname="org.morgorithm.frames.demo.DemoData" time="1.464"/>
  <system-out><![CDATA[18:45:51.577 [Test worker] DEBUG org.springframework.test.context.BootstrapUtils - Instantiating CacheAwareContextLoaderDelegate from class [org.springframework.test.context.cache.DefaultCacheAwareContextLoaderDelegate]
18:45:51.626 [Test worker] DEBUG org.springframework.test.context.BootstrapUtils - Instantiating BootstrapContext using constructor [public org.springframework.test.context.support.DefaultBootstrapContext(java.lang.Class,org.springframework.test.context.CacheAwareContextLoaderDelegate)]
18:45:51.723 [Test worker] DEBUG org.springframework.test.context.BootstrapUtils - Instantiating TestContextBootstrapper for test class [org.morgorithm.frames.demo.DemoData] from class [org.springframework.boot.test.context.SpringBootTestContextBootstrapper]
18:45:51.757 [Test worker] INFO org.springframework.boot.test.context.SpringBootTestContextBootstrapper - Neither @ContextConfiguration nor @ContextHierarchy found for test class [org.morgorithm.frames.demo.DemoData], using SpringBootContextLoader
18:45:51.768 [Test worker] DEBUG org.springframework.test.context.support.AbstractContextLoader - Did not detect default resource location for test class [org.morgorithm.frames.demo.DemoData]: class path resource [org/morgorithm/frames/demo/DemoData-context.xml] does not exist
18:45:51.770 [Test worker] DEBUG org.springframework.test.context.support.AbstractContextLoader - Did not detect default resource location for test class [org.morgorithm.frames.demo.DemoData]: class path resource [org/morgorithm/frames/demo/DemoDataContext.groovy] does not exist
18:45:51.770 [Test worker] INFO org.springframework.test.context.support.AbstractContextLoader - Could not detect default resource locations for test class [org.morgorithm.frames.demo.DemoData]: no resource found for suffixes {-context.xml, Context.groovy}.
18:45:51.772 [Test worker] INFO org.springframework.test.context.support.AnnotationConfigContextLoaderUtils - Could not detect default configuration classes for test class [org.morgorithm.frames.demo.DemoData]: DemoData does not declare any static, non-private, non-final, nested classes annotated with @Configuration.
18:45:51.896 [Test worker] DEBUG org.springframework.test.context.support.ActiveProfilesUtils - Could not find an 'annotation declaring class' for annotation type [org.springframework.test.context.ActiveProfiles] and class [org.morgorithm.frames.demo.DemoData]
18:45:52.098 [Test worker] DEBUG org.springframework.context.annotation.ClassPathScanningCandidateComponentProvider - Identified candidate component class: file [C:\Users\nick1\kpu\frames-web-server\build\classes\java\main\org\morgorithm\frames\FramesApplication.class]
18:45:52.102 [Test worker] INFO org.springframework.boot.test.context.SpringBootTestContextBootstrapper - Found @SpringBootConfiguration org.morgorithm.frames.FramesApplication for test class org.morgorithm.frames.demo.DemoData
18:45:52.532 [Test worker] DEBUG org.springframework.boot.test.context.SpringBootTestContextBootstrapper - @TestExecutionListeners is not present for class [org.morgorithm.frames.demo.DemoData]: using defaults.
18:45:52.534 [Test worker] INFO org.springframework.boot.test.context.SpringBootTestContextBootstrapper - Loaded default TestExecutionListener class names from location [META-INF/spring.factories]: [org.springframework.boot.test.autoconfigure.restdocs.RestDocsTestExecutionListener, org.springframework.boot.test.autoconfigure.web.client.MockRestServiceServerResetTestExecutionListener, org.springframework.boot.test.autoconfigure.web.servlet.MockMvcPrintOnlyOnFailureTestExecutionListener, org.springframework.boot.test.autoconfigure.web.servlet.WebDriverTestExecutionListener, org.springframework.boot.test.autoconfigure.webservices.client.MockWebServiceServerTestExecutionListener, org.springframework.boot.test.mock.mockito.MockitoTestExecutionListener, org.springframework.boot.test.mock.mockito.ResetMocksTestExecutionListener, org.springframework.test.context.web.ServletTestExecutionListener, org.springframework.test.context.support.DirtiesContextBeforeModesTestExecutionListener, org.springframework.test.context.event.ApplicationEventsTestExecutionListener, org.springframework.test.context.support.DependencyInjectionTestExecutionListener, org.springframework.test.context.support.DirtiesContextTestExecutionListener, org.springframework.test.context.transaction.TransactionalTestExecutionListener, org.springframework.test.context.jdbc.SqlScriptsTestExecutionListener, org.springframework.test.context.event.EventPublishingTestExecutionListener]
18:45:52.591 [Test worker] INFO org.springframework.boot.test.context.SpringBootTestContextBootstrapper - Using TestExecutionListeners: [org.springframework.test.context.web.ServletTestExecutionListener@49bf1929, org.springframework.test.context.support.DirtiesContextBeforeModesTestExecutionListener@44e76cf8, org.springframework.test.context.event.ApplicationEventsTestExecutionListener@dda5d52, org.springframework.boot.test.mock.mockito.MockitoTestExecutionListener@4a438d97, org.springframework.boot.test.autoconfigure.SpringBootDependencyInjectionTestExecutionListener@7b04a3a7, org.springframework.test.context.support.DirtiesContextTestExecutionListener@47b8093, org.springframework.test.context.transaction.TransactionalTestExecutionListener@5b146d83, org.springframework.test.context.jdbc.SqlScriptsTestExecutionListener@d6d6c43, org.springframework.test.context.event.EventPublishingTestExecutionListener@532affd2, org.springframework.boot.test.autoconfigure.restdocs.RestDocsTestExecutionListener@b0d823c, org.springframework.boot.test.autoconfigure.web.client.MockRestServiceServerResetTestExecutionListener@730d9eab, org.springframework.boot.test.autoconfigure.web.servlet.MockMvcPrintOnlyOnFailureTestExecutionListener@15e4fbfd, org.springframework.boot.test.autoconfigure.web.servlet.WebDriverTestExecutionListener@11b442fc, org.springframework.boot.test.autoconfigure.webservices.client.MockWebServiceServerTestExecutionListener@764f2e94, org.springframework.boot.test.mock.mockito.ResetMocksTestExecutionListener@69281e30]
18:45:52.604 [Test worker] DEBUG org.springframework.test.context.support.AbstractDirtiesContextTestExecutionListener - Before test class: context [DefaultTestContext@4ad32153 testClass = DemoData, testInstance = [null], testMethod = [null], testException = [null], mergedContextConfiguration = [WebMergedContextConfiguration@4829f8a7 testClass = DemoData, locations = '{}', classes = '{class org.morgorithm.frames.FramesApplication}', contextInitializerClasses = '[]', activeProfiles = '{}', propertySourceLocations = '{}', propertySourceProperties = '{org.springframework.boot.test.context.SpringBootTestContextBootstrapper=true}', contextCustomizers = set[org.springframework.boot.test.autoconfigure.actuate.metrics.MetricsExportContextCustomizerFactory$DisableMetricExportContextCustomizer@35773783, org.springframework.boot.test.autoconfigure.properties.PropertyMappingContextCustomizer@0, org.springframework.boot.test.autoconfigure.web.servlet.WebDriverContextCustomizerFactory$Customizer@5e5f75cf, org.springframework.boot.test.context.filter.ExcludeFilterContextCustomizer@643ad8bb, org.springframework.boot.test.json.DuplicateJsonObjectContextCustomizerFactory$DuplicateJsonObjectContextCustomizer@15682d75, org.springframework.boot.test.mock.mockito.MockitoContextCustomizer@0, org.springframework.boot.test.web.client.TestRestTemplateContextCustomizer@738de919, org.springframework.boot.test.context.SpringBootTestArgs@1, org.springframework.boot.test.context.SpringBootTestWebEnvironment@6a6ee0f7], resourceBasePath = 'src/main/webapp', contextLoader = 'org.springframework.boot.test.context.SpringBootContextLoader', parent = [null]], attributes = map['org.springframework.test.context.web.ServletTestExecutionListener.activateListener' -> true]], class annotated with @DirtiesContext [false] with mode [null].
18:45:52.711 [Test worker] DEBUG org.springframework.test.context.support.TestPropertySourceUtils - Adding inlined properties to environment: {spring.jmx.enabled=false, org.springframework.boot.test.context.SpringBootTestContextBootstrapper=true}

  .   ____          _            __ _ _
 /\\ / ___'_ __ _ _(_)_ __  __ _ \ \ \ \
( ( )\___ | '_ | '_| | '_ \/ _` | \ \ \ \
 \\/  ___)| |_)| | | | | || (_| |  ) ) ) )
  '  |____| .__|_| |_|_| |_\__, | / / / /
 =========|_|==============|___/=/_/_/_/
 :: Spring Boot ::                (v2.4.2)

2021-05-06 18:45:53.408  WARN 353860 --- [    Test worker] ory$DuplicateJsonObjectContextCustomizer : 

Found multiple occurrences of org.json.JSONObject on the class path:

	jar:file:/C:/Users/nick1/.gradle/caches/modules-2/files-2.1/org.json/json/20210307/528c8df3757e8bcf151817b1d7b9b434f6aa08d5/json-20210307.jar!/org/json/JSONObject.class
	jar:file:/C:/Users/nick1/.gradle/caches/modules-2/files-2.1/com.vaadin.external.google/android-json/0.0.20131108.vaadin1/fa26d351fe62a6a17f5cda1287c1c6110dec413f/android-json-0.0.20131108.vaadin1.jar!/org/json/JSONObject.class

You may wish to exclude one of them to ensure predictable runtime behavior

2021-05-06 18:45:53.457  INFO 353860 --- [    Test worker] org.morgorithm.frames.demo.DemoData      : Starting DemoData using Java 11.0.9 on DESKTOP-KCDHFKO with PID 353860 (started by nick1 in C:\Users\nick1\kpu\frames-web-server)
2021-05-06 18:45:53.460  INFO 353860 --- [    Test worker] org.morgorithm.frames.demo.DemoData      : No active profile set, falling back to default profiles: default
2021-05-06 18:45:58.815  INFO 353860 --- [    Test worker] .s.d.r.c.RepositoryConfigurationDelegate : Bootstrapping Spring Data JPA repositories in DEFAULT mode.
2021-05-06 18:45:59.198  INFO 353860 --- [    Test worker] .s.d.r.c.RepositoryConfigurationDelegate : Finished Spring Data repository scanning in 363 ms. Found 6 JPA repository interfaces.
2021-05-06 18:46:00.195  INFO 353860 --- [    Test worker] trationDelegate$BeanPostProcessorChecker : Bean '(inner bean)#24c8183e' of type [com.amazonaws.auth.EC2ContainerCredentialsProviderWrapper] is not eligible for getting processed by all BeanPostProcessors (for example: not eligible for auto-proxying)
2021-05-06 18:46:00.235  INFO 353860 --- [    Test worker] trationDelegate$BeanPostProcessorChecker : Bean '(inner bean)#7dfce3ea' of type [com.amazonaws.auth.profile.ProfileCredentialsProvider] is not eligible for getting processed by all BeanPostProcessors (for example: not eligible for auto-proxying)
2021-05-06 18:46:00.261  INFO 353860 --- [    Test worker] trationDelegate$BeanPostProcessorChecker : Bean 'credentialsProvider' of type [org.springframework.cloud.aws.core.credentials.CredentialsProviderFactoryBean] is not eligible for getting processed by all BeanPostProcessors (for example: not eligible for auto-proxying)
2021-05-06 18:46:00.262  INFO 353860 --- [    Test worker] trationDelegate$BeanPostProcessorChecker : Bean 'credentialsProvider' of type [com.amazonaws.auth.AWSCredentialsProviderChain] is not eligible for getting processed by all BeanPostProcessors (for example: not eligible for auto-proxying)
2021-05-06 18:46:01.339  INFO 353860 --- [    Test worker] o.hibernate.jpa.internal.util.LogHelper  : HHH000204: Processing PersistenceUnitInfo [name: default]
2021-05-06 18:46:01.548  INFO 353860 --- [    Test worker] org.hibernate.Version                    : HHH000412: Hibernate ORM core version 5.4.27.Final
2021-05-06 18:46:02.123  INFO 353860 --- [    Test worker] o.hibernate.annotations.common.Version   : HCANN000001: Hibernate Commons Annotations {5.1.2.Final}
2021-05-06 18:46:02.571  INFO 353860 --- [    Test worker] com.zaxxer.hikari.HikariDataSource       : HikariPool-1 - Starting...
2021-05-06 18:46:03.384  INFO 353860 --- [    Test worker] com.zaxxer.hikari.HikariDataSource       : HikariPool-1 - Start completed.
2021-05-06 18:46:03.519  INFO 353860 --- [    Test worker] org.hibernate.dialect.Dialect            : HHH000400: Using dialect: org.hibernate.dialect.MySQL8Dialect
2021-05-06 18:46:06.474  INFO 353860 --- [    Test worker] o.h.e.t.j.p.i.JtaPlatformInitiator       : HHH000490: Using JtaPlatform implementation: [org.hibernate.engine.transaction.jta.platform.internal.NoJtaPlatform]
2021-05-06 18:46:06.508  INFO 353860 --- [    Test worker] j.LocalContainerEntityManagerFactoryBean : Initialized JPA EntityManagerFactory for persistence unit 'default'
2021-05-06 18:46:08.200  WARN 353860 --- [    Test worker] JpaBaseConfiguration$JpaWebConfiguration : spring.jpa.open-in-view is enabled by default. Therefore, database queries may be performed during view rendering. Explicitly configure spring.jpa.open-in-view to disable this warning
2021-05-06 18:46:10.944  INFO 353860 --- [    Test worker] o.s.s.concurrent.ThreadPoolTaskExecutor  : Initializing ExecutorService 'clientInboundChannelExecutor'
2021-05-06 18:46:10.991  INFO 353860 --- [    Test worker] o.s.s.concurrent.ThreadPoolTaskExecutor  : Initializing ExecutorService 'clientOutboundChannelExecutor'
confiureMessageBroker 연동!!**
2021-05-06 18:46:11.000  INFO 353860 --- [    Test worker] o.s.s.concurrent.ThreadPoolTaskExecutor  : Initializing ExecutorService 'brokerChannelExecutor'
2021-05-06 18:46:13.909  INFO 353860 --- [    Test worker] o.s.s.web.DefaultSecurityFilterChain     : Will secure Ant [pattern='/css/**'] with []
2021-05-06 18:46:13.909  INFO 353860 --- [    Test worker] o.s.s.web.DefaultSecurityFilterChain     : Will secure Ant [pattern='/js/**'] with []
2021-05-06 18:46:13.909  INFO 353860 --- [    Test worker] o.s.s.web.DefaultSecurityFilterChain     : Will secure Ant [pattern='/img/**'] with []
2021-05-06 18:46:13.909  INFO 353860 --- [    Test worker] o.s.s.web.DefaultSecurityFilterChain     : Will secure Ant [pattern='/lib/**'] with []
2021-05-06 18:46:14.478  INFO 353860 --- [    Test worker] o.s.s.c.ThreadPoolTaskScheduler          : Initializing ExecutorService 'messageBrokerTaskScheduler'
end point 연결!!!***
2021-05-06 18:46:15.199  INFO 353860 --- [    Test worker] o.s.b.a.w.s.WelcomePageHandlerMapping    : Adding welcome page: class path resource [static/index.html]
2021-05-06 18:46:15.677  INFO 353860 --- [    Test worker] o.s.s.web.DefaultSecurityFilterChain     : Will secure any request with [org.springframework.security.web.context.request.async.WebAsyncManagerIntegrationFilter@83d2bbf, org.springframework.security.web.context.SecurityContextPersistenceFilter@3c9cdb46, org.springframework.security.web.header.HeaderWriterFilter@35e244d2, org.springframework.web.filter.CorsFilter@6225404c, org.springframework.security.web.authentication.logout.LogoutFilter@62a7a05, org.springframework.security.web.authentication.UsernamePasswordAuthenticationFilter@6b6ca47, org.springframework.security.web.savedrequest.RequestCacheAwareFilter@4c4b71c7, org.springframework.security.web.servletapi.SecurityContextHolderAwareRequestFilter@350ceee1, org.springframework.security.web.authentication.AnonymousAuthenticationFilter@7773ff2f, org.springframework.security.web.session.SessionManagementFilter@7ba9f37b, org.springframework.security.web.access.ExceptionTranslationFilter@3948cb9b, org.springframework.security.web.access.intercept.FilterSecurityInterceptor@98c17dd]
2021-05-06 18:46:19.523  INFO 353860 --- [    Test worker] o.s.m.s.b.SimpleBrokerMessageHandler     : Starting...
2021-05-06 18:46:19.523  INFO 353860 --- [    Test worker] o.s.m.s.b.SimpleBrokerMessageHandler     : BrokerAvailabilityEvent[available=true, SimpleBrokerMessageHandler [org.springframework.messaging.simp.broker.DefaultSubscriptionRegistry@7318e60b]]
2021-05-06 18:46:19.524  INFO 353860 --- [    Test worker] o.s.m.s.b.SimpleBrokerMessageHandler     : Started.
2021-05-06 18:46:19.558  INFO 353860 --- [    Test worker] org.morgorithm.frames.demo.DemoData      : Started DemoData in 26.827 seconds (JVM running for 32.191)
]]></system-out>
  <system-err><![CDATA[]]></system-err>
</testsuite>
