<?xml version="1.0" encoding="UTF-8"?>
<testsuite name="org.morgorithm.frames.repository.StatusRepositoryTests" tests="1" skipped="0" failures="0" errors="0" timestamp="2021-04-14T06:22:52" hostname="DESKTOP-KCDHFKO" time="303.629">
  <properties/>
  <testcase name="testAddTestDataForRealTimeStatusUpdate()" classname="org.morgorithm.frames.repository.StatusRepositoryTests" time="303.629"/>
  <system-out><![CDATA[15:22:36.857 [Test worker] DEBUG org.springframework.test.context.BootstrapUtils - Instantiating CacheAwareContextLoaderDelegate from class [org.springframework.test.context.cache.DefaultCacheAwareContextLoaderDelegate]
15:22:36.893 [Test worker] DEBUG org.springframework.test.context.BootstrapUtils - Instantiating BootstrapContext using constructor [public org.springframework.test.context.support.DefaultBootstrapContext(java.lang.Class,org.springframework.test.context.CacheAwareContextLoaderDelegate)]
15:22:36.979 [Test worker] DEBUG org.springframework.test.context.BootstrapUtils - Instantiating TestContextBootstrapper for test class [org.morgorithm.frames.repository.StatusRepositoryTests] from class [org.springframework.boot.test.context.SpringBootTestContextBootstrapper]
15:22:37.025 [Test worker] INFO org.springframework.boot.test.context.SpringBootTestContextBootstrapper - Neither @ContextConfiguration nor @ContextHierarchy found for test class [org.morgorithm.frames.repository.StatusRepositoryTests], using SpringBootContextLoader
15:22:37.038 [Test worker] DEBUG org.springframework.test.context.support.AbstractContextLoader - Did not detect default resource location for test class [org.morgorithm.frames.repository.StatusRepositoryTests]: class path resource [org/morgorithm/frames/repository/StatusRepositoryTests-context.xml] does not exist
15:22:37.040 [Test worker] DEBUG org.springframework.test.context.support.AbstractContextLoader - Did not detect default resource location for test class [org.morgorithm.frames.repository.StatusRepositoryTests]: class path resource [org/morgorithm/frames/repository/StatusRepositoryTestsContext.groovy] does not exist
15:22:37.041 [Test worker] INFO org.springframework.test.context.support.AbstractContextLoader - Could not detect default resource locations for test class [org.morgorithm.frames.repository.StatusRepositoryTests]: no resource found for suffixes {-context.xml, Context.groovy}.
15:22:37.042 [Test worker] INFO org.springframework.test.context.support.AnnotationConfigContextLoaderUtils - Could not detect default configuration classes for test class [org.morgorithm.frames.repository.StatusRepositoryTests]: StatusRepositoryTests does not declare any static, non-private, non-final, nested classes annotated with @Configuration.
15:22:37.158 [Test worker] DEBUG org.springframework.test.context.support.ActiveProfilesUtils - Could not find an 'annotation declaring class' for annotation type [org.springframework.test.context.ActiveProfiles] and class [org.morgorithm.frames.repository.StatusRepositoryTests]
15:22:37.340 [Test worker] DEBUG org.springframework.context.annotation.ClassPathScanningCandidateComponentProvider - Identified candidate component class: file [C:\Users\nick1\framesWeb-master\build\classes\java\main\org\morgorithm\frames\FramesApplication.class]
15:22:37.344 [Test worker] INFO org.springframework.boot.test.context.SpringBootTestContextBootstrapper - Found @SpringBootConfiguration org.morgorithm.frames.FramesApplication for test class org.morgorithm.frames.repository.StatusRepositoryTests
15:22:37.609 [Test worker] DEBUG org.springframework.boot.test.context.SpringBootTestContextBootstrapper - @TestExecutionListeners is not present for class [org.morgorithm.frames.repository.StatusRepositoryTests]: using defaults.
15:22:37.611 [Test worker] INFO org.springframework.boot.test.context.SpringBootTestContextBootstrapper - Loaded default TestExecutionListener class names from location [META-INF/spring.factories]: [org.springframework.boot.test.autoconfigure.restdocs.RestDocsTestExecutionListener, org.springframework.boot.test.autoconfigure.web.client.MockRestServiceServerResetTestExecutionListener, org.springframework.boot.test.autoconfigure.web.servlet.MockMvcPrintOnlyOnFailureTestExecutionListener, org.springframework.boot.test.autoconfigure.web.servlet.WebDriverTestExecutionListener, org.springframework.boot.test.autoconfigure.webservices.client.MockWebServiceServerTestExecutionListener, org.springframework.boot.test.mock.mockito.MockitoTestExecutionListener, org.springframework.boot.test.mock.mockito.ResetMocksTestExecutionListener, org.springframework.test.context.web.ServletTestExecutionListener, org.springframework.test.context.support.DirtiesContextBeforeModesTestExecutionListener, org.springframework.test.context.event.ApplicationEventsTestExecutionListener, org.springframework.test.context.support.DependencyInjectionTestExecutionListener, org.springframework.test.context.support.DirtiesContextTestExecutionListener, org.springframework.test.context.transaction.TransactionalTestExecutionListener, org.springframework.test.context.jdbc.SqlScriptsTestExecutionListener, org.springframework.test.context.event.EventPublishingTestExecutionListener]
15:22:37.663 [Test worker] INFO org.springframework.boot.test.context.SpringBootTestContextBootstrapper - Using TestExecutionListeners: [org.springframework.test.context.web.ServletTestExecutionListener@40fa5d9e, org.springframework.test.context.support.DirtiesContextBeforeModesTestExecutionListener@38654e7e, org.springframework.test.context.event.ApplicationEventsTestExecutionListener@4f82778c, org.springframework.boot.test.mock.mockito.MockitoTestExecutionListener@30957632, org.springframework.boot.test.autoconfigure.SpringBootDependencyInjectionTestExecutionListener@2291cb13, org.springframework.test.context.support.DirtiesContextTestExecutionListener@30156781, org.springframework.test.context.transaction.TransactionalTestExecutionListener@6c775818, org.springframework.test.context.jdbc.SqlScriptsTestExecutionListener@77c88742, org.springframework.test.context.event.EventPublishingTestExecutionListener@5bad13fb, org.springframework.boot.test.autoconfigure.restdocs.RestDocsTestExecutionListener@409f4e60, org.springframework.boot.test.autoconfigure.web.client.MockRestServiceServerResetTestExecutionListener@167e79f3, org.springframework.boot.test.autoconfigure.web.servlet.MockMvcPrintOnlyOnFailureTestExecutionListener@25bf0ee9, org.springframework.boot.test.autoconfigure.web.servlet.WebDriverTestExecutionListener@163ee36e, org.springframework.boot.test.autoconfigure.webservices.client.MockWebServiceServerTestExecutionListener@2ce84387, org.springframework.boot.test.mock.mockito.ResetMocksTestExecutionListener@493c1608]
15:22:37.687 [Test worker] DEBUG org.springframework.test.context.support.AbstractDirtiesContextTestExecutionListener - Before test class: context [DefaultTestContext@4f84c110 testClass = StatusRepositoryTests, testInstance = [null], testMethod = [null], testException = [null], mergedContextConfiguration = [WebMergedContextConfiguration@71bb4053 testClass = StatusRepositoryTests, locations = '{}', classes = '{class org.morgorithm.frames.FramesApplication}', contextInitializerClasses = '[]', activeProfiles = '{}', propertySourceLocations = '{}', propertySourceProperties = '{org.springframework.boot.test.context.SpringBootTestContextBootstrapper=true}', contextCustomizers = set[org.springframework.boot.test.autoconfigure.actuate.metrics.MetricsExportContextCustomizerFactory$DisableMetricExportContextCustomizer@4dd2d3ad, org.springframework.boot.test.autoconfigure.properties.PropertyMappingContextCustomizer@0, org.springframework.boot.test.autoconfigure.web.servlet.WebDriverContextCustomizerFactory$Customizer@1e730a, org.springframework.boot.test.context.filter.ExcludeFilterContextCustomizer@695f943c, org.springframework.boot.test.json.DuplicateJsonObjectContextCustomizerFactory$DuplicateJsonObjectContextCustomizer@1c4a7e54, org.springframework.boot.test.mock.mockito.MockitoContextCustomizer@0, org.springframework.boot.test.web.client.TestRestTemplateContextCustomizer@2071d2db, org.springframework.boot.test.context.SpringBootTestArgs@1, org.springframework.boot.test.context.SpringBootTestWebEnvironment@29fd3083], resourceBasePath = 'src/main/webapp', contextLoader = 'org.springframework.boot.test.context.SpringBootContextLoader', parent = [null]], attributes = map['org.springframework.test.context.web.ServletTestExecutionListener.activateListener' -> true]], class annotated with @DirtiesContext [false] with mode [null].
15:22:37.790 [Test worker] DEBUG org.springframework.test.context.support.TestPropertySourceUtils - Adding inlined properties to environment: {spring.jmx.enabled=false, org.springframework.boot.test.context.SpringBootTestContextBootstrapper=true}

  .   ____          _            __ _ _
 /\\ / ___'_ __ _ _(_)_ __  __ _ \ \ \ \
( ( )\___ | '_ | '_| | '_ \/ _` | \ \ \ \
 \\/  ___)| |_)| | | | | || (_| |  ) ) ) )
  '  |____| .__|_| |_|_| |_\__, | / / / /
 =========|_|==============|___/=/_/_/_/
 :: Spring Boot ::                (v2.4.2)

2021-04-14 15:22:38.549  INFO 81260 --- [    Test worker] o.m.f.repository.StatusRepositoryTests   : Starting StatusRepositoryTests using Java 11.0.9 on DESKTOP-KCDHFKO with PID 81260 (started by nick1 in C:\Users\nick1\framesWeb-master)
2021-04-14 15:22:38.555  INFO 81260 --- [    Test worker] o.m.f.repository.StatusRepositoryTests   : No active profile set, falling back to default profiles: default
2021-04-14 15:22:40.585  INFO 81260 --- [    Test worker] .s.d.r.c.RepositoryConfigurationDelegate : Bootstrapping Spring Data JPA repositories in DEFAULT mode.
2021-04-14 15:22:40.858  INFO 81260 --- [    Test worker] .s.d.r.c.RepositoryConfigurationDelegate : Finished Spring Data repository scanning in 253 ms. Found 4 JPA repository interfaces.
2021-04-14 15:22:42.571  INFO 81260 --- [    Test worker] o.hibernate.jpa.internal.util.LogHelper  : HHH000204: Processing PersistenceUnitInfo [name: default]
2021-04-14 15:22:42.740  INFO 81260 --- [    Test worker] org.hibernate.Version                    : HHH000412: Hibernate ORM core version 5.4.27.Final
2021-04-14 15:22:43.103  INFO 81260 --- [    Test worker] o.hibernate.annotations.common.Version   : HCANN000001: Hibernate Commons Annotations {5.1.2.Final}
2021-04-14 15:22:43.414  INFO 81260 --- [    Test worker] com.zaxxer.hikari.HikariDataSource       : HikariPool-1 - Starting...
2021-04-14 15:22:44.260  INFO 81260 --- [    Test worker] com.zaxxer.hikari.HikariDataSource       : HikariPool-1 - Start completed.
2021-04-14 15:22:44.382  INFO 81260 --- [    Test worker] org.hibernate.dialect.Dialect            : HHH000400: Using dialect: org.hibernate.dialect.MySQL8Dialect
2021-04-14 15:22:46.712  INFO 81260 --- [    Test worker] o.h.e.t.j.p.i.JtaPlatformInitiator       : HHH000490: Using JtaPlatform implementation: [org.hibernate.engine.transaction.jta.platform.internal.NoJtaPlatform]
2021-04-14 15:22:46.732  INFO 81260 --- [    Test worker] j.LocalContainerEntityManagerFactoryBean : Initialized JPA EntityManagerFactory for persistence unit 'default'
2021-04-14 15:22:49.467  INFO 81260 --- [    Test worker] o.s.s.concurrent.ThreadPoolTaskExecutor  : Initializing ExecutorService 'clientInboundChannelExecutor'
2021-04-14 15:22:49.515  INFO 81260 --- [    Test worker] o.s.s.concurrent.ThreadPoolTaskExecutor  : Initializing ExecutorService 'clientOutboundChannelExecutor'
confiureMessageBroker 연동!!**
2021-04-14 15:22:49.521  INFO 81260 --- [    Test worker] o.s.s.concurrent.ThreadPoolTaskExecutor  : Initializing ExecutorService 'brokerChannelExecutor'
2021-04-14 15:22:49.615  INFO 81260 --- [    Test worker] o.s.s.c.ThreadPoolTaskScheduler          : Initializing ExecutorService 'messageBrokerTaskScheduler'
end point 연결!!!***
2021-04-14 15:22:50.027  WARN 81260 --- [    Test worker] JpaBaseConfiguration$JpaWebConfiguration : spring.jpa.open-in-view is enabled by default. Therefore, database queries may be performed during view rendering. Explicitly configure spring.jpa.open-in-view to disable this warning
2021-04-14 15:22:51.447  INFO 81260 --- [    Test worker] o.s.b.a.w.s.WelcomePageHandlerMapping    : Adding welcome page: class path resource [static/index.html]
2021-04-14 15:22:52.358  INFO 81260 --- [    Test worker] o.s.m.s.b.SimpleBrokerMessageHandler     : Starting...
2021-04-14 15:22:52.359  INFO 81260 --- [    Test worker] o.s.m.s.b.SimpleBrokerMessageHandler     : BrokerAvailabilityEvent[available=true, SimpleBrokerMessageHandler [org.springframework.messaging.simp.broker.DefaultSubscriptionRegistry@65bab254]]
2021-04-14 15:22:52.360  INFO 81260 --- [    Test worker] o.s.m.s.b.SimpleBrokerMessageHandler     : Started.
2021-04-14 15:22:52.375  INFO 81260 --- [    Test worker] o.m.f.repository.StatusRepositoryTests   : Started StatusRepositoryTests in 14.567 seconds (JVM running for 18.797)
Hibernate: 
    select
        count(*) as col_0_0_ 
    from
        member member0_
Hibernate: 
    insert 
    into
        status
        (regdate, facility_bno, member_mno, state, temperature) 
    values
        (?, ?, ?, ?, ?)
Hibernate: 
    insert 
    into
        status
        (regdate, facility_bno, member_mno, state, temperature) 
    values
        (?, ?, ?, ?, ?)
Hibernate: 
    insert 
    into
        status
        (regdate, facility_bno, member_mno, state, temperature) 
    values
        (?, ?, ?, ?, ?)
Hibernate: 
    insert 
    into
        status
        (regdate, facility_bno, member_mno, state, temperature) 
    values
        (?, ?, ?, ?, ?)
Hibernate: 
    insert 
    into
        status
        (regdate, facility_bno, member_mno, state, temperature) 
    values
        (?, ?, ?, ?, ?)
Hibernate: 
    insert 
    into
        status
        (regdate, facility_bno, member_mno, state, temperature) 
    values
        (?, ?, ?, ?, ?)
Hibernate: 
    insert 
    into
        status
        (regdate, facility_bno, member_mno, state, temperature) 
    values
        (?, ?, ?, ?, ?)
Hibernate: 
    insert 
    into
        status
        (regdate, facility_bno, member_mno, state, temperature) 
    values
        (?, ?, ?, ?, ?)
Hibernate: 
    insert 
    into
        status
        (regdate, facility_bno, member_mno, state, temperature) 
    values
        (?, ?, ?, ?, ?)
Hibernate: 
    insert 
    into
        status
        (regdate, facility_bno, member_mno, state, temperature) 
    values
        (?, ?, ?, ?, ?)
Hibernate: 
    insert 
    into
        status
        (regdate, facility_bno, member_mno, state, temperature) 
    values
        (?, ?, ?, ?, ?)
Hibernate: 
    insert 
    into
        status
        (regdate, facility_bno, member_mno, state, temperature) 
    values
        (?, ?, ?, ?, ?)
Hibernate: 
    insert 
    into
        status
        (regdate, facility_bno, member_mno, state, temperature) 
    values
        (?, ?, ?, ?, ?)
Hibernate: 
    insert 
    into
        status
        (regdate, facility_bno, member_mno, state, temperature) 
    values
        (?, ?, ?, ?, ?)
Hibernate: 
    insert 
    into
        status
        (regdate, facility_bno, member_mno, state, temperature) 
    values
        (?, ?, ?, ?, ?)
Hibernate: 
    insert 
    into
        status
        (regdate, facility_bno, member_mno, state, temperature) 
    values
        (?, ?, ?, ?, ?)
Hibernate: 
    insert 
    into
        status
        (regdate, facility_bno, member_mno, state, temperature) 
    values
        (?, ?, ?, ?, ?)
Hibernate: 
    insert 
    into
        status
        (regdate, facility_bno, member_mno, state, temperature) 
    values
        (?, ?, ?, ?, ?)
Hibernate: 
    insert 
    into
        status
        (regdate, facility_bno, member_mno, state, temperature) 
    values
        (?, ?, ?, ?, ?)
2021-04-14 15:23:49.906  INFO 81260 --- [MessageBroker-1] o.s.w.s.c.WebSocketMessageBrokerStats    : WebSocketSession[0 current WS(0)-HttpStream(0)-HttpPoll(0), 0 total, 0 closed abnormally (0 connect failure, 0 send limit, 0 transport error)], stompSubProtocol[processed CONNECT(0)-CONNECTED(0)-DISCONNECT(0)], stompBrokerRelay[null], inboundChannel[pool size = 0, active threads = 0, queued tasks = 0, completed tasks = 0], outboundChannel[pool size = 0, active threads = 0, queued tasks = 0, completed tasks = 0], sockJsScheduler[pool size = 2, active threads = 1, queued tasks = 1, completed tasks = 0]
Hibernate: 
    insert 
    into
        status
        (regdate, facility_bno, member_mno, state, temperature) 
    values
        (?, ?, ?, ?, ?)
Hibernate: 
    insert 
    into
        status
        (regdate, facility_bno, member_mno, state, temperature) 
    values
        (?, ?, ?, ?, ?)
Hibernate: 
    insert 
    into
        status
        (regdate, facility_bno, member_mno, state, temperature) 
    values
        (?, ?, ?, ?, ?)
Hibernate: 
    insert 
    into
        status
        (regdate, facility_bno, member_mno, state, temperature) 
    values
        (?, ?, ?, ?, ?)
Hibernate: 
    insert 
    into
        status
        (regdate, facility_bno, member_mno, state, temperature) 
    values
        (?, ?, ?, ?, ?)
Hibernate: 
    insert 
    into
        status
        (regdate, facility_bno, member_mno, state, temperature) 
    values
        (?, ?, ?, ?, ?)
Hibernate: 
    insert 
    into
        status
        (regdate, facility_bno, member_mno, state, temperature) 
    values
        (?, ?, ?, ?, ?)
Hibernate: 
    insert 
    into
        status
        (regdate, facility_bno, member_mno, state, temperature) 
    values
        (?, ?, ?, ?, ?)
Hibernate: 
    insert 
    into
        status
        (regdate, facility_bno, member_mno, state, temperature) 
    values
        (?, ?, ?, ?, ?)
Hibernate: 
    insert 
    into
        status
        (regdate, facility_bno, member_mno, state, temperature) 
    values
        (?, ?, ?, ?, ?)
Hibernate: 
    insert 
    into
        status
        (regdate, facility_bno, member_mno, state, temperature) 
    values
        (?, ?, ?, ?, ?)
Hibernate: 
    insert 
    into
        status
        (regdate, facility_bno, member_mno, state, temperature) 
    values
        (?, ?, ?, ?, ?)
Hibernate: 
    insert 
    into
        status
        (regdate, facility_bno, member_mno, state, temperature) 
    values
        (?, ?, ?, ?, ?)
Hibernate: 
    insert 
    into
        status
        (regdate, facility_bno, member_mno, state, temperature) 
    values
        (?, ?, ?, ?, ?)
Hibernate: 
    insert 
    into
        status
        (regdate, facility_bno, member_mno, state, temperature) 
    values
        (?, ?, ?, ?, ?)
Hibernate: 
    insert 
    into
        status
        (regdate, facility_bno, member_mno, state, temperature) 
    values
        (?, ?, ?, ?, ?)
Hibernate: 
    insert 
    into
        status
        (regdate, facility_bno, member_mno, state, temperature) 
    values
        (?, ?, ?, ?, ?)
Hibernate: 
    insert 
    into
        status
        (regdate, facility_bno, member_mno, state, temperature) 
    values
        (?, ?, ?, ?, ?)
Hibernate: 
    insert 
    into
        status
        (regdate, facility_bno, member_mno, state, temperature) 
    values
        (?, ?, ?, ?, ?)
Hibernate: 
    insert 
    into
        status
        (regdate, facility_bno, member_mno, state, temperature) 
    values
        (?, ?, ?, ?, ?)
Hibernate: 
    insert 
    into
        status
        (regdate, facility_bno, member_mno, state, temperature) 
    values
        (?, ?, ?, ?, ?)
Hibernate: 
    insert 
    into
        status
        (regdate, facility_bno, member_mno, state, temperature) 
    values
        (?, ?, ?, ?, ?)
Hibernate: 
    insert 
    into
        status
        (regdate, facility_bno, member_mno, state, temperature) 
    values
        (?, ?, ?, ?, ?)
Hibernate: 
    insert 
    into
        status
        (regdate, facility_bno, member_mno, state, temperature) 
    values
        (?, ?, ?, ?, ?)
Hibernate: 
    insert 
    into
        status
        (regdate, facility_bno, member_mno, state, temperature) 
    values
        (?, ?, ?, ?, ?)
Hibernate: 
    insert 
    into
        status
        (regdate, facility_bno, member_mno, state, temperature) 
    values
        (?, ?, ?, ?, ?)
Hibernate: 
    insert 
    into
        status
        (regdate, facility_bno, member_mno, state, temperature) 
    values
        (?, ?, ?, ?, ?)
Hibernate: 
    insert 
    into
        status
        (regdate, facility_bno, member_mno, state, temperature) 
    values
        (?, ?, ?, ?, ?)
Hibernate: 
    insert 
    into
        status
        (regdate, facility_bno, member_mno, state, temperature) 
    values
        (?, ?, ?, ?, ?)
Hibernate: 
    insert 
    into
        status
        (regdate, facility_bno, member_mno, state, temperature) 
    values
        (?, ?, ?, ?, ?)
Hibernate: 
    insert 
    into
        status
        (regdate, facility_bno, member_mno, state, temperature) 
    values
        (?, ?, ?, ?, ?)
Hibernate: 
    insert 
    into
        status
        (regdate, facility_bno, member_mno, state, temperature) 
    values
        (?, ?, ?, ?, ?)
Hibernate: 
    insert 
    into
        status
        (regdate, facility_bno, member_mno, state, temperature) 
    values
        (?, ?, ?, ?, ?)
Hibernate: 
    insert 
    into
        status
        (regdate, facility_bno, member_mno, state, temperature) 
    values
        (?, ?, ?, ?, ?)
Hibernate: 
    insert 
    into
        status
        (regdate, facility_bno, member_mno, state, temperature) 
    values
        (?, ?, ?, ?, ?)
Hibernate: 
    insert 
    into
        status
        (regdate, facility_bno, member_mno, state, temperature) 
    values
        (?, ?, ?, ?, ?)
Hibernate: 
    insert 
    into
        status
        (regdate, facility_bno, member_mno, state, temperature) 
    values
        (?, ?, ?, ?, ?)
Hibernate: 
    insert 
    into
        status
        (regdate, facility_bno, member_mno, state, temperature) 
    values
        (?, ?, ?, ?, ?)
Hibernate: 
    insert 
    into
        status
        (regdate, facility_bno, member_mno, state, temperature) 
    values
        (?, ?, ?, ?, ?)
Hibernate: 
    insert 
    into
        status
        (regdate, facility_bno, member_mno, state, temperature) 
    values
        (?, ?, ?, ?, ?)
Hibernate: 
    insert 
    into
        status
        (regdate, facility_bno, member_mno, state, temperature) 
    values
        (?, ?, ?, ?, ?)
Hibernate: 
    insert 
    into
        status
        (regdate, facility_bno, member_mno, state, temperature) 
    values
        (?, ?, ?, ?, ?)
Hibernate: 
    insert 
    into
        status
        (regdate, facility_bno, member_mno, state, temperature) 
    values
        (?, ?, ?, ?, ?)
Hibernate: 
    insert 
    into
        status
        (regdate, facility_bno, member_mno, state, temperature) 
    values
        (?, ?, ?, ?, ?)
Hibernate: 
    insert 
    into
        status
        (regdate, facility_bno, member_mno, state, temperature) 
    values
        (?, ?, ?, ?, ?)
Hibernate: 
    insert 
    into
        status
        (regdate, facility_bno, member_mno, state, temperature) 
    values
        (?, ?, ?, ?, ?)
Hibernate: 
    insert 
    into
        status
        (regdate, facility_bno, member_mno, state, temperature) 
    values
        (?, ?, ?, ?, ?)
Hibernate: 
    insert 
    into
        status
        (regdate, facility_bno, member_mno, state, temperature) 
    values
        (?, ?, ?, ?, ?)
Hibernate: 
    insert 
    into
        status
        (regdate, facility_bno, member_mno, state, temperature) 
    values
        (?, ?, ?, ?, ?)
Hibernate: 
    insert 
    into
        status
        (regdate, facility_bno, member_mno, state, temperature) 
    values
        (?, ?, ?, ?, ?)
Hibernate: 
    insert 
    into
        status
        (regdate, facility_bno, member_mno, state, temperature) 
    values
        (?, ?, ?, ?, ?)
Hibernate: 
    insert 
    into
        status
        (regdate, facility_bno, member_mno, state, temperature) 
    values
        (?, ?, ?, ?, ?)
Hibernate: 
    insert 
    into
        status
        (regdate, facility_bno, member_mno, state, temperature) 
    values
        (?, ?, ?, ?, ?)
Hibernate: 
    insert 
    into
        status
        (regdate, facility_bno, member_mno, state, temperature) 
    values
        (?, ?, ?, ?, ?)
Hibernate: 
    insert 
    into
        status
        (regdate, facility_bno, member_mno, state, temperature) 
    values
        (?, ?, ?, ?, ?)
Hibernate: 
    insert 
    into
        status
        (regdate, facility_bno, member_mno, state, temperature) 
    values
        (?, ?, ?, ?, ?)
Hibernate: 
    insert 
    into
        status
        (regdate, facility_bno, member_mno, state, temperature) 
    values
        (?, ?, ?, ?, ?)
Hibernate: 
    insert 
    into
        status
        (regdate, facility_bno, member_mno, state, temperature) 
    values
        (?, ?, ?, ?, ?)
Hibernate: 
    insert 
    into
        status
        (regdate, facility_bno, member_mno, state, temperature) 
    values
        (?, ?, ?, ?, ?)
Hibernate: 
    insert 
    into
        status
        (regdate, facility_bno, member_mno, state, temperature) 
    values
        (?, ?, ?, ?, ?)
Hibernate: 
    insert 
    into
        status
        (regdate, facility_bno, member_mno, state, temperature) 
    values
        (?, ?, ?, ?, ?)
Hibernate: 
    insert 
    into
        status
        (regdate, facility_bno, member_mno, state, temperature) 
    values
        (?, ?, ?, ?, ?)
Hibernate: 
    insert 
    into
        status
        (regdate, facility_bno, member_mno, state, temperature) 
    values
        (?, ?, ?, ?, ?)
Hibernate: 
    insert 
    into
        status
        (regdate, facility_bno, member_mno, state, temperature) 
    values
        (?, ?, ?, ?, ?)
Hibernate: 
    insert 
    into
        status
        (regdate, facility_bno, member_mno, state, temperature) 
    values
        (?, ?, ?, ?, ?)
Hibernate: 
    insert 
    into
        status
        (regdate, facility_bno, member_mno, state, temperature) 
    values
        (?, ?, ?, ?, ?)
Hibernate: 
    insert 
    into
        status
        (regdate, facility_bno, member_mno, state, temperature) 
    values
        (?, ?, ?, ?, ?)
Hibernate: 
    insert 
    into
        status
        (regdate, facility_bno, member_mno, state, temperature) 
    values
        (?, ?, ?, ?, ?)
Hibernate: 
    insert 
    into
        status
        (regdate, facility_bno, member_mno, state, temperature) 
    values
        (?, ?, ?, ?, ?)
Hibernate: 
    insert 
    into
        status
        (regdate, facility_bno, member_mno, state, temperature) 
    values
        (?, ?, ?, ?, ?)
Hibernate: 
    insert 
    into
        status
        (regdate, facility_bno, member_mno, state, temperature) 
    values
        (?, ?, ?, ?, ?)
Hibernate: 
    insert 
    into
        status
        (regdate, facility_bno, member_mno, state, temperature) 
    values
        (?, ?, ?, ?, ?)
Hibernate: 
    insert 
    into
        status
        (regdate, facility_bno, member_mno, state, temperature) 
    values
        (?, ?, ?, ?, ?)
Hibernate: 
    insert 
    into
        status
        (regdate, facility_bno, member_mno, state, temperature) 
    values
        (?, ?, ?, ?, ?)
Hibernate: 
    insert 
    into
        status
        (regdate, facility_bno, member_mno, state, temperature) 
    values
        (?, ?, ?, ?, ?)
Hibernate: 
    insert 
    into
        status
        (regdate, facility_bno, member_mno, state, temperature) 
    values
        (?, ?, ?, ?, ?)
Hibernate: 
    insert 
    into
        status
        (regdate, facility_bno, member_mno, state, temperature) 
    values
        (?, ?, ?, ?, ?)
Hibernate: 
    insert 
    into
        status
        (regdate, facility_bno, member_mno, state, temperature) 
    values
        (?, ?, ?, ?, ?)
Hibernate: 
    insert 
    into
        status
        (regdate, facility_bno, member_mno, state, temperature) 
    values
        (?, ?, ?, ?, ?)
Hibernate: 
    insert 
    into
        status
        (regdate, facility_bno, member_mno, state, temperature) 
    values
        (?, ?, ?, ?, ?)
Hibernate: 
    insert 
    into
        status
        (regdate, facility_bno, member_mno, state, temperature) 
    values
        (?, ?, ?, ?, ?)
]]></system-out>
  <system-err><![CDATA[]]></system-err>
</testsuite>
