<?xml version="1.0" encoding="UTF-8"?>
<testsuite name="org.morgorithm.frames.FramesApplicationTests" tests="1" skipped="0" failures="0" errors="0" timestamp="2021-05-07T11:24:26" hostname="DESKTOP-KCDHFKO" time="0.217">
  <properties/>
  <testcase name="contextLoads()" classname="org.morgorithm.frames.FramesApplicationTests" time="0.217"/>
  <system-out><![CDATA[20:24:05.310 [Test worker] DEBUG org.springframework.test.context.BootstrapUtils - Instantiating CacheAwareContextLoaderDelegate from class [org.springframework.test.context.cache.DefaultCacheAwareContextLoaderDelegate]
20:24:05.348 [Test worker] DEBUG org.springframework.test.context.BootstrapUtils - Instantiating BootstrapContext using constructor [public org.springframework.test.context.support.DefaultBootstrapContext(java.lang.Class,org.springframework.test.context.CacheAwareContextLoaderDelegate)]
20:24:05.416 [Test worker] DEBUG org.springframework.test.context.BootstrapUtils - Instantiating TestContextBootstrapper for test class [org.morgorithm.frames.FramesApplicationTests] from class [org.springframework.boot.test.context.SpringBootTestContextBootstrapper]
20:24:05.443 [Test worker] INFO org.springframework.boot.test.context.SpringBootTestContextBootstrapper - Neither @ContextConfiguration nor @ContextHierarchy found for test class [org.morgorithm.frames.FramesApplicationTests], using SpringBootContextLoader
20:24:05.452 [Test worker] DEBUG org.springframework.test.context.support.AbstractContextLoader - Did not detect default resource location for test class [org.morgorithm.frames.FramesApplicationTests]: class path resource [org/morgorithm/frames/FramesApplicationTests-context.xml] does not exist
20:24:05.453 [Test worker] DEBUG org.springframework.test.context.support.AbstractContextLoader - Did not detect default resource location for test class [org.morgorithm.frames.FramesApplicationTests]: class path resource [org/morgorithm/frames/FramesApplicationTestsContext.groovy] does not exist
20:24:05.453 [Test worker] INFO org.springframework.test.context.support.AbstractContextLoader - Could not detect default resource locations for test class [org.morgorithm.frames.FramesApplicationTests]: no resource found for suffixes {-context.xml, Context.groovy}.
20:24:05.455 [Test worker] INFO org.springframework.test.context.support.AnnotationConfigContextLoaderUtils - Could not detect default configuration classes for test class [org.morgorithm.frames.FramesApplicationTests]: FramesApplicationTests does not declare any static, non-private, non-final, nested classes annotated with @Configuration.
20:24:05.543 [Test worker] DEBUG org.springframework.test.context.support.ActiveProfilesUtils - Could not find an 'annotation declaring class' for annotation type [org.springframework.test.context.ActiveProfiles] and class [org.morgorithm.frames.FramesApplicationTests]
20:24:05.708 [Test worker] DEBUG org.springframework.context.annotation.ClassPathScanningCandidateComponentProvider - Identified candidate component class: file [C:\Users\nick1\kpu\frames-web-server\build\classes\java\main\org\morgorithm\frames\FramesApplication.class]
20:24:05.712 [Test worker] INFO org.springframework.boot.test.context.SpringBootTestContextBootstrapper - Found @SpringBootConfiguration org.morgorithm.frames.FramesApplication for test class org.morgorithm.frames.FramesApplicationTests
20:24:06.027 [Test worker] DEBUG org.springframework.boot.test.context.SpringBootTestContextBootstrapper - @TestExecutionListeners is not present for class [org.morgorithm.frames.FramesApplicationTests]: using defaults.
20:24:06.028 [Test worker] INFO org.springframework.boot.test.context.SpringBootTestContextBootstrapper - Loaded default TestExecutionListener class names from location [META-INF/spring.factories]: [org.springframework.boot.test.autoconfigure.restdocs.RestDocsTestExecutionListener, org.springframework.boot.test.autoconfigure.web.client.MockRestServiceServerResetTestExecutionListener, org.springframework.boot.test.autoconfigure.web.servlet.MockMvcPrintOnlyOnFailureTestExecutionListener, org.springframework.boot.test.autoconfigure.web.servlet.WebDriverTestExecutionListener, org.springframework.boot.test.autoconfigure.webservices.client.MockWebServiceServerTestExecutionListener, org.springframework.boot.test.mock.mockito.MockitoTestExecutionListener, org.springframework.boot.test.mock.mockito.ResetMocksTestExecutionListener, org.springframework.test.context.web.ServletTestExecutionListener, org.springframework.test.context.support.DirtiesContextBeforeModesTestExecutionListener, org.springframework.test.context.event.ApplicationEventsTestExecutionListener, org.springframework.test.context.support.DependencyInjectionTestExecutionListener, org.springframework.test.context.support.DirtiesContextTestExecutionListener, org.springframework.test.context.transaction.TransactionalTestExecutionListener, org.springframework.test.context.jdbc.SqlScriptsTestExecutionListener, org.springframework.test.context.event.EventPublishingTestExecutionListener]
20:24:06.081 [Test worker] INFO org.springframework.boot.test.context.SpringBootTestContextBootstrapper - Using TestExecutionListeners: [org.springframework.test.context.web.ServletTestExecutionListener@6dd548fd, org.springframework.test.context.support.DirtiesContextBeforeModesTestExecutionListener@27499a4d, org.springframework.test.context.event.ApplicationEventsTestExecutionListener@4e0879a1, org.springframework.boot.test.mock.mockito.MockitoTestExecutionListener@18ed051b, org.springframework.boot.test.autoconfigure.SpringBootDependencyInjectionTestExecutionListener@5fb8245b, org.springframework.test.context.support.DirtiesContextTestExecutionListener@34484613, org.springframework.test.context.transaction.TransactionalTestExecutionListener@3900f44a, org.springframework.test.context.jdbc.SqlScriptsTestExecutionListener@4935fbac, org.springframework.test.context.event.EventPublishingTestExecutionListener@5731942d, org.springframework.boot.test.autoconfigure.restdocs.RestDocsTestExecutionListener@213f2806, org.springframework.boot.test.autoconfigure.web.client.MockRestServiceServerResetTestExecutionListener@1f233acf, org.springframework.boot.test.autoconfigure.web.servlet.MockMvcPrintOnlyOnFailureTestExecutionListener@792d4a1c, org.springframework.boot.test.autoconfigure.web.servlet.WebDriverTestExecutionListener@22e639e8, org.springframework.boot.test.autoconfigure.webservices.client.MockWebServiceServerTestExecutionListener@7ac14aaa, org.springframework.boot.test.mock.mockito.ResetMocksTestExecutionListener@7c32e27f]
20:24:06.090 [Test worker] DEBUG org.springframework.test.context.support.AbstractDirtiesContextTestExecutionListener - Before test class: context [DefaultTestContext@460bf620 testClass = FramesApplicationTests, testInstance = [null], testMethod = [null], testException = [null], mergedContextConfiguration = [WebMergedContextConfiguration@73546e58 testClass = FramesApplicationTests, locations = '{}', classes = '{class org.morgorithm.frames.FramesApplication}', contextInitializerClasses = '[]', activeProfiles = '{}', propertySourceLocations = '{}', propertySourceProperties = '{org.springframework.boot.test.context.SpringBootTestContextBootstrapper=true}', contextCustomizers = set[org.springframework.boot.test.autoconfigure.actuate.metrics.MetricsExportContextCustomizerFactory$DisableMetricExportContextCustomizer@16d0364e, org.springframework.boot.test.autoconfigure.properties.PropertyMappingContextCustomizer@0, org.springframework.boot.test.autoconfigure.web.servlet.WebDriverContextCustomizerFactory$Customizer@54637d92, org.springframework.boot.test.context.filter.ExcludeFilterContextCustomizer@1906de2b, org.springframework.boot.test.json.DuplicateJsonObjectContextCustomizerFactory$DuplicateJsonObjectContextCustomizer@4f61b71b, org.springframework.boot.test.mock.mockito.MockitoContextCustomizer@0, org.springframework.boot.test.web.client.TestRestTemplateContextCustomizer@ecb35de, org.springframework.boot.test.context.SpringBootTestArgs@1, org.springframework.boot.test.context.SpringBootTestWebEnvironment@521832dc], resourceBasePath = 'src/main/webapp', contextLoader = 'org.springframework.boot.test.context.SpringBootContextLoader', parent = [null]], attributes = map['org.springframework.test.context.web.ServletTestExecutionListener.activateListener' -> true]], class annotated with @DirtiesContext [false] with mode [null].
20:24:06.159 [Test worker] DEBUG org.springframework.test.context.support.TestPropertySourceUtils - Adding inlined properties to environment: {spring.jmx.enabled=false, org.springframework.boot.test.context.SpringBootTestContextBootstrapper=true}

  .   ____          _            __ _ _
 /\\ / ___'_ __ _ _(_)_ __  __ _ \ \ \ \
( ( )\___ | '_ | '_| | '_ \/ _` | \ \ \ \
 \\/  ___)| |_)| | | | | || (_| |  ) ) ) )
  '  |____| .__|_| |_|_| |_\__, | / / / /
 =========|_|==============|___/=/_/_/_/
 :: Spring Boot ::                (v2.4.2)

2021-05-07 20:24:06.718  WARN 31384 --- [    Test worker] ory$DuplicateJsonObjectContextCustomizer : 

Found multiple occurrences of org.json.JSONObject on the class path:

	jar:file:/C:/Users/nick1/.gradle/caches/modules-2/files-2.1/org.json/json/20210307/528c8df3757e8bcf151817b1d7b9b434f6aa08d5/json-20210307.jar!/org/json/JSONObject.class
	jar:file:/C:/Users/nick1/.gradle/caches/modules-2/files-2.1/com.vaadin.external.google/android-json/0.0.20131108.vaadin1/fa26d351fe62a6a17f5cda1287c1c6110dec413f/android-json-0.0.20131108.vaadin1.jar!/org/json/JSONObject.class

You may wish to exclude one of them to ensure predictable runtime behavior

2021-05-07 20:24:06.757  INFO 31384 --- [    Test worker] o.m.frames.FramesApplicationTests        : Starting FramesApplicationTests using Java 11.0.9 on DESKTOP-KCDHFKO with PID 31384 (started by nick1 in C:\Users\nick1\kpu\frames-web-server)
2021-05-07 20:24:06.761  INFO 31384 --- [    Test worker] o.m.frames.FramesApplicationTests        : No active profile set, falling back to default profiles: default
2021-05-07 20:24:11.916  INFO 31384 --- [    Test worker] .s.d.r.c.RepositoryConfigurationDelegate : Bootstrapping Spring Data JPA repositories in DEFAULT mode.
2021-05-07 20:24:12.285  INFO 31384 --- [    Test worker] .s.d.r.c.RepositoryConfigurationDelegate : Finished Spring Data repository scanning in 347 ms. Found 6 JPA repository interfaces.
2021-05-07 20:24:13.157  INFO 31384 --- [    Test worker] trationDelegate$BeanPostProcessorChecker : Bean '(inner bean)#24e93afe' of type [com.amazonaws.auth.EC2ContainerCredentialsProviderWrapper] is not eligible for getting processed by all BeanPostProcessors (for example: not eligible for auto-proxying)
2021-05-07 20:24:13.187  INFO 31384 --- [    Test worker] trationDelegate$BeanPostProcessorChecker : Bean '(inner bean)#79f3c7fd' of type [com.amazonaws.auth.profile.ProfileCredentialsProvider] is not eligible for getting processed by all BeanPostProcessors (for example: not eligible for auto-proxying)
2021-05-07 20:24:13.205  INFO 31384 --- [    Test worker] trationDelegate$BeanPostProcessorChecker : Bean 'credentialsProvider' of type [org.springframework.cloud.aws.core.credentials.CredentialsProviderFactoryBean] is not eligible for getting processed by all BeanPostProcessors (for example: not eligible for auto-proxying)
2021-05-07 20:24:13.205  INFO 31384 --- [    Test worker] trationDelegate$BeanPostProcessorChecker : Bean 'credentialsProvider' of type [com.amazonaws.auth.AWSCredentialsProviderChain] is not eligible for getting processed by all BeanPostProcessors (for example: not eligible for auto-proxying)
2021-05-07 20:24:14.133  INFO 31384 --- [    Test worker] o.hibernate.jpa.internal.util.LogHelper  : HHH000204: Processing PersistenceUnitInfo [name: default]
2021-05-07 20:24:14.323  INFO 31384 --- [    Test worker] org.hibernate.Version                    : HHH000412: Hibernate ORM core version 5.4.27.Final
2021-05-07 20:24:14.819  INFO 31384 --- [    Test worker] o.hibernate.annotations.common.Version   : HCANN000001: Hibernate Commons Annotations {5.1.2.Final}
2021-05-07 20:24:15.130  INFO 31384 --- [    Test worker] com.zaxxer.hikari.HikariDataSource       : HikariPool-1 - Starting...
2021-05-07 20:24:15.782  INFO 31384 --- [    Test worker] com.zaxxer.hikari.HikariDataSource       : HikariPool-1 - Start completed.
2021-05-07 20:24:15.882  INFO 31384 --- [    Test worker] org.hibernate.dialect.Dialect            : HHH000400: Using dialect: org.hibernate.dialect.MySQL8Dialect
2021-05-07 20:24:18.253  INFO 31384 --- [    Test worker] o.h.e.t.j.p.i.JtaPlatformInitiator       : HHH000490: Using JtaPlatform implementation: [org.hibernate.engine.transaction.jta.platform.internal.NoJtaPlatform]
2021-05-07 20:24:18.271  INFO 31384 --- [    Test worker] j.LocalContainerEntityManagerFactoryBean : Initialized JPA EntityManagerFactory for persistence unit 'default'
2021-05-07 20:24:19.384  WARN 31384 --- [    Test worker] JpaBaseConfiguration$JpaWebConfiguration : spring.jpa.open-in-view is enabled by default. Therefore, database queries may be performed during view rendering. Explicitly configure spring.jpa.open-in-view to disable this warning
2021-05-07 20:24:21.533  INFO 31384 --- [    Test worker] o.s.s.concurrent.ThreadPoolTaskExecutor  : Initializing ExecutorService 'clientInboundChannelExecutor'
2021-05-07 20:24:21.570  INFO 31384 --- [    Test worker] o.s.s.concurrent.ThreadPoolTaskExecutor  : Initializing ExecutorService 'clientOutboundChannelExecutor'
confiureMessageBroker 연동!!**
2021-05-07 20:24:21.576  INFO 31384 --- [    Test worker] o.s.s.concurrent.ThreadPoolTaskExecutor  : Initializing ExecutorService 'brokerChannelExecutor'
2021-05-07 20:24:22.603  INFO 31384 --- [    Test worker] o.s.s.web.DefaultSecurityFilterChain     : Will secure Ant [pattern='/css/**'] with []
2021-05-07 20:24:22.604  INFO 31384 --- [    Test worker] o.s.s.web.DefaultSecurityFilterChain     : Will secure Ant [pattern='/js/**'] with []
2021-05-07 20:24:22.604  INFO 31384 --- [    Test worker] o.s.s.web.DefaultSecurityFilterChain     : Will secure Ant [pattern='/img/**'] with []
2021-05-07 20:24:22.604  INFO 31384 --- [    Test worker] o.s.s.web.DefaultSecurityFilterChain     : Will secure Ant [pattern='/lib/**'] with []
2021-05-07 20:24:23.055  INFO 31384 --- [    Test worker] o.s.s.c.ThreadPoolTaskScheduler          : Initializing ExecutorService 'messageBrokerTaskScheduler'
end point 연결!!!***
2021-05-07 20:24:23.542  INFO 31384 --- [    Test worker] o.s.b.a.w.s.WelcomePageHandlerMapping    : Adding welcome page: class path resource [static/index.html]
2021-05-07 20:24:23.924  INFO 31384 --- [    Test worker] o.s.s.web.DefaultSecurityFilterChain     : Will secure any request with [org.springframework.security.web.context.request.async.WebAsyncManagerIntegrationFilter@72db24a, org.springframework.security.web.context.SecurityContextPersistenceFilter@3f3791d4, org.springframework.security.web.header.HeaderWriterFilter@5a85c0f8, org.springframework.web.filter.CorsFilter@57c54145, org.springframework.security.web.authentication.logout.LogoutFilter@5f4ede9a, org.springframework.security.web.authentication.UsernamePasswordAuthenticationFilter@29a2f259, org.springframework.security.web.savedrequest.RequestCacheAwareFilter@1503f975, org.springframework.security.web.servletapi.SecurityContextHolderAwareRequestFilter@2462a6b4, org.springframework.security.web.authentication.AnonymousAuthenticationFilter@1c70a680, org.springframework.security.web.session.SessionManagementFilter@3861705e, org.springframework.security.web.access.ExceptionTranslationFilter@14fb2b1a, org.springframework.security.web.access.intercept.FilterSecurityInterceptor@724ba52b]
2021-05-07 20:24:26.800  INFO 31384 --- [    Test worker] o.s.m.s.b.SimpleBrokerMessageHandler     : Starting...
2021-05-07 20:24:26.800  INFO 31384 --- [    Test worker] o.s.m.s.b.SimpleBrokerMessageHandler     : BrokerAvailabilityEvent[available=true, SimpleBrokerMessageHandler [org.springframework.messaging.simp.broker.DefaultSubscriptionRegistry@2b10ca65]]
2021-05-07 20:24:26.801  INFO 31384 --- [    Test worker] o.s.m.s.b.SimpleBrokerMessageHandler     : Started.
2021-05-07 20:24:26.822  INFO 31384 --- [    Test worker] o.m.frames.FramesApplicationTests        : Started FramesApplicationTests in 20.651 seconds (JVM running for 24.841)
]]></system-out>
  <system-err><![CDATA[]]></system-err>
</testsuite>
