<?xml version="1.0" encoding="UTF-8"?>
<testsuite name="org.morgorithm.frames.service.DataValidityPeriodTests" tests="1" skipped="0" failures="0" errors="0" timestamp="2021-05-07T11:24:27" hostname="DESKTOP-KCDHFKO" time="0.152">
  <properties/>
  <testcase name="dataValidityPeriodTest()" classname="org.morgorithm.frames.service.DataValidityPeriodTests" time="0.152"/>
  <system-out><![CDATA[2021-05-07 20:24:27.088  INFO 31384 --- [    Test worker] .b.t.c.SpringBootTestContextBootstrapper : Neither @ContextConfiguration nor @ContextHierarchy found for test class [org.morgorithm.frames.service.DataValidityPeriodTests], using SpringBootContextLoader
2021-05-07 20:24:27.091  INFO 31384 --- [    Test worker] o.s.t.c.support.AbstractContextLoader    : Could not detect default resource locations for test class [org.morgorithm.frames.service.DataValidityPeriodTests]: no resource found for suffixes {-context.xml, Context.groovy}.
2021-05-07 20:24:27.091  INFO 31384 --- [    Test worker] t.c.s.AnnotationConfigContextLoaderUtils : Could not detect default configuration classes for test class [org.morgorithm.frames.service.DataValidityPeriodTests]: DataValidityPeriodTests does not declare any static, non-private, non-final, nested classes annotated with @Configuration.
2021-05-07 20:24:27.130  INFO 31384 --- [    Test worker] .b.t.c.SpringBootTestContextBootstrapper : Found @SpringBootConfiguration org.morgorithm.frames.FramesApplication for test class org.morgorithm.frames.service.DataValidityPeriodTests
2021-05-07 20:24:27.134  INFO 31384 --- [    Test worker] .b.t.c.SpringBootTestContextBootstrapper : Loaded default TestExecutionListener class names from location [META-INF/spring.factories]: [org.springframework.boot.test.autoconfigure.restdocs.RestDocsTestExecutionListener, org.springframework.boot.test.autoconfigure.web.client.MockRestServiceServerResetTestExecutionListener, org.springframework.boot.test.autoconfigure.web.servlet.MockMvcPrintOnlyOnFailureTestExecutionListener, org.springframework.boot.test.autoconfigure.web.servlet.WebDriverTestExecutionListener, org.springframework.boot.test.autoconfigure.webservices.client.MockWebServiceServerTestExecutionListener, org.springframework.boot.test.mock.mockito.MockitoTestExecutionListener, org.springframework.boot.test.mock.mockito.ResetMocksTestExecutionListener, org.springframework.test.context.web.ServletTestExecutionListener, org.springframework.test.context.support.DirtiesContextBeforeModesTestExecutionListener, org.springframework.test.context.event.ApplicationEventsTestExecutionListener, org.springframework.test.context.support.DependencyInjectionTestExecutionListener, org.springframework.test.context.support.DirtiesContextTestExecutionListener, org.springframework.test.context.transaction.TransactionalTestExecutionListener, org.springframework.test.context.jdbc.SqlScriptsTestExecutionListener, org.springframework.test.context.event.EventPublishingTestExecutionListener]
2021-05-07 20:24:27.135  INFO 31384 --- [    Test worker] .b.t.c.SpringBootTestContextBootstrapper : Using TestExecutionListeners: [org.springframework.test.context.web.ServletTestExecutionListener@4df442da, org.springframework.test.context.support.DirtiesContextBeforeModesTestExecutionListener@3a2d1b32, org.springframework.test.context.event.ApplicationEventsTestExecutionListener@49c9061c, org.springframework.boot.test.mock.mockito.MockitoTestExecutionListener@227bf102, org.springframework.boot.test.autoconfigure.SpringBootDependencyInjectionTestExecutionListener@4d769505, org.springframework.test.context.support.DirtiesContextTestExecutionListener@1fd0e312, org.springframework.test.context.transaction.TransactionalTestExecutionListener@1ea8ff12, org.springframework.test.context.jdbc.SqlScriptsTestExecutionListener@6326fe24, org.springframework.test.context.event.EventPublishingTestExecutionListener@1a0181f8, org.springframework.boot.test.autoconfigure.restdocs.RestDocsTestExecutionListener@25139d9, org.springframework.boot.test.autoconfigure.web.client.MockRestServiceServerResetTestExecutionListener@5bd816ee, org.springframework.boot.test.autoconfigure.web.servlet.MockMvcPrintOnlyOnFailureTestExecutionListener@fdb146f, org.springframework.boot.test.autoconfigure.web.servlet.WebDriverTestExecutionListener@19c34a2d, org.springframework.boot.test.autoconfigure.webservices.client.MockWebServiceServerTestExecutionListener@1257373d, org.springframework.boot.test.mock.mockito.ResetMocksTestExecutionListener@9a32cff]
]]></system-out>
  <system-err><![CDATA[]]></system-err>
</testsuite>
