<?xml version="1.0" encoding="UTF-8"?>
<testsuite name="org.morgorithm.frames.repository.StatusRepositoryTests" tests="1" skipped="0" failures="0" errors="0" timestamp="2021-04-29T09:14:45" hostname="DESKTOP-KCDHFKO" time="0.349">
  <properties/>
  <testcase name="testLocalDateTime()" classname="org.morgorithm.frames.repository.StatusRepositoryTests" time="0.349"/>
  <system-out><![CDATA[18:14:08.526 [Test worker] DEBUG org.springframework.test.context.BootstrapUtils - Instantiating CacheAwareContextLoaderDelegate from class [org.springframework.test.context.cache.DefaultCacheAwareContextLoaderDelegate]
18:14:08.570 [Test worker] DEBUG org.springframework.test.context.BootstrapUtils - Instantiating BootstrapContext using constructor [public org.springframework.test.context.support.DefaultBootstrapContext(java.lang.Class,org.springframework.test.context.CacheAwareContextLoaderDelegate)]
18:14:08.679 [Test worker] DEBUG org.springframework.test.context.BootstrapUtils - Instantiating TestContextBootstrapper for test class [org.morgorithm.frames.repository.StatusRepositoryTests] from class [org.springframework.boot.test.context.SpringBootTestContextBootstrapper]
18:14:08.719 [Test worker] INFO org.springframework.boot.test.context.SpringBootTestContextBootstrapper - Neither @ContextConfiguration nor @ContextHierarchy found for test class [org.morgorithm.frames.repository.StatusRepositoryTests], using SpringBootContextLoader
18:14:08.734 [Test worker] DEBUG org.springframework.test.context.support.AbstractContextLoader - Did not detect default resource location for test class [org.morgorithm.frames.repository.StatusRepositoryTests]: class path resource [org/morgorithm/frames/repository/StatusRepositoryTests-context.xml] does not exist
18:14:08.737 [Test worker] DEBUG org.springframework.test.context.support.AbstractContextLoader - Did not detect default resource location for test class [org.morgorithm.frames.repository.StatusRepositoryTests]: class path resource [org/morgorithm/frames/repository/StatusRepositoryTestsContext.groovy] does not exist
18:14:08.737 [Test worker] INFO org.springframework.test.context.support.AbstractContextLoader - Could not detect default resource locations for test class [org.morgorithm.frames.repository.StatusRepositoryTests]: no resource found for suffixes {-context.xml, Context.groovy}.
18:14:08.740 [Test worker] INFO org.springframework.test.context.support.AnnotationConfigContextLoaderUtils - Could not detect default configuration classes for test class [org.morgorithm.frames.repository.StatusRepositoryTests]: StatusRepositoryTests does not declare any static, non-private, non-final, nested classes annotated with @Configuration.
18:14:08.863 [Test worker] DEBUG org.springframework.test.context.support.ActiveProfilesUtils - Could not find an 'annotation declaring class' for annotation type [org.springframework.test.context.ActiveProfiles] and class [org.morgorithm.frames.repository.StatusRepositoryTests]
18:14:09.144 [Test worker] DEBUG org.springframework.context.annotation.ClassPathScanningCandidateComponentProvider - Identified candidate component class: file [C:\Users\nick1\kpu\frames-web-server\build\classes\java\main\org\morgorithm\frames\FramesApplication.class]
18:14:09.150 [Test worker] INFO org.springframework.boot.test.context.SpringBootTestContextBootstrapper - Found @SpringBootConfiguration org.morgorithm.frames.FramesApplication for test class org.morgorithm.frames.repository.StatusRepositoryTests
18:14:09.651 [Test worker] DEBUG org.springframework.boot.test.context.SpringBootTestContextBootstrapper - @TestExecutionListeners is not present for class [org.morgorithm.frames.repository.StatusRepositoryTests]: using defaults.
18:14:09.653 [Test worker] INFO org.springframework.boot.test.context.SpringBootTestContextBootstrapper - Loaded default TestExecutionListener class names from location [META-INF/spring.factories]: [org.springframework.boot.test.autoconfigure.restdocs.RestDocsTestExecutionListener, org.springframework.boot.test.autoconfigure.web.client.MockRestServiceServerResetTestExecutionListener, org.springframework.boot.test.autoconfigure.web.servlet.MockMvcPrintOnlyOnFailureTestExecutionListener, org.springframework.boot.test.autoconfigure.web.servlet.WebDriverTestExecutionListener, org.springframework.boot.test.autoconfigure.webservices.client.MockWebServiceServerTestExecutionListener, org.springframework.boot.test.mock.mockito.MockitoTestExecutionListener, org.springframework.boot.test.mock.mockito.ResetMocksTestExecutionListener, org.springframework.test.context.web.ServletTestExecutionListener, org.springframework.test.context.support.DirtiesContextBeforeModesTestExecutionListener, org.springframework.test.context.event.ApplicationEventsTestExecutionListener, org.springframework.test.context.support.DependencyInjectionTestExecutionListener, org.springframework.test.context.support.DirtiesContextTestExecutionListener, org.springframework.test.context.transaction.TransactionalTestExecutionListener, org.springframework.test.context.jdbc.SqlScriptsTestExecutionListener, org.springframework.test.context.event.EventPublishingTestExecutionListener]
18:14:09.705 [Test worker] INFO org.springframework.boot.test.context.SpringBootTestContextBootstrapper - Using TestExecutionListeners: [org.springframework.test.context.web.ServletTestExecutionListener@733e722b, org.springframework.test.context.support.DirtiesContextBeforeModesTestExecutionListener@5492996b, org.springframework.test.context.event.ApplicationEventsTestExecutionListener@4b895aca, org.springframework.boot.test.mock.mockito.MockitoTestExecutionListener@2991f494, org.springframework.boot.test.autoconfigure.SpringBootDependencyInjectionTestExecutionListener@29be74a7, org.springframework.test.context.support.DirtiesContextTestExecutionListener@6927f93a, org.springframework.test.context.transaction.TransactionalTestExecutionListener@6879a1de, org.springframework.test.context.jdbc.SqlScriptsTestExecutionListener@4eeacd11, org.springframework.test.context.event.EventPublishingTestExecutionListener@14ab8327, org.springframework.boot.test.autoconfigure.restdocs.RestDocsTestExecutionListener@421356a1, org.springframework.boot.test.autoconfigure.web.client.MockRestServiceServerResetTestExecutionListener@67c1686c, org.springframework.boot.test.autoconfigure.web.servlet.MockMvcPrintOnlyOnFailureTestExecutionListener@7fdba3c0, org.springframework.boot.test.autoconfigure.web.servlet.WebDriverTestExecutionListener@37a1b5a7, org.springframework.boot.test.autoconfigure.webservices.client.MockWebServiceServerTestExecutionListener@6f5f4bac, org.springframework.boot.test.mock.mockito.ResetMocksTestExecutionListener@3b1cc23]
18:14:09.715 [Test worker] DEBUG org.springframework.test.context.support.AbstractDirtiesContextTestExecutionListener - Before test class: context [DefaultTestContext@7d06f171 testClass = StatusRepositoryTests, testInstance = [null], testMethod = [null], testException = [null], mergedContextConfiguration = [WebMergedContextConfiguration@7c9a9b54 testClass = StatusRepositoryTests, locations = '{}', classes = '{class org.morgorithm.frames.FramesApplication}', contextInitializerClasses = '[]', activeProfiles = '{}', propertySourceLocations = '{}', propertySourceProperties = '{org.springframework.boot.test.context.SpringBootTestContextBootstrapper=true}', contextCustomizers = set[org.springframework.boot.test.autoconfigure.actuate.metrics.MetricsExportContextCustomizerFactory$DisableMetricExportContextCustomizer@5b87eccd, org.springframework.boot.test.autoconfigure.properties.PropertyMappingContextCustomizer@0, org.springframework.boot.test.autoconfigure.web.servlet.WebDriverContextCustomizerFactory$Customizer@1c4a7e54, org.springframework.boot.test.context.filter.ExcludeFilterContextCustomizer@28298ad6, org.springframework.boot.test.json.DuplicateJsonObjectContextCustomizerFactory$DuplicateJsonObjectContextCustomizer@7bf798fb, org.springframework.boot.test.mock.mockito.MockitoContextCustomizer@0, org.springframework.boot.test.web.client.TestRestTemplateContextCustomizer@4de92454, org.springframework.boot.test.context.SpringBootTestArgs@1, org.springframework.boot.test.context.SpringBootTestWebEnvironment@29fd3083], resourceBasePath = 'src/main/webapp', contextLoader = 'org.springframework.boot.test.context.SpringBootContextLoader', parent = [null]], attributes = map['org.springframework.test.context.web.ServletTestExecutionListener.activateListener' -> true]], class annotated with @DirtiesContext [false] with mode [null].
18:14:09.807 [Test worker] DEBUG org.springframework.test.context.support.TestPropertySourceUtils - Adding inlined properties to environment: {spring.jmx.enabled=false, org.springframework.boot.test.context.SpringBootTestContextBootstrapper=true}

  .   ____          _            __ _ _
 /\\ / ___'_ __ _ _(_)_ __  __ _ \ \ \ \
( ( )\___ | '_ | '_| | '_ \/ _` | \ \ \ \
 \\/  ___)| |_)| | | | | || (_| |  ) ) ) )
  '  |____| .__|_| |_|_| |_\__, | / / / /
 =========|_|==============|___/=/_/_/_/
 :: Spring Boot ::                (v2.4.2)

2021-04-29 18:14:10.615  INFO 270348 --- [    Test worker] o.m.f.repository.StatusRepositoryTests   : Starting StatusRepositoryTests using Java 11.0.9 on DESKTOP-KCDHFKO with PID 270348 (started by nick1 in C:\Users\nick1\kpu\frames-web-server)
2021-04-29 18:14:10.623  INFO 270348 --- [    Test worker] o.m.f.repository.StatusRepositoryTests   : No active profile set, falling back to default profiles: default
2021-04-29 18:14:16.535  INFO 270348 --- [    Test worker] .s.d.r.c.RepositoryConfigurationDelegate : Bootstrapping Spring Data JPA repositories in DEFAULT mode.
2021-04-29 18:14:16.870  INFO 270348 --- [    Test worker] .s.d.r.c.RepositoryConfigurationDelegate : Finished Spring Data repository scanning in 316 ms. Found 4 JPA repository interfaces.
2021-04-29 18:14:18.068  INFO 270348 --- [    Test worker] trationDelegate$BeanPostProcessorChecker : Bean '(inner bean)#27ace64a' of type [com.amazonaws.auth.EC2ContainerCredentialsProviderWrapper] is not eligible for getting processed by all BeanPostProcessors (for example: not eligible for auto-proxying)
2021-04-29 18:14:18.118  INFO 270348 --- [    Test worker] trationDelegate$BeanPostProcessorChecker : Bean '(inner bean)#77231947' of type [com.amazonaws.auth.profile.ProfileCredentialsProvider] is not eligible for getting processed by all BeanPostProcessors (for example: not eligible for auto-proxying)
2021-04-29 18:14:18.159  INFO 270348 --- [    Test worker] trationDelegate$BeanPostProcessorChecker : Bean 'credentialsProvider' of type [org.springframework.cloud.aws.core.credentials.CredentialsProviderFactoryBean] is not eligible for getting processed by all BeanPostProcessors (for example: not eligible for auto-proxying)
2021-04-29 18:14:18.160  INFO 270348 --- [    Test worker] trationDelegate$BeanPostProcessorChecker : Bean 'credentialsProvider' of type [com.amazonaws.auth.AWSCredentialsProviderChain] is not eligible for getting processed by all BeanPostProcessors (for example: not eligible for auto-proxying)
2021-04-29 18:14:19.617  INFO 270348 --- [    Test worker] o.hibernate.jpa.internal.util.LogHelper  : HHH000204: Processing PersistenceUnitInfo [name: default]
2021-04-29 18:14:19.891  INFO 270348 --- [    Test worker] org.hibernate.Version                    : HHH000412: Hibernate ORM core version 5.4.27.Final
2021-04-29 18:14:20.560  INFO 270348 --- [    Test worker] o.hibernate.annotations.common.Version   : HCANN000001: Hibernate Commons Annotations {5.1.2.Final}
2021-04-29 18:14:21.072  INFO 270348 --- [    Test worker] com.zaxxer.hikari.HikariDataSource       : HikariPool-1 - Starting...
2021-04-29 18:14:22.484  INFO 270348 --- [    Test worker] com.zaxxer.hikari.HikariDataSource       : HikariPool-1 - Start completed.
2021-04-29 18:14:22.719  INFO 270348 --- [    Test worker] org.hibernate.dialect.Dialect            : HHH000400: Using dialect: org.hibernate.dialect.MySQL8Dialect
2021-04-29 18:14:25.922  INFO 270348 --- [    Test worker] o.h.e.t.j.p.i.JtaPlatformInitiator       : HHH000490: Using JtaPlatform implementation: [org.hibernate.engine.transaction.jta.platform.internal.NoJtaPlatform]
2021-04-29 18:14:25.946  INFO 270348 --- [    Test worker] j.LocalContainerEntityManagerFactoryBean : Initialized JPA EntityManagerFactory for persistence unit 'default'
2021-04-29 18:14:33.058  INFO 270348 --- [    Test worker] o.s.s.concurrent.ThreadPoolTaskExecutor  : Initializing ExecutorService 'clientInboundChannelExecutor'
2021-04-29 18:14:33.152  INFO 270348 --- [    Test worker] o.s.s.concurrent.ThreadPoolTaskExecutor  : Initializing ExecutorService 'clientOutboundChannelExecutor'
confiureMessageBroker 연동!!**
2021-04-29 18:14:33.162  INFO 270348 --- [    Test worker] o.s.s.concurrent.ThreadPoolTaskExecutor  : Initializing ExecutorService 'brokerChannelExecutor'
Hibernate: 
    select
        status0_.statusnum as statusnu1_3_,
        status0_.regdate as regdate2_3_,
        status0_.facility_bno as facility5_3_,
        status0_.member_mno as member_m6_3_,
        status0_.state as state3_3_,
        status0_.temperature as temperat4_3_ 
    from
        status status0_ 
    where
        status0_.regdate not between ? and ?
Hibernate: 
    
SET
    SQL_SAFE_UPDATES = 0
Hibernate: 
    
set
    @cnt=0
Hibernate: 
    update
        status 
    set
        status.statusnum=@cnt:=@cnt+1
Hibernate: 
    ALTER TABLE status AUTO_INCREMENT = 1
2021-04-29 18:14:35.914  INFO 270348 --- [    Test worker] o.s.s.c.ThreadPoolTaskScheduler          : Initializing ExecutorService 'messageBrokerTaskScheduler'
end point 연결!!!***
2021-04-29 18:14:36.975  WARN 270348 --- [    Test worker] JpaBaseConfiguration$JpaWebConfiguration : spring.jpa.open-in-view is enabled by default. Therefore, database queries may be performed during view rendering. Explicitly configure spring.jpa.open-in-view to disable this warning
2021-04-29 18:14:40.442  INFO 270348 --- [    Test worker] o.s.b.a.w.s.WelcomePageHandlerMapping    : Adding welcome page: class path resource [static/index.html]
2021-04-29 18:14:45.707  INFO 270348 --- [    Test worker] o.s.m.s.b.SimpleBrokerMessageHandler     : Starting...
2021-04-29 18:14:45.707  INFO 270348 --- [    Test worker] o.s.m.s.b.SimpleBrokerMessageHandler     : BrokerAvailabilityEvent[available=true, SimpleBrokerMessageHandler [org.springframework.messaging.simp.broker.DefaultSubscriptionRegistry@72b04d2a]]
2021-04-29 18:14:45.708  INFO 270348 --- [    Test worker] o.s.m.s.b.SimpleBrokerMessageHandler     : Started.
2021-04-29 18:14:45.742  INFO 270348 --- [    Test worker] o.m.f.repository.StatusRepositoryTests   : Started StatusRepositoryTests in 35.919 seconds (JVM running for 43.928)
Hibernate: 
    select
        max(status0_.regdate) as col_0_0_ 
    from
        status status0_
test localdatetime version:2021-04-29T18:11:48.374527
hello!!!!
]]></system-out>
  <system-err><![CDATA[]]></system-err>
</testsuite>
