<?xml version="1.0" encoding="UTF-8"?>
<testsuite name="org.morgorithm.frames.repository.StatusRepositoryTests" tests="1" skipped="0" failures="0" errors="0" timestamp="2021-04-30T06:50:48" hostname="DESKTOP-KCDHFKO" time="0.538">
  <properties/>
  <testcase name="testGetMaxStatusNum()" classname="org.morgorithm.frames.repository.StatusRepositoryTests" time="0.538"/>
  <system-out><![CDATA[15:50:22.358 [Test worker] DEBUG org.springframework.test.context.BootstrapUtils - Instantiating CacheAwareContextLoaderDelegate from class [org.springframework.test.context.cache.DefaultCacheAwareContextLoaderDelegate]
15:50:22.402 [Test worker] DEBUG org.springframework.test.context.BootstrapUtils - Instantiating BootstrapContext using constructor [public org.springframework.test.context.support.DefaultBootstrapContext(java.lang.Class,org.springframework.test.context.CacheAwareContextLoaderDelegate)]
15:50:22.503 [Test worker] DEBUG org.springframework.test.context.BootstrapUtils - Instantiating TestContextBootstrapper for test class [org.morgorithm.frames.repository.StatusRepositoryTests] from class [org.springframework.boot.test.context.SpringBootTestContextBootstrapper]
15:50:22.548 [Test worker] INFO org.springframework.boot.test.context.SpringBootTestContextBootstrapper - Neither @ContextConfiguration nor @ContextHierarchy found for test class [org.morgorithm.frames.repository.StatusRepositoryTests], using SpringBootContextLoader
15:50:22.561 [Test worker] DEBUG org.springframework.test.context.support.AbstractContextLoader - Did not detect default resource location for test class [org.morgorithm.frames.repository.StatusRepositoryTests]: class path resource [org/morgorithm/frames/repository/StatusRepositoryTests-context.xml] does not exist
15:50:22.564 [Test worker] DEBUG org.springframework.test.context.support.AbstractContextLoader - Did not detect default resource location for test class [org.morgorithm.frames.repository.StatusRepositoryTests]: class path resource [org/morgorithm/frames/repository/StatusRepositoryTestsContext.groovy] does not exist
15:50:22.564 [Test worker] INFO org.springframework.test.context.support.AbstractContextLoader - Could not detect default resource locations for test class [org.morgorithm.frames.repository.StatusRepositoryTests]: no resource found for suffixes {-context.xml, Context.groovy}.
15:50:22.567 [Test worker] INFO org.springframework.test.context.support.AnnotationConfigContextLoaderUtils - Could not detect default configuration classes for test class [org.morgorithm.frames.repository.StatusRepositoryTests]: StatusRepositoryTests does not declare any static, non-private, non-final, nested classes annotated with @Configuration.
15:50:22.705 [Test worker] DEBUG org.springframework.test.context.support.ActiveProfilesUtils - Could not find an 'annotation declaring class' for annotation type [org.springframework.test.context.ActiveProfiles] and class [org.morgorithm.frames.repository.StatusRepositoryTests]
15:50:22.997 [Test worker] DEBUG org.springframework.context.annotation.ClassPathScanningCandidateComponentProvider - Identified candidate component class: file [C:\Users\nick1\kpu\frames-web-server\build\classes\java\main\org\morgorithm\frames\FramesApplication.class]
15:50:23.002 [Test worker] INFO org.springframework.boot.test.context.SpringBootTestContextBootstrapper - Found @SpringBootConfiguration org.morgorithm.frames.FramesApplication for test class org.morgorithm.frames.repository.StatusRepositoryTests
15:50:23.436 [Test worker] DEBUG org.springframework.boot.test.context.SpringBootTestContextBootstrapper - @TestExecutionListeners is not present for class [org.morgorithm.frames.repository.StatusRepositoryTests]: using defaults.
15:50:23.437 [Test worker] INFO org.springframework.boot.test.context.SpringBootTestContextBootstrapper - Loaded default TestExecutionListener class names from location [META-INF/spring.factories]: [org.springframework.boot.test.autoconfigure.restdocs.RestDocsTestExecutionListener, org.springframework.boot.test.autoconfigure.web.client.MockRestServiceServerResetTestExecutionListener, org.springframework.boot.test.autoconfigure.web.servlet.MockMvcPrintOnlyOnFailureTestExecutionListener, org.springframework.boot.test.autoconfigure.web.servlet.WebDriverTestExecutionListener, org.springframework.boot.test.autoconfigure.webservices.client.MockWebServiceServerTestExecutionListener, org.springframework.boot.test.mock.mockito.MockitoTestExecutionListener, org.springframework.boot.test.mock.mockito.ResetMocksTestExecutionListener, org.springframework.test.context.web.ServletTestExecutionListener, org.springframework.test.context.support.DirtiesContextBeforeModesTestExecutionListener, org.springframework.test.context.event.ApplicationEventsTestExecutionListener, org.springframework.test.context.support.DependencyInjectionTestExecutionListener, org.springframework.test.context.support.DirtiesContextTestExecutionListener, org.springframework.test.context.transaction.TransactionalTestExecutionListener, org.springframework.test.context.jdbc.SqlScriptsTestExecutionListener, org.springframework.test.context.event.EventPublishingTestExecutionListener]
15:50:23.493 [Test worker] INFO org.springframework.boot.test.context.SpringBootTestContextBootstrapper - Using TestExecutionListeners: [org.springframework.test.context.web.ServletTestExecutionListener@5c6952b9, org.springframework.test.context.support.DirtiesContextBeforeModesTestExecutionListener@2c1432e3, org.springframework.test.context.event.ApplicationEventsTestExecutionListener@53369b3b, org.springframework.boot.test.mock.mockito.MockitoTestExecutionListener@6fd4433a, org.springframework.boot.test.autoconfigure.SpringBootDependencyInjectionTestExecutionListener@79be28e3, org.springframework.test.context.support.DirtiesContextTestExecutionListener@74b09e1d, org.springframework.test.context.transaction.TransactionalTestExecutionListener@13383cf3, org.springframework.test.context.jdbc.SqlScriptsTestExecutionListener@5e38603d, org.springframework.test.context.event.EventPublishingTestExecutionListener@56c9b229, org.springframework.boot.test.autoconfigure.restdocs.RestDocsTestExecutionListener@26799e9b, org.springframework.boot.test.autoconfigure.web.client.MockRestServiceServerResetTestExecutionListener@7474e103, org.springframework.boot.test.autoconfigure.web.servlet.MockMvcPrintOnlyOnFailureTestExecutionListener@69504e38, org.springframework.boot.test.autoconfigure.web.servlet.WebDriverTestExecutionListener@7293f1c1, org.springframework.boot.test.autoconfigure.webservices.client.MockWebServiceServerTestExecutionListener@18f4344e, org.springframework.boot.test.mock.mockito.ResetMocksTestExecutionListener@4bdba2aa]
15:50:23.506 [Test worker] DEBUG org.springframework.test.context.support.AbstractDirtiesContextTestExecutionListener - Before test class: context [DefaultTestContext@60ded320 testClass = StatusRepositoryTests, testInstance = [null], testMethod = [null], testException = [null], mergedContextConfiguration = [WebMergedContextConfiguration@5efa9853 testClass = StatusRepositoryTests, locations = '{}', classes = '{class org.morgorithm.frames.FramesApplication}', contextInitializerClasses = '[]', activeProfiles = '{}', propertySourceLocations = '{}', propertySourceProperties = '{org.springframework.boot.test.context.SpringBootTestContextBootstrapper=true}', contextCustomizers = set[org.springframework.boot.test.autoconfigure.actuate.metrics.MetricsExportContextCustomizerFactory$DisableMetricExportContextCustomizer@4dd0d065, org.springframework.boot.test.autoconfigure.properties.PropertyMappingContextCustomizer@0, org.springframework.boot.test.autoconfigure.web.servlet.WebDriverContextCustomizerFactory$Customizer@72d40c1e, org.springframework.boot.test.context.filter.ExcludeFilterContextCustomizer@23634d01, org.springframework.boot.test.json.DuplicateJsonObjectContextCustomizerFactory$DuplicateJsonObjectContextCustomizer@6d394531, org.springframework.boot.test.mock.mockito.MockitoContextCustomizer@0, org.springframework.boot.test.web.client.TestRestTemplateContextCustomizer@2e8d34c4, org.springframework.boot.test.context.SpringBootTestArgs@1, org.springframework.boot.test.context.SpringBootTestWebEnvironment@45efcae1], resourceBasePath = 'src/main/webapp', contextLoader = 'org.springframework.boot.test.context.SpringBootContextLoader', parent = [null]], attributes = map['org.springframework.test.context.web.ServletTestExecutionListener.activateListener' -> true]], class annotated with @DirtiesContext [false] with mode [null].
15:50:23.607 [Test worker] DEBUG org.springframework.test.context.support.TestPropertySourceUtils - Adding inlined properties to environment: {spring.jmx.enabled=false, org.springframework.boot.test.context.SpringBootTestContextBootstrapper=true}

  .   ____          _            __ _ _
 /\\ / ___'_ __ _ _(_)_ __  __ _ \ \ \ \
( ( )\___ | '_ | '_| | '_ \/ _` | \ \ \ \
 \\/  ___)| |_)| | | | | || (_| |  ) ) ) )
  '  |____| .__|_| |_|_| |_\__, | / / / /
 =========|_|==============|___/=/_/_/_/
 :: Spring Boot ::                (v2.4.2)

2021-04-30 15:50:24.437  INFO 282440 --- [    Test worker] o.m.f.repository.StatusRepositoryTests   : Starting StatusRepositoryTests using Java 11.0.9 on DESKTOP-KCDHFKO with PID 282440 (started by nick1 in C:\Users\nick1\kpu\frames-web-server)
2021-04-30 15:50:24.445  INFO 282440 --- [    Test worker] o.m.f.repository.StatusRepositoryTests   : No active profile set, falling back to default profiles: default
2021-04-30 15:50:30.164  INFO 282440 --- [    Test worker] .s.d.r.c.RepositoryConfigurationDelegate : Bootstrapping Spring Data JPA repositories in DEFAULT mode.
2021-04-30 15:50:30.451  INFO 282440 --- [    Test worker] .s.d.r.c.RepositoryConfigurationDelegate : Finished Spring Data repository scanning in 270 ms. Found 4 JPA repository interfaces.
2021-04-30 15:50:31.531  INFO 282440 --- [    Test worker] trationDelegate$BeanPostProcessorChecker : Bean '(inner bean)#39643bc2' of type [com.amazonaws.auth.EC2ContainerCredentialsProviderWrapper] is not eligible for getting processed by all BeanPostProcessors (for example: not eligible for auto-proxying)
2021-04-30 15:50:31.575  INFO 282440 --- [    Test worker] trationDelegate$BeanPostProcessorChecker : Bean '(inner bean)#5fa149f8' of type [com.amazonaws.auth.profile.ProfileCredentialsProvider] is not eligible for getting processed by all BeanPostProcessors (for example: not eligible for auto-proxying)
2021-04-30 15:50:31.604  INFO 282440 --- [    Test worker] trationDelegate$BeanPostProcessorChecker : Bean 'credentialsProvider' of type [org.springframework.cloud.aws.core.credentials.CredentialsProviderFactoryBean] is not eligible for getting processed by all BeanPostProcessors (for example: not eligible for auto-proxying)
2021-04-30 15:50:31.605  INFO 282440 --- [    Test worker] trationDelegate$BeanPostProcessorChecker : Bean 'credentialsProvider' of type [com.amazonaws.auth.AWSCredentialsProviderChain] is not eligible for getting processed by all BeanPostProcessors (for example: not eligible for auto-proxying)
2021-04-30 15:50:33.049  INFO 282440 --- [    Test worker] o.hibernate.jpa.internal.util.LogHelper  : HHH000204: Processing PersistenceUnitInfo [name: default]
2021-04-30 15:50:33.252  INFO 282440 --- [    Test worker] org.hibernate.Version                    : HHH000412: Hibernate ORM core version 5.4.27.Final
2021-04-30 15:50:33.780  INFO 282440 --- [    Test worker] o.hibernate.annotations.common.Version   : HCANN000001: Hibernate Commons Annotations {5.1.2.Final}
2021-04-30 15:50:34.218  INFO 282440 --- [    Test worker] com.zaxxer.hikari.HikariDataSource       : HikariPool-1 - Starting...
2021-04-30 15:50:35.388  INFO 282440 --- [    Test worker] com.zaxxer.hikari.HikariDataSource       : HikariPool-1 - Start completed.
2021-04-30 15:50:35.511  INFO 282440 --- [    Test worker] org.hibernate.dialect.Dialect            : HHH000400: Using dialect: org.hibernate.dialect.MySQL8Dialect
2021-04-30 15:50:38.569  INFO 282440 --- [    Test worker] o.h.e.t.j.p.i.JtaPlatformInitiator       : HHH000490: Using JtaPlatform implementation: [org.hibernate.engine.transaction.jta.platform.internal.NoJtaPlatform]
2021-04-30 15:50:38.602  INFO 282440 --- [    Test worker] j.LocalContainerEntityManagerFactoryBean : Initialized JPA EntityManagerFactory for persistence unit 'default'
2021-04-30 15:50:42.084  INFO 282440 --- [    Test worker] o.s.s.concurrent.ThreadPoolTaskExecutor  : Initializing ExecutorService 'clientInboundChannelExecutor'
2021-04-30 15:50:42.139  INFO 282440 --- [    Test worker] o.s.s.concurrent.ThreadPoolTaskExecutor  : Initializing ExecutorService 'clientOutboundChannelExecutor'
confiureMessageBroker 연동!!**
2021-04-30 15:50:42.146  INFO 282440 --- [    Test worker] o.s.s.concurrent.ThreadPoolTaskExecutor  : Initializing ExecutorService 'brokerChannelExecutor'
Hibernate: 
    select
        status0_.statusnum as statusnu1_3_,
        status0_.regdate as regdate2_3_,
        status0_.facility_bno as facility5_3_,
        status0_.member_mno as member_m6_3_,
        status0_.state as state3_3_,
        status0_.temperature as temperat4_3_ 
    from
        status status0_ 
    where
        status0_.regdate not between ? and ?
Hibernate: 
    
SET
    SQL_SAFE_UPDATES = 0
Hibernate: 
    
set
    @cnt=0
Hibernate: 
    update
        status 
    set
        status.statusnum=@cnt:=@cnt+1
Hibernate: 
    ALTER TABLE status AUTO_INCREMENT = 1
2021-04-30 15:50:43.136  INFO 282440 --- [    Test worker] o.s.s.c.ThreadPoolTaskScheduler          : Initializing ExecutorService 'messageBrokerTaskScheduler'
end point 연결!!!***
2021-04-30 15:50:43.656  WARN 282440 --- [    Test worker] JpaBaseConfiguration$JpaWebConfiguration : spring.jpa.open-in-view is enabled by default. Therefore, database queries may be performed during view rendering. Explicitly configure spring.jpa.open-in-view to disable this warning
2021-04-30 15:50:45.705  INFO 282440 --- [    Test worker] o.s.b.a.w.s.WelcomePageHandlerMapping    : Adding welcome page: class path resource [static/index.html]
2021-04-30 15:50:48.620  INFO 282440 --- [    Test worker] o.s.m.s.b.SimpleBrokerMessageHandler     : Starting...
2021-04-30 15:50:48.621  INFO 282440 --- [    Test worker] o.s.m.s.b.SimpleBrokerMessageHandler     : BrokerAvailabilityEvent[available=true, SimpleBrokerMessageHandler [org.springframework.messaging.simp.broker.DefaultSubscriptionRegistry@1a9e0eef]]
2021-04-30 15:50:48.622  INFO 282440 --- [    Test worker] o.s.m.s.b.SimpleBrokerMessageHandler     : Started.
2021-04-30 15:50:48.648  INFO 282440 --- [    Test worker] o.m.f.repository.StatusRepositoryTests   : Started StatusRepositoryTests in 25.019 seconds (JVM running for 30.292)
Hibernate: 
    select
        status0_.statusnum as statusnu1_3_,
        status0_.regdate as regdate2_3_,
        status0_.facility_bno as facility5_3_,
        status0_.member_mno as member_m6_3_,
        status0_.state as state3_3_,
        status0_.temperature as temperat4_3_ 
    from
        status status0_ 
    order by
        status0_.statusnum desc limit ?
Hibernate: 
    select
        facility0_.bno as bno1_0_0_,
        facility0_.building as building2_0_0_ 
    from
        facility facility0_ 
    where
        facility0_.bno=?
Hibernate: 
    select
        member0_.mno as mno1_1_0_,
        member0_.name as name2_1_0_,
        member0_.phone as phone3_1_0_ 
    from
        member member0_ 
    where
        member0_.mno=?
result:Status(statusnum=132, temperature=24.38, state=true)
]]></system-out>
  <system-err><![CDATA[]]></system-err>
</testsuite>
