<?xml version="1.0" encoding="UTF-8"?>
<testsuite name="org.morgorithm.frames.FramesApplicationTests" tests="1" skipped="0" failures="0" errors="0" timestamp="2021-05-12T03:48:53" hostname="DESKTOP-KCDHFKO" time="0.238">
  <properties/>
  <testcase name="contextLoads()" classname="org.morgorithm.frames.FramesApplicationTests" time="0.238"/>
  <system-out><![CDATA[12:48:29.666 [Test worker] DEBUG org.springframework.test.context.BootstrapUtils - Instantiating CacheAwareContextLoaderDelegate from class [org.springframework.test.context.cache.DefaultCacheAwareContextLoaderDelegate]
12:48:29.708 [Test worker] DEBUG org.springframework.test.context.BootstrapUtils - Instantiating BootstrapContext using constructor [public org.springframework.test.context.support.DefaultBootstrapContext(java.lang.Class,org.springframework.test.context.CacheAwareContextLoaderDelegate)]
12:48:29.788 [Test worker] DEBUG org.springframework.test.context.BootstrapUtils - Instantiating TestContextBootstrapper for test class [org.morgorithm.frames.FramesApplicationTests] from class [org.springframework.boot.test.context.SpringBootTestContextBootstrapper]
12:48:29.843 [Test worker] INFO org.springframework.boot.test.context.SpringBootTestContextBootstrapper - Neither @ContextConfiguration nor @ContextHierarchy found for test class [org.morgorithm.frames.FramesApplicationTests], using SpringBootContextLoader
12:48:29.857 [Test worker] DEBUG org.springframework.test.context.support.AbstractContextLoader - Did not detect default resource location for test class [org.morgorithm.frames.FramesApplicationTests]: class path resource [org/morgorithm/frames/FramesApplicationTests-context.xml] does not exist
12:48:29.859 [Test worker] DEBUG org.springframework.test.context.support.AbstractContextLoader - Did not detect default resource location for test class [org.morgorithm.frames.FramesApplicationTests]: class path resource [org/morgorithm/frames/FramesApplicationTestsContext.groovy] does not exist
12:48:29.859 [Test worker] INFO org.springframework.test.context.support.AbstractContextLoader - Could not detect default resource locations for test class [org.morgorithm.frames.FramesApplicationTests]: no resource found for suffixes {-context.xml, Context.groovy}.
12:48:29.862 [Test worker] INFO org.springframework.test.context.support.AnnotationConfigContextLoaderUtils - Could not detect default configuration classes for test class [org.morgorithm.frames.FramesApplicationTests]: FramesApplicationTests does not declare any static, non-private, non-final, nested classes annotated with @Configuration.
12:48:29.998 [Test worker] DEBUG org.springframework.test.context.support.ActiveProfilesUtils - Could not find an 'annotation declaring class' for annotation type [org.springframework.test.context.ActiveProfiles] and class [org.morgorithm.frames.FramesApplicationTests]
12:48:30.231 [Test worker] DEBUG org.springframework.context.annotation.ClassPathScanningCandidateComponentProvider - Identified candidate component class: file [C:\Users\nick1\kpu\frames-web-server\build\classes\java\main\org\morgorithm\frames\FramesApplication.class]
12:48:30.237 [Test worker] INFO org.springframework.boot.test.context.SpringBootTestContextBootstrapper - Found @SpringBootConfiguration org.morgorithm.frames.FramesApplication for test class org.morgorithm.frames.FramesApplicationTests
12:48:30.650 [Test worker] DEBUG org.springframework.boot.test.context.SpringBootTestContextBootstrapper - @TestExecutionListeners is not present for class [org.morgorithm.frames.FramesApplicationTests]: using defaults.
12:48:30.655 [Test worker] INFO org.springframework.boot.test.context.SpringBootTestContextBootstrapper - Loaded default TestExecutionListener class names from location [META-INF/spring.factories]: [org.springframework.boot.test.autoconfigure.restdocs.RestDocsTestExecutionListener, org.springframework.boot.test.autoconfigure.web.client.MockRestServiceServerResetTestExecutionListener, org.springframework.boot.test.autoconfigure.web.servlet.MockMvcPrintOnlyOnFailureTestExecutionListener, org.springframework.boot.test.autoconfigure.web.servlet.WebDriverTestExecutionListener, org.springframework.boot.test.autoconfigure.webservices.client.MockWebServiceServerTestExecutionListener, org.springframework.boot.test.mock.mockito.MockitoTestExecutionListener, org.springframework.boot.test.mock.mockito.ResetMocksTestExecutionListener, org.springframework.test.context.web.ServletTestExecutionListener, org.springframework.test.context.support.DirtiesContextBeforeModesTestExecutionListener, org.springframework.test.context.event.ApplicationEventsTestExecutionListener, org.springframework.test.context.support.DependencyInjectionTestExecutionListener, org.springframework.test.context.support.DirtiesContextTestExecutionListener, org.springframework.test.context.transaction.TransactionalTestExecutionListener, org.springframework.test.context.jdbc.SqlScriptsTestExecutionListener, org.springframework.test.context.event.EventPublishingTestExecutionListener]
12:48:30.721 [Test worker] INFO org.springframework.boot.test.context.SpringBootTestContextBootstrapper - Using TestExecutionListeners: [org.springframework.test.context.web.ServletTestExecutionListener@313dc992, org.springframework.test.context.support.DirtiesContextBeforeModesTestExecutionListener@7bd630af, org.springframework.test.context.event.ApplicationEventsTestExecutionListener@36bc180a, org.springframework.boot.test.mock.mockito.MockitoTestExecutionListener@35a38155, org.springframework.boot.test.autoconfigure.SpringBootDependencyInjectionTestExecutionListener@6a8dbf2a, org.springframework.test.context.support.DirtiesContextTestExecutionListener@2094b99c, org.springframework.test.context.transaction.TransactionalTestExecutionListener@76be99cc, org.springframework.test.context.jdbc.SqlScriptsTestExecutionListener@5fbe0767, org.springframework.test.context.event.EventPublishingTestExecutionListener@584d9755, org.springframework.boot.test.autoconfigure.restdocs.RestDocsTestExecutionListener@5d108d99, org.springframework.boot.test.autoconfigure.web.client.MockRestServiceServerResetTestExecutionListener@5f621f0e, org.springframework.boot.test.autoconfigure.web.servlet.MockMvcPrintOnlyOnFailureTestExecutionListener@7048beba, org.springframework.boot.test.autoconfigure.web.servlet.WebDriverTestExecutionListener@440b78d9, org.springframework.boot.test.autoconfigure.webservices.client.MockWebServiceServerTestExecutionListener@1d2e5984, org.springframework.boot.test.mock.mockito.ResetMocksTestExecutionListener@527bbf40]
12:48:30.736 [Test worker] DEBUG org.springframework.test.context.support.AbstractDirtiesContextTestExecutionListener - Before test class: context [DefaultTestContext@1b56fc2e testClass = FramesApplicationTests, testInstance = [null], testMethod = [null], testException = [null], mergedContextConfiguration = [WebMergedContextConfiguration@748cdf63 testClass = FramesApplicationTests, locations = '{}', classes = '{class org.morgorithm.frames.FramesApplication}', contextInitializerClasses = '[]', activeProfiles = '{}', propertySourceLocations = '{}', propertySourceProperties = '{org.springframework.boot.test.context.SpringBootTestContextBootstrapper=true}', contextCustomizers = set[org.springframework.boot.test.autoconfigure.actuate.metrics.MetricsExportContextCustomizerFactory$DisableMetricExportContextCustomizer@492cdc3c, org.springframework.boot.test.autoconfigure.properties.PropertyMappingContextCustomizer@0, org.springframework.boot.test.autoconfigure.web.servlet.WebDriverContextCustomizerFactory$Customizer@67cd1d1a, org.springframework.boot.test.context.filter.ExcludeFilterContextCustomizer@3ed5b3ec, org.springframework.boot.test.json.DuplicateJsonObjectContextCustomizerFactory$DuplicateJsonObjectContextCustomizer@56a52b2b, org.springframework.boot.test.mock.mockito.MockitoContextCustomizer@0, org.springframework.boot.test.web.client.TestRestTemplateContextCustomizer@2640da43, org.springframework.boot.test.context.SpringBootTestArgs@1, org.springframework.boot.test.context.SpringBootTestWebEnvironment@490fd0b5], resourceBasePath = 'src/main/webapp', contextLoader = 'org.springframework.boot.test.context.SpringBootContextLoader', parent = [null]], attributes = map['org.springframework.test.context.web.ServletTestExecutionListener.activateListener' -> true]], class annotated with @DirtiesContext [false] with mode [null].
12:48:30.814 [Test worker] DEBUG org.springframework.test.context.support.TestPropertySourceUtils - Adding inlined properties to environment: {spring.jmx.enabled=false, org.springframework.boot.test.context.SpringBootTestContextBootstrapper=true}

  .   ____          _            __ _ _
 /\\ / ___'_ __ _ _(_)_ __  __ _ \ \ \ \
( ( )\___ | '_ | '_| | '_ \/ _` | \ \ \ \
 \\/  ___)| |_)| | | | | || (_| |  ) ) ) )
  '  |____| .__|_| |_|_| |_\__, | / / / /
 =========|_|==============|___/=/_/_/_/
 :: Spring Boot ::                (v2.4.2)

2021-05-12 12:48:31.419  WARN 119320 --- [    Test worker] ory$DuplicateJsonObjectContextCustomizer : 

Found multiple occurrences of org.json.JSONObject on the class path:

	jar:file:/C:/Users/nick1/.gradle/caches/modules-2/files-2.1/org.json/json/20210307/528c8df3757e8bcf151817b1d7b9b434f6aa08d5/json-20210307.jar!/org/json/JSONObject.class
	jar:file:/C:/Users/nick1/.gradle/caches/modules-2/files-2.1/com.vaadin.external.google/android-json/0.0.20131108.vaadin1/fa26d351fe62a6a17f5cda1287c1c6110dec413f/android-json-0.0.20131108.vaadin1.jar!/org/json/JSONObject.class

You may wish to exclude one of them to ensure predictable runtime behavior

2021-05-12 12:48:31.456  INFO 119320 --- [    Test worker] o.m.frames.FramesApplicationTests        : Starting FramesApplicationTests using Java 11.0.9 on DESKTOP-KCDHFKO with PID 119320 (started by nick1 in C:\Users\nick1\kpu\frames-web-server)
2021-05-12 12:48:31.459  INFO 119320 --- [    Test worker] o.m.frames.FramesApplicationTests        : No active profile set, falling back to default profiles: default
2021-05-12 12:48:37.207  INFO 119320 --- [    Test worker] .s.d.r.c.RepositoryConfigurationDelegate : Bootstrapping Spring Data JPA repositories in DEFAULT mode.
2021-05-12 12:48:37.655  INFO 119320 --- [    Test worker] .s.d.r.c.RepositoryConfigurationDelegate : Finished Spring Data repository scanning in 428 ms. Found 6 JPA repository interfaces.
2021-05-12 12:48:38.647  INFO 119320 --- [    Test worker] trationDelegate$BeanPostProcessorChecker : Bean '(inner bean)#7331513c' of type [com.amazonaws.auth.EC2ContainerCredentialsProviderWrapper] is not eligible for getting processed by all BeanPostProcessors (for example: not eligible for auto-proxying)
2021-05-12 12:48:38.679  INFO 119320 --- [    Test worker] trationDelegate$BeanPostProcessorChecker : Bean '(inner bean)#4e2390b7' of type [com.amazonaws.auth.profile.ProfileCredentialsProvider] is not eligible for getting processed by all BeanPostProcessors (for example: not eligible for auto-proxying)
2021-05-12 12:48:38.697  INFO 119320 --- [    Test worker] trationDelegate$BeanPostProcessorChecker : Bean 'credentialsProvider' of type [org.springframework.cloud.aws.core.credentials.CredentialsProviderFactoryBean] is not eligible for getting processed by all BeanPostProcessors (for example: not eligible for auto-proxying)
2021-05-12 12:48:38.698  INFO 119320 --- [    Test worker] trationDelegate$BeanPostProcessorChecker : Bean 'credentialsProvider' of type [com.amazonaws.auth.AWSCredentialsProviderChain] is not eligible for getting processed by all BeanPostProcessors (for example: not eligible for auto-proxying)
2021-05-12 12:48:39.672  INFO 119320 --- [    Test worker] o.hibernate.jpa.internal.util.LogHelper  : HHH000204: Processing PersistenceUnitInfo [name: default]
2021-05-12 12:48:39.842  INFO 119320 --- [    Test worker] org.hibernate.Version                    : HHH000412: Hibernate ORM core version 5.4.27.Final
2021-05-12 12:48:40.347  INFO 119320 --- [    Test worker] o.hibernate.annotations.common.Version   : HCANN000001: Hibernate Commons Annotations {5.1.2.Final}
2021-05-12 12:48:40.731  INFO 119320 --- [    Test worker] com.zaxxer.hikari.HikariDataSource       : HikariPool-1 - Starting...
2021-05-12 12:48:41.543  INFO 119320 --- [    Test worker] com.zaxxer.hikari.HikariDataSource       : HikariPool-1 - Start completed.
2021-05-12 12:48:41.645  INFO 119320 --- [    Test worker] org.hibernate.dialect.Dialect            : HHH000400: Using dialect: org.hibernate.dialect.MySQL8Dialect
2021-05-12 12:48:43.898  INFO 119320 --- [    Test worker] o.h.e.t.j.p.i.JtaPlatformInitiator       : HHH000490: Using JtaPlatform implementation: [org.hibernate.engine.transaction.jta.platform.internal.NoJtaPlatform]
2021-05-12 12:48:43.919  INFO 119320 --- [    Test worker] j.LocalContainerEntityManagerFactoryBean : Initialized JPA EntityManagerFactory for persistence unit 'default'
2021-05-12 12:48:44.988  WARN 119320 --- [    Test worker] JpaBaseConfiguration$JpaWebConfiguration : spring.jpa.open-in-view is enabled by default. Therefore, database queries may be performed during view rendering. Explicitly configure spring.jpa.open-in-view to disable this warning
2021-05-12 12:48:47.236  INFO 119320 --- [    Test worker] o.s.s.concurrent.ThreadPoolTaskExecutor  : Initializing ExecutorService 'clientInboundChannelExecutor'
2021-05-12 12:48:47.278  INFO 119320 --- [    Test worker] o.s.s.concurrent.ThreadPoolTaskExecutor  : Initializing ExecutorService 'clientOutboundChannelExecutor'
confiureMessageBroker 연동!!**
2021-05-12 12:48:47.285  INFO 119320 --- [    Test worker] o.s.s.concurrent.ThreadPoolTaskExecutor  : Initializing ExecutorService 'brokerChannelExecutor'
2021-05-12 12:48:48.582  INFO 119320 --- [    Test worker] o.s.s.web.DefaultSecurityFilterChain     : Will secure Ant [pattern='/css/**'] with []
2021-05-12 12:48:48.582  INFO 119320 --- [    Test worker] o.s.s.web.DefaultSecurityFilterChain     : Will secure Ant [pattern='/js/**'] with []
2021-05-12 12:48:48.582  INFO 119320 --- [    Test worker] o.s.s.web.DefaultSecurityFilterChain     : Will secure Ant [pattern='/img/**'] with []
2021-05-12 12:48:48.583  INFO 119320 --- [    Test worker] o.s.s.web.DefaultSecurityFilterChain     : Will secure Ant [pattern='/lib/**'] with []
2021-05-12 12:48:49.099  INFO 119320 --- [    Test worker] o.s.s.c.ThreadPoolTaskScheduler          : Initializing ExecutorService 'messageBrokerTaskScheduler'
end point 연결!!!***
2021-05-12 12:48:49.720  INFO 119320 --- [    Test worker] o.s.b.a.w.s.WelcomePageHandlerMapping    : Adding welcome page: class path resource [static/index.html]
2021-05-12 12:48:50.192  INFO 119320 --- [    Test worker] o.s.s.web.DefaultSecurityFilterChain     : Will secure any request with [org.springframework.security.web.context.request.async.WebAsyncManagerIntegrationFilter@38d3cc20, org.springframework.security.web.context.SecurityContextPersistenceFilter@56466f0d, org.springframework.security.web.header.HeaderWriterFilter@229fe245, org.springframework.web.filter.CorsFilter@31b4b0e9, org.springframework.security.web.authentication.logout.LogoutFilter@55842ae4, org.springframework.security.web.authentication.UsernamePasswordAuthenticationFilter@17eb5b26, org.springframework.security.web.savedrequest.RequestCacheAwareFilter@2fc60126, org.springframework.security.web.servletapi.SecurityContextHolderAwareRequestFilter@716f57a3, org.springframework.security.web.authentication.AnonymousAuthenticationFilter@27b66916, org.springframework.security.web.session.SessionManagementFilter@6d1c253e, org.springframework.security.web.access.ExceptionTranslationFilter@5b02bf9, org.springframework.security.web.access.intercept.FilterSecurityInterceptor@761249f8]
2021-05-12 12:48:53.374  INFO 119320 --- [    Test worker] o.s.m.s.b.SimpleBrokerMessageHandler     : Starting...
2021-05-12 12:48:53.374  INFO 119320 --- [    Test worker] o.s.m.s.b.SimpleBrokerMessageHandler     : BrokerAvailabilityEvent[available=true, SimpleBrokerMessageHandler [org.springframework.messaging.simp.broker.DefaultSubscriptionRegistry@25609a49]]
2021-05-12 12:48:53.374  INFO 119320 --- [    Test worker] o.s.m.s.b.SimpleBrokerMessageHandler     : Started.
2021-05-12 12:48:53.400  INFO 119320 --- [    Test worker] o.m.frames.FramesApplicationTests        : Started FramesApplicationTests in 22.571 seconds (JVM running for 26.953)
]]></system-out>
  <system-err><![CDATA[]]></system-err>
</testsuite>
