<?xml version="1.0" encoding="UTF-8"?>
<testsuite name="org.morgorithm.frames.demo.DemoData" tests="1" skipped="0" failures="0" errors="0" timestamp="2021-05-06T01:34:36" hostname="DESKTOP-KCDHFKO" time="1.485">
  <properties/>
  <testcase name="contactTestData()" classname="org.morgorithm.frames.demo.DemoData" time="1.485"/>
  <system-out><![CDATA[10:34:14.172 [Test worker] DEBUG org.springframework.test.context.BootstrapUtils - Instantiating CacheAwareContextLoaderDelegate from class [org.springframework.test.context.cache.DefaultCacheAwareContextLoaderDelegate]
10:34:14.215 [Test worker] DEBUG org.springframework.test.context.BootstrapUtils - Instantiating BootstrapContext using constructor [public org.springframework.test.context.support.DefaultBootstrapContext(java.lang.Class,org.springframework.test.context.CacheAwareContextLoaderDelegate)]
10:34:14.297 [Test worker] DEBUG org.springframework.test.context.BootstrapUtils - Instantiating TestContextBootstrapper for test class [org.morgorithm.frames.demo.DemoData] from class [org.springframework.boot.test.context.SpringBootTestContextBootstrapper]
10:34:14.326 [Test worker] INFO org.springframework.boot.test.context.SpringBootTestContextBootstrapper - Neither @ContextConfiguration nor @ContextHierarchy found for test class [org.morgorithm.frames.demo.DemoData], using SpringBootContextLoader
10:34:14.335 [Test worker] DEBUG org.springframework.test.context.support.AbstractContextLoader - Did not detect default resource location for test class [org.morgorithm.frames.demo.DemoData]: class path resource [org/morgorithm/frames/demo/DemoData-context.xml] does not exist
10:34:14.337 [Test worker] DEBUG org.springframework.test.context.support.AbstractContextLoader - Did not detect default resource location for test class [org.morgorithm.frames.demo.DemoData]: class path resource [org/morgorithm/frames/demo/DemoDataContext.groovy] does not exist
10:34:14.337 [Test worker] INFO org.springframework.test.context.support.AbstractContextLoader - Could not detect default resource locations for test class [org.morgorithm.frames.demo.DemoData]: no resource found for suffixes {-context.xml, Context.groovy}.
10:34:14.339 [Test worker] INFO org.springframework.test.context.support.AnnotationConfigContextLoaderUtils - Could not detect default configuration classes for test class [org.morgorithm.frames.demo.DemoData]: DemoData does not declare any static, non-private, non-final, nested classes annotated with @Configuration.
10:34:14.426 [Test worker] DEBUG org.springframework.test.context.support.ActiveProfilesUtils - Could not find an 'annotation declaring class' for annotation type [org.springframework.test.context.ActiveProfiles] and class [org.morgorithm.frames.demo.DemoData]
10:34:14.576 [Test worker] DEBUG org.springframework.context.annotation.ClassPathScanningCandidateComponentProvider - Identified candidate component class: file [C:\Users\nick1\kpu\frames-web-server\build\classes\java\main\org\morgorithm\frames\FramesApplication.class]
10:34:14.580 [Test worker] INFO org.springframework.boot.test.context.SpringBootTestContextBootstrapper - Found @SpringBootConfiguration org.morgorithm.frames.FramesApplication for test class org.morgorithm.frames.demo.DemoData
10:34:14.868 [Test worker] DEBUG org.springframework.boot.test.context.SpringBootTestContextBootstrapper - @TestExecutionListeners is not present for class [org.morgorithm.frames.demo.DemoData]: using defaults.
10:34:14.869 [Test worker] INFO org.springframework.boot.test.context.SpringBootTestContextBootstrapper - Loaded default TestExecutionListener class names from location [META-INF/spring.factories]: [org.springframework.boot.test.autoconfigure.restdocs.RestDocsTestExecutionListener, org.springframework.boot.test.autoconfigure.web.client.MockRestServiceServerResetTestExecutionListener, org.springframework.boot.test.autoconfigure.web.servlet.MockMvcPrintOnlyOnFailureTestExecutionListener, org.springframework.boot.test.autoconfigure.web.servlet.WebDriverTestExecutionListener, org.springframework.boot.test.autoconfigure.webservices.client.MockWebServiceServerTestExecutionListener, org.springframework.boot.test.mock.mockito.MockitoTestExecutionListener, org.springframework.boot.test.mock.mockito.ResetMocksTestExecutionListener, org.springframework.test.context.web.ServletTestExecutionListener, org.springframework.test.context.support.DirtiesContextBeforeModesTestExecutionListener, org.springframework.test.context.event.ApplicationEventsTestExecutionListener, org.springframework.test.context.support.DependencyInjectionTestExecutionListener, org.springframework.test.context.support.DirtiesContextTestExecutionListener, org.springframework.test.context.transaction.TransactionalTestExecutionListener, org.springframework.test.context.jdbc.SqlScriptsTestExecutionListener, org.springframework.test.context.event.EventPublishingTestExecutionListener]
10:34:14.905 [Test worker] INFO org.springframework.boot.test.context.SpringBootTestContextBootstrapper - Using TestExecutionListeners: [org.springframework.test.context.web.ServletTestExecutionListener@25725aaa, org.springframework.test.context.support.DirtiesContextBeforeModesTestExecutionListener@180520b, org.springframework.test.context.event.ApplicationEventsTestExecutionListener@3460584a, org.springframework.boot.test.mock.mockito.MockitoTestExecutionListener@38292d83, org.springframework.boot.test.autoconfigure.SpringBootDependencyInjectionTestExecutionListener@fb98726, org.springframework.test.context.support.DirtiesContextTestExecutionListener@caa9cd0, org.springframework.test.context.transaction.TransactionalTestExecutionListener@3abe3707, org.springframework.test.context.jdbc.SqlScriptsTestExecutionListener@4b8a50e6, org.springframework.test.context.event.EventPublishingTestExecutionListener@8c97e06, org.springframework.boot.test.autoconfigure.restdocs.RestDocsTestExecutionListener@50dd2fd3, org.springframework.boot.test.autoconfigure.web.client.MockRestServiceServerResetTestExecutionListener@1b902cc0, org.springframework.boot.test.autoconfigure.web.servlet.MockMvcPrintOnlyOnFailureTestExecutionListener@2044234, org.springframework.boot.test.autoconfigure.web.servlet.WebDriverTestExecutionListener@417e253c, org.springframework.boot.test.autoconfigure.webservices.client.MockWebServiceServerTestExecutionListener@78642977, org.springframework.boot.test.mock.mockito.ResetMocksTestExecutionListener@6208fc97]
10:34:14.913 [Test worker] DEBUG org.springframework.test.context.support.AbstractDirtiesContextTestExecutionListener - Before test class: context [DefaultTestContext@e121e33 testClass = DemoData, testInstance = [null], testMethod = [null], testException = [null], mergedContextConfiguration = [WebMergedContextConfiguration@39472c87 testClass = DemoData, locations = '{}', classes = '{class org.morgorithm.frames.FramesApplication}', contextInitializerClasses = '[]', activeProfiles = '{}', propertySourceLocations = '{}', propertySourceProperties = '{org.springframework.boot.test.context.SpringBootTestContextBootstrapper=true}', contextCustomizers = set[org.springframework.boot.test.autoconfigure.actuate.metrics.MetricsExportContextCustomizerFactory$DisableMetricExportContextCustomizer@540d8e7b, org.springframework.boot.test.autoconfigure.properties.PropertyMappingContextCustomizer@0, org.springframework.boot.test.autoconfigure.web.servlet.WebDriverContextCustomizerFactory$Customizer@5747c215, org.springframework.boot.test.context.filter.ExcludeFilterContextCustomizer@7d9a9506, org.springframework.boot.test.json.DuplicateJsonObjectContextCustomizerFactory$DuplicateJsonObjectContextCustomizer@66af736c, org.springframework.boot.test.mock.mockito.MockitoContextCustomizer@0, org.springframework.boot.test.web.client.TestRestTemplateContextCustomizer@73f1ed1c, org.springframework.boot.test.context.SpringBootTestArgs@1, org.springframework.boot.test.context.SpringBootTestWebEnvironment@58de1561], resourceBasePath = 'src/main/webapp', contextLoader = 'org.springframework.boot.test.context.SpringBootContextLoader', parent = [null]], attributes = map['org.springframework.test.context.web.ServletTestExecutionListener.activateListener' -> true]], class annotated with @DirtiesContext [false] with mode [null].
10:34:14.973 [Test worker] DEBUG org.springframework.test.context.support.TestPropertySourceUtils - Adding inlined properties to environment: {spring.jmx.enabled=false, org.springframework.boot.test.context.SpringBootTestContextBootstrapper=true}

  .   ____          _            __ _ _
 /\\ / ___'_ __ _ _(_)_ __  __ _ \ \ \ \
( ( )\___ | '_ | '_| | '_ \/ _` | \ \ \ \
 \\/  ___)| |_)| | | | | || (_| |  ) ) ) )
  '  |____| .__|_| |_|_| |_\__, | / / / /
 =========|_|==============|___/=/_/_/_/
 :: Spring Boot ::                (v2.4.2)

2021-05-06 10:34:15.495  WARN 184364 --- [    Test worker] ory$DuplicateJsonObjectContextCustomizer : 

Found multiple occurrences of org.json.JSONObject on the class path:

	jar:file:/C:/Users/nick1/.gradle/caches/modules-2/files-2.1/org.json/json/20210307/528c8df3757e8bcf151817b1d7b9b434f6aa08d5/json-20210307.jar!/org/json/JSONObject.class
	jar:file:/C:/Users/nick1/.gradle/caches/modules-2/files-2.1/com.vaadin.external.google/android-json/0.0.20131108.vaadin1/fa26d351fe62a6a17f5cda1287c1c6110dec413f/android-json-0.0.20131108.vaadin1.jar!/org/json/JSONObject.class

You may wish to exclude one of them to ensure predictable runtime behavior

2021-05-06 10:34:15.532  INFO 184364 --- [    Test worker] org.morgorithm.frames.demo.DemoData      : Starting DemoData using Java 11.0.9 on DESKTOP-KCDHFKO with PID 184364 (started by nick1 in C:\Users\nick1\kpu\frames-web-server)
2021-05-06 10:34:15.536  INFO 184364 --- [    Test worker] org.morgorithm.frames.demo.DemoData      : No active profile set, falling back to default profiles: default
2021-05-06 10:34:20.534  INFO 184364 --- [    Test worker] .s.d.r.c.RepositoryConfigurationDelegate : Bootstrapping Spring Data JPA repositories in DEFAULT mode.
2021-05-06 10:34:20.857  INFO 184364 --- [    Test worker] .s.d.r.c.RepositoryConfigurationDelegate : Finished Spring Data repository scanning in 307 ms. Found 6 JPA repository interfaces.
2021-05-06 10:34:21.779  INFO 184364 --- [    Test worker] trationDelegate$BeanPostProcessorChecker : Bean '(inner bean)#4e2720ad' of type [com.amazonaws.auth.EC2ContainerCredentialsProviderWrapper] is not eligible for getting processed by all BeanPostProcessors (for example: not eligible for auto-proxying)
2021-05-06 10:34:21.807  INFO 184364 --- [    Test worker] trationDelegate$BeanPostProcessorChecker : Bean '(inner bean)#4cd2661d' of type [com.amazonaws.auth.profile.ProfileCredentialsProvider] is not eligible for getting processed by all BeanPostProcessors (for example: not eligible for auto-proxying)
2021-05-06 10:34:21.825  INFO 184364 --- [    Test worker] trationDelegate$BeanPostProcessorChecker : Bean 'credentialsProvider' of type [org.springframework.cloud.aws.core.credentials.CredentialsProviderFactoryBean] is not eligible for getting processed by all BeanPostProcessors (for example: not eligible for auto-proxying)
2021-05-06 10:34:21.826  INFO 184364 --- [    Test worker] trationDelegate$BeanPostProcessorChecker : Bean 'credentialsProvider' of type [com.amazonaws.auth.AWSCredentialsProviderChain] is not eligible for getting processed by all BeanPostProcessors (for example: not eligible for auto-proxying)
2021-05-06 10:34:22.616  INFO 184364 --- [    Test worker] o.hibernate.jpa.internal.util.LogHelper  : HHH000204: Processing PersistenceUnitInfo [name: default]
2021-05-06 10:34:22.752  INFO 184364 --- [    Test worker] org.hibernate.Version                    : HHH000412: Hibernate ORM core version 5.4.27.Final
2021-05-06 10:34:23.104  INFO 184364 --- [    Test worker] o.hibernate.annotations.common.Version   : HCANN000001: Hibernate Commons Annotations {5.1.2.Final}
2021-05-06 10:34:23.415  INFO 184364 --- [    Test worker] com.zaxxer.hikari.HikariDataSource       : HikariPool-1 - Starting...
2021-05-06 10:34:24.079  INFO 184364 --- [    Test worker] com.zaxxer.hikari.HikariDataSource       : HikariPool-1 - Start completed.
2021-05-06 10:34:24.171  INFO 184364 --- [    Test worker] org.hibernate.dialect.Dialect            : HHH000400: Using dialect: org.hibernate.dialect.MySQL8Dialect
2021-05-06 10:34:26.360  INFO 184364 --- [    Test worker] o.h.e.t.j.p.i.JtaPlatformInitiator       : HHH000490: Using JtaPlatform implementation: [org.hibernate.engine.transaction.jta.platform.internal.NoJtaPlatform]
2021-05-06 10:34:26.380  INFO 184364 --- [    Test worker] j.LocalContainerEntityManagerFactoryBean : Initialized JPA EntityManagerFactory for persistence unit 'default'
2021-05-06 10:34:27.307  WARN 184364 --- [    Test worker] JpaBaseConfiguration$JpaWebConfiguration : spring.jpa.open-in-view is enabled by default. Therefore, database queries may be performed during view rendering. Explicitly configure spring.jpa.open-in-view to disable this warning
2021-05-06 10:34:29.340  INFO 184364 --- [    Test worker] o.s.s.concurrent.ThreadPoolTaskExecutor  : Initializing ExecutorService 'clientInboundChannelExecutor'
2021-05-06 10:34:29.374  INFO 184364 --- [    Test worker] o.s.s.concurrent.ThreadPoolTaskExecutor  : Initializing ExecutorService 'clientOutboundChannelExecutor'
confiureMessageBroker 연동!!**
2021-05-06 10:34:29.380  INFO 184364 --- [    Test worker] o.s.s.concurrent.ThreadPoolTaskExecutor  : Initializing ExecutorService 'brokerChannelExecutor'
2021-05-06 10:34:31.752  INFO 184364 --- [    Test worker] o.s.s.web.DefaultSecurityFilterChain     : Will secure Ant [pattern='/css/**'] with []
2021-05-06 10:34:31.752  INFO 184364 --- [    Test worker] o.s.s.web.DefaultSecurityFilterChain     : Will secure Ant [pattern='/js/**'] with []
2021-05-06 10:34:31.752  INFO 184364 --- [    Test worker] o.s.s.web.DefaultSecurityFilterChain     : Will secure Ant [pattern='/img/**'] with []
2021-05-06 10:34:31.752  INFO 184364 --- [    Test worker] o.s.s.web.DefaultSecurityFilterChain     : Will secure Ant [pattern='/lib/**'] with []
2021-05-06 10:34:32.116  INFO 184364 --- [    Test worker] o.s.s.web.DefaultSecurityFilterChain     : Will secure any request with [org.springframework.security.web.context.request.async.WebAsyncManagerIntegrationFilter@38ccc214, org.springframework.security.web.context.SecurityContextPersistenceFilter@580ae36f, org.springframework.security.web.header.HeaderWriterFilter@53731c18, org.springframework.security.web.csrf.CsrfFilter@73f191a4, org.springframework.security.web.authentication.logout.LogoutFilter@1b6c3bd1, org.springframework.security.web.authentication.UsernamePasswordAuthenticationFilter@15051ad0, org.springframework.security.web.savedrequest.RequestCacheAwareFilter@75ffa061, org.springframework.security.web.servletapi.SecurityContextHolderAwareRequestFilter@277af900, org.springframework.security.web.authentication.AnonymousAuthenticationFilter@2a6f3646, org.springframework.security.web.session.SessionManagementFilter@7d1ae4c4, org.springframework.security.web.access.ExceptionTranslationFilter@60d2173b, org.springframework.security.web.access.intercept.FilterSecurityInterceptor@161cf302]
2021-05-06 10:34:32.262  INFO 184364 --- [    Test worker] o.s.s.c.ThreadPoolTaskScheduler          : Initializing ExecutorService 'messageBrokerTaskScheduler'
end point 연결!!!***
2021-05-06 10:34:33.727  INFO 184364 --- [    Test worker] o.s.b.a.w.s.WelcomePageHandlerMapping    : Adding welcome page: class path resource [static/index.html]
2021-05-06 10:34:35.960  INFO 184364 --- [    Test worker] o.s.m.s.b.SimpleBrokerMessageHandler     : Starting...
2021-05-06 10:34:35.961  INFO 184364 --- [    Test worker] o.s.m.s.b.SimpleBrokerMessageHandler     : BrokerAvailabilityEvent[available=true, SimpleBrokerMessageHandler [org.springframework.messaging.simp.broker.DefaultSubscriptionRegistry@56ea061e]]
2021-05-06 10:34:35.961  INFO 184364 --- [    Test worker] o.s.m.s.b.SimpleBrokerMessageHandler     : Started.
2021-05-06 10:34:35.981  INFO 184364 --- [    Test worker] org.morgorithm.frames.demo.DemoData      : Started DemoData in 21.0 seconds (JVM running for 24.921)
]]></system-out>
  <system-err><![CDATA[]]></system-err>
</testsuite>
