<?xml version="1.0" encoding="UTF-8"?>
<testsuite name="org.morgorithm.frames.repository.StatusRepositoryTests" tests="1" skipped="0" failures="0" errors="0" timestamp="2021-04-10T06:33:37" hostname="DESKTOP-KCDHFKO" time="5.457">
  <properties/>
  <testcase name="insertStatusData()" classname="org.morgorithm.frames.repository.StatusRepositoryTests" time="5.457"/>
  <system-out><![CDATA[15:33:20.946 [Test worker] DEBUG org.springframework.test.context.BootstrapUtils - Instantiating CacheAwareContextLoaderDelegate from class [org.springframework.test.context.cache.DefaultCacheAwareContextLoaderDelegate]
15:33:20.984 [Test worker] DEBUG org.springframework.test.context.BootstrapUtils - Instantiating BootstrapContext using constructor [public org.springframework.test.context.support.DefaultBootstrapContext(java.lang.Class,org.springframework.test.context.CacheAwareContextLoaderDelegate)]
15:33:21.085 [Test worker] DEBUG org.springframework.test.context.BootstrapUtils - Instantiating TestContextBootstrapper for test class [org.morgorithm.frames.repository.StatusRepositoryTests] from class [org.springframework.boot.test.context.SpringBootTestContextBootstrapper]
15:33:21.132 [Test worker] INFO org.springframework.boot.test.context.SpringBootTestContextBootstrapper - Neither @ContextConfiguration nor @ContextHierarchy found for test class [org.morgorithm.frames.repository.StatusRepositoryTests], using SpringBootContextLoader
15:33:21.147 [Test worker] DEBUG org.springframework.test.context.support.AbstractContextLoader - Did not detect default resource location for test class [org.morgorithm.frames.repository.StatusRepositoryTests]: class path resource [org/morgorithm/frames/repository/StatusRepositoryTests-context.xml] does not exist
15:33:21.149 [Test worker] DEBUG org.springframework.test.context.support.AbstractContextLoader - Did not detect default resource location for test class [org.morgorithm.frames.repository.StatusRepositoryTests]: class path resource [org/morgorithm/frames/repository/StatusRepositoryTestsContext.groovy] does not exist
15:33:21.150 [Test worker] INFO org.springframework.test.context.support.AbstractContextLoader - Could not detect default resource locations for test class [org.morgorithm.frames.repository.StatusRepositoryTests]: no resource found for suffixes {-context.xml, Context.groovy}.
15:33:21.151 [Test worker] INFO org.springframework.test.context.support.AnnotationConfigContextLoaderUtils - Could not detect default configuration classes for test class [org.morgorithm.frames.repository.StatusRepositoryTests]: StatusRepositoryTests does not declare any static, non-private, non-final, nested classes annotated with @Configuration.
15:33:21.263 [Test worker] DEBUG org.springframework.test.context.support.ActiveProfilesUtils - Could not find an 'annotation declaring class' for annotation type [org.springframework.test.context.ActiveProfiles] and class [org.morgorithm.frames.repository.StatusRepositoryTests]
15:33:21.463 [Test worker] DEBUG org.springframework.context.annotation.ClassPathScanningCandidateComponentProvider - Identified candidate component class: file [C:\Users\nick1\framesWeb-master\build\classes\java\main\org\morgorithm\frames\FramesApplication.class]
15:33:21.466 [Test worker] INFO org.springframework.boot.test.context.SpringBootTestContextBootstrapper - Found @SpringBootConfiguration org.morgorithm.frames.FramesApplication for test class org.morgorithm.frames.repository.StatusRepositoryTests
15:33:21.757 [Test worker] DEBUG org.springframework.boot.test.context.SpringBootTestContextBootstrapper - @TestExecutionListeners is not present for class [org.morgorithm.frames.repository.StatusRepositoryTests]: using defaults.
15:33:21.758 [Test worker] INFO org.springframework.boot.test.context.SpringBootTestContextBootstrapper - Loaded default TestExecutionListener class names from location [META-INF/spring.factories]: [org.springframework.boot.test.autoconfigure.restdocs.RestDocsTestExecutionListener, org.springframework.boot.test.autoconfigure.web.client.MockRestServiceServerResetTestExecutionListener, org.springframework.boot.test.autoconfigure.web.servlet.MockMvcPrintOnlyOnFailureTestExecutionListener, org.springframework.boot.test.autoconfigure.web.servlet.WebDriverTestExecutionListener, org.springframework.boot.test.autoconfigure.webservices.client.MockWebServiceServerTestExecutionListener, org.springframework.boot.test.mock.mockito.MockitoTestExecutionListener, org.springframework.boot.test.mock.mockito.ResetMocksTestExecutionListener, org.springframework.test.context.web.ServletTestExecutionListener, org.springframework.test.context.support.DirtiesContextBeforeModesTestExecutionListener, org.springframework.test.context.event.ApplicationEventsTestExecutionListener, org.springframework.test.context.support.DependencyInjectionTestExecutionListener, org.springframework.test.context.support.DirtiesContextTestExecutionListener, org.springframework.test.context.transaction.TransactionalTestExecutionListener, org.springframework.test.context.jdbc.SqlScriptsTestExecutionListener, org.springframework.test.context.event.EventPublishingTestExecutionListener]
15:33:21.807 [Test worker] INFO org.springframework.boot.test.context.SpringBootTestContextBootstrapper - Using TestExecutionListeners: [org.springframework.test.context.web.ServletTestExecutionListener@1bcde05e, org.springframework.test.context.support.DirtiesContextBeforeModesTestExecutionListener@4afa88c9, org.springframework.test.context.event.ApplicationEventsTestExecutionListener@7f4961ae, org.springframework.boot.test.mock.mockito.MockitoTestExecutionListener@422559ed, org.springframework.boot.test.autoconfigure.SpringBootDependencyInjectionTestExecutionListener@361e9ee7, org.springframework.test.context.support.DirtiesContextTestExecutionListener@28bce42d, org.springframework.test.context.transaction.TransactionalTestExecutionListener@1c4cb485, org.springframework.test.context.jdbc.SqlScriptsTestExecutionListener@744e7cd0, org.springframework.test.context.event.EventPublishingTestExecutionListener@36653d18, org.springframework.boot.test.autoconfigure.restdocs.RestDocsTestExecutionListener@79373a75, org.springframework.boot.test.autoconfigure.web.client.MockRestServiceServerResetTestExecutionListener@26414a, org.springframework.boot.test.autoconfigure.web.servlet.MockMvcPrintOnlyOnFailureTestExecutionListener@7890562, org.springframework.boot.test.autoconfigure.web.servlet.WebDriverTestExecutionListener@189b6576, org.springframework.boot.test.autoconfigure.webservices.client.MockWebServiceServerTestExecutionListener@58bf1082, org.springframework.boot.test.mock.mockito.ResetMocksTestExecutionListener@6a2136ce]
15:33:21.827 [Test worker] DEBUG org.springframework.test.context.support.AbstractDirtiesContextTestExecutionListener - Before test class: context [DefaultTestContext@63fe0a8f testClass = StatusRepositoryTests, testInstance = [null], testMethod = [null], testException = [null], mergedContextConfiguration = [WebMergedContextConfiguration@559ffa42 testClass = StatusRepositoryTests, locations = '{}', classes = '{class org.morgorithm.frames.FramesApplication}', contextInitializerClasses = '[]', activeProfiles = '{}', propertySourceLocations = '{}', propertySourceProperties = '{org.springframework.boot.test.context.SpringBootTestContextBootstrapper=true}', contextCustomizers = set[org.springframework.boot.test.autoconfigure.actuate.metrics.MetricsExportContextCustomizerFactory$DisableMetricExportContextCustomizer@5b6f4356, org.springframework.boot.test.autoconfigure.properties.PropertyMappingContextCustomizer@0, org.springframework.boot.test.autoconfigure.web.servlet.WebDriverContextCustomizerFactory$Customizer@7651b117, org.springframework.boot.test.context.filter.ExcludeFilterContextCustomizer@775af237, org.springframework.boot.test.json.DuplicateJsonObjectContextCustomizerFactory$DuplicateJsonObjectContextCustomizer@2de2052a, org.springframework.boot.test.mock.mockito.MockitoContextCustomizer@0, org.springframework.boot.test.web.client.TestRestTemplateContextCustomizer@684d0420, org.springframework.boot.test.context.SpringBootTestArgs@1, org.springframework.boot.test.context.SpringBootTestWebEnvironment@5f10c376], resourceBasePath = 'src/main/webapp', contextLoader = 'org.springframework.boot.test.context.SpringBootContextLoader', parent = [null]], attributes = map['org.springframework.test.context.web.ServletTestExecutionListener.activateListener' -> true]], class annotated with @DirtiesContext [false] with mode [null].
15:33:21.906 [Test worker] DEBUG org.springframework.test.context.support.TestPropertySourceUtils - Adding inlined properties to environment: {spring.jmx.enabled=false, org.springframework.boot.test.context.SpringBootTestContextBootstrapper=true}

  .   ____          _            __ _ _
 /\\ / ___'_ __ _ _(_)_ __  __ _ \ \ \ \
( ( )\___ | '_ | '_| | '_ \/ _` | \ \ \ \
 \\/  ___)| |_)| | | | | || (_| |  ) ) ) )
  '  |____| .__|_| |_|_| |_\__, | / / / /
 =========|_|==============|___/=/_/_/_/
 :: Spring Boot ::                (v2.4.2)

2021-04-10 15:33:22.624  INFO 22512 --- [    Test worker] o.m.f.repository.StatusRepositoryTests   : Starting StatusRepositoryTests using Java 11.0.9 on DESKTOP-KCDHFKO with PID 22512 (started by nick1 in C:\Users\nick1\framesWeb-master)
2021-04-10 15:33:22.628  INFO 22512 --- [    Test worker] o.m.f.repository.StatusRepositoryTests   : No active profile set, falling back to default profiles: default
2021-04-10 15:33:24.788  INFO 22512 --- [    Test worker] .s.d.r.c.RepositoryConfigurationDelegate : Bootstrapping Spring Data JPA repositories in DEFAULT mode.
2021-04-10 15:33:25.084  INFO 22512 --- [    Test worker] .s.d.r.c.RepositoryConfigurationDelegate : Finished Spring Data repository scanning in 274 ms. Found 4 JPA repository interfaces.
2021-04-10 15:33:26.734  INFO 22512 --- [    Test worker] o.hibernate.jpa.internal.util.LogHelper  : HHH000204: Processing PersistenceUnitInfo [name: default]
2021-04-10 15:33:26.880  INFO 22512 --- [    Test worker] org.hibernate.Version                    : HHH000412: Hibernate ORM core version 5.4.27.Final
2021-04-10 15:33:27.291  INFO 22512 --- [    Test worker] o.hibernate.annotations.common.Version   : HCANN000001: Hibernate Commons Annotations {5.1.2.Final}
2021-04-10 15:33:27.726  INFO 22512 --- [    Test worker] com.zaxxer.hikari.HikariDataSource       : HikariPool-1 - Starting...
2021-04-10 15:33:28.337  INFO 22512 --- [    Test worker] com.zaxxer.hikari.HikariDataSource       : HikariPool-1 - Start completed.
2021-04-10 15:33:28.437  INFO 22512 --- [    Test worker] org.hibernate.dialect.Dialect            : HHH000400: Using dialect: org.hibernate.dialect.MySQL8Dialect
2021-04-10 15:33:30.707  INFO 22512 --- [    Test worker] o.h.e.t.j.p.i.JtaPlatformInitiator       : HHH000490: Using JtaPlatform implementation: [org.hibernate.engine.transaction.jta.platform.internal.NoJtaPlatform]
2021-04-10 15:33:30.728  INFO 22512 --- [    Test worker] j.LocalContainerEntityManagerFactoryBean : Initialized JPA EntityManagerFactory for persistence unit 'default'
2021-04-10 15:33:33.655  INFO 22512 --- [    Test worker] o.s.s.concurrent.ThreadPoolTaskExecutor  : Initializing ExecutorService 'clientInboundChannelExecutor'
2021-04-10 15:33:33.701  INFO 22512 --- [    Test worker] o.s.s.concurrent.ThreadPoolTaskExecutor  : Initializing ExecutorService 'clientOutboundChannelExecutor'
confiureMessageBroker 연동!!**
2021-04-10 15:33:33.708  INFO 22512 --- [    Test worker] o.s.s.concurrent.ThreadPoolTaskExecutor  : Initializing ExecutorService 'brokerChannelExecutor'
2021-04-10 15:33:33.850  INFO 22512 --- [    Test worker] o.s.s.c.ThreadPoolTaskScheduler          : Initializing ExecutorService 'messageBrokerTaskScheduler'
end point 연결!!!***
2021-04-10 15:33:34.276  WARN 22512 --- [    Test worker] JpaBaseConfiguration$JpaWebConfiguration : spring.jpa.open-in-view is enabled by default. Therefore, database queries may be performed during view rendering. Explicitly configure spring.jpa.open-in-view to disable this warning
2021-04-10 15:33:35.993  INFO 22512 --- [    Test worker] o.s.b.a.w.s.WelcomePageHandlerMapping    : Adding welcome page: class path resource [static/index.html]
2021-04-10 15:33:37.115  INFO 22512 --- [    Test worker] o.s.m.s.b.SimpleBrokerMessageHandler     : Starting...
2021-04-10 15:33:37.115  INFO 22512 --- [    Test worker] o.s.m.s.b.SimpleBrokerMessageHandler     : BrokerAvailabilityEvent[available=true, SimpleBrokerMessageHandler [org.springframework.messaging.simp.broker.DefaultSubscriptionRegistry@425581cb]]
2021-04-10 15:33:37.116  INFO 22512 --- [    Test worker] o.s.m.s.b.SimpleBrokerMessageHandler     : Started.
2021-04-10 15:33:37.142  INFO 22512 --- [    Test worker] o.m.f.repository.StatusRepositoryTests   : Started StatusRepositoryTests in 15.221 seconds (JVM running for 19.824)
Hibernate: 
    select
        count(*) as col_0_0_ 
    from
        member member0_
Current Date: 2021/04/10 15:33:37
Random amount of days: -2
Random amount of hours: -3
Random amount of minutes: 6
Date -2 days in future: 2021/04/08 12:39:37

Current Date: 2021/04/10 15:33:37
Random amount of days: -2
Random amount of hours: 3
Random amount of minutes: 40
Date -2 days in future: 2021/04/08 19:13:37

Current Date: 2021/04/10 15:33:37
Random amount of days: 0
Random amount of hours: -1
Random amount of minutes: -59
Date 0 days in future: 2021/04/10 13:34:37

Current Date: 2021/04/10 15:33:37
Random amount of days: 0
Random amount of hours: 0
Random amount of minutes: 32
Date 0 days in future: 2021/04/10 16:05:37

Current Date: 2021/04/10 15:33:37
Random amount of days: -1
Random amount of hours: -1
Random amount of minutes: -32
Date -1 days in future: 2021/04/09 14:01:37

Current Date: 2021/04/10 15:33:37
Random amount of days: -2
Random amount of hours: 1
Random amount of minutes: -34
Date -2 days in future: 2021/04/08 15:59:37

Current Date: 2021/04/10 15:33:37
Random amount of days: -3
Random amount of hours: -1
Random amount of minutes: -49
Date -3 days in future: 2021/04/07 13:44:37

Current Date: 2021/04/10 15:33:37
Random amount of days: -1
Random amount of hours: 1
Random amount of minutes: 17
Date -1 days in future: 2021/04/09 16:50:37

Current Date: 2021/04/10 15:33:37
Random amount of days: -3
Random amount of hours: -1
Random amount of minutes: 21
Date -3 days in future: 2021/04/07 14:54:37

Current Date: 2021/04/10 15:33:37
Random amount of days: -1
Random amount of hours: 2
Random amount of minutes: 26
Date -1 days in future: 2021/04/09 17:59:37

Current Date: 2021/04/10 15:33:37
Random amount of days: -3
Random amount of hours: 0
Random amount of minutes: 53
Date -3 days in future: 2021/04/07 16:26:37

Current Date: 2021/04/10 15:33:37
Random amount of days: 0
Random amount of hours: -3
Random amount of minutes: -36
Date 0 days in future: 2021/04/10 11:57:37

Current Date: 2021/04/10 15:33:37
Random amount of days: -1
Random amount of hours: -2
Random amount of minutes: -3
Date -1 days in future: 2021/04/09 13:30:37

Current Date: 2021/04/10 15:33:37
Random amount of days: 0
Random amount of hours: 0
Random amount of minutes: -45
Date 0 days in future: 2021/04/10 14:48:37

Current Date: 2021/04/10 15:33:37
Random amount of days: -1
Random amount of hours: 2
Random amount of minutes: -30
Date -1 days in future: 2021/04/09 17:03:37

Current Date: 2021/04/10 15:33:37
Random amount of days: -2
Random amount of hours: -2
Random amount of minutes: 12
Date -2 days in future: 2021/04/08 13:45:37

Current Date: 2021/04/10 15:33:37
Random amount of days: -1
Random amount of hours: -1
Random amount of minutes: 24
Date -1 days in future: 2021/04/09 14:57:37

Current Date: 2021/04/10 15:33:37
Random amount of days: 0
Random amount of hours: 3
Random amount of minutes: -55
Date 0 days in future: 2021/04/10 17:38:37

Current Date: 2021/04/10 15:33:37
Random amount of days: -1
Random amount of hours: 2
Random amount of minutes: -34
Date -1 days in future: 2021/04/09 16:59:37

Current Date: 2021/04/10 15:33:37
Random amount of days: -3
Random amount of hours: 3
Random amount of minutes: 59
Date -3 days in future: 2021/04/07 19:32:37

Current Date: 2021/04/10 15:33:37
Random amount of days: -1
Random amount of hours: -1
Random amount of minutes: -10
Date -1 days in future: 2021/04/09 14:23:37

Current Date: 2021/04/10 15:33:37
Random amount of days: -1
Random amount of hours: -3
Random amount of minutes: -9
Date -1 days in future: 2021/04/09 12:24:37

Current Date: 2021/04/10 15:33:37
Random amount of days: -3
Random amount of hours: -2
Random amount of minutes: -20
Date -3 days in future: 2021/04/07 13:13:37

Current Date: 2021/04/10 15:33:37
Random amount of days: -1
Random amount of hours: 3
Random amount of minutes: 3
Date -1 days in future: 2021/04/09 18:36:37

Current Date: 2021/04/10 15:33:37
Random amount of days: -1
Random amount of hours: -1
Random amount of minutes: -12
Date -1 days in future: 2021/04/09 14:21:37

Current Date: 2021/04/10 15:33:37
Random amount of days: -1
Random amount of hours: 0
Random amount of minutes: -22
Date -1 days in future: 2021/04/09 15:11:37

Current Date: 2021/04/10 15:33:37
Random amount of days: 0
Random amount of hours: 0
Random amount of minutes: 58
Date 0 days in future: 2021/04/10 16:31:37

Current Date: 2021/04/10 15:33:37
Random amount of days: -1
Random amount of hours: -1
Random amount of minutes: -49
Date -1 days in future: 2021/04/09 13:44:37

Current Date: 2021/04/10 15:33:37
Random amount of days: -2
Random amount of hours: 1
Random amount of minutes: 3
Date -2 days in future: 2021/04/08 16:36:37

Current Date: 2021/04/10 15:33:37
Random amount of days: -3
Random amount of hours: 0
Random amount of minutes: 53
Date -3 days in future: 2021/04/07 16:26:37

Current Date: 2021/04/10 15:33:37
Random amount of days: -1
Random amount of hours: 0
Random amount of minutes: -49
Date -1 days in future: 2021/04/09 14:44:37

Current Date: 2021/04/10 15:33:37
Random amount of days: 0
Random amount of hours: 0
Random amount of minutes: 7
Date 0 days in future: 2021/04/10 15:40:37

Current Date: 2021/04/10 15:33:37
Random amount of days: 0
Random amount of hours: 2
Random amount of minutes: -10
Date 0 days in future: 2021/04/10 17:23:37

Current Date: 2021/04/10 15:33:37
Random amount of days: -1
Random amount of hours: -1
Random amount of minutes: 34
Date -1 days in future: 2021/04/09 15:07:37

Current Date: 2021/04/10 15:33:37
Random amount of days: -1
Random amount of hours: -3
Random amount of minutes: 21
Date -1 days in future: 2021/04/09 12:54:37

Current Date: 2021/04/10 15:33:37
Random amount of days: 0
Random amount of hours: 0
Random amount of minutes: -22
Date 0 days in future: 2021/04/10 15:11:37

Current Date: 2021/04/10 15:33:37
Random amount of days: 0
Random amount of hours: 2
Random amount of minutes: 2
Date 0 days in future: 2021/04/10 17:35:37

Current Date: 2021/04/10 15:33:37
Random amount of days: -3
Random amount of hours: 1
Random amount of minutes: 7
Date -3 days in future: 2021/04/07 16:40:37

Current Date: 2021/04/10 15:33:37
Random amount of days: -3
Random amount of hours: 1
Random amount of minutes: 2
Date -3 days in future: 2021/04/07 16:35:37

Current Date: 2021/04/10 15:33:37
Random amount of days: -1
Random amount of hours: -2
Random amount of minutes: -34
Date -1 days in future: 2021/04/09 12:59:37

Current Date: 2021/04/10 15:33:37
Random amount of days: -2
Random amount of hours: 1
Random amount of minutes: 44
Date -2 days in future: 2021/04/08 17:17:37

Current Date: 2021/04/10 15:33:37
Random amount of days: -2
Random amount of hours: -1
Random amount of minutes: 39
Date -2 days in future: 2021/04/08 15:12:37

Current Date: 2021/04/10 15:33:37
Random amount of days: -2
Random amount of hours: 2
Random amount of minutes: -35
Date -2 days in future: 2021/04/08 16:58:37

Current Date: 2021/04/10 15:33:37
Random amount of days: -1
Random amount of hours: 2
Random amount of minutes: 7
Date -1 days in future: 2021/04/09 17:40:37

Current Date: 2021/04/10 15:33:37
Random amount of days: -3
Random amount of hours: 2
Random amount of minutes: 50
Date -3 days in future: 2021/04/07 18:23:37

Current Date: 2021/04/10 15:33:37
Random amount of days: -2
Random amount of hours: -1
Random amount of minutes: -52
Date -2 days in future: 2021/04/08 13:41:37

Current Date: 2021/04/10 15:33:37
Random amount of days: -3
Random amount of hours: 0
Random amount of minutes: 30
Date -3 days in future: 2021/04/07 16:03:37

Current Date: 2021/04/10 15:33:37
Random amount of days: -1
Random amount of hours: 3
Random amount of minutes: 46
Date -1 days in future: 2021/04/09 19:19:37

Current Date: 2021/04/10 15:33:37
Random amount of days: -2
Random amount of hours: -2
Random amount of minutes: 16
Date -2 days in future: 2021/04/08 13:49:37

Current Date: 2021/04/10 15:33:37
Random amount of days: -1
Random amount of hours: 1
Random amount of minutes: 32
Date -1 days in future: 2021/04/09 17:05:37

Current Date: 2021/04/10 15:33:37
Random amount of days: -2
Random amount of hours: 1
Random amount of minutes: -8
Date -2 days in future: 2021/04/08 16:25:37

Current Date: 2021/04/10 15:33:37
Random amount of days: 0
Random amount of hours: 0
Random amount of minutes: 46
Date 0 days in future: 2021/04/10 16:19:37

Current Date: 2021/04/10 15:33:37
Random amount of days: -3
Random amount of hours: -2
Random amount of minutes: -41
Date -3 days in future: 2021/04/07 12:52:37

Current Date: 2021/04/10 15:33:37
Random amount of days: -2
Random amount of hours: 3
Random amount of minutes: 50
Date -2 days in future: 2021/04/08 19:23:37

Current Date: 2021/04/10 15:33:37
Random amount of days: -3
Random amount of hours: -2
Random amount of minutes: -27
Date -3 days in future: 2021/04/07 13:06:37

Current Date: 2021/04/10 15:33:37
Random amount of days: -2
Random amount of hours: -1
Random amount of minutes: 39
Date -2 days in future: 2021/04/08 15:12:37

Current Date: 2021/04/10 15:33:37
Random amount of days: -1
Random amount of hours: 3
Random amount of minutes: -39
Date -1 days in future: 2021/04/09 17:54:37

Current Date: 2021/04/10 15:33:37
Random amount of days: -1
Random amount of hours: 1
Random amount of minutes: -3
Date -1 days in future: 2021/04/09 16:30:37

Current Date: 2021/04/10 15:33:37
Random amount of days: -1
Random amount of hours: 0
Random amount of minutes: 40
Date -1 days in future: 2021/04/09 16:13:37

Current Date: 2021/04/10 15:33:37
Random amount of days: -1
Random amount of hours: -1
Random amount of minutes: 17
Date -1 days in future: 2021/04/09 14:50:37

Current Date: 2021/04/10 15:33:37
Random amount of days: -1
Random amount of hours: -2
Random amount of minutes: -27
Date -1 days in future: 2021/04/09 13:06:37

Current Date: 2021/04/10 15:33:37
Random amount of days: -3
Random amount of hours: -1
Random amount of minutes: -11
Date -3 days in future: 2021/04/07 14:22:37

Current Date: 2021/04/10 15:33:37
Random amount of days: -3
Random amount of hours: 1
Random amount of minutes: 54
Date -3 days in future: 2021/04/07 17:27:37

Current Date: 2021/04/10 15:33:37
Random amount of days: -3
Random amount of hours: -1
Random amount of minutes: 41
Date -3 days in future: 2021/04/07 15:14:37

Current Date: 2021/04/10 15:33:37
Random amount of days: -1
Random amount of hours: 2
Random amount of minutes: 39
Date -1 days in future: 2021/04/09 18:12:37

Current Date: 2021/04/10 15:33:37
Random amount of days: -3
Random amount of hours: -1
Random amount of minutes: -53
Date -3 days in future: 2021/04/07 13:40:37

Current Date: 2021/04/10 15:33:37
Random amount of days: 0
Random amount of hours: -3
Random amount of minutes: -6
Date 0 days in future: 2021/04/10 12:27:37

Current Date: 2021/04/10 15:33:37
Random amount of days: -2
Random amount of hours: 0
Random amount of minutes: 11
Date -2 days in future: 2021/04/08 15:44:37

Current Date: 2021/04/10 15:33:37
Random amount of days: -2
Random amount of hours: -2
Random amount of minutes: -53
Date -2 days in future: 2021/04/08 12:40:37

Current Date: 2021/04/10 15:33:37
Random amount of days: -1
Random amount of hours: 1
Random amount of minutes: -46
Date -1 days in future: 2021/04/09 15:47:37

Current Date: 2021/04/10 15:33:37
Random amount of days: -1
Random amount of hours: -3
Random amount of minutes: -57
Date -1 days in future: 2021/04/09 11:36:37

Current Date: 2021/04/10 15:33:37
Random amount of days: 0
Random amount of hours: -2
Random amount of minutes: 59
Date 0 days in future: 2021/04/10 14:32:37

Current Date: 2021/04/10 15:33:37
Random amount of days: -3
Random amount of hours: 1
Random amount of minutes: -21
Date -3 days in future: 2021/04/07 16:12:37

Current Date: 2021/04/10 15:33:37
Random amount of days: -1
Random amount of hours: 1
Random amount of minutes: 37
Date -1 days in future: 2021/04/09 17:10:37

Current Date: 2021/04/10 15:33:37
Random amount of days: -2
Random amount of hours: -3
Random amount of minutes: -10
Date -2 days in future: 2021/04/08 12:23:37

Current Date: 2021/04/10 15:33:37
Random amount of days: -3
Random amount of hours: -2
Random amount of minutes: -48
Date -3 days in future: 2021/04/07 12:45:37

Current Date: 2021/04/10 15:33:37
Random amount of days: 0
Random amount of hours: 0
Random amount of minutes: -13
Date 0 days in future: 2021/04/10 15:20:37

Current Date: 2021/04/10 15:33:37
Random amount of days: -3
Random amount of hours: -3
Random amount of minutes: -18
Date -3 days in future: 2021/04/07 12:15:37

Current Date: 2021/04/10 15:33:37
Random amount of days: 0
Random amount of hours: 1
Random amount of minutes: -18
Date 0 days in future: 2021/04/10 16:15:37

Current Date: 2021/04/10 15:33:37
Random amount of days: -2
Random amount of hours: -2
Random amount of minutes: 15
Date -2 days in future: 2021/04/08 13:48:37

Current Date: 2021/04/10 15:33:37
Random amount of days: -1
Random amount of hours: -1
Random amount of minutes: 10
Date -1 days in future: 2021/04/09 14:43:37

Current Date: 2021/04/10 15:33:37
Random amount of days: -3
Random amount of hours: 0
Random amount of minutes: -27
Date -3 days in future: 2021/04/07 15:06:37

Current Date: 2021/04/10 15:33:37
Random amount of days: -1
Random amount of hours: 0
Random amount of minutes: -28
Date -1 days in future: 2021/04/09 15:05:37

Current Date: 2021/04/10 15:33:37
Random amount of days: 0
Random amount of hours: -3
Random amount of minutes: 33
Date 0 days in future: 2021/04/10 13:06:37

Current Date: 2021/04/10 15:33:37
Random amount of days: 0
Random amount of hours: 2
Random amount of minutes: -21
Date 0 days in future: 2021/04/10 17:12:37

Current Date: 2021/04/10 15:33:37
Random amount of days: 0
Random amount of hours: 2
Random amount of minutes: -30
Date 0 days in future: 2021/04/10 17:03:37

Current Date: 2021/04/10 15:33:37
Random amount of days: -3
Random amount of hours: 0
Random amount of minutes: -38
Date -3 days in future: 2021/04/07 14:55:37

Current Date: 2021/04/10 15:33:37
Random amount of days: -2
Random amount of hours: 0
Random amount of minutes: -23
Date -2 days in future: 2021/04/08 15:10:37

Current Date: 2021/04/10 15:33:37
Random amount of days: 0
Random amount of hours: -3
Random amount of minutes: -43
Date 0 days in future: 2021/04/10 11:50:37

Current Date: 2021/04/10 15:33:37
Random amount of days: 0
Random amount of hours: 3
Random amount of minutes: 4
Date 0 days in future: 2021/04/10 18:37:37

Current Date: 2021/04/10 15:33:37
Random amount of days: 0
Random amount of hours: 1
Random amount of minutes: 48
Date 0 days in future: 2021/04/10 17:21:37

Current Date: 2021/04/10 15:33:37
Random amount of days: -1
Random amount of hours: 1
Random amount of minutes: 28
Date -1 days in future: 2021/04/09 17:01:37

Current Date: 2021/04/10 15:33:37
Random amount of days: -3
Random amount of hours: -3
Random amount of minutes: -56
Date -3 days in future: 2021/04/07 11:37:37

Current Date: 2021/04/10 15:33:37
Random amount of days: -1
Random amount of hours: -2
Random amount of minutes: 24
Date -1 days in future: 2021/04/09 13:57:37

Current Date: 2021/04/10 15:33:37
Random amount of days: 0
Random amount of hours: 2
Random amount of minutes: 36
Date 0 days in future: 2021/04/10 18:09:37

Current Date: 2021/04/10 15:33:37
Random amount of days: -1
Random amount of hours: -1
Random amount of minutes: 37
Date -1 days in future: 2021/04/09 15:10:37

Current Date: 2021/04/10 15:33:37
Random amount of days: 0
Random amount of hours: -2
Random amount of minutes: -35
Date 0 days in future: 2021/04/10 12:58:37

Current Date: 2021/04/10 15:33:37
Random amount of days: 0
Random amount of hours: -1
Random amount of minutes: 51
Date 0 days in future: 2021/04/10 15:24:37

Current Date: 2021/04/10 15:33:37
Random amount of days: -3
Random amount of hours: 0
Random amount of minutes: -37
Date -3 days in future: 2021/04/07 14:56:37

Current Date: 2021/04/10 15:33:37
Random amount of days: 0
Random amount of hours: 3
Random amount of minutes: -42
Date 0 days in future: 2021/04/10 17:51:37

Current Date: 2021/04/10 15:33:37
Random amount of days: -1
Random amount of hours: 3
Random amount of minutes: -42
Date -1 days in future: 2021/04/09 17:51:37

Current Date: 2021/04/10 15:33:37
Random amount of days: -2
Random amount of hours: 1
Random amount of minutes: -5
Date -2 days in future: 2021/04/08 16:28:37

Current Date: 2021/04/10 15:33:37
Random amount of days: -3
Random amount of hours: -3
Random amount of minutes: -41
Date -3 days in future: 2021/04/07 11:52:37

Current Date: 2021/04/10 15:33:37
Random amount of days: -3
Random amount of hours: 1
Random amount of minutes: 57
Date -3 days in future: 2021/04/07 17:30:37

Current Date: 2021/04/10 15:33:37
Random amount of days: 0
Random amount of hours: 3
Random amount of minutes: 56
Date 0 days in future: 2021/04/10 19:29:37

Current Date: 2021/04/10 15:33:37
Random amount of days: -3
Random amount of hours: 0
Random amount of minutes: -17
Date -3 days in future: 2021/04/07 15:16:37

Current Date: 2021/04/10 15:33:37
Random amount of days: -3
Random amount of hours: 2
Random amount of minutes: -1
Date -3 days in future: 2021/04/07 17:32:37

Current Date: 2021/04/10 15:33:37
Random amount of days: -3
Random amount of hours: 3
Random amount of minutes: -30
Date -3 days in future: 2021/04/07 18:03:37

Current Date: 2021/04/10 15:33:37
Random amount of days: -2
Random amount of hours: 3
Random amount of minutes: 9
Date -2 days in future: 2021/04/08 18:42:37

Current Date: 2021/04/10 15:33:37
Random amount of days: -2
Random amount of hours: -2
Random amount of minutes: -10
Date -2 days in future: 2021/04/08 13:23:37

Current Date: 2021/04/10 15:33:37
Random amount of days: -2
Random amount of hours: 0
Random amount of minutes: 27
Date -2 days in future: 2021/04/08 16:00:37

Current Date: 2021/04/10 15:33:37
Random amount of days: -1
Random amount of hours: 2
Random amount of minutes: -2
Date -1 days in future: 2021/04/09 17:31:37

Current Date: 2021/04/10 15:33:37
Random amount of days: -1
Random amount of hours: -3
Random amount of minutes: -31
Date -1 days in future: 2021/04/09 12:02:37

Current Date: 2021/04/10 15:33:37
Random amount of days: -3
Random amount of hours: -2
Random amount of minutes: -43
Date -3 days in future: 2021/04/07 12:50:37

Current Date: 2021/04/10 15:33:37
Random amount of days: -2
Random amount of hours: 2
Random amount of minutes: 51
Date -2 days in future: 2021/04/08 18:24:37

Current Date: 2021/04/10 15:33:37
Random amount of days: -3
Random amount of hours: -1
Random amount of minutes: 60
Date -3 days in future: 2021/04/07 15:33:37

Current Date: 2021/04/10 15:33:37
Random amount of days: 0
Random amount of hours: 2
Random amount of minutes: -16
Date 0 days in future: 2021/04/10 17:17:37

Current Date: 2021/04/10 15:33:37
Random amount of days: -2
Random amount of hours: -1
Random amount of minutes: -60
Date -2 days in future: 2021/04/08 13:33:37

Current Date: 2021/04/10 15:33:37
Random amount of days: -2
Random amount of hours: 0
Random amount of minutes: 11
Date -2 days in future: 2021/04/08 15:44:37

Current Date: 2021/04/10 15:33:37
Random amount of days: 0
Random amount of hours: -2
Random amount of minutes: -7
Date 0 days in future: 2021/04/10 13:26:37

Current Date: 2021/04/10 15:33:37
Random amount of days: -2
Random amount of hours: 3
Random amount of minutes: 54
Date -2 days in future: 2021/04/08 19:27:37

Current Date: 2021/04/10 15:33:37
Random amount of days: -3
Random amount of hours: -3
Random amount of minutes: 4
Date -3 days in future: 2021/04/07 12:37:37

Current Date: 2021/04/10 15:33:37
Random amount of days: 0
Random amount of hours: -3
Random amount of minutes: 25
Date 0 days in future: 2021/04/10 12:58:37

Current Date: 2021/04/10 15:33:37
Random amount of days: -1
Random amount of hours: 1
Random amount of minutes: 22
Date -1 days in future: 2021/04/09 16:55:37

Current Date: 2021/04/10 15:33:37
Random amount of days: 0
Random amount of hours: -2
Random amount of minutes: -36
Date 0 days in future: 2021/04/10 12:57:37

Current Date: 2021/04/10 15:33:37
Random amount of days: -3
Random amount of hours: 1
Random amount of minutes: 44
Date -3 days in future: 2021/04/07 17:17:37

Current Date: 2021/04/10 15:33:37
Random amount of days: 0
Random amount of hours: -3
Random amount of minutes: -29
Date 0 days in future: 2021/04/10 12:04:37

Current Date: 2021/04/10 15:33:37
Random amount of days: -2
Random amount of hours: -3
Random amount of minutes: -6
Date -2 days in future: 2021/04/08 12:27:37

Current Date: 2021/04/10 15:33:37
Random amount of days: -2
Random amount of hours: -3
Random amount of minutes: -15
Date -2 days in future: 2021/04/08 12:18:37

Current Date: 2021/04/10 15:33:37
Random amount of days: -3
Random amount of hours: 3
Random amount of minutes: 21
Date -3 days in future: 2021/04/07 18:54:37

Current Date: 2021/04/10 15:33:37
Random amount of days: -2
Random amount of hours: -1
Random amount of minutes: -31
Date -2 days in future: 2021/04/08 14:02:37

Current Date: 2021/04/10 15:33:37
Random amount of days: -2
Random amount of hours: 0
Random amount of minutes: -23
Date -2 days in future: 2021/04/08 15:10:37

Current Date: 2021/04/10 15:33:37
Random amount of days: 0
Random amount of hours: -3
Random amount of minutes: 3
Date 0 days in future: 2021/04/10 12:36:37

Current Date: 2021/04/10 15:33:37
Random amount of days: -3
Random amount of hours: 0
Random amount of minutes: 48
Date -3 days in future: 2021/04/07 16:21:37

Current Date: 2021/04/10 15:33:37
Random amount of days: -3
Random amount of hours: -1
Random amount of minutes: -36
Date -3 days in future: 2021/04/07 13:57:37

Current Date: 2021/04/10 15:33:37
Random amount of days: -3
Random amount of hours: 1
Random amount of minutes: -33
Date -3 days in future: 2021/04/07 16:00:37

Current Date: 2021/04/10 15:33:37
Random amount of days: -3
Random amount of hours: 2
Random amount of minutes: 40
Date -3 days in future: 2021/04/07 18:13:37

Current Date: 2021/04/10 15:33:37
Random amount of days: -2
Random amount of hours: 3
Random amount of minutes: -9
Date -2 days in future: 2021/04/08 18:24:37

Current Date: 2021/04/10 15:33:37
Random amount of days: -3
Random amount of hours: -3
Random amount of minutes: -12
Date -3 days in future: 2021/04/07 12:21:37

Current Date: 2021/04/10 15:33:37
Random amount of days: -3
Random amount of hours: 1
Random amount of minutes: -9
Date -3 days in future: 2021/04/07 16:24:37

Current Date: 2021/04/10 15:33:37
Random amount of days: -3
Random amount of hours: 0
Random amount of minutes: 56
Date -3 days in future: 2021/04/07 16:29:37

Current Date: 2021/04/10 15:33:37
Random amount of days: -1
Random amount of hours: -3
Random amount of minutes: -52
Date -1 days in future: 2021/04/09 11:41:37

Current Date: 2021/04/10 15:33:37
Random amount of days: -1
Random amount of hours: -2
Random amount of minutes: -27
Date -1 days in future: 2021/04/09 13:06:37

Current Date: 2021/04/10 15:33:37
Random amount of days: 0
Random amount of hours: 0
Random amount of minutes: -56
Date 0 days in future: 2021/04/10 14:37:37

Current Date: 2021/04/10 15:33:37
Random amount of days: -3
Random amount of hours: -2
Random amount of minutes: -12
Date -3 days in future: 2021/04/07 13:21:37

Current Date: 2021/04/10 15:33:37
Random amount of days: -1
Random amount of hours: 2
Random amount of minutes: -57
Date -1 days in future: 2021/04/09 16:36:37

Current Date: 2021/04/10 15:33:37
Random amount of days: -1
Random amount of hours: 1
Random amount of minutes: 18
Date -1 days in future: 2021/04/09 16:51:37

Current Date: 2021/04/10 15:33:37
Random amount of days: 0
Random amount of hours: -2
Random amount of minutes: -20
Date 0 days in future: 2021/04/10 13:13:37

Current Date: 2021/04/10 15:33:37
Random amount of days: -1
Random amount of hours: -1
Random amount of minutes: -4
Date -1 days in future: 2021/04/09 14:29:37

Current Date: 2021/04/10 15:33:37
Random amount of days: -1
Random amount of hours: -2
Random amount of minutes: 11
Date -1 days in future: 2021/04/09 13:44:37

Current Date: 2021/04/10 15:33:37
Random amount of days: -1
Random amount of hours: -3
Random amount of minutes: -19
Date -1 days in future: 2021/04/09 12:14:37

Current Date: 2021/04/10 15:33:37
Random amount of days: 0
Random amount of hours: 3
Random amount of minutes: 55
Date 0 days in future: 2021/04/10 19:28:37

Current Date: 2021/04/10 15:33:37
Random amount of days: -3
Random amount of hours: -2
Random amount of minutes: 29
Date -3 days in future: 2021/04/07 14:02:37

Current Date: 2021/04/10 15:33:37
Random amount of days: -1
Random amount of hours: 1
Random amount of minutes: -38
Date -1 days in future: 2021/04/09 15:55:37

Current Date: 2021/04/10 15:33:37
Random amount of days: -3
Random amount of hours: 1
Random amount of minutes: -25
Date -3 days in future: 2021/04/07 16:08:37

Current Date: 2021/04/10 15:33:37
Random amount of days: 0
Random amount of hours: -2
Random amount of minutes: -28
Date 0 days in future: 2021/04/10 13:05:37

Current Date: 2021/04/10 15:33:37
Random amount of days: -2
Random amount of hours: 2
Random amount of minutes: 56
Date -2 days in future: 2021/04/08 18:29:37

Current Date: 2021/04/10 15:33:37
Random amount of days: -3
Random amount of hours: -2
Random amount of minutes: -28
Date -3 days in future: 2021/04/07 13:05:37

Current Date: 2021/04/10 15:33:37
Random amount of days: -2
Random amount of hours: 1
Random amount of minutes: 35
Date -2 days in future: 2021/04/08 17:08:37

Current Date: 2021/04/10 15:33:37
Random amount of days: -1
Random amount of hours: -1
Random amount of minutes: 5
Date -1 days in future: 2021/04/09 14:38:37

Current Date: 2021/04/10 15:33:37
Random amount of days: -2
Random amount of hours: 3
Random amount of minutes: -58
Date -2 days in future: 2021/04/08 17:35:37

Current Date: 2021/04/10 15:33:37
Random amount of days: 0
Random amount of hours: -1
Random amount of minutes: -41
Date 0 days in future: 2021/04/10 13:52:37

Current Date: 2021/04/10 15:33:37
Random amount of days: -3
Random amount of hours: -2
Random amount of minutes: 30
Date -3 days in future: 2021/04/07 14:03:37

Current Date: 2021/04/10 15:33:37
Random amount of days: -2
Random amount of hours: 3
Random amount of minutes: 3
Date -2 days in future: 2021/04/08 18:36:37

Current Date: 2021/04/10 15:33:37
Random amount of days: -1
Random amount of hours: 3
Random amount of minutes: 24
Date -1 days in future: 2021/04/09 18:57:37

Current Date: 2021/04/10 15:33:37
Random amount of days: -2
Random amount of hours: 0
Random amount of minutes: -20
Date -2 days in future: 2021/04/08 15:13:37

Current Date: 2021/04/10 15:33:37
Random amount of days: 0
Random amount of hours: -2
Random amount of minutes: 4
Date 0 days in future: 2021/04/10 13:37:37

Current Date: 2021/04/10 15:33:37
Random amount of days: -1
Random amount of hours: -1
Random amount of minutes: -39
Date -1 days in future: 2021/04/09 13:54:37

Current Date: 2021/04/10 15:33:37
Random amount of days: -3
Random amount of hours: 3
Random amount of minutes: 58
Date -3 days in future: 2021/04/07 19:31:37

Current Date: 2021/04/10 15:33:37
Random amount of days: -3
Random amount of hours: 3
Random amount of minutes: 9
Date -3 days in future: 2021/04/07 18:42:37

Current Date: 2021/04/10 15:33:37
Random amount of days: -2
Random amount of hours: 2
Random amount of minutes: -35
Date -2 days in future: 2021/04/08 16:58:37

Current Date: 2021/04/10 15:33:37
Random amount of days: -2
Random amount of hours: -1
Random amount of minutes: -11
Date -2 days in future: 2021/04/08 14:22:37

Current Date: 2021/04/10 15:33:37
Random amount of days: -3
Random amount of hours: 0
Random amount of minutes: 23
Date -3 days in future: 2021/04/07 15:56:37

Current Date: 2021/04/10 15:33:37
Random amount of days: 0
Random amount of hours: 2
Random amount of minutes: -55
Date 0 days in future: 2021/04/10 16:38:37

Current Date: 2021/04/10 15:33:37
Random amount of days: -2
Random amount of hours: -1
Random amount of minutes: 37
Date -2 days in future: 2021/04/08 15:10:37

Current Date: 2021/04/10 15:33:37
Random amount of days: -1
Random amount of hours: 0
Random amount of minutes: -35
Date -1 days in future: 2021/04/09 14:58:37

Current Date: 2021/04/10 15:33:37
Random amount of days: 0
Random amount of hours: -2
Random amount of minutes: 25
Date 0 days in future: 2021/04/10 13:58:37

Current Date: 2021/04/10 15:33:37
Random amount of days: -3
Random amount of hours: 0
Random amount of minutes: -31
Date -3 days in future: 2021/04/07 15:02:37

Current Date: 2021/04/10 15:33:37
Random amount of days: -3
Random amount of hours: 0
Random amount of minutes: 0
Date -3 days in future: 2021/04/07 15:33:37

Current Date: 2021/04/10 15:33:37
Random amount of days: -2
Random amount of hours: -1
Random amount of minutes: 29
Date -2 days in future: 2021/04/08 15:02:37

Current Date: 2021/04/10 15:33:37
Random amount of days: 0
Random amount of hours: -1
Random amount of minutes: -30
Date 0 days in future: 2021/04/10 14:03:37

Current Date: 2021/04/10 15:33:37
Random amount of days: -3
Random amount of hours: -3
Random amount of minutes: -44
Date -3 days in future: 2021/04/07 11:49:37

Current Date: 2021/04/10 15:33:37
Random amount of days: -2
Random amount of hours: -1
Random amount of minutes: 39
Date -2 days in future: 2021/04/08 15:12:37

Current Date: 2021/04/10 15:33:37
Random amount of days: 0
Random amount of hours: 1
Random amount of minutes: -60
Date 0 days in future: 2021/04/10 15:33:37

Current Date: 2021/04/10 15:33:37
Random amount of days: -2
Random amount of hours: 2
Random amount of minutes: 56
Date -2 days in future: 2021/04/08 18:29:37

Current Date: 2021/04/10 15:33:37
Random amount of days: 0
Random amount of hours: 3
Random amount of minutes: -45
Date 0 days in future: 2021/04/10 17:48:37

Current Date: 2021/04/10 15:33:37
Random amount of days: -1
Random amount of hours: 2
Random amount of minutes: -4
Date -1 days in future: 2021/04/09 17:29:37

Current Date: 2021/04/10 15:33:37
Random amount of days: -1
Random amount of hours: 2
Random amount of minutes: 33
Date -1 days in future: 2021/04/09 18:06:37

Current Date: 2021/04/10 15:33:37
Random amount of days: -3
Random amount of hours: 1
Random amount of minutes: 51
Date -3 days in future: 2021/04/07 17:24:37

Current Date: 2021/04/10 15:33:37
Random amount of days: -3
Random amount of hours: -3
Random amount of minutes: -40
Date -3 days in future: 2021/04/07 11:53:37

Current Date: 2021/04/10 15:33:37
Random amount of days: -2
Random amount of hours: 2
Random amount of minutes: 16
Date -2 days in future: 2021/04/08 17:49:37

Current Date: 2021/04/10 15:33:37
Random amount of days: -1
Random amount of hours: 1
Random amount of minutes: 15
Date -1 days in future: 2021/04/09 16:48:37

Current Date: 2021/04/10 15:33:37
Random amount of days: -2
Random amount of hours: -1
Random amount of minutes: 18
Date -2 days in future: 2021/04/08 14:51:37

Current Date: 2021/04/10 15:33:37
Random amount of days: 0
Random amount of hours: 2
Random amount of minutes: 29
Date 0 days in future: 2021/04/10 18:02:37

Current Date: 2021/04/10 15:33:37
Random amount of days: -3
Random amount of hours: -3
Random amount of minutes: -59
Date -3 days in future: 2021/04/07 11:34:37

Current Date: 2021/04/10 15:33:37
Random amount of days: -2
Random amount of hours: 1
Random amount of minutes: 8
Date -2 days in future: 2021/04/08 16:41:37

Current Date: 2021/04/10 15:33:37
Random amount of days: -3
Random amount of hours: -3
Random amount of minutes: -8
Date -3 days in future: 2021/04/07 12:25:37

Current Date: 2021/04/10 15:33:37
Random amount of days: 0
Random amount of hours: 1
Random amount of minutes: -52
Date 0 days in future: 2021/04/10 15:41:37

Current Date: 2021/04/10 15:33:37
Random amount of days: -3
Random amount of hours: 0
Random amount of minutes: -32
Date -3 days in future: 2021/04/07 15:01:37

Current Date: 2021/04/10 15:33:37
Random amount of days: -2
Random amount of hours: 3
Random amount of minutes: -39
Date -2 days in future: 2021/04/08 17:54:37

Current Date: 2021/04/10 15:33:37
Random amount of days: -2
Random amount of hours: -1
Random amount of minutes: 11
Date -2 days in future: 2021/04/08 14:44:37

Current Date: 2021/04/10 15:33:37
Random amount of days: -2
Random amount of hours: -1
Random amount of minutes: -38
Date -2 days in future: 2021/04/08 13:55:37

Current Date: 2021/04/10 15:33:37
Random amount of days: 0
Random amount of hours: -1
Random amount of minutes: 20
Date 0 days in future: 2021/04/10 14:53:37

Current Date: 2021/04/10 15:33:37
Random amount of days: -1
Random amount of hours: 0
Random amount of minutes: -4
Date -1 days in future: 2021/04/09 15:29:37

Current Date: 2021/04/10 15:33:37
Random amount of days: -2
Random amount of hours: 2
Random amount of minutes: -18
Date -2 days in future: 2021/04/08 17:15:37

Current Date: 2021/04/10 15:33:37
Random amount of days: -1
Random amount of hours: 0
Random amount of minutes: -57
Date -1 days in future: 2021/04/09 14:36:37

Current Date: 2021/04/10 15:33:37
Random amount of days: -1
Random amount of hours: -3
Random amount of minutes: -32
Date -1 days in future: 2021/04/09 12:01:37

Current Date: 2021/04/10 15:33:37
Random amount of days: -2
Random amount of hours: 3
Random amount of minutes: 27
Date -2 days in future: 2021/04/08 19:00:37

Current Date: 2021/04/10 15:33:37
Random amount of days: -2
Random amount of hours: 1
Random amount of minutes: -28
Date -2 days in future: 2021/04/08 16:05:37

Current Date: 2021/04/10 15:33:37
Random amount of days: 0
Random amount of hours: -3
Random amount of minutes: 22
Date 0 days in future: 2021/04/10 12:55:37

Current Date: 2021/04/10 15:33:37
Random amount of days: -1
Random amount of hours: 0
Random amount of minutes: -57
Date -1 days in future: 2021/04/09 14:36:37

Current Date: 2021/04/10 15:33:37
Random amount of days: -2
Random amount of hours: 2
Random amount of minutes: 25
Date -2 days in future: 2021/04/08 17:58:37

Current Date: 2021/04/10 15:33:37
Random amount of days: -3
Random amount of hours: -1
Random amount of minutes: -2
Date -3 days in future: 2021/04/07 14:31:37

Current Date: 2021/04/10 15:33:37
Random amount of days: -2
Random amount of hours: -2
Random amount of minutes: 58
Date -2 days in future: 2021/04/08 14:31:37

Current Date: 2021/04/10 15:33:37
Random amount of days: -1
Random amount of hours: -3
Random amount of minutes: 50
Date -1 days in future: 2021/04/09 13:23:37

Current Date: 2021/04/10 15:33:37
Random amount of days: -3
Random amount of hours: -3
Random amount of minutes: 27
Date -3 days in future: 2021/04/07 13:00:37

Current Date: 2021/04/10 15:33:37
Random amount of days: -2
Random amount of hours: -3
Random amount of minutes: 9
Date -2 days in future: 2021/04/08 12:42:37

Current Date: 2021/04/10 15:33:37
Random amount of days: -2
Random amount of hours: -2
Random amount of minutes: -40
Date -2 days in future: 2021/04/08 12:53:37

Current Date: 2021/04/10 15:33:37
Random amount of days: -2
Random amount of hours: -2
Random amount of minutes: -59
Date -2 days in future: 2021/04/08 12:34:37

Current Date: 2021/04/10 15:33:37
Random amount of days: -1
Random amount of hours: 0
Random amount of minutes: -38
Date -1 days in future: 2021/04/09 14:55:37

Current Date: 2021/04/10 15:33:37
Random amount of days: 0
Random amount of hours: 3
Random amount of minutes: 2
Date 0 days in future: 2021/04/10 18:35:37

Current Date: 2021/04/10 15:33:37
Random amount of days: -1
Random amount of hours: -3
Random amount of minutes: -30
Date -1 days in future: 2021/04/09 12:03:37

Current Date: 2021/04/10 15:33:37
Random amount of days: 0
Random amount of hours: -2
Random amount of minutes: -23
Date 0 days in future: 2021/04/10 13:10:37

Current Date: 2021/04/10 15:33:37
Random amount of days: 0
Random amount of hours: 0
Random amount of minutes: -4
Date 0 days in future: 2021/04/10 15:29:37

Current Date: 2021/04/10 15:33:37
Random amount of days: -2
Random amount of hours: 3
Random amount of minutes: -39
Date -2 days in future: 2021/04/08 17:54:37

Current Date: 2021/04/10 15:33:37
Random amount of days: -2
Random amount of hours: -2
Random amount of minutes: 0
Date -2 days in future: 2021/04/08 13:33:37

Current Date: 2021/04/10 15:33:37
Random amount of days: -2
Random amount of hours: 1
Random amount of minutes: 39
Date -2 days in future: 2021/04/08 17:12:37

Current Date: 2021/04/10 15:33:37
Random amount of days: 0
Random amount of hours: -3
Random amount of minutes: -9
Date 0 days in future: 2021/04/10 12:24:37

Current Date: 2021/04/10 15:33:37
Random amount of days: -1
Random amount of hours: 1
Random amount of minutes: -29
Date -1 days in future: 2021/04/09 16:04:37

Current Date: 2021/04/10 15:33:37
Random amount of days: 0
Random amount of hours: 1
Random amount of minutes: -20
Date 0 days in future: 2021/04/10 16:13:37

Current Date: 2021/04/10 15:33:37
Random amount of days: -1
Random amount of hours: -1
Random amount of minutes: 46
Date -1 days in future: 2021/04/09 15:19:37

Current Date: 2021/04/10 15:33:37
Random amount of days: -1
Random amount of hours: -3
Random amount of minutes: -53
Date -1 days in future: 2021/04/09 11:40:37

Current Date: 2021/04/10 15:33:37
Random amount of days: -3
Random amount of hours: 2
Random amount of minutes: 13
Date -3 days in future: 2021/04/07 17:46:37

Current Date: 2021/04/10 15:33:37
Random amount of days: -1
Random amount of hours: 3
Random amount of minutes: 38
Date -1 days in future: 2021/04/09 19:11:37

Current Date: 2021/04/10 15:33:37
Random amount of days: -3
Random amount of hours: 3
Random amount of minutes: 29
Date -3 days in future: 2021/04/07 19:02:37

Current Date: 2021/04/10 15:33:37
Random amount of days: -2
Random amount of hours: 2
Random amount of minutes: 56
Date -2 days in future: 2021/04/08 18:29:37

Current Date: 2021/04/10 15:33:37
Random amount of days: -2
Random amount of hours: -1
Random amount of minutes: -44
Date -2 days in future: 2021/04/08 13:49:37

Current Date: 2021/04/10 15:33:37
Random amount of days: -1
Random amount of hours: -1
Random amount of minutes: 40
Date -1 days in future: 2021/04/09 15:13:37

Current Date: 2021/04/10 15:33:37
Random amount of days: 0
Random amount of hours: -2
Random amount of minutes: 1
Date 0 days in future: 2021/04/10 13:34:37

Current Date: 2021/04/10 15:33:37
Random amount of days: 0
Random amount of hours: 3
Random amount of minutes: -51
Date 0 days in future: 2021/04/10 17:42:37

Current Date: 2021/04/10 15:33:37
Random amount of days: -1
Random amount of hours: -2
Random amount of minutes: 29
Date -1 days in future: 2021/04/09 14:02:37

Current Date: 2021/04/10 15:33:37
Random amount of days: -1
Random amount of hours: 3
Random amount of minutes: -18
Date -1 days in future: 2021/04/09 18:15:37

Current Date: 2021/04/10 15:33:37
Random amount of days: 0
Random amount of hours: -1
Random amount of minutes: -40
Date 0 days in future: 2021/04/10 13:53:37

Current Date: 2021/04/10 15:33:37
Random amount of days: -3
Random amount of hours: -3
Random amount of minutes: -14
Date -3 days in future: 2021/04/07 12:19:37

Current Date: 2021/04/10 15:33:37
Random amount of days: 0
Random amount of hours: 0
Random amount of minutes: -16
Date 0 days in future: 2021/04/10 15:17:37

Current Date: 2021/04/10 15:33:37
Random amount of days: -1
Random amount of hours: -1
Random amount of minutes: -46
Date -1 days in future: 2021/04/09 13:47:37

Current Date: 2021/04/10 15:33:37
Random amount of days: -2
Random amount of hours: 3
Random amount of minutes: -35
Date -2 days in future: 2021/04/08 17:58:37

Current Date: 2021/04/10 15:33:37
Random amount of days: -1
Random amount of hours: 0
Random amount of minutes: -14
Date -1 days in future: 2021/04/09 15:19:37

Current Date: 2021/04/10 15:33:37
Random amount of days: 0
Random amount of hours: -2
Random amount of minutes: -49
Date 0 days in future: 2021/04/10 12:44:37

Current Date: 2021/04/10 15:33:37
Random amount of days: -2
Random amount of hours: 2
Random amount of minutes: -11
Date -2 days in future: 2021/04/08 17:22:37

Current Date: 2021/04/10 15:33:37
Random amount of days: -3
Random amount of hours: -2
Random amount of minutes: 21
Date -3 days in future: 2021/04/07 13:54:37

Current Date: 2021/04/10 15:33:37
Random amount of days: -1
Random amount of hours: 1
Random amount of minutes: -56
Date -1 days in future: 2021/04/09 15:37:37

Current Date: 2021/04/10 15:33:37
Random amount of days: -1
Random amount of hours: 3
Random amount of minutes: -10
Date -1 days in future: 2021/04/09 18:23:37

Current Date: 2021/04/10 15:33:37
Random amount of days: 0
Random amount of hours: -3
Random amount of minutes: -54
Date 0 days in future: 2021/04/10 11:39:37

Current Date: 2021/04/10 15:33:37
Random amount of days: -2
Random amount of hours: -2
Random amount of minutes: -36
Date -2 days in future: 2021/04/08 12:57:37

Current Date: 2021/04/10 15:33:37
Random amount of days: -2
Random amount of hours: 3
Random amount of minutes: 15
Date -2 days in future: 2021/04/08 18:48:37

Current Date: 2021/04/10 15:33:37
Random amount of days: 0
Random amount of hours: 3
Random amount of minutes: 4
Date 0 days in future: 2021/04/10 18:37:37

Current Date: 2021/04/10 15:33:37
Random amount of days: 0
Random amount of hours: -2
Random amount of minutes: -51
Date 0 days in future: 2021/04/10 12:42:37

Current Date: 2021/04/10 15:33:37
Random amount of days: -3
Random amount of hours: 0
Random amount of minutes: 50
Date -3 days in future: 2021/04/07 16:23:37

Current Date: 2021/04/10 15:33:37
Random amount of days: -2
Random amount of hours: 2
Random amount of minutes: -49
Date -2 days in future: 2021/04/08 16:44:37

Current Date: 2021/04/10 15:33:37
Random amount of days: -2
Random amount of hours: -3
Random amount of minutes: -44
Date -2 days in future: 2021/04/08 11:49:37

Current Date: 2021/04/10 15:33:37
Random amount of days: -3
Random amount of hours: 2
Random amount of minutes: 48
Date -3 days in future: 2021/04/07 18:21:37

Current Date: 2021/04/10 15:33:37
Random amount of days: -3
Random amount of hours: 1
Random amount of minutes: -44
Date -3 days in future: 2021/04/07 15:49:37

Current Date: 2021/04/10 15:33:37
Random amount of days: 0
Random amount of hours: -2
Random amount of minutes: 1
Date 0 days in future: 2021/04/10 13:34:37

Current Date: 2021/04/10 15:33:37
Random amount of days: -1
Random amount of hours: -1
Random amount of minutes: -58
Date -1 days in future: 2021/04/09 13:35:37

Current Date: 2021/04/10 15:33:37
Random amount of days: -2
Random amount of hours: -2
Random amount of minutes: -36
Date -2 days in future: 2021/04/08 12:57:37

Current Date: 2021/04/10 15:33:37
Random amount of days: -1
Random amount of hours: -3
Random amount of minutes: -50
Date -1 days in future: 2021/04/09 11:43:37

Current Date: 2021/04/10 15:33:37
Random amount of days: 0
Random amount of hours: -3
Random amount of minutes: 54
Date 0 days in future: 2021/04/10 13:27:37

Current Date: 2021/04/10 15:33:37
Random amount of days: -2
Random amount of hours: 2
Random amount of minutes: -17
Date -2 days in future: 2021/04/08 17:16:37

Current Date: 2021/04/10 15:33:37
Random amount of days: 0
Random amount of hours: 3
Random amount of minutes: -27
Date 0 days in future: 2021/04/10 18:06:37

Current Date: 2021/04/10 15:33:37
Random amount of days: -2
Random amount of hours: -1
Random amount of minutes: -10
Date -2 days in future: 2021/04/08 14:23:37

Current Date: 2021/04/10 15:33:37
Random amount of days: -2
Random amount of hours: 0
Random amount of minutes: -25
Date -2 days in future: 2021/04/08 15:08:37

Current Date: 2021/04/10 15:33:37
Random amount of days: -1
Random amount of hours: 1
Random amount of minutes: -42
Date -1 days in future: 2021/04/09 15:51:37

Current Date: 2021/04/10 15:33:37
Random amount of days: -3
Random amount of hours: 1
Random amount of minutes: -43
Date -3 days in future: 2021/04/07 15:50:37

Current Date: 2021/04/10 15:33:37
Random amount of days: -2
Random amount of hours: 3
Random amount of minutes: 18
Date -2 days in future: 2021/04/08 18:51:37

Current Date: 2021/04/10 15:33:37
Random amount of days: -3
Random amount of hours: 3
Random amount of minutes: 3
Date -3 days in future: 2021/04/07 18:36:37

Current Date: 2021/04/10 15:33:37
Random amount of days: -1
Random amount of hours: -3
Random amount of minutes: -10
Date -1 days in future: 2021/04/09 12:23:37

Current Date: 2021/04/10 15:33:37
Random amount of days: -2
Random amount of hours: -3
Random amount of minutes: -44
Date -2 days in future: 2021/04/08 11:49:37

Current Date: 2021/04/10 15:33:37
Random amount of days: -3
Random amount of hours: 3
Random amount of minutes: -33
Date -3 days in future: 2021/04/07 18:00:37

Current Date: 2021/04/10 15:33:37
Random amount of days: -2
Random amount of hours: 0
Random amount of minutes: -47
Date -2 days in future: 2021/04/08 14:46:37

Current Date: 2021/04/10 15:33:37
Random amount of days: -1
Random amount of hours: -1
Random amount of minutes: -52
Date -1 days in future: 2021/04/09 13:41:37

Current Date: 2021/04/10 15:33:37
Random amount of days: -1
Random amount of hours: -2
Random amount of minutes: 0
Date -1 days in future: 2021/04/09 13:33:37

Current Date: 2021/04/10 15:33:37
Random amount of days: -3
Random amount of hours: -2
Random amount of minutes: -58
Date -3 days in future: 2021/04/07 12:35:37

Current Date: 2021/04/10 15:33:37
Random amount of days: -1
Random amount of hours: 1
Random amount of minutes: 20
Date -1 days in future: 2021/04/09 16:53:37

Current Date: 2021/04/10 15:33:37
Random amount of days: 0
Random amount of hours: 3
Random amount of minutes: -10
Date 0 days in future: 2021/04/10 18:23:37

Current Date: 2021/04/10 15:33:37
Random amount of days: -3
Random amount of hours: 3
Random amount of minutes: 46
Date -3 days in future: 2021/04/07 19:19:37

Current Date: 2021/04/10 15:33:37
Random amount of days: -2
Random amount of hours: 2
Random amount of minutes: 38
Date -2 days in future: 2021/04/08 18:11:37

Current Date: 2021/04/10 15:33:37
Random amount of days: 0
Random amount of hours: 1
Random amount of minutes: 4
Date 0 days in future: 2021/04/10 16:37:37

Current Date: 2021/04/10 15:33:37
Random amount of days: -2
Random amount of hours: -1
Random amount of minutes: 44
Date -2 days in future: 2021/04/08 15:17:37

Current Date: 2021/04/10 15:33:37
Random amount of days: 0
Random amount of hours: -2
Random amount of minutes: 36
Date 0 days in future: 2021/04/10 14:09:37

Current Date: 2021/04/10 15:33:37
Random amount of days: 0
Random amount of hours: 3
Random amount of minutes: 22
Date 0 days in future: 2021/04/10 18:55:37

Current Date: 2021/04/10 15:33:37
Random amount of days: -2
Random amount of hours: -3
Random amount of minutes: 37
Date -2 days in future: 2021/04/08 13:10:37

Current Date: 2021/04/10 15:33:37
Random amount of days: -2
Random amount of hours: 2
Random amount of minutes: -52
Date -2 days in future: 2021/04/08 16:41:37

Current Date: 2021/04/10 15:33:37
Random amount of days: -2
Random amount of hours: -1
Random amount of minutes: 37
Date -2 days in future: 2021/04/08 15:10:37

Current Date: 2021/04/10 15:33:37
Random amount of days: -1
Random amount of hours: -1
Random amount of minutes: 56
Date -1 days in future: 2021/04/09 15:29:37

Current Date: 2021/04/10 15:33:37
Random amount of days: -2
Random amount of hours: -3
Random amount of minutes: -2
Date -2 days in future: 2021/04/08 12:31:37

Current Date: 2021/04/10 15:33:37
Random amount of days: -3
Random amount of hours: 0
Random amount of minutes: -17
Date -3 days in future: 2021/04/07 15:16:37

Current Date: 2021/04/10 15:33:37
Random amount of days: -1
Random amount of hours: -3
Random amount of minutes: -20
Date -1 days in future: 2021/04/09 12:13:37

Current Date: 2021/04/10 15:33:37
Random amount of days: -1
Random amount of hours: 2
Random amount of minutes: -24
Date -1 days in future: 2021/04/09 17:09:37

Current Date: 2021/04/10 15:33:37
Random amount of days: -2
Random amount of hours: 3
Random amount of minutes: 2
Date -2 days in future: 2021/04/08 18:35:37

Current Date: 2021/04/10 15:33:37
Random amount of days: -2
Random amount of hours: -2
Random amount of minutes: -23
Date -2 days in future: 2021/04/08 13:10:37

Current Date: 2021/04/10 15:33:37
Random amount of days: -1
Random amount of hours: -2
Random amount of minutes: -26
Date -1 days in future: 2021/04/09 13:07:37

Current Date: 2021/04/10 15:33:37
Random amount of days: -1
Random amount of hours: 2
Random amount of minutes: 27
Date -1 days in future: 2021/04/09 18:00:37

Current Date: 2021/04/10 15:33:37
Random amount of days: -2
Random amount of hours: 1
Random amount of minutes: 24
Date -2 days in future: 2021/04/08 16:57:37

Current Date: 2021/04/10 15:33:37
Random amount of days: -2
Random amount of hours: -3
Random amount of minutes: 19
Date -2 days in future: 2021/04/08 12:52:37

Current Date: 2021/04/10 15:33:37
Random amount of days: 0
Random amount of hours: -1
Random amount of minutes: -14
Date 0 days in future: 2021/04/10 14:19:37

Current Date: 2021/04/10 15:33:37
Random amount of days: -1
Random amount of hours: 2
Random amount of minutes: 31
Date -1 days in future: 2021/04/09 18:04:37

Current Date: 2021/04/10 15:33:37
Random amount of days: -3
Random amount of hours: -3
Random amount of minutes: 27
Date -3 days in future: 2021/04/07 13:00:37

Current Date: 2021/04/10 15:33:37
Random amount of days: -2
Random amount of hours: 1
Random amount of minutes: -15
Date -2 days in future: 2021/04/08 16:18:37

Current Date: 2021/04/10 15:33:37
Random amount of days: -1
Random amount of hours: -3
Random amount of minutes: 35
Date -1 days in future: 2021/04/09 13:08:37

Current Date: 2021/04/10 15:33:37
Random amount of days: -3
Random amount of hours: -2
Random amount of minutes: 58
Date -3 days in future: 2021/04/07 14:31:37

Current Date: 2021/04/10 15:33:37
Random amount of days: -1
Random amount of hours: -2
Random amount of minutes: -13
Date -1 days in future: 2021/04/09 13:20:37

Current Date: 2021/04/10 15:33:37
Random amount of days: -2
Random amount of hours: -2
Random amount of minutes: -28
Date -2 days in future: 2021/04/08 13:05:37

Current Date: 2021/04/10 15:33:37
Random amount of days: -3
Random amount of hours: 0
Random amount of minutes: -49
Date -3 days in future: 2021/04/07 14:44:37

Current Date: 2021/04/10 15:33:37
Random amount of days: -3
Random amount of hours: 1
Random amount of minutes: -55
Date -3 days in future: 2021/04/07 15:38:37

Current Date: 2021/04/10 15:33:37
Random amount of days: -2
Random amount of hours: 2
Random amount of minutes: 0
Date -2 days in future: 2021/04/08 17:33:37

Current Date: 2021/04/10 15:33:37
Random amount of days: -2
Random amount of hours: -3
Random amount of minutes: -20
Date -2 days in future: 2021/04/08 12:13:37

Current Date: 2021/04/10 15:33:37
Random amount of days: -2
Random amount of hours: 0
Random amount of minutes: 43
Date -2 days in future: 2021/04/08 16:16:37

Current Date: 2021/04/10 15:33:37
Random amount of days: 0
Random amount of hours: 0
Random amount of minutes: 32
Date 0 days in future: 2021/04/10 16:05:37

Current Date: 2021/04/10 15:33:37
Random amount of days: 0
Random amount of hours: -1
Random amount of minutes: 51
Date 0 days in future: 2021/04/10 15:24:37

Current Date: 2021/04/10 15:33:37
Random amount of days: -2
Random amount of hours: 0
Random amount of minutes: -38
Date -2 days in future: 2021/04/08 14:55:37

Current Date: 2021/04/10 15:33:37
Random amount of days: -2
Random amount of hours: -2
Random amount of minutes: 13
Date -2 days in future: 2021/04/08 13:46:37

Current Date: 2021/04/10 15:33:37
Random amount of days: 0
Random amount of hours: -1
Random amount of minutes: 9
Date 0 days in future: 2021/04/10 14:42:37

Current Date: 2021/04/10 15:33:37
Random amount of days: -2
Random amount of hours: 0
Random amount of minutes: 49
Date -2 days in future: 2021/04/08 16:22:37

Current Date: 2021/04/10 15:33:37
Random amount of days: 0
Random amount of hours: 1
Random amount of minutes: 14
Date 0 days in future: 2021/04/10 16:47:37

Current Date: 2021/04/10 15:33:37
Random amount of days: -2
Random amount of hours: 0
Random amount of minutes: 44
Date -2 days in future: 2021/04/08 16:17:37

Current Date: 2021/04/10 15:33:37
Random amount of days: 0
Random amount of hours: -3
Random amount of minutes: 3
Date 0 days in future: 2021/04/10 12:36:37

Current Date: 2021/04/10 15:33:37
Random amount of days: 0
Random amount of hours: 1
Random amount of minutes: 53
Date 0 days in future: 2021/04/10 17:26:37

Current Date: 2021/04/10 15:33:37
Random amount of days: -2
Random amount of hours: -1
Random amount of minutes: 52
Date -2 days in future: 2021/04/08 15:25:37

Current Date: 2021/04/10 15:33:37
Random amount of days: 0
Random amount of hours: 1
Random amount of minutes: -12
Date 0 days in future: 2021/04/10 16:21:37

Current Date: 2021/04/10 15:33:37
Random amount of days: -2
Random amount of hours: 1
Random amount of minutes: 8
Date -2 days in future: 2021/04/08 16:41:37

Current Date: 2021/04/10 15:33:37
Random amount of days: 0
Random amount of hours: 2
Random amount of minutes: -32
Date 0 days in future: 2021/04/10 17:01:37

Current Date: 2021/04/10 15:33:37
Random amount of days: 0
Random amount of hours: 3
Random amount of minutes: -56
Date 0 days in future: 2021/04/10 17:37:37

Current Date: 2021/04/10 15:33:37
Random amount of days: -2
Random amount of hours: 1
Random amount of minutes: 5
Date -2 days in future: 2021/04/08 16:38:37

Current Date: 2021/04/10 15:33:37
Random amount of days: 0
Random amount of hours: 0
Random amount of minutes: -11
Date 0 days in future: 2021/04/10 15:22:37

Current Date: 2021/04/10 15:33:37
Random amount of days: -1
Random amount of hours: -2
Random amount of minutes: -46
Date -1 days in future: 2021/04/09 12:47:37

Current Date: 2021/04/10 15:33:37
Random amount of days: -3
Random amount of hours: 0
Random amount of minutes: 55
Date -3 days in future: 2021/04/07 16:28:37

Current Date: 2021/04/10 15:33:37
Random amount of days: -1
Random amount of hours: 1
Random amount of minutes: -60
Date -1 days in future: 2021/04/09 15:33:37

Current Date: 2021/04/10 15:33:37
Random amount of days: -3
Random amount of hours: -1
Random amount of minutes: 8
Date -3 days in future: 2021/04/07 14:41:37

Current Date: 2021/04/10 15:33:37
Random amount of days: 0
Random amount of hours: 0
Random amount of minutes: 1
Date 0 days in future: 2021/04/10 15:34:37

Current Date: 2021/04/10 15:33:37
Random amount of days: -3
Random amount of hours: 0
Random amount of minutes: -29
Date -3 days in future: 2021/04/07 15:04:37

Current Date: 2021/04/10 15:33:37
Random amount of days: 0
Random amount of hours: 0
Random amount of minutes: -1
Date 0 days in future: 2021/04/10 15:32:37

Current Date: 2021/04/10 15:33:37
Random amount of days: 0
Random amount of hours: 1
Random amount of minutes: -33
Date 0 days in future: 2021/04/10 16:00:37

Current Date: 2021/04/10 15:33:37
Random amount of days: 0
Random amount of hours: 0
Random amount of minutes: 60
Date 0 days in future: 2021/04/10 16:33:37

Current Date: 2021/04/10 15:33:37
Random amount of days: 0
Random amount of hours: 0
Random amount of minutes: -15
Date 0 days in future: 2021/04/10 15:18:37

Current Date: 2021/04/10 15:33:37
Random amount of days: 0
Random amount of hours: -1
Random amount of minutes: -24
Date 0 days in future: 2021/04/10 14:09:37

Current Date: 2021/04/10 15:33:37
Random amount of days: -3
Random amount of hours: -3
Random amount of minutes: 40
Date -3 days in future: 2021/04/07 13:13:37

Current Date: 2021/04/10 15:33:37
Random amount of days: -2
Random amount of hours: 1
Random amount of minutes: -25
Date -2 days in future: 2021/04/08 16:08:37

Current Date: 2021/04/10 15:33:37
Random amount of days: -2
Random amount of hours: -2
Random amount of minutes: -26
Date -2 days in future: 2021/04/08 13:07:37

Current Date: 2021/04/10 15:33:37
Random amount of days: -1
Random amount of hours: 3
Random amount of minutes: -19
Date -1 days in future: 2021/04/09 18:14:37

Current Date: 2021/04/10 15:33:37
Random amount of days: -1
Random amount of hours: 1
Random amount of minutes: 5
Date -1 days in future: 2021/04/09 16:38:37

Current Date: 2021/04/10 15:33:37
Random amount of days: 0
Random amount of hours: 0
Random amount of minutes: 27
Date 0 days in future: 2021/04/10 16:00:37

Current Date: 2021/04/10 15:33:37
Random amount of days: -3
Random amount of hours: -3
Random amount of minutes: 6
Date -3 days in future: 2021/04/07 12:39:37

Current Date: 2021/04/10 15:33:37
Random amount of days: 0
Random amount of hours: -1
Random amount of minutes: -16
Date 0 days in future: 2021/04/10 14:17:37

Current Date: 2021/04/10 15:33:37
Random amount of days: -3
Random amount of hours: 2
Random amount of minutes: 28
Date -3 days in future: 2021/04/07 18:01:37

Current Date: 2021/04/10 15:33:37
Random amount of days: -1
Random amount of hours: 2
Random amount of minutes: -3
Date -1 days in future: 2021/04/09 17:30:37

Current Date: 2021/04/10 15:33:37
Random amount of days: -1
Random amount of hours: -1
Random amount of minutes: -59
Date -1 days in future: 2021/04/09 13:34:37

Current Date: 2021/04/10 15:33:37
Random amount of days: -3
Random amount of hours: 3
Random amount of minutes: 30
Date -3 days in future: 2021/04/07 19:03:37

Current Date: 2021/04/10 15:33:37
Random amount of days: -3
Random amount of hours: -2
Random amount of minutes: 38
Date -3 days in future: 2021/04/07 14:11:37

Current Date: 2021/04/10 15:33:37
Random amount of days: -2
Random amount of hours: -2
Random amount of minutes: 33
Date -2 days in future: 2021/04/08 14:06:37

Current Date: 2021/04/10 15:33:37
Random amount of days: -3
Random amount of hours: -3
Random amount of minutes: -35
Date -3 days in future: 2021/04/07 11:58:37

Current Date: 2021/04/10 15:33:37
Random amount of days: -3
Random amount of hours: 0
Random amount of minutes: -19
Date -3 days in future: 2021/04/07 15:14:37

Current Date: 2021/04/10 15:33:37
Random amount of days: 0
Random amount of hours: 3
Random amount of minutes: -24
Date 0 days in future: 2021/04/10 18:09:37

Current Date: 2021/04/10 15:33:37
Random amount of days: -1
Random amount of hours: -3
Random amount of minutes: -53
Date -1 days in future: 2021/04/09 11:40:37

Current Date: 2021/04/10 15:33:37
Random amount of days: -1
Random amount of hours: 0
Random amount of minutes: 21
Date -1 days in future: 2021/04/09 15:54:37

Current Date: 2021/04/10 15:33:37
Random amount of days: 0
Random amount of hours: 3
Random amount of minutes: -56
Date 0 days in future: 2021/04/10 17:37:37

Current Date: 2021/04/10 15:33:37
Random amount of days: -1
Random amount of hours: 2
Random amount of minutes: -18
Date -1 days in future: 2021/04/09 17:15:37

Current Date: 2021/04/10 15:33:37
Random amount of days: -2
Random amount of hours: -1
Random amount of minutes: 10
Date -2 days in future: 2021/04/08 14:43:37

Current Date: 2021/04/10 15:33:37
Random amount of days: 0
Random amount of hours: 1
Random amount of minutes: 0
Date 0 days in future: 2021/04/10 16:33:37

Current Date: 2021/04/10 15:33:37
Random amount of days: 0
Random amount of hours: -2
Random amount of minutes: -48
Date 0 days in future: 2021/04/10 12:45:37

Current Date: 2021/04/10 15:33:37
Random amount of days: -2
Random amount of hours: 2
Random amount of minutes: -48
Date -2 days in future: 2021/04/08 16:45:37

Current Date: 2021/04/10 15:33:37
Random amount of days: 0
Random amount of hours: 1
Random amount of minutes: -6
Date 0 days in future: 2021/04/10 16:27:37

Current Date: 2021/04/10 15:33:37
Random amount of days: 0
Random amount of hours: -1
Random amount of minutes: -52
Date 0 days in future: 2021/04/10 13:41:37

Current Date: 2021/04/10 15:33:37
Random amount of days: -2
Random amount of hours: 2
Random amount of minutes: -27
Date -2 days in future: 2021/04/08 17:06:37

Current Date: 2021/04/10 15:33:37
Random amount of days: 0
Random amount of hours: 2
Random amount of minutes: 9
Date 0 days in future: 2021/04/10 17:42:37

Current Date: 2021/04/10 15:33:37
Random amount of days: -3
Random amount of hours: 3
Random amount of minutes: 35
Date -3 days in future: 2021/04/07 19:08:37

Current Date: 2021/04/10 15:33:37
Random amount of days: -1
Random amount of hours: 2
Random amount of minutes: -60
Date -1 days in future: 2021/04/09 16:33:37

Current Date: 2021/04/10 15:33:37
Random amount of days: -1
Random amount of hours: 0
Random amount of minutes: 17
Date -1 days in future: 2021/04/09 15:50:37

Current Date: 2021/04/10 15:33:37
Random amount of days: -2
Random amount of hours: 1
Random amount of minutes: 58
Date -2 days in future: 2021/04/08 17:31:37

Current Date: 2021/04/10 15:33:37
Random amount of days: -1
Random amount of hours: -1
Random amount of minutes: -32
Date -1 days in future: 2021/04/09 14:01:37

Current Date: 2021/04/10 15:33:37
Random amount of days: -2
Random amount of hours: -1
Random amount of minutes: 50
Date -2 days in future: 2021/04/08 15:23:37

Current Date: 2021/04/10 15:33:37
Random amount of days: -1
Random amount of hours: 2
Random amount of minutes: -8
Date -1 days in future: 2021/04/09 17:25:37

Current Date: 2021/04/10 15:33:37
Random amount of days: -2
Random amount of hours: 3
Random amount of minutes: 38
Date -2 days in future: 2021/04/08 19:11:37

Current Date: 2021/04/10 15:33:37
Random amount of days: -3
Random amount of hours: -1
Random amount of minutes: 20
Date -3 days in future: 2021/04/07 14:53:37

Current Date: 2021/04/10 15:33:37
Random amount of days: 0
Random amount of hours: 1
Random amount of minutes: 56
Date 0 days in future: 2021/04/10 17:29:37

Current Date: 2021/04/10 15:33:37
Random amount of days: -1
Random amount of hours: 2
Random amount of minutes: 9
Date -1 days in future: 2021/04/09 17:42:37

Current Date: 2021/04/10 15:33:37
Random amount of days: 0
Random amount of hours: 2
Random amount of minutes: -3
Date 0 days in future: 2021/04/10 17:30:37

Current Date: 2021/04/10 15:33:37
Random amount of days: -1
Random amount of hours: 1
Random amount of minutes: -40
Date -1 days in future: 2021/04/09 15:53:37

Current Date: 2021/04/10 15:33:37
Random amount of days: -2
Random amount of hours: -1
Random amount of minutes: 39
Date -2 days in future: 2021/04/08 15:12:37

Current Date: 2021/04/10 15:33:37
Random amount of days: 0
Random amount of hours: 1
Random amount of minutes: -5
Date 0 days in future: 2021/04/10 16:28:37

Current Date: 2021/04/10 15:33:37
Random amount of days: 0
Random amount of hours: -1
Random amount of minutes: -8
Date 0 days in future: 2021/04/10 14:25:37

Current Date: 2021/04/10 15:33:37
Random amount of days: -1
Random amount of hours: 1
Random amount of minutes: 45
Date -1 days in future: 2021/04/09 17:18:37

Current Date: 2021/04/10 15:33:37
Random amount of days: -2
Random amount of hours: -3
Random amount of minutes: -7
Date -2 days in future: 2021/04/08 12:26:37

Current Date: 2021/04/10 15:33:37
Random amount of days: -3
Random amount of hours: 1
Random amount of minutes: 21
Date -3 days in future: 2021/04/07 16:54:37

Current Date: 2021/04/10 15:33:37
Random amount of days: -1
Random amount of hours: 3
Random amount of minutes: 29
Date -1 days in future: 2021/04/09 19:02:37

Current Date: 2021/04/10 15:33:37
Random amount of days: -3
Random amount of hours: 2
Random amount of minutes: 31
Date -3 days in future: 2021/04/07 18:04:37

Current Date: 2021/04/10 15:33:37
Random amount of days: -1
Random amount of hours: 3
Random amount of minutes: 7
Date -1 days in future: 2021/04/09 18:40:37

Current Date: 2021/04/10 15:33:37
Random amount of days: -2
Random amount of hours: -3
Random amount of minutes: 12
Date -2 days in future: 2021/04/08 12:45:37

Current Date: 2021/04/10 15:33:37
Random amount of days: 0
Random amount of hours: 1
Random amount of minutes: -48
Date 0 days in future: 2021/04/10 15:45:37

Current Date: 2021/04/10 15:33:37
Random amount of days: -2
Random amount of hours: -3
Random amount of minutes: -9
Date -2 days in future: 2021/04/08 12:24:37

Current Date: 2021/04/10 15:33:37
Random amount of days: 0
Random amount of hours: -3
Random amount of minutes: 55
Date 0 days in future: 2021/04/10 13:28:37

Current Date: 2021/04/10 15:33:37
Random amount of days: -1
Random amount of hours: -2
Random amount of minutes: 19
Date -1 days in future: 2021/04/09 13:52:37

Current Date: 2021/04/10 15:33:37
Random amount of days: -3
Random amount of hours: -2
Random amount of minutes: 39
Date -3 days in future: 2021/04/07 14:12:37

Current Date: 2021/04/10 15:33:37
Random amount of days: -2
Random amount of hours: -1
Random amount of minutes: -12
Date -2 days in future: 2021/04/08 14:21:37

Current Date: 2021/04/10 15:33:37
Random amount of days: -1
Random amount of hours: 1
Random amount of minutes: 9
Date -1 days in future: 2021/04/09 16:42:37

Current Date: 2021/04/10 15:33:37
Random amount of days: 0
Random amount of hours: 2
Random amount of minutes: 34
Date 0 days in future: 2021/04/10 18:07:37

Current Date: 2021/04/10 15:33:37
Random amount of days: 0
Random amount of hours: 3
Random amount of minutes: -35
Date 0 days in future: 2021/04/10 17:58:37

Current Date: 2021/04/10 15:33:37
Random amount of days: -1
Random amount of hours: 0
Random amount of minutes: -22
Date -1 days in future: 2021/04/09 15:11:37

Current Date: 2021/04/10 15:33:37
Random amount of days: -3
Random amount of hours: -1
Random amount of minutes: 33
Date -3 days in future: 2021/04/07 15:06:37

Current Date: 2021/04/10 15:33:37
Random amount of days: -1
Random amount of hours: -3
Random amount of minutes: 8
Date -1 days in future: 2021/04/09 12:41:37

Current Date: 2021/04/10 15:33:37
Random amount of days: -2
Random amount of hours: -2
Random amount of minutes: 47
Date -2 days in future: 2021/04/08 14:20:37

Current Date: 2021/04/10 15:33:37
Random amount of days: 0
Random amount of hours: 0
Random amount of minutes: 3
Date 0 days in future: 2021/04/10 15:36:37

Current Date: 2021/04/10 15:33:37
Random amount of days: 0
Random amount of hours: 2
Random amount of minutes: -39
Date 0 days in future: 2021/04/10 16:54:37

Current Date: 2021/04/10 15:33:37
Random amount of days: -1
Random amount of hours: 1
Random amount of minutes: 12
Date -1 days in future: 2021/04/09 16:45:37

Current Date: 2021/04/10 15:33:37
Random amount of days: 0
Random amount of hours: 0
Random amount of minutes: -19
Date 0 days in future: 2021/04/10 15:14:37

Current Date: 2021/04/10 15:33:37
Random amount of days: -2
Random amount of hours: 0
Random amount of minutes: 46
Date -2 days in future: 2021/04/08 16:19:37

Current Date: 2021/04/10 15:33:37
Random amount of days: -2
Random amount of hours: -2
Random amount of minutes: 24
Date -2 days in future: 2021/04/08 13:57:37

Current Date: 2021/04/10 15:33:37
Random amount of days: 0
Random amount of hours: -2
Random amount of minutes: 10
Date 0 days in future: 2021/04/10 13:43:37

Current Date: 2021/04/10 15:33:37
Random amount of days: 0
Random amount of hours: 2
Random amount of minutes: -57
Date 0 days in future: 2021/04/10 16:36:37

Current Date: 2021/04/10 15:33:37
Random amount of days: 0
Random amount of hours: 0
Random amount of minutes: 16
Date 0 days in future: 2021/04/10 15:49:37

Current Date: 2021/04/10 15:33:37
Random amount of days: 0
Random amount of hours: -3
Random amount of minutes: -25
Date 0 days in future: 2021/04/10 12:08:37

Current Date: 2021/04/10 15:33:37
Random amount of days: 0
Random amount of hours: -3
Random amount of minutes: -47
Date 0 days in future: 2021/04/10 11:46:37

Current Date: 2021/04/10 15:33:37
Random amount of days: -2
Random amount of hours: -3
Random amount of minutes: 55
Date -2 days in future: 2021/04/08 13:28:37

Current Date: 2021/04/10 15:33:37
Random amount of days: -2
Random amount of hours: -2
Random amount of minutes: 0
Date -2 days in future: 2021/04/08 13:33:37

Current Date: 2021/04/10 15:33:37
Random amount of days: -3
Random amount of hours: 0
Random amount of minutes: 15
Date -3 days in future: 2021/04/07 15:48:37

Current Date: 2021/04/10 15:33:37
Random amount of days: 0
Random amount of hours: -2
Random amount of minutes: -50
Date 0 days in future: 2021/04/10 12:43:37

Current Date: 2021/04/10 15:33:37
Random amount of days: -2
Random amount of hours: 1
Random amount of minutes: 15
Date -2 days in future: 2021/04/08 16:48:37

Current Date: 2021/04/10 15:33:37
Random amount of days: 0
Random amount of hours: 3
Random amount of minutes: 43
Date 0 days in future: 2021/04/10 19:16:37

Current Date: 2021/04/10 15:33:37
Random amount of days: 0
Random amount of hours: 3
Random amount of minutes: -5
Date 0 days in future: 2021/04/10 18:28:37

Current Date: 2021/04/10 15:33:37
Random amount of days: -2
Random amount of hours: -2
Random amount of minutes: 16
Date -2 days in future: 2021/04/08 13:49:37

Current Date: 2021/04/10 15:33:37
Random amount of days: 0
Random amount of hours: -3
Random amount of minutes: -27
Date 0 days in future: 2021/04/10 12:06:37

Current Date: 2021/04/10 15:33:37
Random amount of days: 0
Random amount of hours: -1
Random amount of minutes: 15
Date 0 days in future: 2021/04/10 14:48:37

Current Date: 2021/04/10 15:33:37
Random amount of days: -2
Random amount of hours: -3
Random amount of minutes: 26
Date -2 days in future: 2021/04/08 12:59:37

Current Date: 2021/04/10 15:33:37
Random amount of days: -1
Random amount of hours: -1
Random amount of minutes: 28
Date -1 days in future: 2021/04/09 15:01:37

Current Date: 2021/04/10 15:33:37
Random amount of days: 0
Random amount of hours: 0
Random amount of minutes: -23
Date 0 days in future: 2021/04/10 15:10:37

Current Date: 2021/04/10 15:33:37
Random amount of days: -1
Random amount of hours: -1
Random amount of minutes: 12
Date -1 days in future: 2021/04/09 14:45:37

Current Date: 2021/04/10 15:33:37
Random amount of days: -3
Random amount of hours: 2
Random amount of minutes: -10
Date -3 days in future: 2021/04/07 17:23:37

Current Date: 2021/04/10 15:33:37
Random amount of days: -1
Random amount of hours: -3
Random amount of minutes: -45
Date -1 days in future: 2021/04/09 11:48:37

Current Date: 2021/04/10 15:33:37
Random amount of days: -1
Random amount of hours: -1
Random amount of minutes: 45
Date -1 days in future: 2021/04/09 15:18:37

Current Date: 2021/04/10 15:33:37
Random amount of days: -2
Random amount of hours: 1
Random amount of minutes: -25
Date -2 days in future: 2021/04/08 16:08:37

Current Date: 2021/04/10 15:33:37
Random amount of days: -3
Random amount of hours: 1
Random amount of minutes: 52
Date -3 days in future: 2021/04/07 17:25:37

Current Date: 2021/04/10 15:33:37
Random amount of days: -3
Random amount of hours: 3
Random amount of minutes: 25
Date -3 days in future: 2021/04/07 18:58:37

Current Date: 2021/04/10 15:33:37
Random amount of days: -1
Random amount of hours: -1
Random amount of minutes: 46
Date -1 days in future: 2021/04/09 15:19:37

Current Date: 2021/04/10 15:33:37
Random amount of days: -2
Random amount of hours: 2
Random amount of minutes: -49
Date -2 days in future: 2021/04/08 16:44:37

Current Date: 2021/04/10 15:33:37
Random amount of days: -3
Random amount of hours: 0
Random amount of minutes: 11
Date -3 days in future: 2021/04/07 15:44:37

Current Date: 2021/04/10 15:33:37
Random amount of days: -1
Random amount of hours: 2
Random amount of minutes: -24
Date -1 days in future: 2021/04/09 17:09:37

Current Date: 2021/04/10 15:33:37
Random amount of days: 0
Random amount of hours: -1
Random amount of minutes: 25
Date 0 days in future: 2021/04/10 14:58:37

Current Date: 2021/04/10 15:33:37
Random amount of days: -2
Random amount of hours: -2
Random amount of minutes: -22
Date -2 days in future: 2021/04/08 13:11:37

Current Date: 2021/04/10 15:33:37
Random amount of days: -3
Random amount of hours: -3
Random amount of minutes: 43
Date -3 days in future: 2021/04/07 13:16:37

Current Date: 2021/04/10 15:33:37
Random amount of days: -2
Random amount of hours: 0
Random amount of minutes: -24
Date -2 days in future: 2021/04/08 15:09:37

Current Date: 2021/04/10 15:33:37
Random amount of days: -3
Random amount of hours: 2
Random amount of minutes: 3
Date -3 days in future: 2021/04/07 17:36:37

Current Date: 2021/04/10 15:33:37
Random amount of days: -3
Random amount of hours: -1
Random amount of minutes: -54
Date -3 days in future: 2021/04/07 13:39:37

Current Date: 2021/04/10 15:33:37
Random amount of days: 0
Random amount of hours: 0
Random amount of minutes: 22
Date 0 days in future: 2021/04/10 15:55:37

Current Date: 2021/04/10 15:33:37
Random amount of days: -3
Random amount of hours: 2
Random amount of minutes: 32
Date -3 days in future: 2021/04/07 18:05:37

Current Date: 2021/04/10 15:33:37
Random amount of days: -2
Random amount of hours: -2
Random amount of minutes: 34
Date -2 days in future: 2021/04/08 14:07:37

Current Date: 2021/04/10 15:33:37
Random amount of days: -3
Random amount of hours: -3
Random amount of minutes: -11
Date -3 days in future: 2021/04/07 12:22:37

Current Date: 2021/04/10 15:33:37
Random amount of days: -1
Random amount of hours: -3
Random amount of minutes: -14
Date -1 days in future: 2021/04/09 12:19:37

Current Date: 2021/04/10 15:33:37
Random amount of days: -2
Random amount of hours: -1
Random amount of minutes: 30
Date -2 days in future: 2021/04/08 15:03:37

Current Date: 2021/04/10 15:33:37
Random amount of days: -3
Random amount of hours: -2
Random amount of minutes: 28
Date -3 days in future: 2021/04/07 14:01:37

Current Date: 2021/04/10 15:33:37
Random amount of days: 0
Random amount of hours: 2
Random amount of minutes: 21
Date 0 days in future: 2021/04/10 17:54:37

Current Date: 2021/04/10 15:33:37
Random amount of days: 0
Random amount of hours: -2
Random amount of minutes: 45
Date 0 days in future: 2021/04/10 14:18:37

Current Date: 2021/04/10 15:33:37
Random amount of days: 0
Random amount of hours: 0
Random amount of minutes: 2
Date 0 days in future: 2021/04/10 15:35:37

Current Date: 2021/04/10 15:33:37
Random amount of days: -3
Random amount of hours: -1
Random amount of minutes: 21
Date -3 days in future: 2021/04/07 14:54:37

Current Date: 2021/04/10 15:33:37
Random amount of days: -3
Random amount of hours: -3
Random amount of minutes: 1
Date -3 days in future: 2021/04/07 12:34:37

Current Date: 2021/04/10 15:33:37
Random amount of days: -2
Random amount of hours: 2
Random amount of minutes: -35
Date -2 days in future: 2021/04/08 16:58:37

Current Date: 2021/04/10 15:33:37
Random amount of days: 0
Random amount of hours: -3
Random amount of minutes: -55
Date 0 days in future: 2021/04/10 11:38:37

Current Date: 2021/04/10 15:33:37
Random amount of days: -3
Random amount of hours: -1
Random amount of minutes: 11
Date -3 days in future: 2021/04/07 14:44:37

Current Date: 2021/04/10 15:33:37
Random amount of days: -2
Random amount of hours: -2
Random amount of minutes: -54
Date -2 days in future: 2021/04/08 12:39:37

Current Date: 2021/04/10 15:33:37
Random amount of days: 0
Random amount of hours: 0
Random amount of minutes: -22
Date 0 days in future: 2021/04/10 15:11:37

Current Date: 2021/04/10 15:33:37
Random amount of days: -3
Random amount of hours: -1
Random amount of minutes: -57
Date -3 days in future: 2021/04/07 13:36:37

Current Date: 2021/04/10 15:33:37
Random amount of days: 0
Random amount of hours: 3
Random amount of minutes: 44
Date 0 days in future: 2021/04/10 19:17:37

Current Date: 2021/04/10 15:33:37
Random amount of days: 0
Random amount of hours: 2
Random amount of minutes: 46
Date 0 days in future: 2021/04/10 18:19:37

Current Date: 2021/04/10 15:33:37
Random amount of days: 0
Random amount of hours: 0
Random amount of minutes: -17
Date 0 days in future: 2021/04/10 15:16:37

Current Date: 2021/04/10 15:33:37
Random amount of days: -3
Random amount of hours: 1
Random amount of minutes: -6
Date -3 days in future: 2021/04/07 16:27:37

Current Date: 2021/04/10 15:33:37
Random amount of days: -1
Random amount of hours: -2
Random amount of minutes: -20
Date -1 days in future: 2021/04/09 13:13:37

Current Date: 2021/04/10 15:33:37
Random amount of days: -1
Random amount of hours: 1
Random amount of minutes: -45
Date -1 days in future: 2021/04/09 15:48:37

Current Date: 2021/04/10 15:33:37
Random amount of days: -1
Random amount of hours: -2
Random amount of minutes: -19
Date -1 days in future: 2021/04/09 13:14:37

Current Date: 2021/04/10 15:33:37
Random amount of days: -2
Random amount of hours: -3
Random amount of minutes: 54
Date -2 days in future: 2021/04/08 13:27:37

Current Date: 2021/04/10 15:33:37
Random amount of days: -3
Random amount of hours: 0
Random amount of minutes: 60
Date -3 days in future: 2021/04/07 16:33:37

Current Date: 2021/04/10 15:33:37
Random amount of days: -3
Random amount of hours: -2
Random amount of minutes: 32
Date -3 days in future: 2021/04/07 14:05:37

Current Date: 2021/04/10 15:33:37
Random amount of days: -2
Random amount of hours: -1
Random amount of minutes: -43
Date -2 days in future: 2021/04/08 13:50:37

Current Date: 2021/04/10 15:33:37
Random amount of days: -1
Random amount of hours: 3
Random amount of minutes: -19
Date -1 days in future: 2021/04/09 18:14:37

Current Date: 2021/04/10 15:33:37
Random amount of days: -3
Random amount of hours: -3
Random amount of minutes: 48
Date -3 days in future: 2021/04/07 13:21:37

Current Date: 2021/04/10 15:33:37
Random amount of days: -1
Random amount of hours: 1
Random amount of minutes: -14
Date -1 days in future: 2021/04/09 16:19:37

Current Date: 2021/04/10 15:33:37
Random amount of days: -2
Random amount of hours: 2
Random amount of minutes: -42
Date -2 days in future: 2021/04/08 16:51:37

Current Date: 2021/04/10 15:33:37
Random amount of days: -3
Random amount of hours: -1
Random amount of minutes: 36
Date -3 days in future: 2021/04/07 15:09:37

Current Date: 2021/04/10 15:33:37
Random amount of days: 0
Random amount of hours: 1
Random amount of minutes: 0
Date 0 days in future: 2021/04/10 16:33:37

Current Date: 2021/04/10 15:33:37
Random amount of days: -3
Random amount of hours: -3
Random amount of minutes: -24
Date -3 days in future: 2021/04/07 12:09:37

Current Date: 2021/04/10 15:33:37
Random amount of days: -3
Random amount of hours: 2
Random amount of minutes: -30
Date -3 days in future: 2021/04/07 17:03:37

Current Date: 2021/04/10 15:33:37
Random amount of days: -3
Random amount of hours: -2
Random amount of minutes: -41
Date -3 days in future: 2021/04/07 12:52:37

Current Date: 2021/04/10 15:33:37
Random amount of days: -3
Random amount of hours: -2
Random amount of minutes: -25
Date -3 days in future: 2021/04/07 13:08:37

Current Date: 2021/04/10 15:33:37
Random amount of days: 0
Random amount of hours: -3
Random amount of minutes: -29
Date 0 days in future: 2021/04/10 12:04:37

Current Date: 2021/04/10 15:33:37
Random amount of days: 0
Random amount of hours: -2
Random amount of minutes: 35
Date 0 days in future: 2021/04/10 14:08:37

Current Date: 2021/04/10 15:33:37
Random amount of days: -2
Random amount of hours: 1
Random amount of minutes: 1
Date -2 days in future: 2021/04/08 16:34:37

Current Date: 2021/04/10 15:33:37
Random amount of days: 0
Random amount of hours: -1
Random amount of minutes: 12
Date 0 days in future: 2021/04/10 14:45:37

Current Date: 2021/04/10 15:33:37
Random amount of days: 0
Random amount of hours: 2
Random amount of minutes: 25
Date 0 days in future: 2021/04/10 17:58:37

Current Date: 2021/04/10 15:33:37
Random amount of days: -3
Random amount of hours: 1
Random amount of minutes: 24
Date -3 days in future: 2021/04/07 16:57:37

Current Date: 2021/04/10 15:33:37
Random amount of days: -2
Random amount of hours: 0
Random amount of minutes: -59
Date -2 days in future: 2021/04/08 14:34:37

Current Date: 2021/04/10 15:33:37
Random amount of days: -2
Random amount of hours: 1
Random amount of minutes: -42
Date -2 days in future: 2021/04/08 15:51:37

Current Date: 2021/04/10 15:33:37
Random amount of days: -1
Random amount of hours: -3
Random amount of minutes: 12
Date -1 days in future: 2021/04/09 12:45:37

Current Date: 2021/04/10 15:33:37
Random amount of days: -2
Random amount of hours: 0
Random amount of minutes: 13
Date -2 days in future: 2021/04/08 15:46:37

Current Date: 2021/04/10 15:33:37
Random amount of days: -1
Random amount of hours: -3
Random amount of minutes: -31
Date -1 days in future: 2021/04/09 12:02:37

Current Date: 2021/04/10 15:33:37
Random amount of days: -3
Random amount of hours: 0
Random amount of minutes: 10
Date -3 days in future: 2021/04/07 15:43:37

Current Date: 2021/04/10 15:33:37
Random amount of days: -3
Random amount of hours: 0
Random amount of minutes: -5
Date -3 days in future: 2021/04/07 15:28:37

Current Date: 2021/04/10 15:33:37
Random amount of days: -2
Random amount of hours: 1
Random amount of minutes: -50
Date -2 days in future: 2021/04/08 15:43:37

Current Date: 2021/04/10 15:33:37
Random amount of days: -2
Random amount of hours: 3
Random amount of minutes: -39
Date -2 days in future: 2021/04/08 17:54:37

Current Date: 2021/04/10 15:33:37
Random amount of days: 0
Random amount of hours: 0
Random amount of minutes: 35
Date 0 days in future: 2021/04/10 16:08:37

Current Date: 2021/04/10 15:33:37
Random amount of days: 0
Random amount of hours: 2
Random amount of minutes: -14
Date 0 days in future: 2021/04/10 17:19:37

Current Date: 2021/04/10 15:33:37
Random amount of days: -1
Random amount of hours: -3
Random amount of minutes: -9
Date -1 days in future: 2021/04/09 12:24:37

Current Date: 2021/04/10 15:33:37
Random amount of days: 0
Random amount of hours: 3
Random amount of minutes: -53
Date 0 days in future: 2021/04/10 17:40:37

Current Date: 2021/04/10 15:33:37
Random amount of days: -1
Random amount of hours: -2
Random amount of minutes: 19
Date -1 days in future: 2021/04/09 13:52:37

Current Date: 2021/04/10 15:33:37
Random amount of days: -3
Random amount of hours: -3
Random amount of minutes: 60
Date -3 days in future: 2021/04/07 13:33:37

Current Date: 2021/04/10 15:33:37
Random amount of days: 0
Random amount of hours: -2
Random amount of minutes: -39
Date 0 days in future: 2021/04/10 12:54:37

Current Date: 2021/04/10 15:33:37
Random amount of days: -3
Random amount of hours: -2
Random amount of minutes: -57
Date -3 days in future: 2021/04/07 12:36:37

Current Date: 2021/04/10 15:33:37
Random amount of days: -1
Random amount of hours: 2
Random amount of minutes: 0
Date -1 days in future: 2021/04/09 17:33:37

Current Date: 2021/04/10 15:33:37
Random amount of days: -3
Random amount of hours: 3
Random amount of minutes: 18
Date -3 days in future: 2021/04/07 18:51:37

Current Date: 2021/04/10 15:33:37
Random amount of days: -3
Random amount of hours: 1
Random amount of minutes: 12
Date -3 days in future: 2021/04/07 16:45:37

Current Date: 2021/04/10 15:33:37
Random amount of days: -3
Random amount of hours: 1
Random amount of minutes: 37
Date -3 days in future: 2021/04/07 17:10:37

Current Date: 2021/04/10 15:33:37
Random amount of days: -3
Random amount of hours: 3
Random amount of minutes: 19
Date -3 days in future: 2021/04/07 18:52:37

Current Date: 2021/04/10 15:33:37
Random amount of days: 0
Random amount of hours: 2
Random amount of minutes: 22
Date 0 days in future: 2021/04/10 17:55:37

Current Date: 2021/04/10 15:33:37
Random amount of days: 0
Random amount of hours: 1
Random amount of minutes: -20
Date 0 days in future: 2021/04/10 16:13:37

Current Date: 2021/04/10 15:33:37
Random amount of days: -2
Random amount of hours: 2
Random amount of minutes: -2
Date -2 days in future: 2021/04/08 17:31:37

Current Date: 2021/04/10 15:33:37
Random amount of days: -3
Random amount of hours: -3
Random amount of minutes: -21
Date -3 days in future: 2021/04/07 12:12:37

Current Date: 2021/04/10 15:33:37
Random amount of days: -2
Random amount of hours: -2
Random amount of minutes: -17
Date -2 days in future: 2021/04/08 13:16:37

Current Date: 2021/04/10 15:33:37
Random amount of days: -1
Random amount of hours: 3
Random amount of minutes: 42
Date -1 days in future: 2021/04/09 19:15:37

Current Date: 2021/04/10 15:33:37
Random amount of days: -2
Random amount of hours: -3
Random amount of minutes: 56
Date -2 days in future: 2021/04/08 13:29:37

Current Date: 2021/04/10 15:33:37
Random amount of days: -2
Random amount of hours: -2
Random amount of minutes: 1
Date -2 days in future: 2021/04/08 13:34:37

Current Date: 2021/04/10 15:33:37
Random amount of days: -3
Random amount of hours: -2
Random amount of minutes: -40
Date -3 days in future: 2021/04/07 12:53:37

Current Date: 2021/04/10 15:33:37
Random amount of days: -2
Random amount of hours: 0
Random amount of minutes: 53
Date -2 days in future: 2021/04/08 16:26:37

Current Date: 2021/04/10 15:33:37
Random amount of days: -3
Random amount of hours: 2
Random amount of minutes: 17
Date -3 days in future: 2021/04/07 17:50:37

Current Date: 2021/04/10 15:33:37
Random amount of days: 0
Random amount of hours: 2
Random amount of minutes: -29
Date 0 days in future: 2021/04/10 17:04:37

Current Date: 2021/04/10 15:33:37
Random amount of days: -2
Random amount of hours: 1
Random amount of minutes: -17
Date -2 days in future: 2021/04/08 16:16:37

Current Date: 2021/04/10 15:33:37
Random amount of days: -2
Random amount of hours: 0
Random amount of minutes: 23
Date -2 days in future: 2021/04/08 15:56:37

Current Date: 2021/04/10 15:33:37
Random amount of days: 0
Random amount of hours: 2
Random amount of minutes: 3
Date 0 days in future: 2021/04/10 17:36:37

Current Date: 2021/04/10 15:33:37
Random amount of days: -1
Random amount of hours: 3
Random amount of minutes: 17
Date -1 days in future: 2021/04/09 18:50:37

Current Date: 2021/04/10 15:33:37
Random amount of days: -2
Random amount of hours: -3
Random amount of minutes: 31
Date -2 days in future: 2021/04/08 13:04:37

Current Date: 2021/04/10 15:33:37
Random amount of days: -1
Random amount of hours: 1
Random amount of minutes: -11
Date -1 days in future: 2021/04/09 16:22:37

Current Date: 2021/04/10 15:33:37
Random amount of days: -3
Random amount of hours: 0
Random amount of minutes: 31
Date -3 days in future: 2021/04/07 16:04:37

Current Date: 2021/04/10 15:33:37
Random amount of days: -1
Random amount of hours: 3
Random amount of minutes: 7
Date -1 days in future: 2021/04/09 18:40:37

Current Date: 2021/04/10 15:33:37
Random amount of days: -1
Random amount of hours: -2
Random amount of minutes: 24
Date -1 days in future: 2021/04/09 13:57:37

Current Date: 2021/04/10 15:33:37
Random amount of days: -1
Random amount of hours: -1
Random amount of minutes: 52
Date -1 days in future: 2021/04/09 15:25:37

Current Date: 2021/04/10 15:33:37
Random amount of days: -2
Random amount of hours: -2
Random amount of minutes: -37
Date -2 days in future: 2021/04/08 12:56:37

Current Date: 2021/04/10 15:33:37
Random amount of days: 0
Random amount of hours: -2
Random amount of minutes: -17
Date 0 days in future: 2021/04/10 13:16:37

Current Date: 2021/04/10 15:33:37
Random amount of days: -3
Random amount of hours: 3
Random amount of minutes: -40
Date -3 days in future: 2021/04/07 17:53:37

Current Date: 2021/04/10 15:33:37
Random amount of days: -1
Random amount of hours: -2
Random amount of minutes: 58
Date -1 days in future: 2021/04/09 14:31:37

Current Date: 2021/04/10 15:33:37
Random amount of days: -3
Random amount of hours: -3
Random amount of minutes: -31
Date -3 days in future: 2021/04/07 12:02:37

Current Date: 2021/04/10 15:33:37
Random amount of days: -2
Random amount of hours: 2
Random amount of minutes: -23
Date -2 days in future: 2021/04/08 17:10:37

Current Date: 2021/04/10 15:33:37
Random amount of days: -2
Random amount of hours: -3
Random amount of minutes: -50
Date -2 days in future: 2021/04/08 11:43:37

Current Date: 2021/04/10 15:33:37
Random amount of days: -1
Random amount of hours: -3
Random amount of minutes: -26
Date -1 days in future: 2021/04/09 12:07:37

Current Date: 2021/04/10 15:33:37
Random amount of days: 0
Random amount of hours: 2
Random amount of minutes: -26
Date 0 days in future: 2021/04/10 17:07:37

Current Date: 2021/04/10 15:33:37
Random amount of days: -1
Random amount of hours: -3
Random amount of minutes: 37
Date -1 days in future: 2021/04/09 13:10:37

Current Date: 2021/04/10 15:33:37
Random amount of days: -2
Random amount of hours: -2
Random amount of minutes: -15
Date -2 days in future: 2021/04/08 13:18:37

Current Date: 2021/04/10 15:33:37
Random amount of days: -3
Random amount of hours: -3
Random amount of minutes: -16
Date -3 days in future: 2021/04/07 12:17:37

Current Date: 2021/04/10 15:33:37
Random amount of days: -1
Random amount of hours: 3
Random amount of minutes: -35
Date -1 days in future: 2021/04/09 17:58:37

Current Date: 2021/04/10 15:33:37
Random amount of days: -3
Random amount of hours: -3
Random amount of minutes: 15
Date -3 days in future: 2021/04/07 12:48:37

Current Date: 2021/04/10 15:33:37
Random amount of days: -1
Random amount of hours: -1
Random amount of minutes: -43
Date -1 days in future: 2021/04/09 13:50:37

Current Date: 2021/04/10 15:33:37
Random amount of days: -3
Random amount of hours: 2
Random amount of minutes: -12
Date -3 days in future: 2021/04/07 17:21:37

Current Date: 2021/04/10 15:33:37
Random amount of days: -3
Random amount of hours: -2
Random amount of minutes: -42
Date -3 days in future: 2021/04/07 12:51:37

Current Date: 2021/04/10 15:33:37
Random amount of days: 0
Random amount of hours: -1
Random amount of minutes: -12
Date 0 days in future: 2021/04/10 14:21:37

Current Date: 2021/04/10 15:33:37
Random amount of days: 0
Random amount of hours: -3
Random amount of minutes: -13
Date 0 days in future: 2021/04/10 12:20:37

Current Date: 2021/04/10 15:33:37
Random amount of days: 0
Random amount of hours: -2
Random amount of minutes: 15
Date 0 days in future: 2021/04/10 13:48:37

Current Date: 2021/04/10 15:33:37
Random amount of days: -2
Random amount of hours: 3
Random amount of minutes: -20
Date -2 days in future: 2021/04/08 18:13:37

Current Date: 2021/04/10 15:33:37
Random amount of days: -1
Random amount of hours: -3
Random amount of minutes: -51
Date -1 days in future: 2021/04/09 11:42:37

Current Date: 2021/04/10 15:33:37
Random amount of days: 0
Random amount of hours: 2
Random amount of minutes: -40
Date 0 days in future: 2021/04/10 16:53:37

Current Date: 2021/04/10 15:33:37
Random amount of days: 0
Random amount of hours: 2
Random amount of minutes: 10
Date 0 days in future: 2021/04/10 17:43:37

Current Date: 2021/04/10 15:33:37
Random amount of days: 0
Random amount of hours: -2
Random amount of minutes: 26
Date 0 days in future: 2021/04/10 13:59:37

Current Date: 2021/04/10 15:33:37
Random amount of days: -3
Random amount of hours: -3
Random amount of minutes: -50
Date -3 days in future: 2021/04/07 11:43:37

Current Date: 2021/04/10 15:33:37
Random amount of days: -3
Random amount of hours: 2
Random amount of minutes: -32
Date -3 days in future: 2021/04/07 17:01:37

Current Date: 2021/04/10 15:33:37
Random amount of days: -2
Random amount of hours: 1
Random amount of minutes: -38
Date -2 days in future: 2021/04/08 15:55:37

Current Date: 2021/04/10 15:33:37
Random amount of days: -1
Random amount of hours: -1
Random amount of minutes: 44
Date -1 days in future: 2021/04/09 15:17:37

mno:Member(mno=136, name=null, phone=null)
building:Facility(bno=5, building=building5)
status:true
temperature36.0
Hibernate: 
    insert 
    into
        status
        (regdate, facility_bno, member_mno, state, temperature) 
    values
        (?, ?, ?, ?, ?)
mno:Member(mno=256, name=null, phone=null)
building:Facility(bno=2, building=building2)
status:true
temperature36.8
Hibernate: 
    insert 
    into
        status
        (regdate, facility_bno, member_mno, state, temperature) 
    values
        (?, ?, ?, ?, ?)
mno:Member(mno=226, name=null, phone=null)
building:Facility(bno=9, building=building9)
status:true
temperature36.4
Hibernate: 
    insert 
    into
        status
        (regdate, facility_bno, member_mno, state, temperature) 
    values
        (?, ?, ?, ?, ?)
mno:Member(mno=129, name=null, phone=null)
building:Facility(bno=4, building=building4)
status:true
temperature36.2
Hibernate: 
    insert 
    into
        status
        (regdate, facility_bno, member_mno, state, temperature) 
    values
        (?, ?, ?, ?, ?)
mno:Member(mno=1, name=null, phone=null)
building:Facility(bno=3, building=building3)
status:true
temperature36.0
Hibernate: 
    insert 
    into
        status
        (regdate, facility_bno, member_mno, state, temperature) 
    values
        (?, ?, ?, ?, ?)
mno:Member(mno=129, name=null, phone=null)
building:Facility(bno=4, building=building4)
status:false
temperature37.2
Hibernate: 
    insert 
    into
        status
        (regdate, facility_bno, member_mno, state, temperature) 
    values
        (?, ?, ?, ?, ?)
mno:Member(mno=85, name=null, phone=null)
building:Facility(bno=7, building=building7)
status:true
temperature35.9
Hibernate: 
    insert 
    into
        status
        (regdate, facility_bno, member_mno, state, temperature) 
    values
        (?, ?, ?, ?, ?)
mno:Member(mno=37, name=null, phone=null)
building:Facility(bno=7, building=building7)
status:true
temperature35.2
Hibernate: 
    insert 
    into
        status
        (regdate, facility_bno, member_mno, state, temperature) 
    values
        (?, ?, ?, ?, ?)
mno:Member(mno=170, name=null, phone=null)
building:Facility(bno=9, building=building9)
status:true
temperature35.3
Hibernate: 
    insert 
    into
        status
        (regdate, facility_bno, member_mno, state, temperature) 
    values
        (?, ?, ?, ?, ?)
mno:Member(mno=24, name=null, phone=null)
building:Facility(bno=1, building=building1)
status:true
temperature36.1
Hibernate: 
    insert 
    into
        status
        (regdate, facility_bno, member_mno, state, temperature) 
    values
        (?, ?, ?, ?, ?)
mno:Member(mno=190, name=null, phone=null)
building:Facility(bno=6, building=building6)
status:true
temperature35.3
Hibernate: 
    insert 
    into
        status
        (regdate, facility_bno, member_mno, state, temperature) 
    values
        (?, ?, ?, ?, ?)
mno:Member(mno=142, name=null, phone=null)
building:Facility(bno=9, building=building9)
status:true
temperature35.4
Hibernate: 
    insert 
    into
        status
        (regdate, facility_bno, member_mno, state, temperature) 
    values
        (?, ?, ?, ?, ?)
mno:Member(mno=274, name=null, phone=null)
building:Facility(bno=2, building=building2)
status:true
temperature35.4
Hibernate: 
    insert 
    into
        status
        (regdate, facility_bno, member_mno, state, temperature) 
    values
        (?, ?, ?, ?, ?)
mno:Member(mno=164, name=null, phone=null)
building:Facility(bno=10, building=building10)
status:true
temperature36.1
Hibernate: 
    insert 
    into
        status
        (regdate, facility_bno, member_mno, state, temperature) 
    values
        (?, ?, ?, ?, ?)
mno:Member(mno=72, name=null, phone=null)
building:Facility(bno=10, building=building10)
status:true
temperature35.8
Hibernate: 
    insert 
    into
        status
        (regdate, facility_bno, member_mno, state, temperature) 
    values
        (?, ?, ?, ?, ?)
mno:Member(mno=184, name=null, phone=null)
building:Facility(bno=4, building=building4)
status:true
temperature37.2
Hibernate: 
    insert 
    into
        status
        (regdate, facility_bno, member_mno, state, temperature) 
    values
        (?, ?, ?, ?, ?)
mno:Member(mno=33, name=null, phone=null)
building:Facility(bno=4, building=building4)
status:true
temperature36.5
Hibernate: 
    insert 
    into
        status
        (regdate, facility_bno, member_mno, state, temperature) 
    values
        (?, ?, ?, ?, ?)
mno:Member(mno=231, name=null, phone=null)
building:Facility(bno=7, building=building7)
status:true
temperature35.0
Hibernate: 
    insert 
    into
        status
        (regdate, facility_bno, member_mno, state, temperature) 
    values
        (?, ?, ?, ?, ?)
mno:Member(mno=39, name=null, phone=null)
building:Facility(bno=3, building=building3)
status:true
temperature36.5
Hibernate: 
    insert 
    into
        status
        (regdate, facility_bno, member_mno, state, temperature) 
    values
        (?, ?, ?, ?, ?)
mno:Member(mno=163, name=null, phone=null)
building:Facility(bno=6, building=building6)
status:true
temperature36.0
Hibernate: 
    insert 
    into
        status
        (regdate, facility_bno, member_mno, state, temperature) 
    values
        (?, ?, ?, ?, ?)
mno:Member(mno=183, name=null, phone=null)
building:Facility(bno=3, building=building3)
status:true
temperature36.8
Hibernate: 
    insert 
    into
        status
        (regdate, facility_bno, member_mno, state, temperature) 
    values
        (?, ?, ?, ?, ?)
mno:Member(mno=154, name=null, phone=null)
building:Facility(bno=7, building=building7)
status:true
temperature36.9
Hibernate: 
    insert 
    into
        status
        (regdate, facility_bno, member_mno, state, temperature) 
    values
        (?, ?, ?, ?, ?)
mno:Member(mno=159, name=null, phone=null)
building:Facility(bno=2, building=building2)
status:true
temperature36.3
Hibernate: 
    insert 
    into
        status
        (regdate, facility_bno, member_mno, state, temperature) 
    values
        (?, ?, ?, ?, ?)
mno:Member(mno=234, name=null, phone=null)
building:Facility(bno=8, building=building8)
status:true
temperature36.3
Hibernate: 
    insert 
    into
        status
        (regdate, facility_bno, member_mno, state, temperature) 
    values
        (?, ?, ?, ?, ?)
mno:Member(mno=106, name=null, phone=null)
building:Facility(bno=4, building=building4)
status:true
temperature36.6
Hibernate: 
    insert 
    into
        status
        (regdate, facility_bno, member_mno, state, temperature) 
    values
        (?, ?, ?, ?, ?)
mno:Member(mno=1, name=null, phone=null)
building:Facility(bno=3, building=building3)
status:false
temperature36.4
Hibernate: 
    insert 
    into
        status
        (regdate, facility_bno, member_mno, state, temperature) 
    values
        (?, ?, ?, ?, ?)
mno:Member(mno=263, name=null, phone=null)
building:Facility(bno=1, building=building1)
status:true
temperature36.9
Hibernate: 
    insert 
    into
        status
        (regdate, facility_bno, member_mno, state, temperature) 
    values
        (?, ?, ?, ?, ?)
mno:Member(mno=134, name=null, phone=null)
building:Facility(bno=4, building=building4)
status:true
temperature36.3
Hibernate: 
    insert 
    into
        status
        (regdate, facility_bno, member_mno, state, temperature) 
    values
        (?, ?, ?, ?, ?)
mno:Member(mno=41, name=null, phone=null)
building:Facility(bno=10, building=building10)
status:true
temperature35.3
Hibernate: 
    insert 
    into
        status
        (regdate, facility_bno, member_mno, state, temperature) 
    values
        (?, ?, ?, ?, ?)
mno:Member(mno=264, name=null, phone=null)
building:Facility(bno=1, building=building1)
status:true
temperature36.4
Hibernate: 
    insert 
    into
        status
        (regdate, facility_bno, member_mno, state, temperature) 
    values
        (?, ?, ?, ?, ?)
mno:Member(mno=92, name=null, phone=null)
building:Facility(bno=5, building=building5)
status:true
temperature37.3
Hibernate: 
    insert 
    into
        status
        (regdate, facility_bno, member_mno, state, temperature) 
    values
        (?, ?, ?, ?, ?)
mno:Member(mno=72, name=null, phone=null)
building:Facility(bno=10, building=building10)
status:false
temperature35.0
Hibernate: 
    insert 
    into
        status
        (regdate, facility_bno, member_mno, state, temperature) 
    values
        (?, ?, ?, ?, ?)
mno:Member(mno=203, name=null, phone=null)
building:Facility(bno=3, building=building3)
status:true
temperature37.2
Hibernate: 
    insert 
    into
        status
        (regdate, facility_bno, member_mno, state, temperature) 
    values
        (?, ?, ?, ?, ?)
mno:Member(mno=220, name=null, phone=null)
building:Facility(bno=10, building=building10)
status:true
temperature35.9
Hibernate: 
    insert 
    into
        status
        (regdate, facility_bno, member_mno, state, temperature) 
    values
        (?, ?, ?, ?, ?)
mno:Member(mno=158, name=null, phone=null)
building:Facility(bno=7, building=building7)
status:true
temperature36.2
Hibernate: 
    insert 
    into
        status
        (regdate, facility_bno, member_mno, state, temperature) 
    values
        (?, ?, ?, ?, ?)
mno:Member(mno=69, name=null, phone=null)
building:Facility(bno=3, building=building3)
status:true
temperature35.8
Hibernate: 
    insert 
    into
        status
        (regdate, facility_bno, member_mno, state, temperature) 
    values
        (?, ?, ?, ?, ?)
mno:Member(mno=191, name=null, phone=null)
building:Facility(bno=8, building=building8)
status:true
temperature36.5
Hibernate: 
    insert 
    into
        status
        (regdate, facility_bno, member_mno, state, temperature) 
    values
        (?, ?, ?, ?, ?)
mno:Member(mno=114, name=null, phone=null)
building:Facility(bno=9, building=building9)
status:true
temperature36.2
Hibernate: 
    insert 
    into
        status
        (regdate, facility_bno, member_mno, state, temperature) 
    values
        (?, ?, ?, ?, ?)
mno:Member(mno=259, name=null, phone=null)
building:Facility(bno=2, building=building2)
status:true
temperature36.8
Hibernate: 
    insert 
    into
        status
        (regdate, facility_bno, member_mno, state, temperature) 
    values
        (?, ?, ?, ?, ?)
mno:Member(mno=138, name=null, phone=null)
building:Facility(bno=5, building=building5)
status:true
temperature35.6
Hibernate: 
    insert 
    into
        status
        (regdate, facility_bno, member_mno, state, temperature) 
    values
        (?, ?, ?, ?, ?)
mno:Member(mno=102, name=null, phone=null)
building:Facility(bno=5, building=building5)
status:true
temperature36.5
Hibernate: 
    insert 
    into
        status
        (regdate, facility_bno, member_mno, state, temperature) 
    values
        (?, ?, ?, ?, ?)
mno:Member(mno=92, name=null, phone=null)
building:Facility(bno=5, building=building5)
status:false
temperature35.7
Hibernate: 
    insert 
    into
        status
        (regdate, facility_bno, member_mno, state, temperature) 
    values
        (?, ?, ?, ?, ?)
mno:Member(mno=102, name=null, phone=null)
building:Facility(bno=5, building=building5)
status:false
temperature36.4
Hibernate: 
    insert 
    into
        status
        (regdate, facility_bno, member_mno, state, temperature) 
    values
        (?, ?, ?, ?, ?)
mno:Member(mno=158, name=null, phone=null)
building:Facility(bno=7, building=building7)
status:false
temperature37.0
Hibernate: 
    insert 
    into
        status
        (regdate, facility_bno, member_mno, state, temperature) 
    values
        (?, ?, ?, ?, ?)
mno:Member(mno=265, name=null, phone=null)
building:Facility(bno=9, building=building9)
status:true
temperature35.4
Hibernate: 
    insert 
    into
        status
        (regdate, facility_bno, member_mno, state, temperature) 
    values
        (?, ?, ?, ?, ?)
mno:Member(mno=265, name=null, phone=null)
building:Facility(bno=9, building=building9)
status:false
temperature36.4
Hibernate: 
    insert 
    into
        status
        (regdate, facility_bno, member_mno, state, temperature) 
    values
        (?, ?, ?, ?, ?)
mno:Member(mno=25, name=null, phone=null)
building:Facility(bno=7, building=building7)
status:true
temperature35.0
Hibernate: 
    insert 
    into
        status
        (regdate, facility_bno, member_mno, state, temperature) 
    values
        (?, ?, ?, ?, ?)
mno:Member(mno=168, name=null, phone=null)
building:Facility(bno=8, building=building8)
status:true
temperature35.5
Hibernate: 
    insert 
    into
        status
        (regdate, facility_bno, member_mno, state, temperature) 
    values
        (?, ?, ?, ?, ?)
mno:Member(mno=30, name=null, phone=null)
building:Facility(bno=8, building=building8)
status:true
temperature36.8
Hibernate: 
    insert 
    into
        status
        (regdate, facility_bno, member_mno, state, temperature) 
    values
        (?, ?, ?, ?, ?)
mno:Member(mno=34, name=null, phone=null)
building:Facility(bno=4, building=building4)
status:true
temperature36.7
Hibernate: 
    insert 
    into
        status
        (regdate, facility_bno, member_mno, state, temperature) 
    values
        (?, ?, ?, ?, ?)
mno:Member(mno=13, name=null, phone=null)
building:Facility(bno=7, building=building7)
status:true
temperature35.0
Hibernate: 
    insert 
    into
        status
        (regdate, facility_bno, member_mno, state, temperature) 
    values
        (?, ?, ?, ?, ?)
mno:Member(mno=160, name=null, phone=null)
building:Facility(bno=7, building=building7)
status:true
temperature36.7
Hibernate: 
    insert 
    into
        status
        (regdate, facility_bno, member_mno, state, temperature) 
    values
        (?, ?, ?, ?, ?)
mno:Member(mno=227, name=null, phone=null)
building:Facility(bno=2, building=building2)
status:true
temperature36.9
Hibernate: 
    insert 
    into
        status
        (regdate, facility_bno, member_mno, state, temperature) 
    values
        (?, ?, ?, ?, ?)
mno:Member(mno=38, name=null, phone=null)
building:Facility(bno=6, building=building6)
status:true
temperature35.3
Hibernate: 
    insert 
    into
        status
        (regdate, facility_bno, member_mno, state, temperature) 
    values
        (?, ?, ?, ?, ?)
mno:Member(mno=91, name=null, phone=null)
building:Facility(bno=7, building=building7)
status:true
temperature35.8
Hibernate: 
    insert 
    into
        status
        (regdate, facility_bno, member_mno, state, temperature) 
    values
        (?, ?, ?, ?, ?)
mno:Member(mno=9, name=null, phone=null)
building:Facility(bno=8, building=building8)
status:true
temperature36.7
Hibernate: 
    insert 
    into
        status
        (regdate, facility_bno, member_mno, state, temperature) 
    values
        (?, ?, ?, ?, ?)
mno:Member(mno=210, name=null, phone=null)
building:Facility(bno=2, building=building2)
status:true
temperature36.2
Hibernate: 
    insert 
    into
        status
        (regdate, facility_bno, member_mno, state, temperature) 
    values
        (?, ?, ?, ?, ?)
mno:Member(mno=126, name=null, phone=null)
building:Facility(bno=1, building=building1)
status:true
temperature37.2
Hibernate: 
    insert 
    into
        status
        (regdate, facility_bno, member_mno, state, temperature) 
    values
        (?, ?, ?, ?, ?)
mno:Member(mno=228, name=null, phone=null)
building:Facility(bno=1, building=building1)
status:true
temperature36.4
Hibernate: 
    insert 
    into
        status
        (regdate, facility_bno, member_mno, state, temperature) 
    values
        (?, ?, ?, ?, ?)
mno:Member(mno=82, name=null, phone=null)
building:Facility(bno=6, building=building6)
status:true
temperature35.9
Hibernate: 
    insert 
    into
        status
        (regdate, facility_bno, member_mno, state, temperature) 
    values
        (?, ?, ?, ?, ?)
mno:Member(mno=181, name=null, phone=null)
building:Facility(bno=8, building=building8)
status:true
temperature37.2
Hibernate: 
    insert 
    into
        status
        (regdate, facility_bno, member_mno, state, temperature) 
    values
        (?, ?, ?, ?, ?)
mno:Member(mno=195, name=null, phone=null)
building:Facility(bno=4, building=building4)
status:true
temperature35.7
Hibernate: 
    insert 
    into
        status
        (regdate, facility_bno, member_mno, state, temperature) 
    values
        (?, ?, ?, ?, ?)
mno:Member(mno=196, name=null, phone=null)
building:Facility(bno=6, building=building6)
status:true
temperature36.4
Hibernate: 
    insert 
    into
        status
        (regdate, facility_bno, member_mno, state, temperature) 
    values
        (?, ?, ?, ?, ?)
mno:Member(mno=268, name=null, phone=null)
building:Facility(bno=1, building=building1)
status:true
temperature35.5
Hibernate: 
    insert 
    into
        status
        (regdate, facility_bno, member_mno, state, temperature) 
    values
        (?, ?, ?, ?, ?)
mno:Member(mno=233, name=null, phone=null)
building:Facility(bno=1, building=building1)
status:true
temperature35.8
Hibernate: 
    insert 
    into
        status
        (regdate, facility_bno, member_mno, state, temperature) 
    values
        (?, ?, ?, ?, ?)
mno:Member(mno=122, name=null, phone=null)
building:Facility(bno=7, building=building7)
status:true
temperature35.6
Hibernate: 
    insert 
    into
        status
        (regdate, facility_bno, member_mno, state, temperature) 
    values
        (?, ?, ?, ?, ?)
mno:Member(mno=161, name=null, phone=null)
building:Facility(bno=2, building=building2)
status:true
temperature35.6
Hibernate: 
    insert 
    into
        status
        (regdate, facility_bno, member_mno, state, temperature) 
    values
        (?, ?, ?, ?, ?)
mno:Member(mno=164, name=null, phone=null)
building:Facility(bno=10, building=building10)
status:false
temperature36.0
Hibernate: 
    insert 
    into
        status
        (regdate, facility_bno, member_mno, state, temperature) 
    values
        (?, ?, ?, ?, ?)
mno:Member(mno=145, name=null, phone=null)
building:Facility(bno=7, building=building7)
status:true
temperature36.3
Hibernate: 
    insert 
    into
        status
        (regdate, facility_bno, member_mno, state, temperature) 
    values
        (?, ?, ?, ?, ?)
mno:Member(mno=33, name=null, phone=null)
building:Facility(bno=4, building=building4)
status:false
temperature36.7
Hibernate: 
    insert 
    into
        status
        (regdate, facility_bno, member_mno, state, temperature) 
    values
        (?, ?, ?, ?, ?)
mno:Member(mno=203, name=null, phone=null)
building:Facility(bno=3, building=building3)
status:false
temperature35.1
Hibernate: 
    insert 
    into
        status
        (regdate, facility_bno, member_mno, state, temperature) 
    values
        (?, ?, ?, ?, ?)
mno:Member(mno=96, name=null, phone=null)
building:Facility(bno=4, building=building4)
status:true
temperature36.6
Hibernate: 
    insert 
    into
        status
        (regdate, facility_bno, member_mno, state, temperature) 
    values
        (?, ?, ?, ?, ?)
mno:Member(mno=190, name=null, phone=null)
building:Facility(bno=6, building=building6)
status:false
temperature35.1
Hibernate: 
    insert 
    into
        status
        (regdate, facility_bno, member_mno, state, temperature) 
    values
        (?, ?, ?, ?, ?)
mno:Member(mno=162, name=null, phone=null)
building:Facility(bno=2, building=building2)
status:true
temperature36.0
Hibernate: 
    insert 
    into
        status
        (regdate, facility_bno, member_mno, state, temperature) 
    values
        (?, ?, ?, ?, ?)
mno:Member(mno=27, name=null, phone=null)
building:Facility(bno=2, building=building2)
status:true
temperature36.7
Hibernate: 
    insert 
    into
        status
        (regdate, facility_bno, member_mno, state, temperature) 
    values
        (?, ?, ?, ?, ?)
mno:Member(mno=212, name=null, phone=null)
building:Facility(bno=8, building=building8)
status:true
temperature36.1
Hibernate: 
    insert 
    into
        status
        (regdate, facility_bno, member_mno, state, temperature) 
    values
        (?, ?, ?, ?, ?)
mno:Member(mno=180, name=null, phone=null)
building:Facility(bno=4, building=building4)
status:true
temperature36.1
Hibernate: 
    insert 
    into
        status
        (regdate, facility_bno, member_mno, state, temperature) 
    values
        (?, ?, ?, ?, ?)
mno:Member(mno=165, name=null, phone=null)
building:Facility(bno=9, building=building9)
status:true
temperature35.2
Hibernate: 
    insert 
    into
        status
        (regdate, facility_bno, member_mno, state, temperature) 
    values
        (?, ?, ?, ?, ?)
mno:Member(mno=271, name=null, phone=null)
building:Facility(bno=6, building=building6)
status:true
temperature36.6
Hibernate: 
    insert 
    into
        status
        (regdate, facility_bno, member_mno, state, temperature) 
    values
        (?, ?, ?, ?, ?)
mno:Member(mno=123, name=null, phone=null)
building:Facility(bno=8, building=building8)
status:true
temperature35.5
Hibernate: 
    insert 
    into
        status
        (regdate, facility_bno, member_mno, state, temperature) 
    values
        (?, ?, ?, ?, ?)
mno:Member(mno=8, name=null, phone=null)
building:Facility(bno=7, building=building7)
status:true
temperature35.5
Hibernate: 
    insert 
    into
        status
        (regdate, facility_bno, member_mno, state, temperature) 
    values
        (?, ?, ?, ?, ?)
mno:Member(mno=171, name=null, phone=null)
building:Facility(bno=5, building=building5)
status:true
temperature35.4
Hibernate: 
    insert 
    into
        status
        (regdate, facility_bno, member_mno, state, temperature) 
    values
        (?, ?, ?, ?, ?)
mno:Member(mno=130, name=null, phone=null)
building:Facility(bno=5, building=building5)
status:true
temperature35.6
Hibernate: 
    insert 
    into
        status
        (regdate, facility_bno, member_mno, state, temperature) 
    values
        (?, ?, ?, ?, ?)
mno:Member(mno=198, name=null, phone=null)
building:Facility(bno=1, building=building1)
status:true
temperature36.9
Hibernate: 
    insert 
    into
        status
        (regdate, facility_bno, member_mno, state, temperature) 
    values
        (?, ?, ?, ?, ?)
mno:Member(mno=224, name=null, phone=null)
building:Facility(bno=8, building=building8)
status:true
temperature36.7
Hibernate: 
    insert 
    into
        status
        (regdate, facility_bno, member_mno, state, temperature) 
    values
        (?, ?, ?, ?, ?)
mno:Member(mno=170, name=null, phone=null)
building:Facility(bno=9, building=building9)
status:false
temperature36.4
Hibernate: 
    insert 
    into
        status
        (regdate, facility_bno, member_mno, state, temperature) 
    values
        (?, ?, ?, ?, ?)
mno:Member(mno=62, name=null, phone=null)
building:Facility(bno=6, building=building6)
status:true
temperature36.7
Hibernate: 
    insert 
    into
        status
        (regdate, facility_bno, member_mno, state, temperature) 
    values
        (?, ?, ?, ?, ?)
mno:Member(mno=130, name=null, phone=null)
building:Facility(bno=5, building=building5)
status:false
temperature36.5
Hibernate: 
    insert 
    into
        status
        (regdate, facility_bno, member_mno, state, temperature) 
    values
        (?, ?, ?, ?, ?)
mno:Member(mno=217, name=null, phone=null)
building:Facility(bno=5, building=building5)
status:true
temperature35.5
Hibernate: 
    insert 
    into
        status
        (regdate, facility_bno, member_mno, state, temperature) 
    values
        (?, ?, ?, ?, ?)
mno:Member(mno=187, name=null, phone=null)
building:Facility(bno=1, building=building1)
status:true
temperature35.4
Hibernate: 
    insert 
    into
        status
        (regdate, facility_bno, member_mno, state, temperature) 
    values
        (?, ?, ?, ?, ?)
mno:Member(mno=13, name=null, phone=null)
building:Facility(bno=7, building=building7)
status:false
temperature36.1
Hibernate: 
    insert 
    into
        status
        (regdate, facility_bno, member_mno, state, temperature) 
    values
        (?, ?, ?, ?, ?)
mno:Member(mno=98, name=null, phone=null)
building:Facility(bno=5, building=building5)
status:true
temperature37.1
Hibernate: 
    insert 
    into
        status
        (regdate, facility_bno, member_mno, state, temperature) 
    values
        (?, ?, ?, ?, ?)
mno:Member(mno=161, name=null, phone=null)
building:Facility(bno=2, building=building2)
status:false
temperature36.3
Hibernate: 
    insert 
    into
        status
        (regdate, facility_bno, member_mno, state, temperature) 
    values
        (?, ?, ?, ?, ?)
mno:Member(mno=244, name=null, phone=null)
building:Facility(bno=6, building=building6)
status:true
temperature36.0
Hibernate: 
    insert 
    into
        status
        (regdate, facility_bno, member_mno, state, temperature) 
    values
        (?, ?, ?, ?, ?)
mno:Member(mno=194, name=null, phone=null)
building:Facility(bno=7, building=building7)
status:true
temperature35.5
Hibernate: 
    insert 
    into
        status
        (regdate, facility_bno, member_mno, state, temperature) 
    values
        (?, ?, ?, ?, ?)
mno:Member(mno=273, name=null, phone=null)
building:Facility(bno=4, building=building4)
status:true
temperature36.3
Hibernate: 
    insert 
    into
        status
        (regdate, facility_bno, member_mno, state, temperature) 
    values
        (?, ?, ?, ?, ?)
mno:Member(mno=72, name=null, phone=null)
building:Facility(bno=6, building=building6)
status:true
temperature36.3
Hibernate: 
    insert 
    into
        status
        (regdate, facility_bno, member_mno, state, temperature) 
    values
        (?, ?, ?, ?, ?)
mno:Member(mno=283, name=null, phone=null)
building:Facility(bno=2, building=building2)
status:true
temperature35.7
Hibernate: 
    insert 
    into
        status
        (regdate, facility_bno, member_mno, state, temperature) 
    values
        (?, ?, ?, ?, ?)
mno:Member(mno=172, name=null, phone=null)
building:Facility(bno=6, building=building6)
status:true
temperature35.5
Hibernate: 
    insert 
    into
        status
        (regdate, facility_bno, member_mno, state, temperature) 
    values
        (?, ?, ?, ?, ?)
mno:Member(mno=58, name=null, phone=null)
building:Facility(bno=8, building=building8)
status:true
temperature37.3
Hibernate: 
    insert 
    into
        status
        (regdate, facility_bno, member_mno, state, temperature) 
    values
        (?, ?, ?, ?, ?)
mno:Member(mno=113, name=null, phone=null)
building:Facility(bno=1, building=building1)
status:true
temperature35.1
Hibernate: 
    insert 
    into
        status
        (regdate, facility_bno, member_mno, state, temperature) 
    values
        (?, ?, ?, ?, ?)
mno:Member(mno=243, name=null, phone=null)
building:Facility(bno=8, building=building8)
status:true
temperature36.6
Hibernate: 
    insert 
    into
        status
        (regdate, facility_bno, member_mno, state, temperature) 
    values
        (?, ?, ?, ?, ?)
mno:Member(mno=261, name=null, phone=null)
building:Facility(bno=8, building=building8)
status:true
temperature35.6
Hibernate: 
    insert 
    into
        status
        (regdate, facility_bno, member_mno, state, temperature) 
    values
        (?, ?, ?, ?, ?)
mno:Member(mno=50, name=null, phone=null)
building:Facility(bno=8, building=building8)
status:true
temperature36.5
Hibernate: 
    insert 
    into
        status
        (regdate, facility_bno, member_mno, state, temperature) 
    values
        (?, ?, ?, ?, ?)
mno:Member(mno=67, name=null, phone=null)
building:Facility(bno=2, building=building2)
status:true
temperature37.0
Hibernate: 
    insert 
    into
        status
        (regdate, facility_bno, member_mno, state, temperature) 
    values
        (?, ?, ?, ?, ?)
mno:Member(mno=235, name=null, phone=null)
building:Facility(bno=3, building=building3)
status:true
temperature36.3
Hibernate: 
    insert 
    into
        status
        (regdate, facility_bno, member_mno, state, temperature) 
    values
        (?, ?, ?, ?, ?)
mno:Member(mno=223, name=null, phone=null)
building:Facility(bno=5, building=building5)
status:true
temperature35.3
Hibernate: 
    insert 
    into
        status
        (regdate, facility_bno, member_mno, state, temperature) 
    values
        (?, ?, ?, ?, ?)
mno:Member(mno=41, name=null, phone=null)
building:Facility(bno=10, building=building10)
status:false
temperature37.2
Hibernate: 
    insert 
    into
        status
        (regdate, facility_bno, member_mno, state, temperature) 
    values
        (?, ?, ?, ?, ?)
mno:Member(mno=75, name=null, phone=null)
building:Facility(bno=6, building=building6)
status:true
temperature36.8
Hibernate: 
    insert 
    into
        status
        (regdate, facility_bno, member_mno, state, temperature) 
    values
        (?, ?, ?, ?, ?)
mno:Member(mno=150, name=null, phone=null)
building:Facility(bno=9, building=building9)
status:true
temperature37.2
Hibernate: 
    insert 
    into
        status
        (regdate, facility_bno, member_mno, state, temperature) 
    values
        (?, ?, ?, ?, ?)
mno:Member(mno=254, name=null, phone=null)
building:Facility(bno=4, building=building4)
status:true
temperature37.0
Hibernate: 
    insert 
    into
        status
        (regdate, facility_bno, member_mno, state, temperature) 
    values
        (?, ?, ?, ?, ?)
mno:Member(mno=109, name=null, phone=null)
building:Facility(bno=9, building=building9)
status:true
temperature36.0
Hibernate: 
    insert 
    into
        status
        (regdate, facility_bno, member_mno, state, temperature) 
    values
        (?, ?, ?, ?, ?)
mno:Member(mno=137, name=null, phone=null)
building:Facility(bno=9, building=building9)
status:true
temperature36.2
Hibernate: 
    insert 
    into
        status
        (regdate, facility_bno, member_mno, state, temperature) 
    values
        (?, ?, ?, ?, ?)
mno:Member(mno=115, name=null, phone=null)
building:Facility(bno=4, building=building4)
status:true
temperature36.1
Hibernate: 
    insert 
    into
        status
        (regdate, facility_bno, member_mno, state, temperature) 
    values
        (?, ?, ?, ?, ?)
mno:Member(mno=251, name=null, phone=null)
building:Facility(bno=3, building=building3)
status:true
temperature36.1
Hibernate: 
    insert 
    into
        status
        (regdate, facility_bno, member_mno, state, temperature) 
    values
        (?, ?, ?, ?, ?)
mno:Member(mno=25, name=null, phone=null)
building:Facility(bno=7, building=building7)
status:false
temperature35.0
Hibernate: 
    insert 
    into
        status
        (regdate, facility_bno, member_mno, state, temperature) 
    values
        (?, ?, ?, ?, ?)
mno:Member(mno=62, name=null, phone=null)
building:Facility(bno=6, building=building6)
status:false
temperature35.6
Hibernate: 
    insert 
    into
        status
        (regdate, facility_bno, member_mno, state, temperature) 
    values
        (?, ?, ?, ?, ?)
mno:Member(mno=27, name=null, phone=null)
building:Facility(bno=2, building=building2)
status:false
temperature35.3
Hibernate: 
    insert 
    into
        status
        (regdate, facility_bno, member_mno, state, temperature) 
    values
        (?, ?, ?, ?, ?)
mno:Member(mno=41, name=null, phone=null)
building:Facility(bno=3, building=building3)
status:true
temperature35.3
Hibernate: 
    insert 
    into
        status
        (regdate, facility_bno, member_mno, state, temperature) 
    values
        (?, ?, ?, ?, ?)
mno:Member(mno=276, name=null, phone=null)
building:Facility(bno=9, building=building9)
status:true
temperature35.4
Hibernate: 
    insert 
    into
        status
        (regdate, facility_bno, member_mno, state, temperature) 
    values
        (?, ?, ?, ?, ?)
mno:Member(mno=48, name=null, phone=null)
building:Facility(bno=1, building=building1)
status:true
temperature35.4
Hibernate: 
    insert 
    into
        status
        (regdate, facility_bno, member_mno, state, temperature) 
    values
        (?, ?, ?, ?, ?)
mno:Member(mno=283, name=null, phone=null)
building:Facility(bno=2, building=building2)
status:false
temperature35.0
Hibernate: 
    insert 
    into
        status
        (regdate, facility_bno, member_mno, state, temperature) 
    values
        (?, ?, ?, ?, ?)
mno:Member(mno=235, name=null, phone=null)
building:Facility(bno=3, building=building3)
status:false
temperature35.8
Hibernate: 
    insert 
    into
        status
        (regdate, facility_bno, member_mno, state, temperature) 
    values
        (?, ?, ?, ?, ?)
mno:Member(mno=174, name=null, phone=null)
building:Facility(bno=9, building=building9)
status:true
temperature37.1
Hibernate: 
    insert 
    into
        status
        (regdate, facility_bno, member_mno, state, temperature) 
    values
        (?, ?, ?, ?, ?)
mno:Member(mno=94, name=null, phone=null)
building:Facility(bno=4, building=building4)
status:true
temperature36.9
Hibernate: 
    insert 
    into
        status
        (regdate, facility_bno, member_mno, state, temperature) 
    values
        (?, ?, ?, ?, ?)
mno:Member(mno=243, name=null, phone=null)
building:Facility(bno=8, building=building8)
status:false
temperature37.3
Hibernate: 
    insert 
    into
        status
        (regdate, facility_bno, member_mno, state, temperature) 
    values
        (?, ?, ?, ?, ?)
mno:Member(mno=99, name=null, phone=null)
building:Facility(bno=2, building=building2)
status:true
temperature36.8
Hibernate: 
    insert 
    into
        status
        (regdate, facility_bno, member_mno, state, temperature) 
    values
        (?, ?, ?, ?, ?)
mno:Member(mno=131, name=null, phone=null)
building:Facility(bno=9, building=building9)
status:true
temperature37.0
Hibernate: 
    insert 
    into
        status
        (regdate, facility_bno, member_mno, state, temperature) 
    values
        (?, ?, ?, ?, ?)
mno:Member(mno=65, name=null, phone=null)
building:Facility(bno=10, building=building10)
status:true
temperature36.4
Hibernate: 
    insert 
    into
        status
        (regdate, facility_bno, member_mno, state, temperature) 
    values
        (?, ?, ?, ?, ?)
mno:Member(mno=89, name=null, phone=null)
building:Facility(bno=1, building=building1)
status:true
temperature36.5
Hibernate: 
    insert 
    into
        status
        (regdate, facility_bno, member_mno, state, temperature) 
    values
        (?, ?, ?, ?, ?)
mno:Member(mno=179, name=null, phone=null)
building:Facility(bno=9, building=building9)
status:true
temperature36.8
Hibernate: 
    insert 
    into
        status
        (regdate, facility_bno, member_mno, state, temperature) 
    values
        (?, ?, ?, ?, ?)
mno:Member(mno=79, name=null, phone=null)
building:Facility(bno=2, building=building2)
status:true
temperature35.6
Hibernate: 
    insert 
    into
        status
        (regdate, facility_bno, member_mno, state, temperature) 
    values
        (?, ?, ?, ?, ?)
mno:Member(mno=278, name=null, phone=null)
building:Facility(bno=7, building=building7)
status:true
temperature36.6
Hibernate: 
    insert 
    into
        status
        (regdate, facility_bno, member_mno, state, temperature) 
    values
        (?, ?, ?, ?, ?)
mno:Member(mno=239, name=null, phone=null)
building:Facility(bno=2, building=building2)
status:true
temperature37.2
Hibernate: 
    insert 
    into
        status
        (regdate, facility_bno, member_mno, state, temperature) 
    values
        (?, ?, ?, ?, ?)
mno:Member(mno=56, name=null, phone=null)
building:Facility(bno=10, building=building10)
status:true
temperature37.3
Hibernate: 
    insert 
    into
        status
        (regdate, facility_bno, member_mno, state, temperature) 
    values
        (?, ?, ?, ?, ?)
mno:Member(mno=116, name=null, phone=null)
building:Facility(bno=7, building=building7)
status:true
temperature36.1
Hibernate: 
    insert 
    into
        status
        (regdate, facility_bno, member_mno, state, temperature) 
    values
        (?, ?, ?, ?, ?)
mno:Member(mno=179, name=null, phone=null)
building:Facility(bno=9, building=building9)
status:false
temperature35.6
Hibernate: 
    insert 
    into
        status
        (regdate, facility_bno, member_mno, state, temperature) 
    values
        (?, ?, ?, ?, ?)
mno:Member(mno=21, name=null, phone=null)
building:Facility(bno=2, building=building2)
status:true
temperature35.4
Hibernate: 
    insert 
    into
        status
        (regdate, facility_bno, member_mno, state, temperature) 
    values
        (?, ?, ?, ?, ?)
mno:Member(mno=99, name=null, phone=null)
building:Facility(bno=2, building=building2)
status:false
temperature35.4
Hibernate: 
    insert 
    into
        status
        (regdate, facility_bno, member_mno, state, temperature) 
    values
        (?, ?, ?, ?, ?)
mno:Member(mno=283, name=null, phone=null)
building:Facility(bno=5, building=building5)
status:true
temperature35.9
Hibernate: 
    insert 
    into
        status
        (regdate, facility_bno, member_mno, state, temperature) 
    values
        (?, ?, ?, ?, ?)
mno:Member(mno=65, name=null, phone=null)
building:Facility(bno=10, building=building10)
status:false
temperature35.7
Hibernate: 
    insert 
    into
        status
        (regdate, facility_bno, member_mno, state, temperature) 
    values
        (?, ?, ?, ?, ?)
mno:Member(mno=174, name=null, phone=null)
building:Facility(bno=9, building=building9)
status:false
temperature35.7
Hibernate: 
    insert 
    into
        status
        (regdate, facility_bno, member_mno, state, temperature) 
    values
        (?, ?, ?, ?, ?)
mno:Member(mno=259, name=null, phone=null)
building:Facility(bno=2, building=building2)
status:false
temperature36.1
Hibernate: 
    insert 
    into
        status
        (regdate, facility_bno, member_mno, state, temperature) 
    values
        (?, ?, ?, ?, ?)
mno:Member(mno=275, name=null, phone=null)
building:Facility(bno=2, building=building2)
status:true
temperature36.9
Hibernate: 
    insert 
    into
        status
        (regdate, facility_bno, member_mno, state, temperature) 
    values
        (?, ?, ?, ?, ?)
mno:Member(mno=203, name=null, phone=null)
building:Facility(bno=1, building=building1)
status:true
temperature36.0
Hibernate: 
    insert 
    into
        status
        (regdate, facility_bno, member_mno, state, temperature) 
    values
        (?, ?, ?, ?, ?)
mno:Member(mno=260, name=null, phone=null)
building:Facility(bno=10, building=building10)
status:true
temperature36.3
Hibernate: 
    insert 
    into
        status
        (regdate, facility_bno, member_mno, state, temperature) 
    values
        (?, ?, ?, ?, ?)
mno:Member(mno=95, name=null, phone=null)
building:Facility(bno=10, building=building10)
status:true
temperature37.3
Hibernate: 
    insert 
    into
        status
        (regdate, facility_bno, member_mno, state, temperature) 
    values
        (?, ?, ?, ?, ?)
mno:Member(mno=201, name=null, phone=null)
building:Facility(bno=8, building=building8)
status:true
temperature36.2
Hibernate: 
    insert 
    into
        status
        (regdate, facility_bno, member_mno, state, temperature) 
    values
        (?, ?, ?, ?, ?)
mno:Member(mno=282, name=null, phone=null)
building:Facility(bno=3, building=building3)
status:true
temperature37.1
Hibernate: 
    insert 
    into
        status
        (regdate, facility_bno, member_mno, state, temperature) 
    values
        (?, ?, ?, ?, ?)
mno:Member(mno=112, name=null, phone=null)
building:Facility(bno=8, building=building8)
status:true
temperature37.2
Hibernate: 
    insert 
    into
        status
        (regdate, facility_bno, member_mno, state, temperature) 
    values
        (?, ?, ?, ?, ?)
mno:Member(mno=53, name=null, phone=null)
building:Facility(bno=10, building=building10)
status:true
temperature37.0
Hibernate: 
    insert 
    into
        status
        (regdate, facility_bno, member_mno, state, temperature) 
    values
        (?, ?, ?, ?, ?)
mno:Member(mno=27, name=null, phone=null)
building:Facility(bno=3, building=building3)
status:true
temperature35.9
Hibernate: 
    insert 
    into
        status
        (regdate, facility_bno, member_mno, state, temperature) 
    values
        (?, ?, ?, ?, ?)
mno:Member(mno=61, name=null, phone=null)
building:Facility(bno=10, building=building10)
status:true
temperature35.8
Hibernate: 
    insert 
    into
        status
        (regdate, facility_bno, member_mno, state, temperature) 
    values
        (?, ?, ?, ?, ?)
mno:Member(mno=249, name=null, phone=null)
building:Facility(bno=8, building=building8)
status:true
temperature37.1
Hibernate: 
    insert 
    into
        status
        (regdate, facility_bno, member_mno, state, temperature) 
    values
        (?, ?, ?, ?, ?)
mno:Member(mno=211, name=null, phone=null)
building:Facility(bno=8, building=building8)
status:true
temperature37.0
Hibernate: 
    insert 
    into
        status
        (regdate, facility_bno, member_mno, state, temperature) 
    values
        (?, ?, ?, ?, ?)
mno:Member(mno=63, name=null, phone=null)
building:Facility(bno=2, building=building2)
status:true
temperature37.3
Hibernate: 
    insert 
    into
        status
        (regdate, facility_bno, member_mno, state, temperature) 
    values
        (?, ?, ?, ?, ?)
mno:Member(mno=193, name=null, phone=null)
building:Facility(bno=1, building=building1)
status:true
temperature36.2
Hibernate: 
    insert 
    into
        status
        (regdate, facility_bno, member_mno, state, temperature) 
    values
        (?, ?, ?, ?, ?)
mno:Member(mno=137, name=null, phone=null)
building:Facility(bno=9, building=building9)
status:false
temperature37.1
Hibernate: 
    insert 
    into
        status
        (regdate, facility_bno, member_mno, state, temperature) 
    values
        (?, ?, ?, ?, ?)
mno:Member(mno=181, name=null, phone=null)
building:Facility(bno=8, building=building8)
status:false
temperature36.6
Hibernate: 
    insert 
    into
        status
        (regdate, facility_bno, member_mno, state, temperature) 
    values
        (?, ?, ?, ?, ?)
mno:Member(mno=66, name=null, phone=null)
building:Facility(bno=4, building=building4)
status:true
temperature36.3
Hibernate: 
    insert 
    into
        status
        (regdate, facility_bno, member_mno, state, temperature) 
    values
        (?, ?, ?, ?, ?)
mno:Member(mno=90, name=null, phone=null)
building:Facility(bno=2, building=building2)
status:true
temperature35.5
Hibernate: 
    insert 
    into
        status
        (regdate, facility_bno, member_mno, state, temperature) 
    values
        (?, ?, ?, ?, ?)
mno:Member(mno=84, name=null, phone=null)
building:Facility(bno=7, building=building7)
status:true
temperature35.5
Hibernate: 
    insert 
    into
        status
        (regdate, facility_bno, member_mno, state, temperature) 
    values
        (?, ?, ?, ?, ?)
mno:Member(mno=179, name=null, phone=null)
building:Facility(bno=5, building=building5)
status:true
temperature36.3
Hibernate: 
    insert 
    into
        status
        (regdate, facility_bno, member_mno, state, temperature) 
    values
        (?, ?, ?, ?, ?)
mno:Member(mno=265, name=null, phone=null)
building:Facility(bno=4, building=building4)
status:true
temperature35.0
Hibernate: 
    insert 
    into
        status
        (regdate, facility_bno, member_mno, state, temperature) 
    values
        (?, ?, ?, ?, ?)
mno:Member(mno=20, name=null, phone=null)
building:Facility(bno=8, building=building8)
status:true
temperature35.3
Hibernate: 
    insert 
    into
        status
        (regdate, facility_bno, member_mno, state, temperature) 
    values
        (?, ?, ?, ?, ?)
mno:Member(mno=261, name=null, phone=null)
building:Facility(bno=8, building=building8)
status:false
temperature36.6
Hibernate: 
    insert 
    into
        status
        (regdate, facility_bno, member_mno, state, temperature) 
    values
        (?, ?, ?, ?, ?)
mno:Member(mno=201, name=null, phone=null)
building:Facility(bno=8, building=building8)
status:false
temperature35.4
Hibernate: 
    insert 
    into
        status
        (regdate, facility_bno, member_mno, state, temperature) 
    values
        (?, ?, ?, ?, ?)
mno:Member(mno=200, name=null, phone=null)
building:Facility(bno=3, building=building3)
status:true
temperature35.4
Hibernate: 
    insert 
    into
        status
        (regdate, facility_bno, member_mno, state, temperature) 
    values
        (?, ?, ?, ?, ?)
mno:Member(mno=19, name=null, phone=null)
building:Facility(bno=7, building=building7)
status:true
temperature35.2
Hibernate: 
    insert 
    into
        status
        (regdate, facility_bno, member_mno, state, temperature) 
    values
        (?, ?, ?, ?, ?)
mno:Member(mno=43, name=null, phone=null)
building:Facility(bno=4, building=building4)
status:true
temperature36.2
Hibernate: 
    insert 
    into
        status
        (regdate, facility_bno, member_mno, state, temperature) 
    values
        (?, ?, ?, ?, ?)
mno:Member(mno=89, name=null, phone=null)
building:Facility(bno=1, building=building1)
status:false
temperature36.3
Hibernate: 
    insert 
    into
        status
        (regdate, facility_bno, member_mno, state, temperature) 
    values
        (?, ?, ?, ?, ?)
mno:Member(mno=163, name=null, phone=null)
building:Facility(bno=6, building=building6)
status:false
temperature35.1
Hibernate: 
    insert 
    into
        status
        (regdate, facility_bno, member_mno, state, temperature) 
    values
        (?, ?, ?, ?, ?)
mno:Member(mno=29, name=null, phone=null)
building:Facility(bno=8, building=building8)
status:true
temperature36.3
Hibernate: 
    insert 
    into
        status
        (regdate, facility_bno, member_mno, state, temperature) 
    values
        (?, ?, ?, ?, ?)
mno:Member(mno=49, name=null, phone=null)
building:Facility(bno=7, building=building7)
status:true
temperature36.9
Hibernate: 
    insert 
    into
        status
        (regdate, facility_bno, member_mno, state, temperature) 
    values
        (?, ?, ?, ?, ?)
mno:Member(mno=226, name=null, phone=null)
building:Facility(bno=9, building=building9)
status:false
temperature35.6
Hibernate: 
    insert 
    into
        status
        (regdate, facility_bno, member_mno, state, temperature) 
    values
        (?, ?, ?, ?, ?)
mno:Member(mno=271, name=null, phone=null)
building:Facility(bno=6, building=building6)
status:false
temperature36.9
Hibernate: 
    insert 
    into
        status
        (regdate, facility_bno, member_mno, state, temperature) 
    values
        (?, ?, ?, ?, ?)
mno:Member(mno=252, name=null, phone=null)
building:Facility(bno=9, building=building9)
status:true
temperature36.0
Hibernate: 
    insert 
    into
        status
        (regdate, facility_bno, member_mno, state, temperature) 
    values
        (?, ?, ?, ?, ?)
mno:Member(mno=205, name=null, phone=null)
building:Facility(bno=3, building=building3)
status:true
temperature36.2
Hibernate: 
    insert 
    into
        status
        (regdate, facility_bno, member_mno, state, temperature) 
    values
        (?, ?, ?, ?, ?)
mno:Member(mno=261, name=null, phone=null)
building:Facility(bno=2, building=building2)
status:true
temperature35.2
Hibernate: 
    insert 
    into
        status
        (regdate, facility_bno, member_mno, state, temperature) 
    values
        (?, ?, ?, ?, ?)
mno:Member(mno=205, name=null, phone=null)
building:Facility(bno=3, building=building3)
status:false
temperature36.2
Hibernate: 
    insert 
    into
        status
        (regdate, facility_bno, member_mno, state, temperature) 
    values
        (?, ?, ?, ?, ?)
mno:Member(mno=108, name=null, phone=null)
building:Facility(bno=3, building=building3)
status:true
temperature36.1
Hibernate: 
    insert 
    into
        status
        (regdate, facility_bno, member_mno, state, temperature) 
    values
        (?, ?, ?, ?, ?)
mno:Member(mno=192, name=null, phone=null)
building:Facility(bno=2, building=building2)
status:true
temperature37.0
Hibernate: 
    insert 
    into
        status
        (regdate, facility_bno, member_mno, state, temperature) 
    values
        (?, ?, ?, ?, ?)
mno:Member(mno=276, name=null, phone=null)
building:Facility(bno=9, building=building9)
status:false
temperature36.3
Hibernate: 
    insert 
    into
        status
        (regdate, facility_bno, member_mno, state, temperature) 
    values
        (?, ?, ?, ?, ?)
mno:Member(mno=263, name=null, phone=null)
building:Facility(bno=1, building=building1)
status:false
temperature35.4
Hibernate: 
    insert 
    into
        status
        (regdate, facility_bno, member_mno, state, temperature) 
    values
        (?, ?, ?, ?, ?)
mno:Member(mno=114, name=null, phone=null)
building:Facility(bno=9, building=building9)
status:false
temperature36.7
Hibernate: 
    insert 
    into
        status
        (regdate, facility_bno, member_mno, state, temperature) 
    values
        (?, ?, ?, ?, ?)
mno:Member(mno=219, name=null, phone=null)
building:Facility(bno=10, building=building10)
status:true
temperature37.0
Hibernate: 
    insert 
    into
        status
        (regdate, facility_bno, member_mno, state, temperature) 
    values
        (?, ?, ?, ?, ?)
mno:Member(mno=160, name=null, phone=null)
building:Facility(bno=7, building=building7)
status:false
temperature35.5
Hibernate: 
    insert 
    into
        status
        (regdate, facility_bno, member_mno, state, temperature) 
    values
        (?, ?, ?, ?, ?)
mno:Member(mno=281, name=null, phone=null)
building:Facility(bno=1, building=building1)
status:true
temperature35.1
Hibernate: 
    insert 
    into
        status
        (regdate, facility_bno, member_mno, state, temperature) 
    values
        (?, ?, ?, ?, ?)
mno:Member(mno=226, name=null, phone=null)
building:Facility(bno=2, building=building2)
status:true
temperature36.7
Hibernate: 
    insert 
    into
        status
        (regdate, facility_bno, member_mno, state, temperature) 
    values
        (?, ?, ?, ?, ?)
mno:Member(mno=276, name=null, phone=null)
building:Facility(bno=10, building=building10)
status:true
temperature37.1
Hibernate: 
    insert 
    into
        status
        (regdate, facility_bno, member_mno, state, temperature) 
    values
        (?, ?, ?, ?, ?)
mno:Member(mno=147, name=null, phone=null)
building:Facility(bno=4, building=building4)
status:true
temperature36.2
Hibernate: 
    insert 
    into
        status
        (regdate, facility_bno, member_mno, state, temperature) 
    values
        (?, ?, ?, ?, ?)
mno:Member(mno=51, name=null, phone=null)
building:Facility(bno=3, building=building3)
status:true
temperature35.4
Hibernate: 
    insert 
    into
        status
        (regdate, facility_bno, member_mno, state, temperature) 
    values
        (?, ?, ?, ?, ?)
mno:Member(mno=10, name=null, phone=null)
building:Facility(bno=5, building=building5)
status:true
temperature36.1
Hibernate: 
    insert 
    into
        status
        (regdate, facility_bno, member_mno, state, temperature) 
    values
        (?, ?, ?, ?, ?)
mno:Member(mno=103, name=null, phone=null)
building:Facility(bno=1, building=building1)
status:true
temperature35.3
Hibernate: 
    insert 
    into
        status
        (regdate, facility_bno, member_mno, state, temperature) 
    values
        (?, ?, ?, ?, ?)
mno:Member(mno=145, name=null, phone=null)
building:Facility(bno=7, building=building7)
status:false
temperature35.8
Hibernate: 
    insert 
    into
        status
        (regdate, facility_bno, member_mno, state, temperature) 
    values
        (?, ?, ?, ?, ?)
mno:Member(mno=147, name=null, phone=null)
building:Facility(bno=4, building=building4)
status:false
temperature36.3
Hibernate: 
    insert 
    into
        status
        (regdate, facility_bno, member_mno, state, temperature) 
    values
        (?, ?, ?, ?, ?)
mno:Member(mno=41, name=null, phone=null)
building:Facility(bno=3, building=building3)
status:false
temperature35.9
Hibernate: 
    insert 
    into
        status
        (regdate, facility_bno, member_mno, state, temperature) 
    values
        (?, ?, ?, ?, ?)
mno:Member(mno=221, name=null, phone=null)
building:Facility(bno=5, building=building5)
status:true
temperature35.2
Hibernate: 
    insert 
    into
        status
        (regdate, facility_bno, member_mno, state, temperature) 
    values
        (?, ?, ?, ?, ?)
mno:Member(mno=47, name=null, phone=null)
building:Facility(bno=8, building=building8)
status:true
temperature36.9
Hibernate: 
    insert 
    into
        status
        (regdate, facility_bno, member_mno, state, temperature) 
    values
        (?, ?, ?, ?, ?)
mno:Member(mno=117, name=null, phone=null)
building:Facility(bno=5, building=building5)
status:true
temperature35.2
Hibernate: 
    insert 
    into
        status
        (regdate, facility_bno, member_mno, state, temperature) 
    values
        (?, ?, ?, ?, ?)
mno:Member(mno=9, name=null, phone=null)
building:Facility(bno=8, building=building8)
status:false
temperature36.1
Hibernate: 
    insert 
    into
        status
        (regdate, facility_bno, member_mno, state, temperature) 
    values
        (?, ?, ?, ?, ?)
mno:Member(mno=65, name=null, phone=null)
building:Facility(bno=10, building=building10)
status:true
temperature35.1
Hibernate: 
    insert 
    into
        status
        (regdate, facility_bno, member_mno, state, temperature) 
    values
        (?, ?, ?, ?, ?)
mno:Member(mno=165, name=null, phone=null)
building:Facility(bno=9, building=building9)
status:false
temperature35.7
Hibernate: 
    insert 
    into
        status
        (regdate, facility_bno, member_mno, state, temperature) 
    values
        (?, ?, ?, ?, ?)
mno:Member(mno=90, name=null, phone=null)
building:Facility(bno=2, building=building2)
status:false
temperature36.1
Hibernate: 
    insert 
    into
        status
        (regdate, facility_bno, member_mno, state, temperature) 
    values
        (?, ?, ?, ?, ?)
mno:Member(mno=194, name=null, phone=null)
building:Facility(bno=7, building=building7)
status:false
temperature35.8
Hibernate: 
    insert 
    into
        status
        (regdate, facility_bno, member_mno, state, temperature) 
    values
        (?, ?, ?, ?, ?)
mno:Member(mno=18, name=null, phone=null)
building:Facility(bno=10, building=building10)
status:true
temperature35.5
Hibernate: 
    insert 
    into
        status
        (regdate, facility_bno, member_mno, state, temperature) 
    values
        (?, ?, ?, ?, ?)
mno:Member(mno=276, name=null, phone=null)
building:Facility(bno=10, building=building10)
status:false
temperature35.1
Hibernate: 
    insert 
    into
        status
        (regdate, facility_bno, member_mno, state, temperature) 
    values
        (?, ?, ?, ?, ?)
mno:Member(mno=216, name=null, phone=null)
building:Facility(bno=4, building=building4)
status:true
temperature36.6
Hibernate: 
    insert 
    into
        status
        (regdate, facility_bno, member_mno, state, temperature) 
    values
        (?, ?, ?, ?, ?)
mno:Member(mno=11, name=null, phone=null)
building:Facility(bno=3, building=building3)
status:true
temperature37.2
Hibernate: 
    insert 
    into
        status
        (regdate, facility_bno, member_mno, state, temperature) 
    values
        (?, ?, ?, ?, ?)
mno:Member(mno=121, name=null, phone=null)
building:Facility(bno=6, building=building6)
status:true
temperature37.1
Hibernate: 
    insert 
    into
        status
        (regdate, facility_bno, member_mno, state, temperature) 
    values
        (?, ?, ?, ?, ?)
mno:Member(mno=180, name=null, phone=null)
building:Facility(bno=4, building=building4)
status:false
temperature37.1
Hibernate: 
    insert 
    into
        status
        (regdate, facility_bno, member_mno, state, temperature) 
    values
        (?, ?, ?, ?, ?)
mno:Member(mno=42, name=null, phone=null)
building:Facility(bno=3, building=building3)
status:true
temperature36.0
Hibernate: 
    insert 
    into
        status
        (regdate, facility_bno, member_mno, state, temperature) 
    values
        (?, ?, ?, ?, ?)
mno:Member(mno=91, name=null, phone=null)
building:Facility(bno=7, building=building7)
status:false
temperature36.3
Hibernate: 
    insert 
    into
        status
        (regdate, facility_bno, member_mno, state, temperature) 
    values
        (?, ?, ?, ?, ?)
mno:Member(mno=67, name=null, phone=null)
building:Facility(bno=2, building=building2)
status:false
temperature35.8
Hibernate: 
    insert 
    into
        status
        (regdate, facility_bno, member_mno, state, temperature) 
    values
        (?, ?, ?, ?, ?)
mno:Member(mno=20, name=null, phone=null)
building:Facility(bno=8, building=building8)
status:false
temperature35.3
Hibernate: 
    insert 
    into
        status
        (regdate, facility_bno, member_mno, state, temperature) 
    values
        (?, ?, ?, ?, ?)
mno:Member(mno=132, name=null, phone=null)
building:Facility(bno=1, building=building1)
status:true
temperature35.2
Hibernate: 
    insert 
    into
        status
        (regdate, facility_bno, member_mno, state, temperature) 
    values
        (?, ?, ?, ?, ?)
mno:Member(mno=202, name=null, phone=null)
building:Facility(bno=6, building=building6)
status:true
temperature36.4
Hibernate: 
    insert 
    into
        status
        (regdate, facility_bno, member_mno, state, temperature) 
    values
        (?, ?, ?, ?, ?)
mno:Member(mno=243, name=null, phone=null)
building:Facility(bno=9, building=building9)
status:true
temperature35.3
Hibernate: 
    insert 
    into
        status
        (regdate, facility_bno, member_mno, state, temperature) 
    values
        (?, ?, ?, ?, ?)
mno:Member(mno=208, name=null, phone=null)
building:Facility(bno=5, building=building5)
status:true
temperature35.6
Hibernate: 
    insert 
    into
        status
        (regdate, facility_bno, member_mno, state, temperature) 
    values
        (?, ?, ?, ?, ?)
mno:Member(mno=114, name=null, phone=null)
building:Facility(bno=9, building=building9)
status:true
temperature36.0
Hibernate: 
    insert 
    into
        status
        (regdate, facility_bno, member_mno, state, temperature) 
    values
        (?, ?, ?, ?, ?)
mno:Member(mno=229, name=null, phone=null)
building:Facility(bno=7, building=building7)
status:true
temperature37.2
Hibernate: 
    insert 
    into
        status
        (regdate, facility_bno, member_mno, state, temperature) 
    values
        (?, ?, ?, ?, ?)
mno:Member(mno=138, name=null, phone=null)
building:Facility(bno=5, building=building5)
status:false
temperature35.7
Hibernate: 
    insert 
    into
        status
        (regdate, facility_bno, member_mno, state, temperature) 
    values
        (?, ?, ?, ?, ?)
mno:Member(mno=158, name=null, phone=null)
building:Facility(bno=4, building=building4)
status:true
temperature35.9
Hibernate: 
    insert 
    into
        status
        (regdate, facility_bno, member_mno, state, temperature) 
    values
        (?, ?, ?, ?, ?)
mno:Member(mno=63, name=null, phone=null)
building:Facility(bno=2, building=building2)
status:false
temperature37.2
Hibernate: 
    insert 
    into
        status
        (regdate, facility_bno, member_mno, state, temperature) 
    values
        (?, ?, ?, ?, ?)
mno:Member(mno=221, name=null, phone=null)
building:Facility(bno=5, building=building5)
status:false
temperature35.7
Hibernate: 
    insert 
    into
        status
        (regdate, facility_bno, member_mno, state, temperature) 
    values
        (?, ?, ?, ?, ?)
mno:Member(mno=198, name=null, phone=null)
building:Facility(bno=1, building=building1)
status:false
temperature35.0
Hibernate: 
    insert 
    into
        status
        (regdate, facility_bno, member_mno, state, temperature) 
    values
        (?, ?, ?, ?, ?)
mno:Member(mno=27, name=null, phone=null)
building:Facility(bno=3, building=building3)
status:false
temperature37.0
Hibernate: 
    insert 
    into
        status
        (regdate, facility_bno, member_mno, state, temperature) 
    values
        (?, ?, ?, ?, ?)
mno:Member(mno=62, name=null, phone=null)
building:Facility(bno=9, building=building9)
status:true
temperature35.2
Hibernate: 
    insert 
    into
        status
        (regdate, facility_bno, member_mno, state, temperature) 
    values
        (?, ?, ?, ?, ?)
mno:Member(mno=192, name=null, phone=null)
building:Facility(bno=2, building=building2)
status:false
temperature35.0
Hibernate: 
    insert 
    into
        status
        (regdate, facility_bno, member_mno, state, temperature) 
    values
        (?, ?, ?, ?, ?)
mno:Member(mno=109, name=null, phone=null)
building:Facility(bno=9, building=building9)
status:false
temperature35.0
Hibernate: 
    insert 
    into
        status
        (regdate, facility_bno, member_mno, state, temperature) 
    values
        (?, ?, ?, ?, ?)
mno:Member(mno=49, name=null, phone=null)
building:Facility(bno=7, building=building7)
status:false
temperature36.6
Hibernate: 
    insert 
    into
        status
        (regdate, facility_bno, member_mno, state, temperature) 
    values
        (?, ?, ?, ?, ?)
mno:Member(mno=194, name=null, phone=null)
building:Facility(bno=10, building=building10)
status:true
temperature36.5
Hibernate: 
    insert 
    into
        status
        (regdate, facility_bno, member_mno, state, temperature) 
    values
        (?, ?, ?, ?, ?)
mno:Member(mno=246, name=null, phone=null)
building:Facility(bno=7, building=building7)
status:true
temperature36.6
Hibernate: 
    insert 
    into
        status
        (regdate, facility_bno, member_mno, state, temperature) 
    values
        (?, ?, ?, ?, ?)
mno:Member(mno=10, name=null, phone=null)
building:Facility(bno=5, building=building5)
status:false
temperature35.3
Hibernate: 
    insert 
    into
        status
        (regdate, facility_bno, member_mno, state, temperature) 
    values
        (?, ?, ?, ?, ?)
mno:Member(mno=60, name=null, phone=null)
building:Facility(bno=2, building=building2)
status:true
temperature35.8
Hibernate: 
    insert 
    into
        status
        (regdate, facility_bno, member_mno, state, temperature) 
    values
        (?, ?, ?, ?, ?)
mno:Member(mno=122, name=null, phone=null)
building:Facility(bno=7, building=building7)
status:false
temperature35.6
Hibernate: 
    insert 
    into
        status
        (regdate, facility_bno, member_mno, state, temperature) 
    values
        (?, ?, ?, ?, ?)
mno:Member(mno=104, name=null, phone=null)
building:Facility(bno=6, building=building6)
status:true
temperature36.1
Hibernate: 
    insert 
    into
        status
        (regdate, facility_bno, member_mno, state, temperature) 
    values
        (?, ?, ?, ?, ?)
mno:Member(mno=139, name=null, phone=null)
building:Facility(bno=2, building=building2)
status:true
temperature35.4
Hibernate: 
    insert 
    into
        status
        (regdate, facility_bno, member_mno, state, temperature) 
    values
        (?, ?, ?, ?, ?)
mno:Member(mno=281, name=null, phone=null)
building:Facility(bno=1, building=building1)
status:false
temperature36.9
Hibernate: 
    insert 
    into
        status
        (regdate, facility_bno, member_mno, state, temperature) 
    values
        (?, ?, ?, ?, ?)
mno:Member(mno=177, name=null, phone=null)
building:Facility(bno=10, building=building10)
status:true
temperature36.3
Hibernate: 
    insert 
    into
        status
        (regdate, facility_bno, member_mno, state, temperature) 
    values
        (?, ?, ?, ?, ?)
mno:Member(mno=24, name=null, phone=null)
building:Facility(bno=1, building=building1)
status:false
temperature35.7
Hibernate: 
    insert 
    into
        status
        (regdate, facility_bno, member_mno, state, temperature) 
    values
        (?, ?, ?, ?, ?)
mno:Member(mno=135, name=null, phone=null)
building:Facility(bno=6, building=building6)
status:true
temperature35.1
Hibernate: 
    insert 
    into
        status
        (regdate, facility_bno, member_mno, state, temperature) 
    values
        (?, ?, ?, ?, ?)
mno:Member(mno=274, name=null, phone=null)
building:Facility(bno=2, building=building2)
status:false
temperature36.2
Hibernate: 
    insert 
    into
        status
        (regdate, facility_bno, member_mno, state, temperature) 
    values
        (?, ?, ?, ?, ?)
mno:Member(mno=83, name=null, phone=null)
building:Facility(bno=2, building=building2)
status:true
temperature36.9
Hibernate: 
    insert 
    into
        status
        (regdate, facility_bno, member_mno, state, temperature) 
    values
        (?, ?, ?, ?, ?)
mno:Member(mno=155, name=null, phone=null)
building:Facility(bno=6, building=building6)
status:true
temperature36.0
Hibernate: 
    insert 
    into
        status
        (regdate, facility_bno, member_mno, state, temperature) 
    values
        (?, ?, ?, ?, ?)
mno:Member(mno=152, name=null, phone=null)
building:Facility(bno=7, building=building7)
status:true
temperature36.2
Hibernate: 
    insert 
    into
        status
        (regdate, facility_bno, member_mno, state, temperature) 
    values
        (?, ?, ?, ?, ?)
mno:Member(mno=11, name=null, phone=null)
building:Facility(bno=3, building=building3)
status:false
temperature35.5
Hibernate: 
    insert 
    into
        status
        (regdate, facility_bno, member_mno, state, temperature) 
    values
        (?, ?, ?, ?, ?)
mno:Member(mno=72, name=null, phone=null)
building:Facility(bno=6, building=building6)
status:false
temperature37.3
Hibernate: 
    insert 
    into
        status
        (regdate, facility_bno, member_mno, state, temperature) 
    values
        (?, ?, ?, ?, ?)
mno:Member(mno=110, name=null, phone=null)
building:Facility(bno=8, building=building8)
status:true
temperature36.6
Hibernate: 
    insert 
    into
        status
        (regdate, facility_bno, member_mno, state, temperature) 
    values
        (?, ?, ?, ?, ?)
mno:Member(mno=51, name=null, phone=null)
building:Facility(bno=3, building=building3)
status:false
temperature35.5
Hibernate: 
    insert 
    into
        status
        (regdate, facility_bno, member_mno, state, temperature) 
    values
        (?, ?, ?, ?, ?)
mno:Member(mno=65, name=null, phone=null)
building:Facility(bno=10, building=building10)
status:false
temperature36.9
Hibernate: 
    insert 
    into
        status
        (regdate, facility_bno, member_mno, state, temperature) 
    values
        (?, ?, ?, ?, ?)
mno:Member(mno=128, name=null, phone=null)
building:Facility(bno=6, building=building6)
status:true
temperature35.2
Hibernate: 
    insert 
    into
        status
        (regdate, facility_bno, member_mno, state, temperature) 
    values
        (?, ?, ?, ?, ?)
mno:Member(mno=192, name=null, phone=null)
building:Facility(bno=2, building=building2)
status:true
temperature35.0
Hibernate: 
    insert 
    into
        status
        (regdate, facility_bno, member_mno, state, temperature) 
    values
        (?, ?, ?, ?, ?)
mno:Member(mno=193, name=null, phone=null)
building:Facility(bno=1, building=building1)
status:false
temperature36.9
Hibernate: 
    insert 
    into
        status
        (regdate, facility_bno, member_mno, state, temperature) 
    values
        (?, ?, ?, ?, ?)
mno:Member(mno=71, name=null, phone=null)
building:Facility(bno=1, building=building1)
status:true
temperature35.5
Hibernate: 
    insert 
    into
        status
        (regdate, facility_bno, member_mno, state, temperature) 
    values
        (?, ?, ?, ?, ?)
mno:Member(mno=21, name=null, phone=null)
building:Facility(bno=2, building=building2)
status:false
temperature37.3
Hibernate: 
    insert 
    into
        status
        (regdate, facility_bno, member_mno, state, temperature) 
    values
        (?, ?, ?, ?, ?)
mno:Member(mno=66, name=null, phone=null)
building:Facility(bno=4, building=building4)
status:false
temperature35.6
Hibernate: 
    insert 
    into
        status
        (regdate, facility_bno, member_mno, state, temperature) 
    values
        (?, ?, ?, ?, ?)
mno:Member(mno=124, name=null, phone=null)
building:Facility(bno=3, building=building3)
status:true
temperature37.1
Hibernate: 
    insert 
    into
        status
        (regdate, facility_bno, member_mno, state, temperature) 
    values
        (?, ?, ?, ?, ?)
mno:Member(mno=81, name=null, phone=null)
building:Facility(bno=9, building=building9)
status:true
temperature36.6
Hibernate: 
    insert 
    into
        status
        (regdate, facility_bno, member_mno, state, temperature) 
    values
        (?, ?, ?, ?, ?)
mno:Member(mno=70, name=null, phone=null)
building:Facility(bno=3, building=building3)
status:true
temperature36.1
Hibernate: 
    insert 
    into
        status
        (regdate, facility_bno, member_mno, state, temperature) 
    values
        (?, ?, ?, ?, ?)
mno:Member(mno=195, name=null, phone=null)
building:Facility(bno=4, building=building4)
status:false
temperature36.3
Hibernate: 
    insert 
    into
        status
        (regdate, facility_bno, member_mno, state, temperature) 
    values
        (?, ?, ?, ?, ?)
mno:Member(mno=12, name=null, phone=null)
building:Facility(bno=4, building=building4)
status:true
temperature35.2
Hibernate: 
    insert 
    into
        status
        (regdate, facility_bno, member_mno, state, temperature) 
    values
        (?, ?, ?, ?, ?)
mno:Member(mno=154, name=null, phone=null)
building:Facility(bno=7, building=building7)
status:false
temperature36.4
Hibernate: 
    insert 
    into
        status
        (regdate, facility_bno, member_mno, state, temperature) 
    values
        (?, ?, ?, ?, ?)
mno:Member(mno=258, name=null, phone=null)
building:Facility(bno=2, building=building2)
status:true
temperature35.9
Hibernate: 
    insert 
    into
        status
        (regdate, facility_bno, member_mno, state, temperature) 
    values
        (?, ?, ?, ?, ?)
mno:Member(mno=161, name=null, phone=null)
building:Facility(bno=5, building=building5)
status:true
temperature35.0
Hibernate: 
    insert 
    into
        status
        (regdate, facility_bno, member_mno, state, temperature) 
    values
        (?, ?, ?, ?, ?)
mno:Member(mno=115, name=null, phone=null)
building:Facility(bno=4, building=building4)
status:false
temperature35.1
Hibernate: 
    insert 
    into
        status
        (regdate, facility_bno, member_mno, state, temperature) 
    values
        (?, ?, ?, ?, ?)
mno:Member(mno=243, name=null, phone=null)
building:Facility(bno=9, building=building9)
status:false
temperature36.8
Hibernate: 
    insert 
    into
        status
        (regdate, facility_bno, member_mno, state, temperature) 
    values
        (?, ?, ?, ?, ?)
mno:Member(mno=272, name=null, phone=null)
building:Facility(bno=6, building=building6)
status:true
temperature35.3
Hibernate: 
    insert 
    into
        status
        (regdate, facility_bno, member_mno, state, temperature) 
    values
        (?, ?, ?, ?, ?)
mno:Member(mno=263, name=null, phone=null)
building:Facility(bno=8, building=building8)
status:true
temperature36.5
Hibernate: 
    insert 
    into
        status
        (regdate, facility_bno, member_mno, state, temperature) 
    values
        (?, ?, ?, ?, ?)
mno:Member(mno=241, name=null, phone=null)
building:Facility(bno=7, building=building7)
status:true
temperature35.7
Hibernate: 
    insert 
    into
        status
        (regdate, facility_bno, member_mno, state, temperature) 
    values
        (?, ?, ?, ?, ?)
mno:Member(mno=159, name=null, phone=null)
building:Facility(bno=2, building=building2)
status:false
temperature35.7
Hibernate: 
    insert 
    into
        status
        (regdate, facility_bno, member_mno, state, temperature) 
    values
        (?, ?, ?, ?, ?)
mno:Member(mno=23, name=null, phone=null)
building:Facility(bno=4, building=building4)
status:true
temperature35.3
Hibernate: 
    insert 
    into
        status
        (regdate, facility_bno, member_mno, state, temperature) 
    values
        (?, ?, ?, ?, ?)
mno:Member(mno=251, name=null, phone=null)
building:Facility(bno=3, building=building3)
status:false
temperature36.1
Hibernate: 
    insert 
    into
        status
        (regdate, facility_bno, member_mno, state, temperature) 
    values
        (?, ?, ?, ?, ?)
mno:Member(mno=188, name=null, phone=null)
building:Facility(bno=4, building=building4)
status:true
temperature36.4
Hibernate: 
    insert 
    into
        status
        (regdate, facility_bno, member_mno, state, temperature) 
    values
        (?, ?, ?, ?, ?)
mno:Member(mno=41, name=null, phone=null)
building:Facility(bno=1, building=building1)
status:true
temperature35.9
Hibernate: 
    insert 
    into
        status
        (regdate, facility_bno, member_mno, state, temperature) 
    values
        (?, ?, ?, ?, ?)
mno:Member(mno=126, name=null, phone=null)
building:Facility(bno=1, building=building1)
status:false
temperature36.0
Hibernate: 
    insert 
    into
        status
        (regdate, facility_bno, member_mno, state, temperature) 
    values
        (?, ?, ?, ?, ?)
mno:Member(mno=207, name=null, phone=null)
building:Facility(bno=6, building=building6)
status:true
temperature36.2
Hibernate: 
    insert 
    into
        status
        (regdate, facility_bno, member_mno, state, temperature) 
    values
        (?, ?, ?, ?, ?)
mno:Member(mno=249, name=null, phone=null)
building:Facility(bno=8, building=building8)
status:false
temperature35.5
Hibernate: 
    insert 
    into
        status
        (regdate, facility_bno, member_mno, state, temperature) 
    values
        (?, ?, ?, ?, ?)
mno:Member(mno=191, name=null, phone=null)
building:Facility(bno=8, building=building8)
status:false
temperature36.0
Hibernate: 
    insert 
    into
        status
        (regdate, facility_bno, member_mno, state, temperature) 
    values
        (?, ?, ?, ?, ?)
mno:Member(mno=208, name=null, phone=null)
building:Facility(bno=5, building=building5)
status:false
temperature36.1
Hibernate: 
    insert 
    into
        status
        (regdate, facility_bno, member_mno, state, temperature) 
    values
        (?, ?, ?, ?, ?)
mno:Member(mno=33, name=null, phone=null)
building:Facility(bno=8, building=building8)
status:true
temperature35.7
Hibernate: 
    insert 
    into
        status
        (regdate, facility_bno, member_mno, state, temperature) 
    values
        (?, ?, ?, ?, ?)
mno:Member(mno=8, name=null, phone=null)
building:Facility(bno=7, building=building7)
status:false
temperature36.2
Hibernate: 
    insert 
    into
        status
        (regdate, facility_bno, member_mno, state, temperature) 
    values
        (?, ?, ?, ?, ?)
mno:Member(mno=33, name=null, phone=null)
building:Facility(bno=8, building=building8)
status:false
temperature36.4
Hibernate: 
    insert 
    into
        status
        (regdate, facility_bno, member_mno, state, temperature) 
    values
        (?, ?, ?, ?, ?)
mno:Member(mno=276, name=null, phone=null)
building:Facility(bno=10, building=building10)
status:true
temperature35.9
Hibernate: 
    insert 
    into
        status
        (regdate, facility_bno, member_mno, state, temperature) 
    values
        (?, ?, ?, ?, ?)
mno:Member(mno=241, name=null, phone=null)
building:Facility(bno=7, building=building7)
status:false
temperature36.6
Hibernate: 
    insert 
    into
        status
        (regdate, facility_bno, member_mno, state, temperature) 
    values
        (?, ?, ?, ?, ?)
mno:Member(mno=6, name=null, phone=null)
building:Facility(bno=5, building=building5)
status:true
temperature36.3
Hibernate: 
    insert 
    into
        status
        (regdate, facility_bno, member_mno, state, temperature) 
    values
        (?, ?, ?, ?, ?)
mno:Member(mno=231, name=null, phone=null)
building:Facility(bno=7, building=building7)
status:false
temperature36.0
Hibernate: 
    insert 
    into
        status
        (regdate, facility_bno, member_mno, state, temperature) 
    values
        (?, ?, ?, ?, ?)
mno:Member(mno=169, name=null, phone=null)
building:Facility(bno=7, building=building7)
status:true
temperature37.2
Hibernate: 
    insert 
    into
        status
        (regdate, facility_bno, member_mno, state, temperature) 
    values
        (?, ?, ?, ?, ?)
mno:Member(mno=220, name=null, phone=null)
building:Facility(bno=10, building=building10)
status:false
temperature37.1
Hibernate: 
    insert 
    into
        status
        (regdate, facility_bno, member_mno, state, temperature) 
    values
        (?, ?, ?, ?, ?)
mno:Member(mno=151, name=null, phone=null)
building:Facility(bno=3, building=building3)
status:true
temperature36.7
Hibernate: 
    insert 
    into
        status
        (regdate, facility_bno, member_mno, state, temperature) 
    values
        (?, ?, ?, ?, ?)
mno:Member(mno=66, name=null, phone=null)
building:Facility(bno=4, building=building4)
status:true
temperature36.6
Hibernate: 
    insert 
    into
        status
        (regdate, facility_bno, member_mno, state, temperature) 
    values
        (?, ?, ?, ?, ?)
mno:Member(mno=160, name=null, phone=null)
building:Facility(bno=8, building=building8)
status:true
temperature35.7
Hibernate: 
    insert 
    into
        status
        (regdate, facility_bno, member_mno, state, temperature) 
    values
        (?, ?, ?, ?, ?)
mno:Member(mno=61, name=null, phone=null)
building:Facility(bno=10, building=building10)
status:false
temperature37.3
Hibernate: 
    insert 
    into
        status
        (regdate, facility_bno, member_mno, state, temperature) 
    values
        (?, ?, ?, ?, ?)
mno:Member(mno=227, name=null, phone=null)
building:Facility(bno=2, building=building2)
status:false
temperature36.0
Hibernate: 
    insert 
    into
        status
        (regdate, facility_bno, member_mno, state, temperature) 
    values
        (?, ?, ?, ?, ?)
mno:Member(mno=69, name=null, phone=null)
building:Facility(bno=3, building=building3)
status:false
temperature36.8
Hibernate: 
    insert 
    into
        status
        (regdate, facility_bno, member_mno, state, temperature) 
    values
        (?, ?, ?, ?, ?)
mno:Member(mno=258, name=null, phone=null)
building:Facility(bno=2, building=building2)
status:false
temperature36.5
Hibernate: 
    insert 
    into
        status
        (regdate, facility_bno, member_mno, state, temperature) 
    values
        (?, ?, ?, ?, ?)
mno:Member(mno=68, name=null, phone=null)
building:Facility(bno=8, building=building8)
status:true
temperature37.1
Hibernate: 
    insert 
    into
        status
        (regdate, facility_bno, member_mno, state, temperature) 
    values
        (?, ?, ?, ?, ?)
mno:Member(mno=156, name=null, phone=null)
building:Facility(bno=8, building=building8)
status:true
temperature36.1
Hibernate: 
    insert 
    into
        status
        (regdate, facility_bno, member_mno, state, temperature) 
    values
        (?, ?, ?, ?, ?)
mno:Member(mno=279, name=null, phone=null)
building:Facility(bno=10, building=building10)
status:true
temperature36.4
Hibernate: 
    insert 
    into
        status
        (regdate, facility_bno, member_mno, state, temperature) 
    values
        (?, ?, ?, ?, ?)
mno:Member(mno=79, name=null, phone=null)
building:Facility(bno=2, building=building2)
status:false
temperature35.1
Hibernate: 
    insert 
    into
        status
        (regdate, facility_bno, member_mno, state, temperature) 
    values
        (?, ?, ?, ?, ?)
mno:Member(mno=82, name=null, phone=null)
building:Facility(bno=6, building=building6)
status:false
temperature35.5
Hibernate: 
    insert 
    into
        status
        (regdate, facility_bno, member_mno, state, temperature) 
    values
        (?, ?, ?, ?, ?)
mno:Member(mno=76, name=null, phone=null)
building:Facility(bno=2, building=building2)
status:true
temperature35.9
Hibernate: 
    insert 
    into
        status
        (regdate, facility_bno, member_mno, state, temperature) 
    values
        (?, ?, ?, ?, ?)
mno:Member(mno=233, name=null, phone=null)
building:Facility(bno=1, building=building1)
status:false
temperature36.9
Hibernate: 
    insert 
    into
        status
        (regdate, facility_bno, member_mno, state, temperature) 
    values
        (?, ?, ?, ?, ?)
mno:Member(mno=131, name=null, phone=null)
building:Facility(bno=9, building=building9)
status:false
temperature35.7
Hibernate: 
    insert 
    into
        status
        (regdate, facility_bno, member_mno, state, temperature) 
    values
        (?, ?, ?, ?, ?)
mno:Member(mno=3, name=null, phone=null)
building:Facility(bno=4, building=building4)
status:true
temperature37.1
Hibernate: 
    insert 
    into
        status
        (regdate, facility_bno, member_mno, state, temperature) 
    values
        (?, ?, ?, ?, ?)
mno:Member(mno=5, name=null, phone=null)
building:Facility(bno=3, building=building3)
status:true
temperature35.1
Hibernate: 
    insert 
    into
        status
        (regdate, facility_bno, member_mno, state, temperature) 
    values
        (?, ?, ?, ?, ?)
mno:Member(mno=137, name=null, phone=null)
building:Facility(bno=6, building=building6)
status:true
temperature36.8
Hibernate: 
    insert 
    into
        status
        (regdate, facility_bno, member_mno, state, temperature) 
    values
        (?, ?, ?, ?, ?)
mno:Member(mno=238, name=null, phone=null)
building:Facility(bno=4, building=building4)
status:true
temperature36.8
Hibernate: 
    insert 
    into
        status
        (regdate, facility_bno, member_mno, state, temperature) 
    values
        (?, ?, ?, ?, ?)
mno:Member(mno=209, name=null, phone=null)
building:Facility(bno=5, building=building5)
status:true
temperature35.9
Hibernate: 
    insert 
    into
        status
        (regdate, facility_bno, member_mno, state, temperature) 
    values
        (?, ?, ?, ?, ?)
mno:Member(mno=252, name=null, phone=null)
building:Facility(bno=9, building=building9)
status:false
temperature37.2
Hibernate: 
    insert 
    into
        status
        (regdate, facility_bno, member_mno, state, temperature) 
    values
        (?, ?, ?, ?, ?)
mno:Member(mno=239, name=null, phone=null)
building:Facility(bno=2, building=building2)
status:false
temperature35.5
Hibernate: 
    insert 
    into
        status
        (regdate, facility_bno, member_mno, state, temperature) 
    values
        (?, ?, ?, ?, ?)
mno:Member(mno=34, name=null, phone=null)
building:Facility(bno=4, building=building4)
status:false
temperature36.9
Hibernate: 
    insert 
    into
        status
        (regdate, facility_bno, member_mno, state, temperature) 
    values
        (?, ?, ?, ?, ?)
mno:Member(mno=270, name=null, phone=null)
building:Facility(bno=3, building=building3)
status:true
temperature35.7
Hibernate: 
    insert 
    into
        status
        (regdate, facility_bno, member_mno, state, temperature) 
    values
        (?, ?, ?, ?, ?)
mno:Member(mno=209, name=null, phone=null)
building:Facility(bno=5, building=building5)
status:false
temperature35.3
Hibernate: 
    insert 
    into
        status
        (regdate, facility_bno, member_mno, state, temperature) 
    values
        (?, ?, ?, ?, ?)
mno:Member(mno=36, name=null, phone=null)
building:Facility(bno=10, building=building10)
status:true
temperature36.9
Hibernate: 
    insert 
    into
        status
        (regdate, facility_bno, member_mno, state, temperature) 
    values
        (?, ?, ?, ?, ?)
mno:Member(mno=54, name=null, phone=null)
building:Facility(bno=6, building=building6)
status:true
temperature37.2
Hibernate: 
    insert 
    into
        status
        (regdate, facility_bno, member_mno, state, temperature) 
    values
        (?, ?, ?, ?, ?)
mno:Member(mno=262, name=null, phone=null)
building:Facility(bno=2, building=building2)
status:true
temperature35.6
Hibernate: 
    insert 
    into
        status
        (regdate, facility_bno, member_mno, state, temperature) 
    values
        (?, ?, ?, ?, ?)
mno:Member(mno=81, name=null, phone=null)
building:Facility(bno=9, building=building9)
status:false
temperature36.3
Hibernate: 
    insert 
    into
        status
        (regdate, facility_bno, member_mno, state, temperature) 
    values
        (?, ?, ?, ?, ?)
mno:Member(mno=159, name=null, phone=null)
building:Facility(bno=5, building=building5)
status:true
temperature35.3
Hibernate: 
    insert 
    into
        status
        (regdate, facility_bno, member_mno, state, temperature) 
    values
        (?, ?, ?, ?, ?)
mno:Member(mno=31, name=null, phone=null)
building:Facility(bno=10, building=building10)
status:true
temperature35.2
Hibernate: 
    insert 
    into
        status
        (regdate, facility_bno, member_mno, state, temperature) 
    values
        (?, ?, ?, ?, ?)
mno:Member(mno=2, name=null, phone=null)
building:Facility(bno=9, building=building9)
status:true
temperature35.5
Hibernate: 
    insert 
    into
        status
        (regdate, facility_bno, member_mno, state, temperature) 
    values
        (?, ?, ?, ?, ?)
mno:Member(mno=201, name=null, phone=null)
building:Facility(bno=2, building=building2)
status:true
temperature35.4
Hibernate: 
    insert 
    into
        status
        (regdate, facility_bno, member_mno, state, temperature) 
    values
        (?, ?, ?, ?, ?)
mno:Member(mno=20, name=null, phone=null)
building:Facility(bno=4, building=building4)
status:true
temperature35.8
Hibernate: 
    insert 
    into
        status
        (regdate, facility_bno, member_mno, state, temperature) 
    values
        (?, ?, ?, ?, ?)
mno:Member(mno=256, name=null, phone=null)
building:Facility(bno=2, building=building2)
status:false
temperature35.4
Hibernate: 
    insert 
    into
        status
        (regdate, facility_bno, member_mno, state, temperature) 
    values
        (?, ?, ?, ?, ?)
mno:Member(mno=13, name=null, phone=null)
building:Facility(bno=9, building=building9)
status:true
temperature35.8
Hibernate: 
    insert 
    into
        status
        (regdate, facility_bno, member_mno, state, temperature) 
    values
        (?, ?, ?, ?, ?)
mno:Member(mno=119, name=null, phone=null)
building:Facility(bno=4, building=building4)
status:true
temperature37.1
Hibernate: 
    insert 
    into
        status
        (regdate, facility_bno, member_mno, state, temperature) 
    values
        (?, ?, ?, ?, ?)
mno:Member(mno=89, name=null, phone=null)
building:Facility(bno=9, building=building9)
status:true
temperature36.1
Hibernate: 
    insert 
    into
        status
        (regdate, facility_bno, member_mno, state, temperature) 
    values
        (?, ?, ?, ?, ?)
mno:Member(mno=237, name=null, phone=null)
building:Facility(bno=7, building=building7)
status:true
temperature36.8
Hibernate: 
    insert 
    into
        status
        (regdate, facility_bno, member_mno, state, temperature) 
    values
        (?, ?, ?, ?, ?)
mno:Member(mno=143, name=null, phone=null)
building:Facility(bno=5, building=building5)
status:true
temperature36.3
Hibernate: 
    insert 
    into
        status
        (regdate, facility_bno, member_mno, state, temperature) 
    values
        (?, ?, ?, ?, ?)
mno:Member(mno=1, name=null, phone=null)
building:Facility(bno=2, building=building2)
status:true
temperature35.8
Hibernate: 
    insert 
    into
        status
        (regdate, facility_bno, member_mno, state, temperature) 
    values
        (?, ?, ?, ?, ?)
mno:Member(mno=117, name=null, phone=null)
building:Facility(bno=5, building=building5)
status:false
temperature36.2
Hibernate: 
    insert 
    into
        status
        (regdate, facility_bno, member_mno, state, temperature) 
    values
        (?, ?, ?, ?, ?)
mno:Member(mno=36, name=null, phone=null)
building:Facility(bno=10, building=building10)
status:false
temperature36.2
Hibernate: 
    insert 
    into
        status
        (regdate, facility_bno, member_mno, state, temperature) 
    values
        (?, ?, ?, ?, ?)
mno:Member(mno=133, name=null, phone=null)
building:Facility(bno=4, building=building4)
status:true
temperature35.9
Hibernate: 
    insert 
    into
        status
        (regdate, facility_bno, member_mno, state, temperature) 
    values
        (?, ?, ?, ?, ?)
mno:Member(mno=199, name=null, phone=null)
building:Facility(bno=1, building=building1)
status:true
temperature37.1
Hibernate: 
    insert 
    into
        status
        (regdate, facility_bno, member_mno, state, temperature) 
    values
        (?, ?, ?, ?, ?)
mno:Member(mno=14, name=null, phone=null)
building:Facility(bno=8, building=building8)
status:true
temperature37.0
Hibernate: 
    insert 
    into
        status
        (regdate, facility_bno, member_mno, state, temperature) 
    values
        (?, ?, ?, ?, ?)
mno:Member(mno=263, name=null, phone=null)
building:Facility(bno=8, building=building8)
status:false
temperature36.1
Hibernate: 
    insert 
    into
        status
        (regdate, facility_bno, member_mno, state, temperature) 
    values
        (?, ?, ?, ?, ?)
mno:Member(mno=29, name=null, phone=null)
building:Facility(bno=8, building=building8)
status:false
temperature35.7
Hibernate: 
    insert 
    into
        status
        (regdate, facility_bno, member_mno, state, temperature) 
    values
        (?, ?, ?, ?, ?)
mno:Member(mno=168, name=null, phone=null)
building:Facility(bno=8, building=building8)
status:false
temperature36.1
Hibernate: 
    insert 
    into
        status
        (regdate, facility_bno, member_mno, state, temperature) 
    values
        (?, ?, ?, ?, ?)
mno:Member(mno=37, name=null, phone=null)
building:Facility(bno=7, building=building7)
status:false
temperature36.4
Hibernate: 
    insert 
    into
        status
        (regdate, facility_bno, member_mno, state, temperature) 
    values
        (?, ?, ?, ?, ?)
mno:Member(mno=94, name=null, phone=null)
building:Facility(bno=4, building=building4)
status:false
temperature35.8
Hibernate: 
    insert 
    into
        status
        (regdate, facility_bno, member_mno, state, temperature) 
    values
        (?, ?, ?, ?, ?)
mno:Member(mno=96, name=null, phone=null)
building:Facility(bno=4, building=building4)
status:false
temperature37.2
Hibernate: 
    insert 
    into
        status
        (regdate, facility_bno, member_mno, state, temperature) 
    values
        (?, ?, ?, ?, ?)
mno:Member(mno=12, name=null, phone=null)
building:Facility(bno=4, building=building4)
status:false
temperature35.3
Hibernate: 
    insert 
    into
        status
        (regdate, facility_bno, member_mno, state, temperature) 
    values
        (?, ?, ?, ?, ?)
mno:Member(mno=105, name=null, phone=null)
building:Facility(bno=2, building=building2)
status:true
temperature35.6
Hibernate: 
    insert 
    into
        status
        (regdate, facility_bno, member_mno, state, temperature) 
    values
        (?, ?, ?, ?, ?)
mno:Member(mno=4, name=null, phone=null)
building:Facility(bno=3, building=building3)
status:true
temperature35.8
Hibernate: 
    insert 
    into
        status
        (regdate, facility_bno, member_mno, state, temperature) 
    values
        (?, ?, ?, ?, ?)
mno:Member(mno=251, name=null, phone=null)
building:Facility(bno=10, building=building10)
status:true
temperature36.8
Hibernate: 
    insert 
    into
        status
        (regdate, facility_bno, member_mno, state, temperature) 
    values
        (?, ?, ?, ?, ?)
mno:Member(mno=153, name=null, phone=null)
building:Facility(bno=6, building=building6)
status:true
temperature36.1
Hibernate: 
    insert 
    into
        status
        (regdate, facility_bno, member_mno, state, temperature) 
    values
        (?, ?, ?, ?, ?)
mno:Member(mno=186, name=null, phone=null)
building:Facility(bno=1, building=building1)
status:true
temperature36.5
Hibernate: 
    insert 
    into
        status
        (regdate, facility_bno, member_mno, state, temperature) 
    values
        (?, ?, ?, ?, ?)
mno:Member(mno=119, name=null, phone=null)
building:Facility(bno=4, building=building4)
status:false
temperature36.4
Hibernate: 
    insert 
    into
        status
        (regdate, facility_bno, member_mno, state, temperature) 
    values
        (?, ?, ?, ?, ?)
mno:Member(mno=174, name=null, phone=null)
building:Facility(bno=1, building=building1)
status:true
temperature36.4
Hibernate: 
    insert 
    into
        status
        (regdate, facility_bno, member_mno, state, temperature) 
    values
        (?, ?, ?, ?, ?)
mno:Member(mno=167, name=null, phone=null)
building:Facility(bno=1, building=building1)
status:true
temperature36.6
Hibernate: 
    insert 
    into
        status
        (regdate, facility_bno, member_mno, state, temperature) 
    values
        (?, ?, ?, ?, ?)
mno:Member(mno=284, name=null, phone=null)
building:Facility(bno=5, building=building5)
status:true
temperature35.4
Hibernate: 
    insert 
    into
        status
        (regdate, facility_bno, member_mno, state, temperature) 
    values
        (?, ?, ?, ?, ?)
mno:Member(mno=198, name=null, phone=null)
building:Facility(bno=1, building=building1)
status:true
temperature36.2
Hibernate: 
    insert 
    into
        status
        (regdate, facility_bno, member_mno, state, temperature) 
    values
        (?, ?, ?, ?, ?)
mno:Member(mno=213, name=null, phone=null)
building:Facility(bno=4, building=building4)
status:true
temperature35.6
Hibernate: 
    insert 
    into
        status
        (regdate, facility_bno, member_mno, state, temperature) 
    values
        (?, ?, ?, ?, ?)
mno:Member(mno=86, name=null, phone=null)
building:Facility(bno=9, building=building9)
status:true
temperature35.9
Hibernate: 
    insert 
    into
        status
        (regdate, facility_bno, member_mno, state, temperature) 
    values
        (?, ?, ?, ?, ?)
mno:Member(mno=110, name=null, phone=null)
building:Facility(bno=8, building=building8)
status:false
temperature36.8
Hibernate: 
    insert 
    into
        status
        (regdate, facility_bno, member_mno, state, temperature) 
    values
        (?, ?, ?, ?, ?)
mno:Member(mno=195, name=null, phone=null)
building:Facility(bno=9, building=building9)
status:true
temperature37.3
Hibernate: 
    insert 
    into
        status
        (regdate, facility_bno, member_mno, state, temperature) 
    values
        (?, ?, ?, ?, ?)
mno:Member(mno=206, name=null, phone=null)
building:Facility(bno=3, building=building3)
status:true
temperature36.0
Hibernate: 
    insert 
    into
        status
        (regdate, facility_bno, member_mno, state, temperature) 
    values
        (?, ?, ?, ?, ?)
mno:Member(mno=68, name=null, phone=null)
building:Facility(bno=8, building=building8)
status:false
temperature37.1
Hibernate: 
    insert 
    into
        status
        (regdate, facility_bno, member_mno, state, temperature) 
    values
        (?, ?, ?, ?, ?)
mno:Member(mno=20, name=null, phone=null)
building:Facility(bno=4, building=building4)
status:false
temperature36.4
Hibernate: 
    insert 
    into
        status
        (regdate, facility_bno, member_mno, state, temperature) 
    values
        (?, ?, ?, ?, ?)
mno:Member(mno=28, name=null, phone=null)
building:Facility(bno=9, building=building9)
status:true
temperature35.1
Hibernate: 
    insert 
    into
        status
        (regdate, facility_bno, member_mno, state, temperature) 
    values
        (?, ?, ?, ?, ?)
mno:Member(mno=111, name=null, phone=null)
building:Facility(bno=8, building=building8)
status:true
temperature36.6
Hibernate: 
    insert 
    into
        status
        (regdate, facility_bno, member_mno, state, temperature) 
    values
        (?, ?, ?, ?, ?)
mno:Member(mno=55, name=null, phone=null)
building:Facility(bno=6, building=building6)
status:true
temperature36.4
Hibernate: 
    insert 
    into
        status
        (regdate, facility_bno, member_mno, state, temperature) 
    values
        (?, ?, ?, ?, ?)
mno:Member(mno=206, name=null, phone=null)
building:Facility(bno=3, building=building3)
status:false
temperature35.7
Hibernate: 
    insert 
    into
        status
        (regdate, facility_bno, member_mno, state, temperature) 
    values
        (?, ?, ?, ?, ?)
mno:Member(mno=213, name=null, phone=null)
building:Facility(bno=4, building=building4)
status:false
temperature36.4
Hibernate: 
    insert 
    into
        status
        (regdate, facility_bno, member_mno, state, temperature) 
    values
        (?, ?, ?, ?, ?)
mno:Member(mno=191, name=null, phone=null)
building:Facility(bno=5, building=building5)
status:true
temperature35.5
Hibernate: 
    insert 
    into
        status
        (regdate, facility_bno, member_mno, state, temperature) 
    values
        (?, ?, ?, ?, ?)
mno:Member(mno=213, name=null, phone=null)
building:Facility(bno=8, building=building8)
status:true
temperature36.6
Hibernate: 
    insert 
    into
        status
        (regdate, facility_bno, member_mno, state, temperature) 
    values
        (?, ?, ?, ?, ?)
mno:Member(mno=173, name=null, phone=null)
building:Facility(bno=8, building=building8)
status:true
temperature36.2
Hibernate: 
    insert 
    into
        status
        (regdate, facility_bno, member_mno, state, temperature) 
    values
        (?, ?, ?, ?, ?)
mno:Member(mno=200, name=null, phone=null)
building:Facility(bno=3, building=building3)
status:false
temperature35.5
Hibernate: 
    insert 
    into
        status
        (regdate, facility_bno, member_mno, state, temperature) 
    values
        (?, ?, ?, ?, ?)
mno:Member(mno=108, name=null, phone=null)
building:Facility(bno=3, building=building3)
status:false
temperature36.2
Hibernate: 
    insert 
    into
        status
        (regdate, facility_bno, member_mno, state, temperature) 
    values
        (?, ?, ?, ?, ?)
mno:Member(mno=277, name=null, phone=null)
building:Facility(bno=2, building=building2)
status:true
temperature35.6
Hibernate: 
    insert 
    into
        status
        (regdate, facility_bno, member_mno, state, temperature) 
    values
        (?, ?, ?, ?, ?)
mno:Member(mno=192, name=null, phone=null)
building:Facility(bno=2, building=building2)
status:false
temperature36.4
Hibernate: 
    insert 
    into
        status
        (regdate, facility_bno, member_mno, state, temperature) 
    values
        (?, ?, ?, ?, ?)
mno:Member(mno=273, name=null, phone=null)
building:Facility(bno=4, building=building4)
status:false
temperature35.6
Hibernate: 
    insert 
    into
        status
        (regdate, facility_bno, member_mno, state, temperature) 
    values
        (?, ?, ?, ?, ?)
mno:Member(mno=171, name=null, phone=null)
building:Facility(bno=5, building=building5)
status:false
temperature35.1
Hibernate: 
    insert 
    into
        status
        (regdate, facility_bno, member_mno, state, temperature) 
    values
        (?, ?, ?, ?, ?)
mno:Member(mno=17, name=null, phone=null)
building:Facility(bno=3, building=building3)
status:true
temperature36.0
Hibernate: 
    insert 
    into
        status
        (regdate, facility_bno, member_mno, state, temperature) 
    values
        (?, ?, ?, ?, ?)
mno:Member(mno=95, name=null, phone=null)
building:Facility(bno=10, building=building10)
status:false
temperature36.7
Hibernate: 
    insert 
    into
        status
        (regdate, facility_bno, member_mno, state, temperature) 
    values
        (?, ?, ?, ?, ?)
mno:Member(mno=239, name=null, phone=null)
building:Facility(bno=8, building=building8)
status:true
temperature37.0
Hibernate: 
    insert 
    into
        status
        (regdate, facility_bno, member_mno, state, temperature) 
    values
        (?, ?, ?, ?, ?)
mno:Member(mno=88, name=null, phone=null)
building:Facility(bno=2, building=building2)
status:true
temperature37.1
Hibernate: 
    insert 
    into
        status
        (regdate, facility_bno, member_mno, state, temperature) 
    values
        (?, ?, ?, ?, ?)
mno:Member(mno=237, name=null, phone=null)
building:Facility(bno=7, building=building7)
status:false
temperature36.0
Hibernate: 
    insert 
    into
        status
        (regdate, facility_bno, member_mno, state, temperature) 
    values
        (?, ?, ?, ?, ?)
mno:Member(mno=231, name=null, phone=null)
building:Facility(bno=6, building=building6)
status:true
temperature35.9
Hibernate: 
    insert 
    into
        status
        (regdate, facility_bno, member_mno, state, temperature) 
    values
        (?, ?, ?, ?, ?)
mno:Member(mno=49, name=null, phone=null)
building:Facility(bno=4, building=building4)
status:true
temperature36.7
Hibernate: 
    insert 
    into
        status
        (regdate, facility_bno, member_mno, state, temperature) 
    values
        (?, ?, ?, ?, ?)
mno:Member(mno=103, name=null, phone=null)
building:Facility(bno=1, building=building1)
status:false
temperature36.6
Hibernate: 
    insert 
    into
        status
        (regdate, facility_bno, member_mno, state, temperature) 
    values
        (?, ?, ?, ?, ?)
mno:Member(mno=227, name=null, phone=null)
building:Facility(bno=4, building=building4)
status:true
temperature35.9
Hibernate: 
    insert 
    into
        status
        (regdate, facility_bno, member_mno, state, temperature) 
    values
        (?, ?, ?, ?, ?)
mno:Member(mno=59, name=null, phone=null)
building:Facility(bno=1, building=building1)
status:true
temperature35.3
Hibernate: 
    insert 
    into
        status
        (regdate, facility_bno, member_mno, state, temperature) 
    values
        (?, ?, ?, ?, ?)
mno:Member(mno=1, name=null, phone=null)
building:Facility(bno=2, building=building2)
status:false
temperature37.1
Hibernate: 
    insert 
    into
        status
        (regdate, facility_bno, member_mno, state, temperature) 
    values
        (?, ?, ?, ?, ?)
mno:Member(mno=135, name=null, phone=null)
building:Facility(bno=6, building=building6)
status:false
temperature35.2
Hibernate: 
    insert 
    into
        status
        (regdate, facility_bno, member_mno, state, temperature) 
    values
        (?, ?, ?, ?, ?)
mno:Member(mno=76, name=null, phone=null)
building:Facility(bno=2, building=building2)
status:false
temperature36.1
Hibernate: 
    insert 
    into
        status
        (regdate, facility_bno, member_mno, state, temperature) 
    values
        (?, ?, ?, ?, ?)
mno:Member(mno=144, name=null, phone=null)
building:Facility(bno=10, building=building10)
status:true
temperature35.8
Hibernate: 
    insert 
    into
        status
        (regdate, facility_bno, member_mno, state, temperature) 
    values
        (?, ?, ?, ?, ?)
mno:Member(mno=57, name=null, phone=null)
building:Facility(bno=1, building=building1)
status:true
temperature35.1
Hibernate: 
    insert 
    into
        status
        (regdate, facility_bno, member_mno, state, temperature) 
    values
        (?, ?, ?, ?, ?)
mno:Member(mno=170, name=null, phone=null)
building:Facility(bno=10, building=building10)
status:true
temperature36.5
Hibernate: 
    insert 
    into
        status
        (regdate, facility_bno, member_mno, state, temperature) 
    values
        (?, ?, ?, ?, ?)
mno:Member(mno=26, name=null, phone=null)
building:Facility(bno=9, building=building9)
status:true
temperature35.6
Hibernate: 
    insert 
    into
        status
        (regdate, facility_bno, member_mno, state, temperature) 
    values
        (?, ?, ?, ?, ?)
mno:Member(mno=81, name=null, phone=null)
building:Facility(bno=1, building=building1)
status:true
temperature36.9
Hibernate: 
    insert 
    into
        status
        (regdate, facility_bno, member_mno, state, temperature) 
    values
        (?, ?, ?, ?, ?)
mno:Member(mno=18, name=null, phone=null)
building:Facility(bno=10, building=building10)
status:false
temperature35.3
Hibernate: 
    insert 
    into
        status
        (regdate, facility_bno, member_mno, state, temperature) 
    values
        (?, ?, ?, ?, ?)
mno:Member(mno=123, name=null, phone=null)
building:Facility(bno=8, building=building8)
status:false
temperature36.9
Hibernate: 
    insert 
    into
        status
        (regdate, facility_bno, member_mno, state, temperature) 
    values
        (?, ?, ?, ?, ?)
mno:Member(mno=20, name=null, phone=null)
building:Facility(bno=8, building=building8)
status:true
temperature37.0
Hibernate: 
    insert 
    into
        status
        (regdate, facility_bno, member_mno, state, temperature) 
    values
        (?, ?, ?, ?, ?)
mno:Member(mno=127, name=null, phone=null)
building:Facility(bno=8, building=building8)
status:true
temperature35.4
Hibernate: 
    insert 
    into
        status
        (regdate, facility_bno, member_mno, state, temperature) 
    values
        (?, ?, ?, ?, ?)
mno:Member(mno=69, name=null, phone=null)
building:Facility(bno=8, building=building8)
status:true
temperature36.5
Hibernate: 
    insert 
    into
        status
        (regdate, facility_bno, member_mno, state, temperature) 
    values
        (?, ?, ?, ?, ?)
mno:Member(mno=2, name=null, phone=null)
building:Facility(bno=9, building=building9)
status:false
temperature35.1
Hibernate: 
    insert 
    into
        status
        (regdate, facility_bno, member_mno, state, temperature) 
    values
        (?, ?, ?, ?, ?)
mno:Member(mno=14, name=null, phone=null)
building:Facility(bno=8, building=building8)
status:false
temperature36.3
Hibernate: 
    insert 
    into
        status
        (regdate, facility_bno, member_mno, state, temperature) 
    values
        (?, ?, ?, ?, ?)
mno:Member(mno=130, name=null, phone=null)
building:Facility(bno=1, building=building1)
status:true
temperature35.5
Hibernate: 
    insert 
    into
        status
        (regdate, facility_bno, member_mno, state, temperature) 
    values
        (?, ?, ?, ?, ?)
mno:Member(mno=250, name=null, phone=null)
building:Facility(bno=5, building=building5)
status:true
temperature36.3
Hibernate: 
    insert 
    into
        status
        (regdate, facility_bno, member_mno, state, temperature) 
    values
        (?, ?, ?, ?, ?)
mno:Member(mno=138, name=null, phone=null)
building:Facility(bno=1, building=building1)
status:true
temperature37.2
Hibernate: 
    insert 
    into
        status
        (regdate, facility_bno, member_mno, state, temperature) 
    values
        (?, ?, ?, ?, ?)
mno:Member(mno=169, name=null, phone=null)
building:Facility(bno=7, building=building7)
status:false
temperature36.5
Hibernate: 
    insert 
    into
        status
        (regdate, facility_bno, member_mno, state, temperature) 
    values
        (?, ?, ?, ?, ?)
mno:Member(mno=158, name=null, phone=null)
building:Facility(bno=4, building=building4)
status:false
temperature35.3
Hibernate: 
    insert 
    into
        status
        (regdate, facility_bno, member_mno, state, temperature) 
    values
        (?, ?, ?, ?, ?)
mno:Member(mno=103, name=null, phone=null)
building:Facility(bno=6, building=building6)
status:true
temperature35.9
Hibernate: 
    insert 
    into
        status
        (regdate, facility_bno, member_mno, state, temperature) 
    values
        (?, ?, ?, ?, ?)
mno:Member(mno=67, name=null, phone=null)
building:Facility(bno=2, building=building2)
status:true
temperature36.7
Hibernate: 
    insert 
    into
        status
        (regdate, facility_bno, member_mno, state, temperature) 
    values
        (?, ?, ?, ?, ?)
mno:Member(mno=124, name=null, phone=null)
building:Facility(bno=3, building=building3)
status:false
temperature35.5
Hibernate: 
    insert 
    into
        status
        (regdate, facility_bno, member_mno, state, temperature) 
    values
        (?, ?, ?, ?, ?)
mno:Member(mno=76, name=null, phone=null)
building:Facility(bno=9, building=building9)
status:true
temperature35.5
Hibernate: 
    insert 
    into
        status
        (regdate, facility_bno, member_mno, state, temperature) 
    values
        (?, ?, ?, ?, ?)
mno:Member(mno=178, name=null, phone=null)
building:Facility(bno=5, building=building5)
status:true
temperature35.0
Hibernate: 
    insert 
    into
        status
        (regdate, facility_bno, member_mno, state, temperature) 
    values
        (?, ?, ?, ?, ?)
mno:Member(mno=254, name=null, phone=null)
building:Facility(bno=4, building=building4)
status:false
temperature35.5
Hibernate: 
    insert 
    into
        status
        (regdate, facility_bno, member_mno, state, temperature) 
    values
        (?, ?, ?, ?, ?)
mno:Member(mno=25, name=null, phone=null)
building:Facility(bno=7, building=building7)
status:true
temperature35.1
Hibernate: 
    insert 
    into
        status
        (regdate, facility_bno, member_mno, state, temperature) 
    values
        (?, ?, ?, ?, ?)
mno:Member(mno=202, name=null, phone=null)
building:Facility(bno=6, building=building6)
status:false
temperature37.0
Hibernate: 
    insert 
    into
        status
        (regdate, facility_bno, member_mno, state, temperature) 
    values
        (?, ?, ?, ?, ?)
mno:Member(mno=282, name=null, phone=null)
building:Facility(bno=3, building=building3)
status:false
temperature37.1
Hibernate: 
    insert 
    into
        status
        (regdate, facility_bno, member_mno, state, temperature) 
    values
        (?, ?, ?, ?, ?)
mno:Member(mno=239, name=null, phone=null)
building:Facility(bno=8, building=building8)
status:false
temperature37.2
Hibernate: 
    insert 
    into
        status
        (regdate, facility_bno, member_mno, state, temperature) 
    values
        (?, ?, ?, ?, ?)
mno:Member(mno=168, name=null, phone=null)
building:Facility(bno=3, building=building3)
status:true
temperature37.2
Hibernate: 
    insert 
    into
        status
        (regdate, facility_bno, member_mno, state, temperature) 
    values
        (?, ?, ?, ?, ?)
mno:Member(mno=120, name=null, phone=null)
building:Facility(bno=4, building=building4)
status:true
temperature37.2
Hibernate: 
    insert 
    into
        status
        (regdate, facility_bno, member_mno, state, temperature) 
    values
        (?, ?, ?, ?, ?)
mno:Member(mno=39, name=null, phone=null)
building:Facility(bno=3, building=building3)
status:false
temperature36.9
Hibernate: 
    insert 
    into
        status
        (regdate, facility_bno, member_mno, state, temperature) 
    values
        (?, ?, ?, ?, ?)
mno:Member(mno=250, name=null, phone=null)
building:Facility(bno=5, building=building5)
status:false
temperature37.0
Hibernate: 
    insert 
    into
        status
        (regdate, facility_bno, member_mno, state, temperature) 
    values
        (?, ?, ?, ?, ?)
mno:Member(mno=191, name=null, phone=null)
building:Facility(bno=5, building=building5)
status:false
temperature36.5
Hibernate: 
    insert 
    into
        status
        (regdate, facility_bno, member_mno, state, temperature) 
    values
        (?, ?, ?, ?, ?)
mno:Member(mno=32, name=null, phone=null)
building:Facility(bno=6, building=building6)
status:true
temperature36.0
Hibernate: 
    insert 
    into
        status
        (regdate, facility_bno, member_mno, state, temperature) 
    values
        (?, ?, ?, ?, ?)
mno:Member(mno=114, name=null, phone=null)
building:Facility(bno=9, building=building9)
status:false
temperature35.1
Hibernate: 
    insert 
    into
        status
        (regdate, facility_bno, member_mno, state, temperature) 
    values
        (?, ?, ?, ?, ?)
mno:Member(mno=30, name=null, phone=null)
building:Facility(bno=8, building=building8)
status:false
temperature35.6
Hibernate: 
    insert 
    into
        status
        (regdate, facility_bno, member_mno, state, temperature) 
    values
        (?, ?, ?, ?, ?)
mno:Member(mno=10, name=null, phone=null)
building:Facility(bno=8, building=building8)
status:true
temperature35.9
Hibernate: 
    insert 
    into
        status
        (regdate, facility_bno, member_mno, state, temperature) 
    values
        (?, ?, ?, ?, ?)
mno:Member(mno=30, name=null, phone=null)
building:Facility(bno=7, building=building7)
status:true
temperature36.0
Hibernate: 
    insert 
    into
        status
        (regdate, facility_bno, member_mno, state, temperature) 
    values
        (?, ?, ?, ?, ?)
mno:Member(mno=93, name=null, phone=null)
building:Facility(bno=1, building=building1)
status:true
temperature36.7
Hibernate: 
    insert 
    into
        status
        (regdate, facility_bno, member_mno, state, temperature) 
    values
        (?, ?, ?, ?, ?)
mno:Member(mno=124, name=null, phone=null)
building:Facility(bno=7, building=building7)
status:true
temperature36.9
Hibernate: 
    insert 
    into
        status
        (regdate, facility_bno, member_mno, state, temperature) 
    values
        (?, ?, ?, ?, ?)
mno:Member(mno=247, name=null, phone=null)
building:Facility(bno=7, building=building7)
status:true
temperature36.4
Hibernate: 
    insert 
    into
        status
        (regdate, facility_bno, member_mno, state, temperature) 
    values
        (?, ?, ?, ?, ?)
mno:Member(mno=263, name=null, phone=null)
building:Facility(bno=9, building=building9)
status:true
temperature36.0
Hibernate: 
    insert 
    into
        status
        (regdate, facility_bno, member_mno, state, temperature) 
    values
        (?, ?, ?, ?, ?)
mno:Member(mno=32, name=null, phone=null)
building:Facility(bno=6, building=building6)
status:false
temperature37.0
Hibernate: 
    insert 
    into
        status
        (regdate, facility_bno, member_mno, state, temperature) 
    values
        (?, ?, ?, ?, ?)
mno:Member(mno=74, name=null, phone=null)
building:Facility(bno=7, building=building7)
status:true
temperature36.4
Hibernate: 
    insert 
    into
        status
        (regdate, facility_bno, member_mno, state, temperature) 
    values
        (?, ?, ?, ?, ?)
mno:Member(mno=78, name=null, phone=null)
building:Facility(bno=4, building=building4)
status:true
temperature36.2
Hibernate: 
    insert 
    into
        status
        (regdate, facility_bno, member_mno, state, temperature) 
    values
        (?, ?, ?, ?, ?)
mno:Member(mno=239, name=null, phone=null)
building:Facility(bno=7, building=building7)
status:true
temperature35.2
Hibernate: 
    insert 
    into
        status
        (regdate, facility_bno, member_mno, state, temperature) 
    values
        (?, ?, ?, ?, ?)
mno:Member(mno=81, name=null, phone=null)
building:Facility(bno=1, building=building1)
status:false
temperature35.8
Hibernate: 
    insert 
    into
        status
        (regdate, facility_bno, member_mno, state, temperature) 
    values
        (?, ?, ?, ?, ?)
mno:Member(mno=86, name=null, phone=null)
building:Facility(bno=9, building=building9)
status:false
temperature35.5
Hibernate: 
    insert 
    into
        status
        (regdate, facility_bno, member_mno, state, temperature) 
    values
        (?, ?, ?, ?, ?)
mno:Member(mno=94, name=null, phone=null)
building:Facility(bno=5, building=building5)
status:true
temperature36.1
Hibernate: 
    insert 
    into
        status
        (regdate, facility_bno, member_mno, state, temperature) 
    values
        (?, ?, ?, ?, ?)
mno:Member(mno=93, name=null, phone=null)
building:Facility(bno=1, building=building1)
status:false
temperature35.7
Hibernate: 
    insert 
    into
        status
        (regdate, facility_bno, member_mno, state, temperature) 
    values
        (?, ?, ?, ?, ?)
mno:Member(mno=212, name=null, phone=null)
building:Facility(bno=8, building=building8)
status:false
temperature35.4
Hibernate: 
    insert 
    into
        status
        (regdate, facility_bno, member_mno, state, temperature) 
    values
        (?, ?, ?, ?, ?)
mno:Member(mno=155, name=null, phone=null)
building:Facility(bno=6, building=building6)
status:false
temperature37.1
Hibernate: 
    insert 
    into
        status
        (regdate, facility_bno, member_mno, state, temperature) 
    values
        (?, ?, ?, ?, ?)
mno:Member(mno=66, name=null, phone=null)
building:Facility(bno=4, building=building4)
status:false
temperature36.0
Hibernate: 
    insert 
    into
        status
        (regdate, facility_bno, member_mno, state, temperature) 
    values
        (?, ?, ?, ?, ?)
mno:Member(mno=5, name=null, phone=null)
building:Facility(bno=3, building=building3)
status:false
temperature35.5
Hibernate: 
    insert 
    into
        status
        (regdate, facility_bno, member_mno, state, temperature) 
    values
        (?, ?, ?, ?, ?)
mno:Member(mno=147, name=null, phone=null)
building:Facility(bno=9, building=building9)
status:true
temperature36.0
Hibernate: 
    insert 
    into
        status
        (regdate, facility_bno, member_mno, state, temperature) 
    values
        (?, ?, ?, ?, ?)
mno:Member(mno=203, name=null, phone=null)
building:Facility(bno=1, building=building1)
status:false
temperature37.3
Hibernate: 
    insert 
    into
        status
        (regdate, facility_bno, member_mno, state, temperature) 
    values
        (?, ?, ?, ?, ?)
mno:Member(mno=145, name=null, phone=null)
building:Facility(bno=7, building=building7)
status:true
temperature35.0
Hibernate: 
    insert 
    into
        status
        (regdate, facility_bno, member_mno, state, temperature) 
    values
        (?, ?, ?, ?, ?)
mno:Member(mno=242, name=null, phone=null)
building:Facility(bno=4, building=building4)
status:true
temperature36.4
Hibernate: 
    insert 
    into
        status
        (regdate, facility_bno, member_mno, state, temperature) 
    values
        (?, ?, ?, ?, ?)
mno:Member(mno=119, name=null, phone=null)
building:Facility(bno=1, building=building1)
status:true
temperature36.4
Hibernate: 
    insert 
    into
        status
        (regdate, facility_bno, member_mno, state, temperature) 
    values
        (?, ?, ?, ?, ?)
mno:Member(mno=182, name=null, phone=null)
building:Facility(bno=1, building=building1)
status:true
temperature35.0
Hibernate: 
    insert 
    into
        status
        (regdate, facility_bno, member_mno, state, temperature) 
    values
        (?, ?, ?, ?, ?)
mno:Member(mno=215, name=null, phone=null)
building:Facility(bno=2, building=building2)
status:true
temperature36.4
Hibernate: 
    insert 
    into
        status
        (regdate, facility_bno, member_mno, state, temperature) 
    values
        (?, ?, ?, ?, ?)
mno:Member(mno=237, name=null, phone=null)
building:Facility(bno=5, building=building5)
status:true
temperature35.8
Hibernate: 
    insert 
    into
        status
        (regdate, facility_bno, member_mno, state, temperature) 
    values
        (?, ?, ?, ?, ?)
mno:Member(mno=163, name=null, phone=null)
building:Facility(bno=7, building=building7)
status:true
temperature36.5
Hibernate: 
    insert 
    into
        status
        (regdate, facility_bno, member_mno, state, temperature) 
    values
        (?, ?, ?, ?, ?)
mno:Member(mno=108, name=null, phone=null)
building:Facility(bno=2, building=building2)
status:true
temperature36.6
Hibernate: 
    insert 
    into
        status
        (regdate, facility_bno, member_mno, state, temperature) 
    values
        (?, ?, ?, ?, ?)
mno:Member(mno=167, name=null, phone=null)
building:Facility(bno=1, building=building1)
status:false
temperature35.2
Hibernate: 
    insert 
    into
        status
        (regdate, facility_bno, member_mno, state, temperature) 
    values
        (?, ?, ?, ?, ?)
mno:Member(mno=21, name=null, phone=null)
building:Facility(bno=5, building=building5)
status:true
temperature36.6
Hibernate: 
    insert 
    into
        status
        (regdate, facility_bno, member_mno, state, temperature) 
    values
        (?, ?, ?, ?, ?)
mno:Member(mno=178, name=null, phone=null)
building:Facility(bno=5, building=building5)
status:false
temperature35.1
Hibernate: 
    insert 
    into
        status
        (regdate, facility_bno, member_mno, state, temperature) 
    values
        (?, ?, ?, ?, ?)
mno:Member(mno=270, name=null, phone=null)
building:Facility(bno=3, building=building3)
status:false
temperature36.7
Hibernate: 
    insert 
    into
        status
        (regdate, facility_bno, member_mno, state, temperature) 
    values
        (?, ?, ?, ?, ?)
mno:Member(mno=35, name=null, phone=null)
building:Facility(bno=9, building=building9)
status:true
temperature36.3
Hibernate: 
    insert 
    into
        status
        (regdate, facility_bno, member_mno, state, temperature) 
    values
        (?, ?, ?, ?, ?)
mno:Member(mno=98, name=null, phone=null)
building:Facility(bno=5, building=building5)
status:false
temperature36.3
Hibernate: 
    insert 
    into
        status
        (regdate, facility_bno, member_mno, state, temperature) 
    values
        (?, ?, ?, ?, ?)
mno:Member(mno=111, name=null, phone=null)
building:Facility(bno=8, building=building8)
status:false
temperature35.0
Hibernate: 
    insert 
    into
        status
        (regdate, facility_bno, member_mno, state, temperature) 
    values
        (?, ?, ?, ?, ?)
mno:Member(mno=215, name=null, phone=null)
building:Facility(bno=2, building=building2)
status:false
temperature35.9
Hibernate: 
    insert 
    into
        status
        (regdate, facility_bno, member_mno, state, temperature) 
    values
        (?, ?, ?, ?, ?)
mno:Member(mno=170, name=null, phone=null)
building:Facility(bno=10, building=building10)
status:false
temperature37.0
Hibernate: 
    insert 
    into
        status
        (regdate, facility_bno, member_mno, state, temperature) 
    values
        (?, ?, ?, ?, ?)
mno:Member(mno=147, name=null, phone=null)
building:Facility(bno=9, building=building9)
status:false
temperature36.7
Hibernate: 
    insert 
    into
        status
        (regdate, facility_bno, member_mno, state, temperature) 
    values
        (?, ?, ?, ?, ?)
mno:Member(mno=154, name=null, phone=null)
building:Facility(bno=7, building=building7)
status:true
temperature36.7
Hibernate: 
    insert 
    into
        status
        (regdate, facility_bno, member_mno, state, temperature) 
    values
        (?, ?, ?, ?, ?)
mno:Member(mno=76, name=null, phone=null)
building:Facility(bno=9, building=building9)
status:false
temperature35.3
Hibernate: 
    insert 
    into
        status
        (regdate, facility_bno, member_mno, state, temperature) 
    values
        (?, ?, ?, ?, ?)
mno:Member(mno=186, name=null, phone=null)
building:Facility(bno=1, building=building1)
status:false
temperature35.3
Hibernate: 
    insert 
    into
        status
        (regdate, facility_bno, member_mno, state, temperature) 
    values
        (?, ?, ?, ?, ?)
mno:Member(mno=212, name=null, phone=null)
building:Facility(bno=7, building=building7)
status:true
temperature36.7
Hibernate: 
    insert 
    into
        status
        (regdate, facility_bno, member_mno, state, temperature) 
    values
        (?, ?, ?, ?, ?)
mno:Member(mno=250, name=null, phone=null)
building:Facility(bno=3, building=building3)
status:true
temperature36.0
Hibernate: 
    insert 
    into
        status
        (regdate, facility_bno, member_mno, state, temperature) 
    values
        (?, ?, ?, ?, ?)
mno:Member(mno=232, name=null, phone=null)
building:Facility(bno=6, building=building6)
status:true
temperature37.1
Hibernate: 
    insert 
    into
        status
        (regdate, facility_bno, member_mno, state, temperature) 
    values
        (?, ?, ?, ?, ?)
mno:Member(mno=31, name=null, phone=null)
building:Facility(bno=10, building=building10)
status:false
temperature35.1
Hibernate: 
    insert 
    into
        status
        (regdate, facility_bno, member_mno, state, temperature) 
    values
        (?, ?, ?, ?, ?)
mno:Member(mno=240, name=null, phone=null)
building:Facility(bno=5, building=building5)
status:true
temperature36.7
Hibernate: 
    insert 
    into
        status
        (regdate, facility_bno, member_mno, state, temperature) 
    values
        (?, ?, ?, ?, ?)
mno:Member(mno=276, name=null, phone=null)
building:Facility(bno=10, building=building10)
status:false
temperature37.2
Hibernate: 
    insert 
    into
        status
        (regdate, facility_bno, member_mno, state, temperature) 
    values
        (?, ?, ?, ?, ?)
mno:Member(mno=8, name=null, phone=null)
building:Facility(bno=6, building=building6)
status:true
temperature36.0
Hibernate: 
    insert 
    into
        status
        (regdate, facility_bno, member_mno, state, temperature) 
    values
        (?, ?, ?, ?, ?)
mno:Member(mno=49, name=null, phone=null)
building:Facility(bno=4, building=building4)
status:false
temperature35.0
Hibernate: 
    insert 
    into
        status
        (regdate, facility_bno, member_mno, state, temperature) 
    values
        (?, ?, ?, ?, ?)
mno:Member(mno=65, name=null, phone=null)
building:Facility(bno=1, building=building1)
status:true
temperature36.5
Hibernate: 
    insert 
    into
        status
        (regdate, facility_bno, member_mno, state, temperature) 
    values
        (?, ?, ?, ?, ?)
mno:Member(mno=86, name=null, phone=null)
building:Facility(bno=8, building=building8)
status:true
temperature36.9
Hibernate: 
    insert 
    into
        status
        (regdate, facility_bno, member_mno, state, temperature) 
    values
        (?, ?, ?, ?, ?)
mno:Member(mno=223, name=null, phone=null)
building:Facility(bno=5, building=building5)
status:false
temperature36.3
Hibernate: 
    insert 
    into
        status
        (regdate, facility_bno, member_mno, state, temperature) 
    values
        (?, ?, ?, ?, ?)
mno:Member(mno=138, name=null, phone=null)
building:Facility(bno=1, building=building1)
status:false
temperature35.6
Hibernate: 
    insert 
    into
        status
        (regdate, facility_bno, member_mno, state, temperature) 
    values
        (?, ?, ?, ?, ?)
mno:Member(mno=26, name=null, phone=null)
building:Facility(bno=9, building=building9)
status:false
temperature35.4
Hibernate: 
    insert 
    into
        status
        (regdate, facility_bno, member_mno, state, temperature) 
    values
        (?, ?, ?, ?, ?)
mno:Member(mno=230, name=null, phone=null)
building:Facility(bno=4, building=building4)
status:true
temperature37.1
Hibernate: 
    insert 
    into
        status
        (regdate, facility_bno, member_mno, state, temperature) 
    values
        (?, ?, ?, ?, ?)
mno:Member(mno=153, name=null, phone=null)
building:Facility(bno=6, building=building6)
status:false
temperature37.1
Hibernate: 
    insert 
    into
        status
        (regdate, facility_bno, member_mno, state, temperature) 
    values
        (?, ?, ?, ?, ?)
mno:Member(mno=245, name=null, phone=null)
building:Facility(bno=6, building=building6)
status:true
temperature35.4
Hibernate: 
    insert 
    into
        status
        (regdate, facility_bno, member_mno, state, temperature) 
    values
        (?, ?, ?, ?, ?)
mno:Member(mno=67, name=null, phone=null)
building:Facility(bno=2, building=building2)
status:false
temperature36.0
Hibernate: 
    insert 
    into
        status
        (regdate, facility_bno, member_mno, state, temperature) 
    values
        (?, ?, ?, ?, ?)
mno:Member(mno=2, name=null, phone=null)
building:Facility(bno=9, building=building9)
status:true
temperature36.0
Hibernate: 
    insert 
    into
        status
        (regdate, facility_bno, member_mno, state, temperature) 
    values
        (?, ?, ?, ?, ?)
mno:Member(mno=42, name=null, phone=null)
building:Facility(bno=3, building=building3)
status:false
temperature36.0
Hibernate: 
    insert 
    into
        status
        (regdate, facility_bno, member_mno, state, temperature) 
    values
        (?, ?, ?, ?, ?)
mno:Member(mno=152, name=null, phone=null)
building:Facility(bno=7, building=building7)
status:false
temperature35.7
Hibernate: 
    insert 
    into
        status
        (regdate, facility_bno, member_mno, state, temperature) 
    values
        (?, ?, ?, ?, ?)
mno:Member(mno=199, name=null, phone=null)
building:Facility(bno=1, building=building1)
status:false
temperature36.5
Hibernate: 
    insert 
    into
        status
        (regdate, facility_bno, member_mno, state, temperature) 
    values
        (?, ?, ?, ?, ?)
mno:Member(mno=62, name=null, phone=null)
building:Facility(bno=9, building=building9)
status:false
temperature36.2
Hibernate: 
    insert 
    into
        status
        (regdate, facility_bno, member_mno, state, temperature) 
    values
        (?, ?, ?, ?, ?)
mno:Member(mno=213, name=null, phone=null)
building:Facility(bno=8, building=building8)
status:false
temperature37.3
Hibernate: 
    insert 
    into
        status
        (regdate, facility_bno, member_mno, state, temperature) 
    values
        (?, ?, ?, ?, ?)
mno:Member(mno=52, name=null, phone=null)
building:Facility(bno=5, building=building5)
status:true
temperature35.7
Hibernate: 
    insert 
    into
        status
        (regdate, facility_bno, member_mno, state, temperature) 
    values
        (?, ?, ?, ?, ?)
mno:Member(mno=166, name=null, phone=null)
building:Facility(bno=3, building=building3)
status:true
temperature35.3
Hibernate: 
    insert 
    into
        status
        (regdate, facility_bno, member_mno, state, temperature) 
    values
        (?, ?, ?, ?, ?)
mno:Member(mno=188, name=null, phone=null)
building:Facility(bno=4, building=building4)
status:false
temperature36.6
Hibernate: 
    insert 
    into
        status
        (regdate, facility_bno, member_mno, state, temperature) 
    values
        (?, ?, ?, ?, ?)
mno:Member(mno=149, name=null, phone=null)
building:Facility(bno=2, building=building2)
status:true
temperature35.7
Hibernate: 
    insert 
    into
        status
        (regdate, facility_bno, member_mno, state, temperature) 
    values
        (?, ?, ?, ?, ?)
mno:Member(mno=25, name=null, phone=null)
building:Facility(bno=7, building=building7)
status:false
temperature35.7
Hibernate: 
    insert 
    into
        status
        (regdate, facility_bno, member_mno, state, temperature) 
    values
        (?, ?, ?, ?, ?)
mno:Member(mno=108, name=null, phone=null)
building:Facility(bno=2, building=building2)
status:false
temperature36.2
Hibernate: 
    insert 
    into
        status
        (regdate, facility_bno, member_mno, state, temperature) 
    values
        (?, ?, ?, ?, ?)
mno:Member(mno=211, name=null, phone=null)
building:Facility(bno=8, building=building8)
status:false
temperature37.0
Hibernate: 
    insert 
    into
        status
        (regdate, facility_bno, member_mno, state, temperature) 
    values
        (?, ?, ?, ?, ?)
mno:Member(mno=23, name=null, phone=null)
building:Facility(bno=4, building=building4)
status:false
temperature35.1
Hibernate: 
    insert 
    into
        status
        (regdate, facility_bno, member_mno, state, temperature) 
    values
        (?, ?, ?, ?, ?)
mno:Member(mno=261, name=null, phone=null)
building:Facility(bno=2, building=building2)
status:false
temperature37.2
Hibernate: 
    insert 
    into
        status
        (regdate, facility_bno, member_mno, state, temperature) 
    values
        (?, ?, ?, ?, ?)
mno:Member(mno=98, name=null, phone=null)
building:Facility(bno=4, building=building4)
status:true
temperature37.0
Hibernate: 
    insert 
    into
        status
        (regdate, facility_bno, member_mno, state, temperature) 
    values
        (?, ?, ?, ?, ?)
mno:Member(mno=237, name=null, phone=null)
building:Facility(bno=5, building=building5)
status:false
temperature36.6
Hibernate: 
    insert 
    into
        status
        (regdate, facility_bno, member_mno, state, temperature) 
    values
        (?, ?, ?, ?, ?)
mno:Member(mno=86, name=null, phone=null)
building:Facility(bno=8, building=building8)
status:false
temperature35.8
Hibernate: 
    insert 
    into
        status
        (regdate, facility_bno, member_mno, state, temperature) 
    values
        (?, ?, ?, ?, ?)
mno:Member(mno=97, name=null, phone=null)
building:Facility(bno=4, building=building4)
status:true
temperature35.8
Hibernate: 
    insert 
    into
        status
        (regdate, facility_bno, member_mno, state, temperature) 
    values
        (?, ?, ?, ?, ?)
mno:Member(mno=140, name=null, phone=null)
building:Facility(bno=2, building=building2)
status:true
temperature35.6
Hibernate: 
    insert 
    into
        status
        (regdate, facility_bno, member_mno, state, temperature) 
    values
        (?, ?, ?, ?, ?)
mno:Member(mno=97, name=null, phone=null)
building:Facility(bno=4, building=building4)
status:false
temperature36.0
Hibernate: 
    insert 
    into
        status
        (regdate, facility_bno, member_mno, state, temperature) 
    values
        (?, ?, ?, ?, ?)
mno:Member(mno=269, name=null, phone=null)
building:Facility(bno=1, building=building1)
status:true
temperature37.0
Hibernate: 
    insert 
    into
        status
        (regdate, facility_bno, member_mno, state, temperature) 
    values
        (?, ?, ?, ?, ?)
mno:Member(mno=7, name=null, phone=null)
building:Facility(bno=7, building=building7)
status:true
temperature35.8
Hibernate: 
    insert 
    into
        status
        (regdate, facility_bno, member_mno, state, temperature) 
    values
        (?, ?, ?, ?, ?)
mno:Member(mno=273, name=null, phone=null)
building:Facility(bno=8, building=building8)
status:true
temperature36.2
Hibernate: 
    insert 
    into
        status
        (regdate, facility_bno, member_mno, state, temperature) 
    values
        (?, ?, ?, ?, ?)
mno:Member(mno=192, name=null, phone=null)
building:Facility(bno=5, building=building5)
status:true
temperature35.5
Hibernate: 
    insert 
    into
        status
        (regdate, facility_bno, member_mno, state, temperature) 
    values
        (?, ?, ?, ?, ?)
mno:Member(mno=131, name=null, phone=null)
building:Facility(bno=10, building=building10)
status:true
temperature36.8
Hibernate: 
    insert 
    into
        status
        (regdate, facility_bno, member_mno, state, temperature) 
    values
        (?, ?, ?, ?, ?)
mno:Member(mno=73, name=null, phone=null)
building:Facility(bno=5, building=building5)
status:true
temperature36.1
Hibernate: 
    insert 
    into
        status
        (regdate, facility_bno, member_mno, state, temperature) 
    values
        (?, ?, ?, ?, ?)
mno:Member(mno=52, name=null, phone=null)
building:Facility(bno=5, building=building5)
status:false
temperature36.6
Hibernate: 
    insert 
    into
        status
        (regdate, facility_bno, member_mno, state, temperature) 
    values
        (?, ?, ?, ?, ?)
mno:Member(mno=194, name=null, phone=null)
building:Facility(bno=10, building=building10)
status:false
temperature37.2
Hibernate: 
    insert 
    into
        status
        (regdate, facility_bno, member_mno, state, temperature) 
    values
        (?, ?, ?, ?, ?)
mno:Member(mno=36, name=null, phone=null)
building:Facility(bno=4, building=building4)
status:true
temperature35.2
Hibernate: 
    insert 
    into
        status
        (regdate, facility_bno, member_mno, state, temperature) 
    values
        (?, ?, ?, ?, ?)
mno:Member(mno=156, name=null, phone=null)
building:Facility(bno=8, building=building8)
status:false
temperature36.6
Hibernate: 
    insert 
    into
        status
        (regdate, facility_bno, member_mno, state, temperature) 
    values
        (?, ?, ?, ?, ?)
mno:Member(mno=168, name=null, phone=null)
building:Facility(bno=3, building=building3)
status:false
temperature36.5
Hibernate: 
    insert 
    into
        status
        (regdate, facility_bno, member_mno, state, temperature) 
    values
        (?, ?, ?, ?, ?)
mno:Member(mno=198, name=null, phone=null)
building:Facility(bno=1, building=building1)
status:false
temperature35.5
Hibernate: 
    insert 
    into
        status
        (regdate, facility_bno, member_mno, state, temperature) 
    values
        (?, ?, ?, ?, ?)
mno:Member(mno=11, name=null, phone=null)
building:Facility(bno=3, building=building3)
status:true
temperature35.7
Hibernate: 
    insert 
    into
        status
        (regdate, facility_bno, member_mno, state, temperature) 
    values
        (?, ?, ?, ?, ?)
mno:Member(mno=243, name=null, phone=null)
building:Facility(bno=5, building=building5)
status:true
temperature35.2
Hibernate: 
    insert 
    into
        status
        (regdate, facility_bno, member_mno, state, temperature) 
    values
        (?, ?, ?, ?, ?)
mno:Member(mno=212, name=null, phone=null)
building:Facility(bno=7, building=building7)
status:false
temperature37.0
Hibernate: 
    insert 
    into
        status
        (regdate, facility_bno, member_mno, state, temperature) 
    values
        (?, ?, ?, ?, ?)
mno:Member(mno=168, name=null, phone=null)
building:Facility(bno=9, building=building9)
status:true
temperature35.4
Hibernate: 
    insert 
    into
        status
        (regdate, facility_bno, member_mno, state, temperature) 
    values
        (?, ?, ?, ?, ?)
mno:Member(mno=228, name=null, phone=null)
building:Facility(bno=1, building=building1)
status:false
temperature36.5
Hibernate: 
    insert 
    into
        status
        (regdate, facility_bno, member_mno, state, temperature) 
    values
        (?, ?, ?, ?, ?)
mno:Member(mno=137, name=null, phone=null)
building:Facility(bno=6, building=building6)
status:false
temperature36.7
Hibernate: 
    insert 
    into
        status
        (regdate, facility_bno, member_mno, state, temperature) 
    values
        (?, ?, ?, ?, ?)
mno:Member(mno=12, name=null, phone=null)
building:Facility(bno=4, building=building4)
status:true
temperature36.1
Hibernate: 
    insert 
    into
        status
        (regdate, facility_bno, member_mno, state, temperature) 
    values
        (?, ?, ?, ?, ?)
mno:Member(mno=207, name=null, phone=null)
building:Facility(bno=6, building=building6)
status:false
temperature35.4
Hibernate: 
    insert 
    into
        status
        (regdate, facility_bno, member_mno, state, temperature) 
    values
        (?, ?, ?, ?, ?)
mno:Member(mno=22, name=null, phone=null)
building:Facility(bno=8, building=building8)
status:true
temperature37.1
Hibernate: 
    insert 
    into
        status
        (regdate, facility_bno, member_mno, state, temperature) 
    values
        (?, ?, ?, ?, ?)
mno:Member(mno=209, name=null, phone=null)
building:Facility(bno=6, building=building6)
status:true
temperature37.3
Hibernate: 
    insert 
    into
        status
        (regdate, facility_bno, member_mno, state, temperature) 
    values
        (?, ?, ?, ?, ?)
mno:Member(mno=261, name=null, phone=null)
building:Facility(bno=7, building=building7)
status:true
temperature35.7
Hibernate: 
    insert 
    into
        status
        (regdate, facility_bno, member_mno, state, temperature) 
    values
        (?, ?, ?, ?, ?)
mno:Member(mno=235, name=null, phone=null)
building:Facility(bno=9, building=building9)
status:true
temperature36.8
Hibernate: 
    insert 
    into
        status
        (regdate, facility_bno, member_mno, state, temperature) 
    values
        (?, ?, ?, ?, ?)
mno:Member(mno=208, name=null, phone=null)
building:Facility(bno=2, building=building2)
status:true
temperature35.8
Hibernate: 
    insert 
    into
        status
        (regdate, facility_bno, member_mno, state, temperature) 
    values
        (?, ?, ?, ?, ?)
mno:Member(mno=269, name=null, phone=null)
building:Facility(bno=1, building=building1)
status:false
temperature36.2
Hibernate: 
    insert 
    into
        status
        (regdate, facility_bno, member_mno, state, temperature) 
    values
        (?, ?, ?, ?, ?)
mno:Member(mno=91, name=null, phone=null)
building:Facility(bno=9, building=building9)
status:true
temperature37.0
Hibernate: 
    insert 
    into
        status
        (regdate, facility_bno, member_mno, state, temperature) 
    values
        (?, ?, ?, ?, ?)
mno:Member(mno=80, name=null, phone=null)
building:Facility(bno=2, building=building2)
status:true
temperature36.4
Hibernate: 
    insert 
    into
        status
        (regdate, facility_bno, member_mno, state, temperature) 
    values
        (?, ?, ?, ?, ?)
mno:Member(mno=212, name=null, phone=null)
building:Facility(bno=2, building=building2)
status:true
temperature37.2
Hibernate: 
    insert 
    into
        status
        (regdate, facility_bno, member_mno, state, temperature) 
    values
        (?, ?, ?, ?, ?)
mno:Member(mno=48, name=null, phone=null)
building:Facility(bno=1, building=building1)
status:false
temperature37.0
Hibernate: 
    insert 
    into
        status
        (regdate, facility_bno, member_mno, state, temperature) 
    values
        (?, ?, ?, ?, ?)
mno:Member(mno=181, name=null, phone=null)
building:Facility(bno=2, building=building2)
status:true
temperature35.8
Hibernate: 
    insert 
    into
        status
        (regdate, facility_bno, member_mno, state, temperature) 
    values
        (?, ?, ?, ?, ?)
mno:Member(mno=156, name=null, phone=null)
building:Facility(bno=2, building=building2)
status:true
temperature35.1
Hibernate: 
    insert 
    into
        status
        (regdate, facility_bno, member_mno, state, temperature) 
    values
        (?, ?, ?, ?, ?)
mno:Member(mno=188, name=null, phone=null)
building:Facility(bno=10, building=building10)
status:true
temperature36.6
Hibernate: 
    insert 
    into
        status
        (regdate, facility_bno, member_mno, state, temperature) 
    values
        (?, ?, ?, ?, ?)
mno:Member(mno=111, name=null, phone=null)
building:Facility(bno=4, building=building4)
status:true
temperature36.7
Hibernate: 
    insert 
    into
        status
        (regdate, facility_bno, member_mno, state, temperature) 
    values
        (?, ?, ?, ?, ?)
mno:Member(mno=223, name=null, phone=null)
building:Facility(bno=5, building=building5)
status:true
temperature36.5
Hibernate: 
    insert 
    into
        status
        (regdate, facility_bno, member_mno, state, temperature) 
    values
        (?, ?, ?, ?, ?)
mno:Member(mno=135, name=null, phone=null)
building:Facility(bno=3, building=building3)
status:true
temperature35.2
Hibernate: 
    insert 
    into
        status
        (regdate, facility_bno, member_mno, state, temperature) 
    values
        (?, ?, ?, ?, ?)
mno:Member(mno=277, name=null, phone=null)
building:Facility(bno=2, building=building2)
status:false
temperature35.4
Hibernate: 
    insert 
    into
        status
        (regdate, facility_bno, member_mno, state, temperature) 
    values
        (?, ?, ?, ?, ?)
mno:Member(mno=220, name=null, phone=null)
building:Facility(bno=6, building=building6)
status:true
temperature36.9
Hibernate: 
    insert 
    into
        status
        (regdate, facility_bno, member_mno, state, temperature) 
    values
        (?, ?, ?, ?, ?)
mno:Member(mno=53, name=null, phone=null)
building:Facility(bno=10, building=building10)
status:false
temperature36.4
Hibernate: 
    insert 
    into
        status
        (regdate, facility_bno, member_mno, state, temperature) 
    values
        (?, ?, ?, ?, ?)
mno:Member(mno=54, name=null, phone=null)
building:Facility(bno=6, building=building6)
status:false
temperature36.9
Hibernate: 
    insert 
    into
        status
        (regdate, facility_bno, member_mno, state, temperature) 
    values
        (?, ?, ?, ?, ?)
mno:Member(mno=104, name=null, phone=null)
building:Facility(bno=6, building=building6)
status:false
temperature35.1
Hibernate: 
    insert 
    into
        status
        (regdate, facility_bno, member_mno, state, temperature) 
    values
        (?, ?, ?, ?, ?)
mno:Member(mno=261, name=null, phone=null)
building:Facility(bno=7, building=building7)
status:false
temperature37.1
Hibernate: 
    insert 
    into
        status
        (regdate, facility_bno, member_mno, state, temperature) 
    values
        (?, ?, ?, ?, ?)
mno:Member(mno=101, name=null, phone=null)
building:Facility(bno=1, building=building1)
status:true
temperature35.7
Hibernate: 
    insert 
    into
        status
        (regdate, facility_bno, member_mno, state, temperature) 
    values
        (?, ?, ?, ?, ?)
mno:Member(mno=194, name=null, phone=null)
building:Facility(bno=5, building=building5)
status:true
temperature35.2
Hibernate: 
    insert 
    into
        status
        (regdate, facility_bno, member_mno, state, temperature) 
    values
        (?, ?, ?, ?, ?)
mno:Member(mno=155, name=null, phone=null)
building:Facility(bno=3, building=building3)
status:true
temperature36.0
Hibernate: 
    insert 
    into
        status
        (regdate, facility_bno, member_mno, state, temperature) 
    values
        (?, ?, ?, ?, ?)
mno:Member(mno=20, name=null, phone=null)
building:Facility(bno=8, building=building8)
status:false
temperature36.3
Hibernate: 
    insert 
    into
        status
        (regdate, facility_bno, member_mno, state, temperature) 
    values
        (?, ?, ?, ?, ?)
mno:Member(mno=93, name=null, phone=null)
building:Facility(bno=6, building=building6)
status:true
temperature36.5
Hibernate: 
    insert 
    into
        status
        (regdate, facility_bno, member_mno, state, temperature) 
    values
        (?, ?, ?, ?, ?)
mno:Member(mno=62, name=null, phone=null)
building:Facility(bno=7, building=building7)
status:true
temperature35.8
Hibernate: 
    insert 
    into
        status
        (regdate, facility_bno, member_mno, state, temperature) 
    values
        (?, ?, ?, ?, ?)
mno:Member(mno=177, name=null, phone=null)
building:Facility(bno=10, building=building10)
status:false
temperature35.8
Hibernate: 
    insert 
    into
        status
        (regdate, facility_bno, member_mno, state, temperature) 
    values
        (?, ?, ?, ?, ?)
mno:Member(mno=183, name=null, phone=null)
building:Facility(bno=3, building=building3)
status:false
temperature37.0
Hibernate: 
    insert 
    into
        status
        (regdate, facility_bno, member_mno, state, temperature) 
    values
        (?, ?, ?, ?, ?)
mno:Member(mno=116, name=null, phone=null)
building:Facility(bno=7, building=building7)
status:false
temperature36.2
Hibernate: 
    insert 
    into
        status
        (regdate, facility_bno, member_mno, state, temperature) 
    values
        (?, ?, ?, ?, ?)
mno:Member(mno=28, name=null, phone=null)
building:Facility(bno=9, building=building9)
status:false
temperature36.8
Hibernate: 
    insert 
    into
        status
        (regdate, facility_bno, member_mno, state, temperature) 
    values
        (?, ?, ?, ?, ?)
mno:Member(mno=227, name=null, phone=null)
building:Facility(bno=4, building=building4)
status:false
temperature35.2
Hibernate: 
    insert 
    into
        status
        (regdate, facility_bno, member_mno, state, temperature) 
    values
        (?, ?, ?, ?, ?)
mno:Member(mno=192, name=null, phone=null)
building:Facility(bno=5, building=building5)
status:false
temperature36.8
Hibernate: 
    insert 
    into
        status
        (regdate, facility_bno, member_mno, state, temperature) 
    values
        (?, ?, ?, ?, ?)
mno:Member(mno=89, name=null, phone=null)
building:Facility(bno=9, building=building9)
status:false
temperature37.0
Hibernate: 
    insert 
    into
        status
        (regdate, facility_bno, member_mno, state, temperature) 
    values
        (?, ?, ?, ?, ?)
mno:Member(mno=142, name=null, phone=null)
building:Facility(bno=9, building=building9)
status:false
temperature36.9
Hibernate: 
    insert 
    into
        status
        (regdate, facility_bno, member_mno, state, temperature) 
    values
        (?, ?, ?, ?, ?)
mno:Member(mno=173, name=null, phone=null)
building:Facility(bno=8, building=building8)
status:false
temperature37.2
Hibernate: 
    insert 
    into
        status
        (regdate, facility_bno, member_mno, state, temperature) 
    values
        (?, ?, ?, ?, ?)
mno:Member(mno=86, name=null, phone=null)
building:Facility(bno=1, building=building1)
status:true
temperature36.5
Hibernate: 
    insert 
    into
        status
        (regdate, facility_bno, member_mno, state, temperature) 
    values
        (?, ?, ?, ?, ?)
mno:Member(mno=36, name=null, phone=null)
building:Facility(bno=4, building=building4)
status:false
temperature36.5
Hibernate: 
    insert 
    into
        status
        (regdate, facility_bno, member_mno, state, temperature) 
    values
        (?, ?, ?, ?, ?)
mno:Member(mno=20, name=null, phone=null)
building:Facility(bno=1, building=building1)
status:true
temperature36.9
Hibernate: 
    insert 
    into
        status
        (regdate, facility_bno, member_mno, state, temperature) 
    values
        (?, ?, ?, ?, ?)
mno:Member(mno=204, name=null, phone=null)
building:Facility(bno=6, building=building6)
status:true
temperature36.8
Hibernate: 
    insert 
    into
        status
        (regdate, facility_bno, member_mno, state, temperature) 
    values
        (?, ?, ?, ?, ?)
mno:Member(mno=120, name=null, phone=null)
building:Facility(bno=4, building=building4)
status:false
temperature37.1
Hibernate: 
    insert 
    into
        status
        (regdate, facility_bno, member_mno, state, temperature) 
    values
        (?, ?, ?, ?, ?)
mno:Member(mno=166, name=null, phone=null)
building:Facility(bno=3, building=building3)
status:false
temperature35.5
Hibernate: 
    insert 
    into
        status
        (regdate, facility_bno, member_mno, state, temperature) 
    values
        (?, ?, ?, ?, ?)
mno:Member(mno=49, name=null, phone=null)
building:Facility(bno=10, building=building10)
status:true
temperature36.8
Hibernate: 
    insert 
    into
        status
        (regdate, facility_bno, member_mno, state, temperature) 
    values
        (?, ?, ?, ?, ?)
mno:Member(mno=215, name=null, phone=null)
building:Facility(bno=2, building=building2)
status:true
temperature35.5
Hibernate: 
    insert 
    into
        status
        (regdate, facility_bno, member_mno, state, temperature) 
    values
        (?, ?, ?, ?, ?)
mno:Member(mno=213, name=null, phone=null)
building:Facility(bno=7, building=building7)
status:true
temperature36.9
Hibernate: 
    insert 
    into
        status
        (regdate, facility_bno, member_mno, state, temperature) 
    values
        (?, ?, ?, ?, ?)
mno:Member(mno=77, name=null, phone=null)
building:Facility(bno=7, building=building7)
status:true
temperature37.2
Hibernate: 
    insert 
    into
        status
        (regdate, facility_bno, member_mno, state, temperature) 
    values
        (?, ?, ?, ?, ?)
mno:Member(mno=68, name=null, phone=null)
building:Facility(bno=8, building=building8)
status:true
temperature36.5
Hibernate: 
    insert 
    into
        status
        (regdate, facility_bno, member_mno, state, temperature) 
    values
        (?, ?, ?, ?, ?)
mno:Member(mno=190, name=null, phone=null)
building:Facility(bno=4, building=building4)
status:true
temperature36.6
Hibernate: 
    insert 
    into
        status
        (regdate, facility_bno, member_mno, state, temperature) 
    values
        (?, ?, ?, ?, ?)
mno:Member(mno=172, name=null, phone=null)
building:Facility(bno=6, building=building6)
status:false
temperature36.0
Hibernate: 
    insert 
    into
        status
        (regdate, facility_bno, member_mno, state, temperature) 
    values
        (?, ?, ?, ?, ?)
]]></system-out>
  <system-err><![CDATA[]]></system-err>
</testsuite>
