<?xml version="1.0" encoding="UTF-8"?>
<testsuite name="org.morgorithm.frames.repository.StatusRepositoryTests" tests="1" skipped="0" failures="0" errors="0" timestamp="2021-04-18T05:23:26" hostname="DESKTOP-KCDHFKO" time="5.63">
  <properties/>
  <testcase name="insertStatusData()" classname="org.morgorithm.frames.repository.StatusRepositoryTests" time="5.63"/>
  <system-out><![CDATA[14:23:07.582 [Test worker] DEBUG org.springframework.test.context.BootstrapUtils - Instantiating CacheAwareContextLoaderDelegate from class [org.springframework.test.context.cache.DefaultCacheAwareContextLoaderDelegate]
14:23:07.618 [Test worker] DEBUG org.springframework.test.context.BootstrapUtils - Instantiating BootstrapContext using constructor [public org.springframework.test.context.support.DefaultBootstrapContext(java.lang.Class,org.springframework.test.context.CacheAwareContextLoaderDelegate)]
14:23:07.727 [Test worker] DEBUG org.springframework.test.context.BootstrapUtils - Instantiating TestContextBootstrapper for test class [org.morgorithm.frames.repository.StatusRepositoryTests] from class [org.springframework.boot.test.context.SpringBootTestContextBootstrapper]
14:23:07.770 [Test worker] INFO org.springframework.boot.test.context.SpringBootTestContextBootstrapper - Neither @ContextConfiguration nor @ContextHierarchy found for test class [org.morgorithm.frames.repository.StatusRepositoryTests], using SpringBootContextLoader
14:23:07.784 [Test worker] DEBUG org.springframework.test.context.support.AbstractContextLoader - Did not detect default resource location for test class [org.morgorithm.frames.repository.StatusRepositoryTests]: class path resource [org/morgorithm/frames/repository/StatusRepositoryTests-context.xml] does not exist
14:23:07.785 [Test worker] DEBUG org.springframework.test.context.support.AbstractContextLoader - Did not detect default resource location for test class [org.morgorithm.frames.repository.StatusRepositoryTests]: class path resource [org/morgorithm/frames/repository/StatusRepositoryTestsContext.groovy] does not exist
14:23:07.786 [Test worker] INFO org.springframework.test.context.support.AbstractContextLoader - Could not detect default resource locations for test class [org.morgorithm.frames.repository.StatusRepositoryTests]: no resource found for suffixes {-context.xml, Context.groovy}.
14:23:07.788 [Test worker] INFO org.springframework.test.context.support.AnnotationConfigContextLoaderUtils - Could not detect default configuration classes for test class [org.morgorithm.frames.repository.StatusRepositoryTests]: StatusRepositoryTests does not declare any static, non-private, non-final, nested classes annotated with @Configuration.
14:23:07.894 [Test worker] DEBUG org.springframework.test.context.support.ActiveProfilesUtils - Could not find an 'annotation declaring class' for annotation type [org.springframework.test.context.ActiveProfiles] and class [org.morgorithm.frames.repository.StatusRepositoryTests]
14:23:08.116 [Test worker] DEBUG org.springframework.context.annotation.ClassPathScanningCandidateComponentProvider - Identified candidate component class: file [C:\Users\nick1\framesWeb-master-demo\build\classes\java\main\org\morgorithm\frames\FramesApplication.class]
14:23:08.120 [Test worker] INFO org.springframework.boot.test.context.SpringBootTestContextBootstrapper - Found @SpringBootConfiguration org.morgorithm.frames.FramesApplication for test class org.morgorithm.frames.repository.StatusRepositoryTests
14:23:08.443 [Test worker] DEBUG org.springframework.boot.test.context.SpringBootTestContextBootstrapper - @TestExecutionListeners is not present for class [org.morgorithm.frames.repository.StatusRepositoryTests]: using defaults.
14:23:08.445 [Test worker] INFO org.springframework.boot.test.context.SpringBootTestContextBootstrapper - Loaded default TestExecutionListener class names from location [META-INF/spring.factories]: [org.springframework.boot.test.autoconfigure.restdocs.RestDocsTestExecutionListener, org.springframework.boot.test.autoconfigure.web.client.MockRestServiceServerResetTestExecutionListener, org.springframework.boot.test.autoconfigure.web.servlet.MockMvcPrintOnlyOnFailureTestExecutionListener, org.springframework.boot.test.autoconfigure.web.servlet.WebDriverTestExecutionListener, org.springframework.boot.test.autoconfigure.webservices.client.MockWebServiceServerTestExecutionListener, org.springframework.boot.test.mock.mockito.MockitoTestExecutionListener, org.springframework.boot.test.mock.mockito.ResetMocksTestExecutionListener, org.springframework.test.context.web.ServletTestExecutionListener, org.springframework.test.context.support.DirtiesContextBeforeModesTestExecutionListener, org.springframework.test.context.event.ApplicationEventsTestExecutionListener, org.springframework.test.context.support.DependencyInjectionTestExecutionListener, org.springframework.test.context.support.DirtiesContextTestExecutionListener, org.springframework.test.context.transaction.TransactionalTestExecutionListener, org.springframework.test.context.jdbc.SqlScriptsTestExecutionListener, org.springframework.test.context.event.EventPublishingTestExecutionListener]
14:23:08.479 [Test worker] INFO org.springframework.boot.test.context.SpringBootTestContextBootstrapper - Using TestExecutionListeners: [org.springframework.test.context.web.ServletTestExecutionListener@177cfe21, org.springframework.test.context.support.DirtiesContextBeforeModesTestExecutionListener@5e94292b, org.springframework.test.context.event.ApplicationEventsTestExecutionListener@767944fb, org.springframework.boot.test.mock.mockito.MockitoTestExecutionListener@5c6952b9, org.springframework.boot.test.autoconfigure.SpringBootDependencyInjectionTestExecutionListener@2c1432e3, org.springframework.test.context.support.DirtiesContextTestExecutionListener@53369b3b, org.springframework.test.context.transaction.TransactionalTestExecutionListener@6fd4433a, org.springframework.test.context.jdbc.SqlScriptsTestExecutionListener@79be28e3, org.springframework.test.context.event.EventPublishingTestExecutionListener@74b09e1d, org.springframework.boot.test.autoconfigure.restdocs.RestDocsTestExecutionListener@13383cf3, org.springframework.boot.test.autoconfigure.web.client.MockRestServiceServerResetTestExecutionListener@5e38603d, org.springframework.boot.test.autoconfigure.web.servlet.MockMvcPrintOnlyOnFailureTestExecutionListener@56c9b229, org.springframework.boot.test.autoconfigure.web.servlet.WebDriverTestExecutionListener@26799e9b, org.springframework.boot.test.autoconfigure.webservices.client.MockWebServiceServerTestExecutionListener@7474e103, org.springframework.boot.test.mock.mockito.ResetMocksTestExecutionListener@69504e38]
14:23:08.485 [Test worker] DEBUG org.springframework.test.context.support.AbstractDirtiesContextTestExecutionListener - Before test class: context [DefaultTestContext@1b7e5a5 testClass = StatusRepositoryTests, testInstance = [null], testMethod = [null], testException = [null], mergedContextConfiguration = [WebMergedContextConfiguration@63271232 testClass = StatusRepositoryTests, locations = '{}', classes = '{class org.morgorithm.frames.FramesApplication}', contextInitializerClasses = '[]', activeProfiles = '{}', propertySourceLocations = '{}', propertySourceProperties = '{org.springframework.boot.test.context.SpringBootTestContextBootstrapper=true}', contextCustomizers = set[org.springframework.boot.test.autoconfigure.actuate.metrics.MetricsExportContextCustomizerFactory$DisableMetricExportContextCustomizer@2d3061e8, org.springframework.boot.test.autoconfigure.properties.PropertyMappingContextCustomizer@0, org.springframework.boot.test.autoconfigure.web.servlet.WebDriverContextCustomizerFactory$Customizer@19e2df3e, org.springframework.boot.test.context.filter.ExcludeFilterContextCustomizer@3de26b55, org.springframework.boot.test.json.DuplicateJsonObjectContextCustomizerFactory$DuplicateJsonObjectContextCustomizer@23634d01, org.springframework.boot.test.mock.mockito.MockitoContextCustomizer@0, org.springframework.boot.test.web.client.TestRestTemplateContextCustomizer@4e9db418, org.springframework.boot.test.context.SpringBootTestArgs@1, org.springframework.boot.test.context.SpringBootTestWebEnvironment@45efcae1], resourceBasePath = 'src/main/webapp', contextLoader = 'org.springframework.boot.test.context.SpringBootContextLoader', parent = [null]], attributes = map['org.springframework.test.context.web.ServletTestExecutionListener.activateListener' -> true]], class annotated with @DirtiesContext [false] with mode [null].
14:23:08.545 [Test worker] DEBUG org.springframework.test.context.support.TestPropertySourceUtils - Adding inlined properties to environment: {spring.jmx.enabled=false, org.springframework.boot.test.context.SpringBootTestContextBootstrapper=true}

  .   ____          _            __ _ _
 /\\ / ___'_ __ _ _(_)_ __  __ _ \ \ \ \
( ( )\___ | '_ | '_| | '_ \/ _` | \ \ \ \
 \\/  ___)| |_)| | | | | || (_| |  ) ) ) )
  '  |____| .__|_| |_|_| |_\__, | / / / /
 =========|_|==============|___/=/_/_/_/
 :: Spring Boot ::                (v2.4.2)

2021-04-18 14:23:09.083  INFO 19660 --- [    Test worker] o.m.f.repository.StatusRepositoryTests   : Starting StatusRepositoryTests using Java 11.0.9 on DESKTOP-KCDHFKO with PID 19660 (started by nick1 in C:\Users\nick1\framesWeb-master-demo)
2021-04-18 14:23:09.087  INFO 19660 --- [    Test worker] o.m.f.repository.StatusRepositoryTests   : No active profile set, falling back to default profiles: default
2021-04-18 14:23:13.859  INFO 19660 --- [    Test worker] .s.d.r.c.RepositoryConfigurationDelegate : Bootstrapping Spring Data JPA repositories in DEFAULT mode.
2021-04-18 14:23:14.073  INFO 19660 --- [    Test worker] .s.d.r.c.RepositoryConfigurationDelegate : Finished Spring Data repository scanning in 199 ms. Found 4 JPA repository interfaces.
2021-04-18 14:23:14.793  INFO 19660 --- [    Test worker] trationDelegate$BeanPostProcessorChecker : Bean '(inner bean)#d874a44' of type [com.amazonaws.auth.EC2ContainerCredentialsProviderWrapper] is not eligible for getting processed by all BeanPostProcessors (for example: not eligible for auto-proxying)
2021-04-18 14:23:14.826  INFO 19660 --- [    Test worker] trationDelegate$BeanPostProcessorChecker : Bean '(inner bean)#35257373' of type [com.amazonaws.auth.profile.ProfileCredentialsProvider] is not eligible for getting processed by all BeanPostProcessors (for example: not eligible for auto-proxying)
2021-04-18 14:23:14.850  INFO 19660 --- [    Test worker] trationDelegate$BeanPostProcessorChecker : Bean 'credentialsProvider' of type [org.springframework.cloud.aws.core.credentials.CredentialsProviderFactoryBean] is not eligible for getting processed by all BeanPostProcessors (for example: not eligible for auto-proxying)
2021-04-18 14:23:14.850  INFO 19660 --- [    Test worker] trationDelegate$BeanPostProcessorChecker : Bean 'credentialsProvider' of type [com.amazonaws.auth.AWSCredentialsProviderChain] is not eligible for getting processed by all BeanPostProcessors (for example: not eligible for auto-proxying)
2021-04-18 14:23:15.624  INFO 19660 --- [    Test worker] o.hibernate.jpa.internal.util.LogHelper  : HHH000204: Processing PersistenceUnitInfo [name: default]
2021-04-18 14:23:15.745  INFO 19660 --- [    Test worker] org.hibernate.Version                    : HHH000412: Hibernate ORM core version 5.4.27.Final
2021-04-18 14:23:16.097  INFO 19660 --- [    Test worker] o.hibernate.annotations.common.Version   : HCANN000001: Hibernate Commons Annotations {5.1.2.Final}
2021-04-18 14:23:16.356  INFO 19660 --- [    Test worker] com.zaxxer.hikari.HikariDataSource       : HikariPool-1 - Starting...
2021-04-18 14:23:16.947  INFO 19660 --- [    Test worker] com.zaxxer.hikari.HikariDataSource       : HikariPool-1 - Start completed.
2021-04-18 14:23:17.067  INFO 19660 --- [    Test worker] org.hibernate.dialect.Dialect            : HHH000400: Using dialect: org.hibernate.dialect.MySQL8Dialect
2021-04-18 14:23:19.131  INFO 19660 --- [    Test worker] o.h.e.t.j.p.i.JtaPlatformInitiator       : HHH000490: Using JtaPlatform implementation: [org.hibernate.engine.transaction.jta.platform.internal.NoJtaPlatform]
2021-04-18 14:23:19.148  INFO 19660 --- [    Test worker] j.LocalContainerEntityManagerFactoryBean : Initialized JPA EntityManagerFactory for persistence unit 'default'
2021-04-18 14:23:21.500  INFO 19660 --- [    Test worker] o.s.s.concurrent.ThreadPoolTaskExecutor  : Initializing ExecutorService 'clientInboundChannelExecutor'
2021-04-18 14:23:21.546  INFO 19660 --- [    Test worker] o.s.s.concurrent.ThreadPoolTaskExecutor  : Initializing ExecutorService 'clientOutboundChannelExecutor'
confiureMessageBroker 연동!!**
2021-04-18 14:23:21.555  INFO 19660 --- [    Test worker] o.s.s.concurrent.ThreadPoolTaskExecutor  : Initializing ExecutorService 'brokerChannelExecutor'
Hibernate: 
    select
        status0_.statusnum as statusnu1_3_,
        status0_.regdate as regdate2_3_,
        status0_.facility_bno as facility5_3_,
        status0_.member_mno as member_m6_3_,
        status0_.state as state3_3_,
        status0_.temperature as temperat4_3_ 
    from
        status status0_ 
    where
        status0_.regdate not between ? and ?
Hibernate: 
    
SET
    SQL_SAFE_UPDATES = 0
Hibernate: 
    
set
    @cnt=0
Hibernate: 
    update
        status 
    set
        status.statusnum=@cnt:=@cnt+1
Hibernate: 
    ALTER TABLE status AUTO_INCREMENT = 1
2021-04-18 14:23:22.345  INFO 19660 --- [    Test worker] o.s.s.c.ThreadPoolTaskScheduler          : Initializing ExecutorService 'messageBrokerTaskScheduler'
end point 연결!!!***
2021-04-18 14:23:22.629  WARN 19660 --- [    Test worker] JpaBaseConfiguration$JpaWebConfiguration : spring.jpa.open-in-view is enabled by default. Therefore, database queries may be performed during view rendering. Explicitly configure spring.jpa.open-in-view to disable this warning
2021-04-18 14:23:23.901  INFO 19660 --- [    Test worker] o.s.b.a.w.s.WelcomePageHandlerMapping    : Adding welcome page: class path resource [static/index.html]
2021-04-18 14:23:26.118  INFO 19660 --- [    Test worker] o.s.m.s.b.SimpleBrokerMessageHandler     : Starting...
2021-04-18 14:23:26.118  INFO 19660 --- [    Test worker] o.s.m.s.b.SimpleBrokerMessageHandler     : BrokerAvailabilityEvent[available=true, SimpleBrokerMessageHandler [org.springframework.messaging.simp.broker.DefaultSubscriptionRegistry@1c05a5df]]
2021-04-18 14:23:26.119  INFO 19660 --- [    Test worker] o.s.m.s.b.SimpleBrokerMessageHandler     : Started.
2021-04-18 14:23:26.142  INFO 19660 --- [    Test worker] o.m.f.repository.StatusRepositoryTests   : Started StatusRepositoryTests in 17.586 seconds (JVM running for 21.732)
Hibernate: 
    select
        count(*) as col_0_0_ 
    from
        member member0_
Current Date: 2021/04/18 14:23:26
Random amount of days: -3
Random amount of hours: -1
Random amount of minutes: 7
Date -3 days in future: 2021/04/15 13:30:26

Current Date: 2021/04/18 14:23:26
Random amount of days: -2
Random amount of hours: -2
Random amount of minutes: 1
Date -2 days in future: 2021/04/16 12:24:26

Current Date: 2021/04/18 14:23:26
Random amount of days: -1
Random amount of hours: -1
Random amount of minutes: 46
Date -1 days in future: 2021/04/17 14:09:26

Current Date: 2021/04/18 14:23:26
Random amount of days: -2
Random amount of hours: 1
Random amount of minutes: 28
Date -2 days in future: 2021/04/16 15:51:26

Current Date: 2021/04/18 14:23:26
Random amount of days: -2
Random amount of hours: -2
Random amount of minutes: -20
Date -2 days in future: 2021/04/16 12:03:26

Current Date: 2021/04/18 14:23:26
Random amount of days: -3
Random amount of hours: -2
Random amount of minutes: -55
Date -3 days in future: 2021/04/15 11:28:26

Current Date: 2021/04/18 14:23:26
Random amount of days: -2
Random amount of hours: 3
Random amount of minutes: 26
Date -2 days in future: 2021/04/16 17:49:26

Current Date: 2021/04/18 14:23:26
Random amount of days: 0
Random amount of hours: 3
Random amount of minutes: -35
Date 0 days in future: 2021/04/18 16:48:26

Current Date: 2021/04/18 14:23:26
Random amount of days: -1
Random amount of hours: -3
Random amount of minutes: 56
Date -1 days in future: 2021/04/17 12:19:26

Current Date: 2021/04/18 14:23:26
Random amount of days: -1
Random amount of hours: -1
Random amount of minutes: -43
Date -1 days in future: 2021/04/17 12:40:26

Current Date: 2021/04/18 14:23:26
Random amount of days: 0
Random amount of hours: 0
Random amount of minutes: -24
Date 0 days in future: 2021/04/18 13:59:26

Current Date: 2021/04/18 14:23:26
Random amount of days: -3
Random amount of hours: -3
Random amount of minutes: 16
Date -3 days in future: 2021/04/15 11:39:26

Current Date: 2021/04/18 14:23:26
Random amount of days: -3
Random amount of hours: -1
Random amount of minutes: 20
Date -3 days in future: 2021/04/15 13:43:26

Current Date: 2021/04/18 14:23:26
Random amount of days: -3
Random amount of hours: 0
Random amount of minutes: 41
Date -3 days in future: 2021/04/15 15:04:26

Current Date: 2021/04/18 14:23:26
Random amount of days: -1
Random amount of hours: -3
Random amount of minutes: 49
Date -1 days in future: 2021/04/17 12:12:26

Current Date: 2021/04/18 14:23:26
Random amount of days: -2
Random amount of hours: -1
Random amount of minutes: -14
Date -2 days in future: 2021/04/16 13:09:26

Current Date: 2021/04/18 14:23:26
Random amount of days: -2
Random amount of hours: 0
Random amount of minutes: 57
Date -2 days in future: 2021/04/16 15:20:26

Current Date: 2021/04/18 14:23:26
Random amount of days: 0
Random amount of hours: -1
Random amount of minutes: 28
Date 0 days in future: 2021/04/18 13:51:26

Current Date: 2021/04/18 14:23:26
Random amount of days: 0
Random amount of hours: -2
Random amount of minutes: 47
Date 0 days in future: 2021/04/18 13:10:26

Current Date: 2021/04/18 14:23:26
Random amount of days: 0
Random amount of hours: 1
Random amount of minutes: 16
Date 0 days in future: 2021/04/18 15:39:26

Current Date: 2021/04/18 14:23:26
Random amount of days: -2
Random amount of hours: -3
Random amount of minutes: -5
Date -2 days in future: 2021/04/16 11:18:26

Current Date: 2021/04/18 14:23:26
Random amount of days: -2
Random amount of hours: 3
Random amount of minutes: 26
Date -2 days in future: 2021/04/16 17:49:26

Current Date: 2021/04/18 14:23:26
Random amount of days: -3
Random amount of hours: -2
Random amount of minutes: 35
Date -3 days in future: 2021/04/15 12:58:26

Current Date: 2021/04/18 14:23:26
Random amount of days: -3
Random amount of hours: -2
Random amount of minutes: -11
Date -3 days in future: 2021/04/15 12:12:26

Current Date: 2021/04/18 14:23:26
Random amount of days: -2
Random amount of hours: 3
Random amount of minutes: 44
Date -2 days in future: 2021/04/16 18:07:26

Current Date: 2021/04/18 14:23:26
Random amount of days: -1
Random amount of hours: -2
Random amount of minutes: 59
Date -1 days in future: 2021/04/17 13:22:26

Current Date: 2021/04/18 14:23:26
Random amount of days: -3
Random amount of hours: 2
Random amount of minutes: -44
Date -3 days in future: 2021/04/15 15:39:26

Current Date: 2021/04/18 14:23:26
Random amount of days: -1
Random amount of hours: 2
Random amount of minutes: 4
Date -1 days in future: 2021/04/17 16:27:26

Current Date: 2021/04/18 14:23:26
Random amount of days: -1
Random amount of hours: 1
Random amount of minutes: 60
Date -1 days in future: 2021/04/17 16:23:26

Current Date: 2021/04/18 14:23:26
Random amount of days: -3
Random amount of hours: -2
Random amount of minutes: -12
Date -3 days in future: 2021/04/15 12:11:26

Current Date: 2021/04/18 14:23:26
Random amount of days: -3
Random amount of hours: 2
Random amount of minutes: 25
Date -3 days in future: 2021/04/15 16:48:26

Current Date: 2021/04/18 14:23:26
Random amount of days: -3
Random amount of hours: -1
Random amount of minutes: -29
Date -3 days in future: 2021/04/15 12:54:26

Current Date: 2021/04/18 14:23:26
Random amount of days: 0
Random amount of hours: 3
Random amount of minutes: 56
Date 0 days in future: 2021/04/18 18:19:26

Current Date: 2021/04/18 14:23:26
Random amount of days: 0
Random amount of hours: 2
Random amount of minutes: 22
Date 0 days in future: 2021/04/18 16:45:26

Current Date: 2021/04/18 14:23:26
Random amount of days: 0
Random amount of hours: -1
Random amount of minutes: 16
Date 0 days in future: 2021/04/18 13:39:26

Current Date: 2021/04/18 14:23:26
Random amount of days: -1
Random amount of hours: 1
Random amount of minutes: -12
Date -1 days in future: 2021/04/17 15:11:26

Current Date: 2021/04/18 14:23:26
Random amount of days: 0
Random amount of hours: 3
Random amount of minutes: 16
Date 0 days in future: 2021/04/18 17:39:26

Current Date: 2021/04/18 14:23:26
Random amount of days: -1
Random amount of hours: 0
Random amount of minutes: -18
Date -1 days in future: 2021/04/17 14:05:26

Current Date: 2021/04/18 14:23:26
Random amount of days: -3
Random amount of hours: 3
Random amount of minutes: 34
Date -3 days in future: 2021/04/15 17:57:26

Current Date: 2021/04/18 14:23:26
Random amount of days: -1
Random amount of hours: -1
Random amount of minutes: -17
Date -1 days in future: 2021/04/17 13:06:26

Current Date: 2021/04/18 14:23:26
Random amount of days: -1
Random amount of hours: -3
Random amount of minutes: 1
Date -1 days in future: 2021/04/17 11:24:26

Current Date: 2021/04/18 14:23:26
Random amount of days: -1
Random amount of hours: -1
Random amount of minutes: -10
Date -1 days in future: 2021/04/17 13:13:26

Current Date: 2021/04/18 14:23:26
Random amount of days: -3
Random amount of hours: 3
Random amount of minutes: -17
Date -3 days in future: 2021/04/15 17:06:26

Current Date: 2021/04/18 14:23:26
Random amount of days: -2
Random amount of hours: -1
Random amount of minutes: 19
Date -2 days in future: 2021/04/16 13:42:26

Current Date: 2021/04/18 14:23:26
Random amount of days: -1
Random amount of hours: -1
Random amount of minutes: -45
Date -1 days in future: 2021/04/17 12:38:26

Current Date: 2021/04/18 14:23:26
Random amount of days: -1
Random amount of hours: 1
Random amount of minutes: -11
Date -1 days in future: 2021/04/17 15:12:26

Current Date: 2021/04/18 14:23:26
Random amount of days: -2
Random amount of hours: 1
Random amount of minutes: -37
Date -2 days in future: 2021/04/16 14:46:26

Current Date: 2021/04/18 14:23:26
Random amount of days: 0
Random amount of hours: 1
Random amount of minutes: -10
Date 0 days in future: 2021/04/18 15:13:26

Current Date: 2021/04/18 14:23:26
Random amount of days: -2
Random amount of hours: -1
Random amount of minutes: -5
Date -2 days in future: 2021/04/16 13:18:26

Current Date: 2021/04/18 14:23:26
Random amount of days: -1
Random amount of hours: 2
Random amount of minutes: -32
Date -1 days in future: 2021/04/17 15:51:26

Current Date: 2021/04/18 14:23:26
Random amount of days: -1
Random amount of hours: -3
Random amount of minutes: -6
Date -1 days in future: 2021/04/17 11:17:26

Current Date: 2021/04/18 14:23:26
Random amount of days: -1
Random amount of hours: -1
Random amount of minutes: 4
Date -1 days in future: 2021/04/17 13:27:26

Current Date: 2021/04/18 14:23:26
Random amount of days: 0
Random amount of hours: -2
Random amount of minutes: 15
Date 0 days in future: 2021/04/18 12:38:26

Current Date: 2021/04/18 14:23:26
Random amount of days: -3
Random amount of hours: -1
Random amount of minutes: 32
Date -3 days in future: 2021/04/15 13:55:26

Current Date: 2021/04/18 14:23:26
Random amount of days: -3
Random amount of hours: 0
Random amount of minutes: -8
Date -3 days in future: 2021/04/15 14:15:26

Current Date: 2021/04/18 14:23:26
Random amount of days: -3
Random amount of hours: -2
Random amount of minutes: 3
Date -3 days in future: 2021/04/15 12:26:26

Current Date: 2021/04/18 14:23:26
Random amount of days: -3
Random amount of hours: 0
Random amount of minutes: 52
Date -3 days in future: 2021/04/15 15:15:26

Current Date: 2021/04/18 14:23:26
Random amount of days: 0
Random amount of hours: 1
Random amount of minutes: -42
Date 0 days in future: 2021/04/18 14:41:26

Current Date: 2021/04/18 14:23:26
Random amount of days: -1
Random amount of hours: 1
Random amount of minutes: 37
Date -1 days in future: 2021/04/17 16:00:26

Current Date: 2021/04/18 14:23:26
Random amount of days: -3
Random amount of hours: -2
Random amount of minutes: 28
Date -3 days in future: 2021/04/15 12:51:26

Current Date: 2021/04/18 14:23:26
Random amount of days: -1
Random amount of hours: -2
Random amount of minutes: -51
Date -1 days in future: 2021/04/17 11:32:26

Current Date: 2021/04/18 14:23:26
Random amount of days: -1
Random amount of hours: 1
Random amount of minutes: -60
Date -1 days in future: 2021/04/17 14:23:26

Current Date: 2021/04/18 14:23:26
Random amount of days: -1
Random amount of hours: 2
Random amount of minutes: -57
Date -1 days in future: 2021/04/17 15:26:26

Current Date: 2021/04/18 14:23:26
Random amount of days: -3
Random amount of hours: 1
Random amount of minutes: 56
Date -3 days in future: 2021/04/15 16:19:26

Current Date: 2021/04/18 14:23:26
Random amount of days: -2
Random amount of hours: -1
Random amount of minutes: 21
Date -2 days in future: 2021/04/16 13:44:26

Current Date: 2021/04/18 14:23:26
Random amount of days: -2
Random amount of hours: 2
Random amount of minutes: -17
Date -2 days in future: 2021/04/16 16:06:26

Current Date: 2021/04/18 14:23:26
Random amount of days: -1
Random amount of hours: 3
Random amount of minutes: -3
Date -1 days in future: 2021/04/17 17:20:26

Current Date: 2021/04/18 14:23:26
Random amount of days: 0
Random amount of hours: 2
Random amount of minutes: -45
Date 0 days in future: 2021/04/18 15:38:26

Current Date: 2021/04/18 14:23:26
Random amount of days: -1
Random amount of hours: 0
Random amount of minutes: 46
Date -1 days in future: 2021/04/17 15:09:26

Current Date: 2021/04/18 14:23:26
Random amount of days: -3
Random amount of hours: -3
Random amount of minutes: 30
Date -3 days in future: 2021/04/15 11:53:26

Current Date: 2021/04/18 14:23:26
Random amount of days: -2
Random amount of hours: 3
Random amount of minutes: -49
Date -2 days in future: 2021/04/16 16:34:26

Current Date: 2021/04/18 14:23:26
Random amount of days: -1
Random amount of hours: -3
Random amount of minutes: -45
Date -1 days in future: 2021/04/17 10:38:26

Current Date: 2021/04/18 14:23:26
Random amount of days: 0
Random amount of hours: 1
Random amount of minutes: -33
Date 0 days in future: 2021/04/18 14:50:26

Current Date: 2021/04/18 14:23:26
Random amount of days: -1
Random amount of hours: -2
Random amount of minutes: 11
Date -1 days in future: 2021/04/17 12:34:26

Current Date: 2021/04/18 14:23:26
Random amount of days: -3
Random amount of hours: 1
Random amount of minutes: -50
Date -3 days in future: 2021/04/15 14:33:26

Current Date: 2021/04/18 14:23:26
Random amount of days: -1
Random amount of hours: -1
Random amount of minutes: 17
Date -1 days in future: 2021/04/17 13:40:26

Current Date: 2021/04/18 14:23:26
Random amount of days: 0
Random amount of hours: -1
Random amount of minutes: -1
Date 0 days in future: 2021/04/18 13:22:26

Current Date: 2021/04/18 14:23:26
Random amount of days: -3
Random amount of hours: -1
Random amount of minutes: 57
Date -3 days in future: 2021/04/15 14:20:26

Current Date: 2021/04/18 14:23:26
Random amount of days: -2
Random amount of hours: -1
Random amount of minutes: 11
Date -2 days in future: 2021/04/16 13:34:26

Current Date: 2021/04/18 14:23:26
Random amount of days: -3
Random amount of hours: 3
Random amount of minutes: -38
Date -3 days in future: 2021/04/15 16:45:26

Current Date: 2021/04/18 14:23:26
Random amount of days: -1
Random amount of hours: -3
Random amount of minutes: 20
Date -1 days in future: 2021/04/17 11:43:26

Current Date: 2021/04/18 14:23:26
Random amount of days: -3
Random amount of hours: 3
Random amount of minutes: 4
Date -3 days in future: 2021/04/15 17:27:26

Current Date: 2021/04/18 14:23:26
Random amount of days: -3
Random amount of hours: 0
Random amount of minutes: 40
Date -3 days in future: 2021/04/15 15:03:26

Current Date: 2021/04/18 14:23:26
Random amount of days: 0
Random amount of hours: -2
Random amount of minutes: 44
Date 0 days in future: 2021/04/18 13:07:26

Current Date: 2021/04/18 14:23:26
Random amount of days: 0
Random amount of hours: 0
Random amount of minutes: -30
Date 0 days in future: 2021/04/18 13:53:26

Current Date: 2021/04/18 14:23:26
Random amount of days: -2
Random amount of hours: -1
Random amount of minutes: 19
Date -2 days in future: 2021/04/16 13:42:26

Current Date: 2021/04/18 14:23:26
Random amount of days: -2
Random amount of hours: -1
Random amount of minutes: 21
Date -2 days in future: 2021/04/16 13:44:26

Current Date: 2021/04/18 14:23:26
Random amount of days: -3
Random amount of hours: 0
Random amount of minutes: 53
Date -3 days in future: 2021/04/15 15:16:26

Current Date: 2021/04/18 14:23:26
Random amount of days: -1
Random amount of hours: -2
Random amount of minutes: 8
Date -1 days in future: 2021/04/17 12:31:26

Current Date: 2021/04/18 14:23:26
Random amount of days: -3
Random amount of hours: 0
Random amount of minutes: -46
Date -3 days in future: 2021/04/15 13:37:26

Current Date: 2021/04/18 14:23:26
Random amount of days: -3
Random amount of hours: 1
Random amount of minutes: 18
Date -3 days in future: 2021/04/15 15:41:26

Current Date: 2021/04/18 14:23:26
Random amount of days: -1
Random amount of hours: 2
Random amount of minutes: 48
Date -1 days in future: 2021/04/17 17:11:26

Current Date: 2021/04/18 14:23:26
Random amount of days: -3
Random amount of hours: -3
Random amount of minutes: -40
Date -3 days in future: 2021/04/15 10:43:26

Current Date: 2021/04/18 14:23:26
Random amount of days: 0
Random amount of hours: -1
Random amount of minutes: -27
Date 0 days in future: 2021/04/18 12:56:26

Current Date: 2021/04/18 14:23:26
Random amount of days: -2
Random amount of hours: 1
Random amount of minutes: 11
Date -2 days in future: 2021/04/16 15:34:26

Current Date: 2021/04/18 14:23:26
Random amount of days: -2
Random amount of hours: -2
Random amount of minutes: -60
Date -2 days in future: 2021/04/16 11:23:26

Current Date: 2021/04/18 14:23:26
Random amount of days: -2
Random amount of hours: 1
Random amount of minutes: 46
Date -2 days in future: 2021/04/16 16:09:26

Current Date: 2021/04/18 14:23:26
Random amount of days: -3
Random amount of hours: -1
Random amount of minutes: 26
Date -3 days in future: 2021/04/15 13:49:26

Current Date: 2021/04/18 14:23:26
Random amount of days: -2
Random amount of hours: 0
Random amount of minutes: 6
Date -2 days in future: 2021/04/16 14:29:26

Current Date: 2021/04/18 14:23:26
Random amount of days: -1
Random amount of hours: 0
Random amount of minutes: 11
Date -1 days in future: 2021/04/17 14:34:26

Current Date: 2021/04/18 14:23:26
Random amount of days: -1
Random amount of hours: 2
Random amount of minutes: 37
Date -1 days in future: 2021/04/17 17:00:26

Current Date: 2021/04/18 14:23:26
Random amount of days: -3
Random amount of hours: 3
Random amount of minutes: -21
Date -3 days in future: 2021/04/15 17:02:26

Current Date: 2021/04/18 14:23:26
Random amount of days: -2
Random amount of hours: -3
Random amount of minutes: 16
Date -2 days in future: 2021/04/16 11:39:26

Current Date: 2021/04/18 14:23:26
Random amount of days: -1
Random amount of hours: -3
Random amount of minutes: -59
Date -1 days in future: 2021/04/17 10:24:26

Current Date: 2021/04/18 14:23:26
Random amount of days: -1
Random amount of hours: -3
Random amount of minutes: 11
Date -1 days in future: 2021/04/17 11:34:26

Current Date: 2021/04/18 14:23:26
Random amount of days: -1
Random amount of hours: -3
Random amount of minutes: -46
Date -1 days in future: 2021/04/17 10:37:26

Current Date: 2021/04/18 14:23:26
Random amount of days: 0
Random amount of hours: -2
Random amount of minutes: -38
Date 0 days in future: 2021/04/18 11:45:26

Current Date: 2021/04/18 14:23:26
Random amount of days: -1
Random amount of hours: -2
Random amount of minutes: -27
Date -1 days in future: 2021/04/17 11:56:26

Current Date: 2021/04/18 14:23:26
Random amount of days: -3
Random amount of hours: 0
Random amount of minutes: 56
Date -3 days in future: 2021/04/15 15:19:26

Current Date: 2021/04/18 14:23:26
Random amount of days: -1
Random amount of hours: -2
Random amount of minutes: 50
Date -1 days in future: 2021/04/17 13:13:26

Current Date: 2021/04/18 14:23:26
Random amount of days: -1
Random amount of hours: -2
Random amount of minutes: 5
Date -1 days in future: 2021/04/17 12:28:26

Current Date: 2021/04/18 14:23:26
Random amount of days: -3
Random amount of hours: -2
Random amount of minutes: 34
Date -3 days in future: 2021/04/15 12:57:26

Current Date: 2021/04/18 14:23:26
Random amount of days: -3
Random amount of hours: -2
Random amount of minutes: -23
Date -3 days in future: 2021/04/15 12:00:26

Current Date: 2021/04/18 14:23:26
Random amount of days: -2
Random amount of hours: -1
Random amount of minutes: -24
Date -2 days in future: 2021/04/16 12:59:26

Current Date: 2021/04/18 14:23:26
Random amount of days: -3
Random amount of hours: 1
Random amount of minutes: -60
Date -3 days in future: 2021/04/15 14:23:26

Current Date: 2021/04/18 14:23:26
Random amount of days: -2
Random amount of hours: 0
Random amount of minutes: -20
Date -2 days in future: 2021/04/16 14:03:26

Current Date: 2021/04/18 14:23:26
Random amount of days: -2
Random amount of hours: -3
Random amount of minutes: -50
Date -2 days in future: 2021/04/16 10:33:26

Current Date: 2021/04/18 14:23:26
Random amount of days: -1
Random amount of hours: 2
Random amount of minutes: -28
Date -1 days in future: 2021/04/17 15:55:26

Current Date: 2021/04/18 14:23:26
Random amount of days: 0
Random amount of hours: -3
Random amount of minutes: -59
Date 0 days in future: 2021/04/18 10:24:26

Current Date: 2021/04/18 14:23:26
Random amount of days: -1
Random amount of hours: -2
Random amount of minutes: -14
Date -1 days in future: 2021/04/17 12:09:26

Current Date: 2021/04/18 14:23:26
Random amount of days: 0
Random amount of hours: -1
Random amount of minutes: -34
Date 0 days in future: 2021/04/18 12:49:26

Current Date: 2021/04/18 14:23:26
Random amount of days: -3
Random amount of hours: -3
Random amount of minutes: 14
Date -3 days in future: 2021/04/15 11:37:26

Current Date: 2021/04/18 14:23:26
Random amount of days: 0
Random amount of hours: 1
Random amount of minutes: -60
Date 0 days in future: 2021/04/18 14:23:26

Current Date: 2021/04/18 14:23:26
Random amount of days: -3
Random amount of hours: -3
Random amount of minutes: -33
Date -3 days in future: 2021/04/15 10:50:26

Current Date: 2021/04/18 14:23:26
Random amount of days: -3
Random amount of hours: -1
Random amount of minutes: -39
Date -3 days in future: 2021/04/15 12:44:26

Current Date: 2021/04/18 14:23:26
Random amount of days: -1
Random amount of hours: 1
Random amount of minutes: 16
Date -1 days in future: 2021/04/17 15:39:26

Current Date: 2021/04/18 14:23:26
Random amount of days: -2
Random amount of hours: 0
Random amount of minutes: -30
Date -2 days in future: 2021/04/16 13:53:26

Current Date: 2021/04/18 14:23:26
Random amount of days: -3
Random amount of hours: 3
Random amount of minutes: -49
Date -3 days in future: 2021/04/15 16:34:26

Current Date: 2021/04/18 14:23:26
Random amount of days: 0
Random amount of hours: -2
Random amount of minutes: 38
Date 0 days in future: 2021/04/18 13:01:26

Current Date: 2021/04/18 14:23:26
Random amount of days: -2
Random amount of hours: -2
Random amount of minutes: 54
Date -2 days in future: 2021/04/16 13:17:26

Current Date: 2021/04/18 14:23:26
Random amount of days: -2
Random amount of hours: 3
Random amount of minutes: -34
Date -2 days in future: 2021/04/16 16:49:26

Current Date: 2021/04/18 14:23:26
Random amount of days: 0
Random amount of hours: 3
Random amount of minutes: -39
Date 0 days in future: 2021/04/18 16:44:26

Current Date: 2021/04/18 14:23:26
Random amount of days: 0
Random amount of hours: -2
Random amount of minutes: -22
Date 0 days in future: 2021/04/18 12:01:26

Current Date: 2021/04/18 14:23:26
Random amount of days: -3
Random amount of hours: 1
Random amount of minutes: -34
Date -3 days in future: 2021/04/15 14:49:26

Current Date: 2021/04/18 14:23:26
Random amount of days: 0
Random amount of hours: -1
Random amount of minutes: 54
Date 0 days in future: 2021/04/18 14:17:26

Current Date: 2021/04/18 14:23:26
Random amount of days: -1
Random amount of hours: -3
Random amount of minutes: -9
Date -1 days in future: 2021/04/17 11:14:26

Current Date: 2021/04/18 14:23:26
Random amount of days: 0
Random amount of hours: 0
Random amount of minutes: -18
Date 0 days in future: 2021/04/18 14:05:26

Current Date: 2021/04/18 14:23:26
Random amount of days: -2
Random amount of hours: 2
Random amount of minutes: -40
Date -2 days in future: 2021/04/16 15:43:26

Current Date: 2021/04/18 14:23:26
Random amount of days: -3
Random amount of hours: -2
Random amount of minutes: -32
Date -3 days in future: 2021/04/15 11:51:26

Current Date: 2021/04/18 14:23:26
Random amount of days: -2
Random amount of hours: -2
Random amount of minutes: -28
Date -2 days in future: 2021/04/16 11:55:26

Current Date: 2021/04/18 14:23:26
Random amount of days: 0
Random amount of hours: 0
Random amount of minutes: 40
Date 0 days in future: 2021/04/18 15:03:26

Current Date: 2021/04/18 14:23:26
Random amount of days: -2
Random amount of hours: 2
Random amount of minutes: -54
Date -2 days in future: 2021/04/16 15:29:26

Current Date: 2021/04/18 14:23:26
Random amount of days: -1
Random amount of hours: 0
Random amount of minutes: 25
Date -1 days in future: 2021/04/17 14:48:26

Current Date: 2021/04/18 14:23:26
Random amount of days: 0
Random amount of hours: -3
Random amount of minutes: -46
Date 0 days in future: 2021/04/18 10:37:26

Current Date: 2021/04/18 14:23:26
Random amount of days: -1
Random amount of hours: 3
Random amount of minutes: 30
Date -1 days in future: 2021/04/17 17:53:26

Current Date: 2021/04/18 14:23:26
Random amount of days: -3
Random amount of hours: -1
Random amount of minutes: -18
Date -3 days in future: 2021/04/15 13:05:26

Current Date: 2021/04/18 14:23:26
Random amount of days: -2
Random amount of hours: -1
Random amount of minutes: 18
Date -2 days in future: 2021/04/16 13:41:26

Current Date: 2021/04/18 14:23:26
Random amount of days: -1
Random amount of hours: 2
Random amount of minutes: 0
Date -1 days in future: 2021/04/17 16:23:26

Current Date: 2021/04/18 14:23:26
Random amount of days: -3
Random amount of hours: 0
Random amount of minutes: 3
Date -3 days in future: 2021/04/15 14:26:26

Current Date: 2021/04/18 14:23:26
Random amount of days: 0
Random amount of hours: 1
Random amount of minutes: -21
Date 0 days in future: 2021/04/18 15:02:26

Current Date: 2021/04/18 14:23:26
Random amount of days: -3
Random amount of hours: -1
Random amount of minutes: -52
Date -3 days in future: 2021/04/15 12:31:26

Current Date: 2021/04/18 14:23:26
Random amount of days: 0
Random amount of hours: 0
Random amount of minutes: 23
Date 0 days in future: 2021/04/18 14:46:26

Current Date: 2021/04/18 14:23:26
Random amount of days: -2
Random amount of hours: -1
Random amount of minutes: -11
Date -2 days in future: 2021/04/16 13:12:26

Current Date: 2021/04/18 14:23:26
Random amount of days: 0
Random amount of hours: 1
Random amount of minutes: -51
Date 0 days in future: 2021/04/18 14:32:26

Current Date: 2021/04/18 14:23:26
Random amount of days: 0
Random amount of hours: -2
Random amount of minutes: 20
Date 0 days in future: 2021/04/18 12:43:26

Current Date: 2021/04/18 14:23:26
Random amount of days: -2
Random amount of hours: 2
Random amount of minutes: 14
Date -2 days in future: 2021/04/16 16:37:26

Current Date: 2021/04/18 14:23:26
Random amount of days: 0
Random amount of hours: 2
Random amount of minutes: 43
Date 0 days in future: 2021/04/18 17:06:26

Current Date: 2021/04/18 14:23:26
Random amount of days: -3
Random amount of hours: -2
Random amount of minutes: -35
Date -3 days in future: 2021/04/15 11:48:26

Current Date: 2021/04/18 14:23:26
Random amount of days: 0
Random amount of hours: -3
Random amount of minutes: -40
Date 0 days in future: 2021/04/18 10:43:26

Current Date: 2021/04/18 14:23:26
Random amount of days: -2
Random amount of hours: 1
Random amount of minutes: 9
Date -2 days in future: 2021/04/16 15:32:26

Current Date: 2021/04/18 14:23:26
Random amount of days: -1
Random amount of hours: 2
Random amount of minutes: 40
Date -1 days in future: 2021/04/17 17:03:26

Current Date: 2021/04/18 14:23:26
Random amount of days: 0
Random amount of hours: 3
Random amount of minutes: -2
Date 0 days in future: 2021/04/18 17:21:26

Current Date: 2021/04/18 14:23:26
Random amount of days: -2
Random amount of hours: 3
Random amount of minutes: -15
Date -2 days in future: 2021/04/16 17:08:26

Current Date: 2021/04/18 14:23:26
Random amount of days: -2
Random amount of hours: -2
Random amount of minutes: 20
Date -2 days in future: 2021/04/16 12:43:26

Current Date: 2021/04/18 14:23:26
Random amount of days: -2
Random amount of hours: 3
Random amount of minutes: 25
Date -2 days in future: 2021/04/16 17:48:26

Current Date: 2021/04/18 14:23:26
Random amount of days: -1
Random amount of hours: -3
Random amount of minutes: -59
Date -1 days in future: 2021/04/17 10:24:26

Current Date: 2021/04/18 14:23:26
Random amount of days: 0
Random amount of hours: -2
Random amount of minutes: 53
Date 0 days in future: 2021/04/18 13:16:26

Current Date: 2021/04/18 14:23:26
Random amount of days: 0
Random amount of hours: 3
Random amount of minutes: 44
Date 0 days in future: 2021/04/18 18:07:26

Current Date: 2021/04/18 14:23:26
Random amount of days: -1
Random amount of hours: 3
Random amount of minutes: -31
Date -1 days in future: 2021/04/17 16:52:26

Current Date: 2021/04/18 14:23:26
Random amount of days: -1
Random amount of hours: 0
Random amount of minutes: -17
Date -1 days in future: 2021/04/17 14:06:26

Current Date: 2021/04/18 14:23:26
Random amount of days: -1
Random amount of hours: 1
Random amount of minutes: -8
Date -1 days in future: 2021/04/17 15:15:26

Current Date: 2021/04/18 14:23:26
Random amount of days: -1
Random amount of hours: -1
Random amount of minutes: 3
Date -1 days in future: 2021/04/17 13:26:26

Current Date: 2021/04/18 14:23:26
Random amount of days: -1
Random amount of hours: -2
Random amount of minutes: 6
Date -1 days in future: 2021/04/17 12:29:26

Current Date: 2021/04/18 14:23:26
Random amount of days: 0
Random amount of hours: 1
Random amount of minutes: -27
Date 0 days in future: 2021/04/18 14:56:26

Current Date: 2021/04/18 14:23:26
Random amount of days: -2
Random amount of hours: 0
Random amount of minutes: -9
Date -2 days in future: 2021/04/16 14:14:26

Current Date: 2021/04/18 14:23:26
Random amount of days: -2
Random amount of hours: -1
Random amount of minutes: -7
Date -2 days in future: 2021/04/16 13:16:26

Current Date: 2021/04/18 14:23:26
Random amount of days: -1
Random amount of hours: 2
Random amount of minutes: -43
Date -1 days in future: 2021/04/17 15:40:26

Current Date: 2021/04/18 14:23:26
Random amount of days: -3
Random amount of hours: 0
Random amount of minutes: -38
Date -3 days in future: 2021/04/15 13:45:26

Current Date: 2021/04/18 14:23:26
Random amount of days: -2
Random amount of hours: -3
Random amount of minutes: -41
Date -2 days in future: 2021/04/16 10:42:26

Current Date: 2021/04/18 14:23:26
Random amount of days: -3
Random amount of hours: 1
Random amount of minutes: 53
Date -3 days in future: 2021/04/15 16:16:26

Current Date: 2021/04/18 14:23:26
Random amount of days: -2
Random amount of hours: 0
Random amount of minutes: -22
Date -2 days in future: 2021/04/16 14:01:26

Current Date: 2021/04/18 14:23:26
Random amount of days: -3
Random amount of hours: -1
Random amount of minutes: 13
Date -3 days in future: 2021/04/15 13:36:26

Current Date: 2021/04/18 14:23:26
Random amount of days: 0
Random amount of hours: 0
Random amount of minutes: -51
Date 0 days in future: 2021/04/18 13:32:26

Current Date: 2021/04/18 14:23:26
Random amount of days: 0
Random amount of hours: 3
Random amount of minutes: -34
Date 0 days in future: 2021/04/18 16:49:26

Current Date: 2021/04/18 14:23:26
Random amount of days: -3
Random amount of hours: -2
Random amount of minutes: 57
Date -3 days in future: 2021/04/15 13:20:26

Current Date: 2021/04/18 14:23:26
Random amount of days: -1
Random amount of hours: 0
Random amount of minutes: -47
Date -1 days in future: 2021/04/17 13:36:26

Current Date: 2021/04/18 14:23:26
Random amount of days: 0
Random amount of hours: 0
Random amount of minutes: 51
Date 0 days in future: 2021/04/18 15:14:26

Current Date: 2021/04/18 14:23:26
Random amount of days: 0
Random amount of hours: -2
Random amount of minutes: -53
Date 0 days in future: 2021/04/18 11:30:26

Current Date: 2021/04/18 14:23:26
Random amount of days: -3
Random amount of hours: 0
Random amount of minutes: 4
Date -3 days in future: 2021/04/15 14:27:26

Current Date: 2021/04/18 14:23:26
Random amount of days: -1
Random amount of hours: 2
Random amount of minutes: -24
Date -1 days in future: 2021/04/17 15:59:26

Current Date: 2021/04/18 14:23:26
Random amount of days: -3
Random amount of hours: 0
Random amount of minutes: 60
Date -3 days in future: 2021/04/15 15:23:26

Current Date: 2021/04/18 14:23:26
Random amount of days: -2
Random amount of hours: 3
Random amount of minutes: -52
Date -2 days in future: 2021/04/16 16:31:26

mno:Member(mno=21, name=null, phone=null)
building:Facility(bno=4, building=building4)
status:true
temperature36.6
Hibernate: 
    insert 
    into
        status
        (regdate, facility_bno, member_mno, state, temperature) 
    values
        (?, ?, ?, ?, ?)
mno:Member(mno=23, name=null, phone=null)
building:Facility(bno=2, building=building2)
status:true
temperature36.1
Hibernate: 
    insert 
    into
        status
        (regdate, facility_bno, member_mno, state, temperature) 
    values
        (?, ?, ?, ?, ?)
mno:Member(mno=15, name=null, phone=null)
building:Facility(bno=4, building=building4)
status:true
temperature36.5
Hibernate: 
    insert 
    into
        status
        (regdate, facility_bno, member_mno, state, temperature) 
    values
        (?, ?, ?, ?, ?)
mno:Member(mno=5, name=null, phone=null)
building:Facility(bno=8, building=building8)
status:true
temperature36.5
Hibernate: 
    insert 
    into
        status
        (regdate, facility_bno, member_mno, state, temperature) 
    values
        (?, ?, ?, ?, ?)
mno:Member(mno=19, name=null, phone=null)
building:Facility(bno=4, building=building4)
status:true
temperature36.8
Hibernate: 
    insert 
    into
        status
        (regdate, facility_bno, member_mno, state, temperature) 
    values
        (?, ?, ?, ?, ?)
mno:Member(mno=88, name=null, phone=null)
building:Facility(bno=9, building=building9)
status:true
temperature35.5
Hibernate: 
    insert 
    into
        status
        (regdate, facility_bno, member_mno, state, temperature) 
    values
        (?, ?, ?, ?, ?)
mno:Member(mno=40, name=null, phone=null)
building:Facility(bno=5, building=building5)
status:true
temperature35.9
Hibernate: 
    insert 
    into
        status
        (regdate, facility_bno, member_mno, state, temperature) 
    values
        (?, ?, ?, ?, ?)
mno:Member(mno=22, name=null, phone=null)
building:Facility(bno=5, building=building5)
status:true
temperature37.0
Hibernate: 
    insert 
    into
        status
        (regdate, facility_bno, member_mno, state, temperature) 
    values
        (?, ?, ?, ?, ?)
mno:Member(mno=33, name=null, phone=null)
building:Facility(bno=4, building=building4)
status:true
temperature36.9
Hibernate: 
    insert 
    into
        status
        (regdate, facility_bno, member_mno, state, temperature) 
    values
        (?, ?, ?, ?, ?)
mno:Member(mno=96, name=null, phone=null)
building:Facility(bno=6, building=building6)
status:true
temperature35.6
Hibernate: 
    insert 
    into
        status
        (regdate, facility_bno, member_mno, state, temperature) 
    values
        (?, ?, ?, ?, ?)
mno:Member(mno=43, name=null, phone=null)
building:Facility(bno=3, building=building3)
status:true
temperature36.8
Hibernate: 
    insert 
    into
        status
        (regdate, facility_bno, member_mno, state, temperature) 
    values
        (?, ?, ?, ?, ?)
mno:Member(mno=15, name=null, phone=null)
building:Facility(bno=4, building=building4)
status:false
temperature36.9
Hibernate: 
    insert 
    into
        status
        (regdate, facility_bno, member_mno, state, temperature) 
    values
        (?, ?, ?, ?, ?)
mno:Member(mno=11, name=null, phone=null)
building:Facility(bno=3, building=building3)
status:true
temperature36.3
Hibernate: 
    insert 
    into
        status
        (regdate, facility_bno, member_mno, state, temperature) 
    values
        (?, ?, ?, ?, ?)
mno:Member(mno=61, name=null, phone=null)
building:Facility(bno=3, building=building3)
status:true
temperature36.5
Hibernate: 
    insert 
    into
        status
        (regdate, facility_bno, member_mno, state, temperature) 
    values
        (?, ?, ?, ?, ?)
mno:Member(mno=33, name=null, phone=null)
building:Facility(bno=4, building=building4)
status:false
temperature35.0
Hibernate: 
    insert 
    into
        status
        (regdate, facility_bno, member_mno, state, temperature) 
    values
        (?, ?, ?, ?, ?)
mno:Member(mno=16, name=null, phone=null)
building:Facility(bno=3, building=building3)
status:true
temperature36.4
Hibernate: 
    insert 
    into
        status
        (regdate, facility_bno, member_mno, state, temperature) 
    values
        (?, ?, ?, ?, ?)
mno:Member(mno=86, name=null, phone=null)
building:Facility(bno=7, building=building7)
status:true
temperature37.0
Hibernate: 
    insert 
    into
        status
        (regdate, facility_bno, member_mno, state, temperature) 
    values
        (?, ?, ?, ?, ?)
mno:Member(mno=63, name=null, phone=null)
building:Facility(bno=6, building=building6)
status:true
temperature36.8
Hibernate: 
    insert 
    into
        status
        (regdate, facility_bno, member_mno, state, temperature) 
    values
        (?, ?, ?, ?, ?)
mno:Member(mno=20, name=null, phone=null)
building:Facility(bno=9, building=building9)
status:true
temperature35.3
Hibernate: 
    insert 
    into
        status
        (regdate, facility_bno, member_mno, state, temperature) 
    values
        (?, ?, ?, ?, ?)
mno:Member(mno=40, name=null, phone=null)
building:Facility(bno=5, building=building5)
status:false
temperature35.9
Hibernate: 
    insert 
    into
        status
        (regdate, facility_bno, member_mno, state, temperature) 
    values
        (?, ?, ?, ?, ?)
mno:Member(mno=67, name=null, phone=null)
building:Facility(bno=5, building=building5)
status:true
temperature35.1
Hibernate: 
    insert 
    into
        status
        (regdate, facility_bno, member_mno, state, temperature) 
    values
        (?, ?, ?, ?, ?)
mno:Member(mno=79, name=null, phone=null)
building:Facility(bno=5, building=building5)
status:true
temperature37.1
Hibernate: 
    insert 
    into
        status
        (regdate, facility_bno, member_mno, state, temperature) 
    values
        (?, ?, ?, ?, ?)
mno:Member(mno=36, name=null, phone=null)
building:Facility(bno=4, building=building4)
status:true
temperature36.9
Hibernate: 
    insert 
    into
        status
        (regdate, facility_bno, member_mno, state, temperature) 
    values
        (?, ?, ?, ?, ?)
mno:Member(mno=34, name=null, phone=null)
building:Facility(bno=3, building=building3)
status:true
temperature36.1
Hibernate: 
    insert 
    into
        status
        (regdate, facility_bno, member_mno, state, temperature) 
    values
        (?, ?, ?, ?, ?)
mno:Member(mno=61, name=null, phone=null)
building:Facility(bno=3, building=building3)
status:false
temperature36.9
Hibernate: 
    insert 
    into
        status
        (regdate, facility_bno, member_mno, state, temperature) 
    values
        (?, ?, ?, ?, ?)
mno:Member(mno=7, name=null, phone=null)
building:Facility(bno=5, building=building5)
status:true
temperature36.4
Hibernate: 
    insert 
    into
        status
        (regdate, facility_bno, member_mno, state, temperature) 
    values
        (?, ?, ?, ?, ?)
mno:Member(mno=42, name=null, phone=null)
building:Facility(bno=9, building=building9)
status:true
temperature35.7
Hibernate: 
    insert 
    into
        status
        (regdate, facility_bno, member_mno, state, temperature) 
    values
        (?, ?, ?, ?, ?)
mno:Member(mno=25, name=null, phone=null)
building:Facility(bno=1, building=building1)
status:true
temperature35.2
Hibernate: 
    insert 
    into
        status
        (regdate, facility_bno, member_mno, state, temperature) 
    values
        (?, ?, ?, ?, ?)
mno:Member(mno=14, name=null, phone=null)
building:Facility(bno=7, building=building7)
status:true
temperature36.2
Hibernate: 
    insert 
    into
        status
        (regdate, facility_bno, member_mno, state, temperature) 
    values
        (?, ?, ?, ?, ?)
mno:Member(mno=32, name=null, phone=null)
building:Facility(bno=6, building=building6)
status:true
temperature36.7
Hibernate: 
    insert 
    into
        status
        (regdate, facility_bno, member_mno, state, temperature) 
    values
        (?, ?, ?, ?, ?)
mno:Member(mno=83, name=null, phone=null)
building:Facility(bno=7, building=building7)
status:true
temperature35.6
Hibernate: 
    insert 
    into
        status
        (regdate, facility_bno, member_mno, state, temperature) 
    values
        (?, ?, ?, ?, ?)
mno:Member(mno=88, name=null, phone=null)
building:Facility(bno=9, building=building9)
status:false
temperature35.6
Hibernate: 
    insert 
    into
        status
        (regdate, facility_bno, member_mno, state, temperature) 
    values
        (?, ?, ?, ?, ?)
mno:Member(mno=36, name=null, phone=null)
building:Facility(bno=4, building=building4)
status:false
temperature35.6
Hibernate: 
    insert 
    into
        status
        (regdate, facility_bno, member_mno, state, temperature) 
    values
        (?, ?, ?, ?, ?)
mno:Member(mno=39, name=null, phone=null)
building:Facility(bno=2, building=building2)
status:true
temperature36.9
Hibernate: 
    insert 
    into
        status
        (regdate, facility_bno, member_mno, state, temperature) 
    values
        (?, ?, ?, ?, ?)
mno:Member(mno=13, name=null, phone=null)
building:Facility(bno=1, building=building1)
status:true
temperature36.1
Hibernate: 
    insert 
    into
        status
        (regdate, facility_bno, member_mno, state, temperature) 
    values
        (?, ?, ?, ?, ?)
mno:Member(mno=54, name=null, phone=null)
building:Facility(bno=10, building=building10)
status:true
temperature35.1
Hibernate: 
    insert 
    into
        status
        (regdate, facility_bno, member_mno, state, temperature) 
    values
        (?, ?, ?, ?, ?)
mno:Member(mno=79, name=null, phone=null)
building:Facility(bno=5, building=building5)
status:false
temperature35.2
Hibernate: 
    insert 
    into
        status
        (regdate, facility_bno, member_mno, state, temperature) 
    values
        (?, ?, ?, ?, ?)
mno:Member(mno=88, name=null, phone=null)
building:Facility(bno=9, building=building9)
status:true
temperature36.6
Hibernate: 
    insert 
    into
        status
        (regdate, facility_bno, member_mno, state, temperature) 
    values
        (?, ?, ?, ?, ?)
mno:Member(mno=16, name=null, phone=null)
building:Facility(bno=3, building=building3)
status:false
temperature35.4
Hibernate: 
    insert 
    into
        status
        (regdate, facility_bno, member_mno, state, temperature) 
    values
        (?, ?, ?, ?, ?)
mno:Member(mno=60, name=null, phone=null)
building:Facility(bno=1, building=building1)
status:true
temperature36.9
Hibernate: 
    insert 
    into
        status
        (regdate, facility_bno, member_mno, state, temperature) 
    values
        (?, ?, ?, ?, ?)
mno:Member(mno=42, name=null, phone=null)
building:Facility(bno=9, building=building9)
status:false
temperature35.0
Hibernate: 
    insert 
    into
        status
        (regdate, facility_bno, member_mno, state, temperature) 
    values
        (?, ?, ?, ?, ?)
mno:Member(mno=25, name=null, phone=null)
building:Facility(bno=1, building=building1)
status:false
temperature36.1
Hibernate: 
    insert 
    into
        status
        (regdate, facility_bno, member_mno, state, temperature) 
    values
        (?, ?, ?, ?, ?)
mno:Member(mno=96, name=null, phone=null)
building:Facility(bno=6, building=building6)
status:false
temperature37.2
Hibernate: 
    insert 
    into
        status
        (regdate, facility_bno, member_mno, state, temperature) 
    values
        (?, ?, ?, ?, ?)
mno:Member(mno=38, name=null, phone=null)
building:Facility(bno=2, building=building2)
status:true
temperature37.2
Hibernate: 
    insert 
    into
        status
        (regdate, facility_bno, member_mno, state, temperature) 
    values
        (?, ?, ?, ?, ?)
mno:Member(mno=90, name=null, phone=null)
building:Facility(bno=8, building=building8)
status:true
temperature36.4
Hibernate: 
    insert 
    into
        status
        (regdate, facility_bno, member_mno, state, temperature) 
    values
        (?, ?, ?, ?, ?)
mno:Member(mno=35, name=null, phone=null)
building:Facility(bno=6, building=building6)
status:true
temperature35.9
Hibernate: 
    insert 
    into
        status
        (regdate, facility_bno, member_mno, state, temperature) 
    values
        (?, ?, ?, ?, ?)
mno:Member(mno=42, name=null, phone=null)
building:Facility(bno=5, building=building5)
status:true
temperature36.7
Hibernate: 
    insert 
    into
        status
        (regdate, facility_bno, member_mno, state, temperature) 
    values
        (?, ?, ?, ?, ?)
mno:Member(mno=17, name=null, phone=null)
building:Facility(bno=10, building=building10)
status:true
temperature36.4
Hibernate: 
    insert 
    into
        status
        (regdate, facility_bno, member_mno, state, temperature) 
    values
        (?, ?, ?, ?, ?)
mno:Member(mno=43, name=null, phone=null)
building:Facility(bno=3, building=building3)
status:false
temperature35.8
Hibernate: 
    insert 
    into
        status
        (regdate, facility_bno, member_mno, state, temperature) 
    values
        (?, ?, ?, ?, ?)
mno:Member(mno=68, name=null, phone=null)
building:Facility(bno=9, building=building9)
status:true
temperature35.1
Hibernate: 
    insert 
    into
        status
        (regdate, facility_bno, member_mno, state, temperature) 
    values
        (?, ?, ?, ?, ?)
mno:Member(mno=19, name=null, phone=null)
building:Facility(bno=4, building=building4)
status:false
temperature36.0
Hibernate: 
    insert 
    into
        status
        (regdate, facility_bno, member_mno, state, temperature) 
    values
        (?, ?, ?, ?, ?)
mno:Member(mno=60, name=null, phone=null)
building:Facility(bno=1, building=building1)
status:false
temperature36.9
Hibernate: 
    insert 
    into
        status
        (regdate, facility_bno, member_mno, state, temperature) 
    values
        (?, ?, ?, ?, ?)
mno:Member(mno=7, name=null, phone=null)
building:Facility(bno=5, building=building5)
status:false
temperature36.4
Hibernate: 
    insert 
    into
        status
        (regdate, facility_bno, member_mno, state, temperature) 
    values
        (?, ?, ?, ?, ?)
mno:Member(mno=14, name=null, phone=null)
building:Facility(bno=7, building=building7)
status:false
temperature35.9
Hibernate: 
    insert 
    into
        status
        (regdate, facility_bno, member_mno, state, temperature) 
    values
        (?, ?, ?, ?, ?)
mno:Member(mno=27, name=null, phone=null)
building:Facility(bno=8, building=building8)
status:true
temperature35.4
Hibernate: 
    insert 
    into
        status
        (regdate, facility_bno, member_mno, state, temperature) 
    values
        (?, ?, ?, ?, ?)
mno:Member(mno=45, name=null, phone=null)
building:Facility(bno=5, building=building5)
status:true
temperature36.0
Hibernate: 
    insert 
    into
        status
        (regdate, facility_bno, member_mno, state, temperature) 
    values
        (?, ?, ?, ?, ?)
mno:Member(mno=80, name=null, phone=null)
building:Facility(bno=9, building=building9)
status:true
temperature35.3
Hibernate: 
    insert 
    into
        status
        (regdate, facility_bno, member_mno, state, temperature) 
    values
        (?, ?, ?, ?, ?)
mno:Member(mno=46, name=null, phone=null)
building:Facility(bno=7, building=building7)
status:true
temperature35.8
Hibernate: 
    insert 
    into
        status
        (regdate, facility_bno, member_mno, state, temperature) 
    values
        (?, ?, ?, ?, ?)
mno:Member(mno=18, name=null, phone=null)
building:Facility(bno=1, building=building1)
status:true
temperature36.8
Hibernate: 
    insert 
    into
        status
        (regdate, facility_bno, member_mno, state, temperature) 
    values
        (?, ?, ?, ?, ?)
mno:Member(mno=43, name=null, phone=null)
building:Facility(bno=2, building=building2)
status:true
temperature35.2
Hibernate: 
    insert 
    into
        status
        (regdate, facility_bno, member_mno, state, temperature) 
    values
        (?, ?, ?, ?, ?)
mno:Member(mno=72, name=null, phone=null)
building:Facility(bno=5, building=building5)
status:true
temperature37.0
Hibernate: 
    insert 
    into
        status
        (regdate, facility_bno, member_mno, state, temperature) 
    values
        (?, ?, ?, ?, ?)
mno:Member(mno=15, name=null, phone=null)
building:Facility(bno=5, building=building5)
status:true
temperature36.4
Hibernate: 
    insert 
    into
        status
        (regdate, facility_bno, member_mno, state, temperature) 
    values
        (?, ?, ?, ?, ?)
mno:Member(mno=47, name=null, phone=null)
building:Facility(bno=9, building=building9)
status:true
temperature35.6
Hibernate: 
    insert 
    into
        status
        (regdate, facility_bno, member_mno, state, temperature) 
    values
        (?, ?, ?, ?, ?)
mno:Member(mno=87, name=null, phone=null)
building:Facility(bno=10, building=building10)
status:true
temperature36.6
Hibernate: 
    insert 
    into
        status
        (regdate, facility_bno, member_mno, state, temperature) 
    values
        (?, ?, ?, ?, ?)
mno:Member(mno=36, name=null, phone=null)
building:Facility(bno=5, building=building5)
status:true
temperature36.9
Hibernate: 
    insert 
    into
        status
        (regdate, facility_bno, member_mno, state, temperature) 
    values
        (?, ?, ?, ?, ?)
mno:Member(mno=34, name=null, phone=null)
building:Facility(bno=3, building=building3)
status:false
temperature36.4
Hibernate: 
    insert 
    into
        status
        (regdate, facility_bno, member_mno, state, temperature) 
    values
        (?, ?, ?, ?, ?)
mno:Member(mno=51, name=null, phone=null)
building:Facility(bno=7, building=building7)
status:true
temperature36.7
Hibernate: 
    insert 
    into
        status
        (regdate, facility_bno, member_mno, state, temperature) 
    values
        (?, ?, ?, ?, ?)
mno:Member(mno=53, name=null, phone=null)
building:Facility(bno=3, building=building3)
status:true
temperature35.2
Hibernate: 
    insert 
    into
        status
        (regdate, facility_bno, member_mno, state, temperature) 
    values
        (?, ?, ?, ?, ?)
mno:Member(mno=3, name=null, phone=null)
building:Facility(bno=8, building=building8)
status:true
temperature36.3
Hibernate: 
    insert 
    into
        status
        (regdate, facility_bno, member_mno, state, temperature) 
    values
        (?, ?, ?, ?, ?)
mno:Member(mno=57, name=null, phone=null)
building:Facility(bno=1, building=building1)
status:true
temperature36.5
Hibernate: 
    insert 
    into
        status
        (regdate, facility_bno, member_mno, state, temperature) 
    values
        (?, ?, ?, ?, ?)
mno:Member(mno=55, name=null, phone=null)
building:Facility(bno=10, building=building10)
status:true
temperature35.4
Hibernate: 
    insert 
    into
        status
        (regdate, facility_bno, member_mno, state, temperature) 
    values
        (?, ?, ?, ?, ?)
mno:Member(mno=18, name=null, phone=null)
building:Facility(bno=1, building=building1)
status:false
temperature35.2
Hibernate: 
    insert 
    into
        status
        (regdate, facility_bno, member_mno, state, temperature) 
    values
        (?, ?, ?, ?, ?)
mno:Member(mno=69, name=null, phone=null)
building:Facility(bno=5, building=building5)
status:true
temperature36.0
Hibernate: 
    insert 
    into
        status
        (regdate, facility_bno, member_mno, state, temperature) 
    values
        (?, ?, ?, ?, ?)
mno:Member(mno=27, name=null, phone=null)
building:Facility(bno=8, building=building8)
status:false
temperature37.1
Hibernate: 
    insert 
    into
        status
        (regdate, facility_bno, member_mno, state, temperature) 
    values
        (?, ?, ?, ?, ?)
mno:Member(mno=54, name=null, phone=null)
building:Facility(bno=10, building=building10)
status:false
temperature36.2
Hibernate: 
    insert 
    into
        status
        (regdate, facility_bno, member_mno, state, temperature) 
    values
        (?, ?, ?, ?, ?)
mno:Member(mno=90, name=null, phone=null)
building:Facility(bno=8, building=building8)
status:false
temperature35.2
Hibernate: 
    insert 
    into
        status
        (regdate, facility_bno, member_mno, state, temperature) 
    values
        (?, ?, ?, ?, ?)
mno:Member(mno=3, name=null, phone=null)
building:Facility(bno=8, building=building8)
status:false
temperature35.5
Hibernate: 
    insert 
    into
        status
        (regdate, facility_bno, member_mno, state, temperature) 
    values
        (?, ?, ?, ?, ?)
mno:Member(mno=68, name=null, phone=null)
building:Facility(bno=9, building=building9)
status:false
temperature36.6
Hibernate: 
    insert 
    into
        status
        (regdate, facility_bno, member_mno, state, temperature) 
    values
        (?, ?, ?, ?, ?)
mno:Member(mno=8, name=null, phone=null)
building:Facility(bno=5, building=building5)
status:true
temperature36.0
Hibernate: 
    insert 
    into
        status
        (regdate, facility_bno, member_mno, state, temperature) 
    values
        (?, ?, ?, ?, ?)
mno:Member(mno=15, name=null, phone=null)
building:Facility(bno=5, building=building5)
status:false
temperature35.1
Hibernate: 
    insert 
    into
        status
        (regdate, facility_bno, member_mno, state, temperature) 
    values
        (?, ?, ?, ?, ?)
mno:Member(mno=36, name=null, phone=null)
building:Facility(bno=5, building=building5)
status:false
temperature36.5
Hibernate: 
    insert 
    into
        status
        (regdate, facility_bno, member_mno, state, temperature) 
    values
        (?, ?, ?, ?, ?)
mno:Member(mno=7, name=null, phone=null)
building:Facility(bno=3, building=building3)
status:true
temperature36.1
Hibernate: 
    insert 
    into
        status
        (regdate, facility_bno, member_mno, state, temperature) 
    values
        (?, ?, ?, ?, ?)
mno:Member(mno=91, name=null, phone=null)
building:Facility(bno=2, building=building2)
status:true
temperature36.8
Hibernate: 
    insert 
    into
        status
        (regdate, facility_bno, member_mno, state, temperature) 
    values
        (?, ?, ?, ?, ?)
mno:Member(mno=91, name=null, phone=null)
building:Facility(bno=2, building=building2)
status:false
temperature36.6
Hibernate: 
    insert 
    into
        status
        (regdate, facility_bno, member_mno, state, temperature) 
    values
        (?, ?, ?, ?, ?)
mno:Member(mno=16, name=null, phone=null)
building:Facility(bno=9, building=building9)
status:true
temperature35.5
Hibernate: 
    insert 
    into
        status
        (regdate, facility_bno, member_mno, state, temperature) 
    values
        (?, ?, ?, ?, ?)
mno:Member(mno=63, name=null, phone=null)
building:Facility(bno=6, building=building6)
status:false
temperature37.3
Hibernate: 
    insert 
    into
        status
        (regdate, facility_bno, member_mno, state, temperature) 
    values
        (?, ?, ?, ?, ?)
mno:Member(mno=10, name=null, phone=null)
building:Facility(bno=2, building=building2)
status:true
temperature36.1
Hibernate: 
    insert 
    into
        status
        (regdate, facility_bno, member_mno, state, temperature) 
    values
        (?, ?, ?, ?, ?)
mno:Member(mno=34, name=null, phone=null)
building:Facility(bno=1, building=building1)
status:true
temperature37.1
Hibernate: 
    insert 
    into
        status
        (regdate, facility_bno, member_mno, state, temperature) 
    values
        (?, ?, ?, ?, ?)
mno:Member(mno=43, name=null, phone=null)
building:Facility(bno=2, building=building2)
status:false
temperature37.1
Hibernate: 
    insert 
    into
        status
        (regdate, facility_bno, member_mno, state, temperature) 
    values
        (?, ?, ?, ?, ?)
mno:Member(mno=70, name=null, phone=null)
building:Facility(bno=3, building=building3)
status:true
temperature37.3
Hibernate: 
    insert 
    into
        status
        (regdate, facility_bno, member_mno, state, temperature) 
    values
        (?, ?, ?, ?, ?)
mno:Member(mno=24, name=null, phone=null)
building:Facility(bno=8, building=building8)
status:true
temperature37.1
Hibernate: 
    insert 
    into
        status
        (regdate, facility_bno, member_mno, state, temperature) 
    values
        (?, ?, ?, ?, ?)
mno:Member(mno=41, name=null, phone=null)
building:Facility(bno=6, building=building6)
status:true
temperature37.0
Hibernate: 
    insert 
    into
        status
        (regdate, facility_bno, member_mno, state, temperature) 
    values
        (?, ?, ?, ?, ?)
mno:Member(mno=62, name=null, phone=null)
building:Facility(bno=9, building=building9)
status:true
temperature37.1
Hibernate: 
    insert 
    into
        status
        (regdate, facility_bno, member_mno, state, temperature) 
    values
        (?, ?, ?, ?, ?)
mno:Member(mno=11, name=null, phone=null)
building:Facility(bno=3, building=building3)
status:false
temperature36.0
Hibernate: 
    insert 
    into
        status
        (regdate, facility_bno, member_mno, state, temperature) 
    values
        (?, ?, ?, ?, ?)
mno:Member(mno=32, name=null, phone=null)
building:Facility(bno=6, building=building6)
status:false
temperature36.5
Hibernate: 
    insert 
    into
        status
        (regdate, facility_bno, member_mno, state, temperature) 
    values
        (?, ?, ?, ?, ?)
mno:Member(mno=72, name=null, phone=null)
building:Facility(bno=5, building=building5)
status:false
temperature35.9
Hibernate: 
    insert 
    into
        status
        (regdate, facility_bno, member_mno, state, temperature) 
    values
        (?, ?, ?, ?, ?)
mno:Member(mno=10, name=null, phone=null)
building:Facility(bno=2, building=building2)
status:false
temperature36.5
Hibernate: 
    insert 
    into
        status
        (regdate, facility_bno, member_mno, state, temperature) 
    values
        (?, ?, ?, ?, ?)
mno:Member(mno=27, name=null, phone=null)
building:Facility(bno=9, building=building9)
status:true
temperature37.2
Hibernate: 
    insert 
    into
        status
        (regdate, facility_bno, member_mno, state, temperature) 
    values
        (?, ?, ?, ?, ?)
mno:Member(mno=60, name=null, phone=null)
building:Facility(bno=4, building=building4)
status:true
temperature35.1
Hibernate: 
    insert 
    into
        status
        (regdate, facility_bno, member_mno, state, temperature) 
    values
        (?, ?, ?, ?, ?)
mno:Member(mno=62, name=null, phone=null)
building:Facility(bno=9, building=building9)
status:false
temperature36.4
Hibernate: 
    insert 
    into
        status
        (regdate, facility_bno, member_mno, state, temperature) 
    values
        (?, ?, ?, ?, ?)
mno:Member(mno=76, name=null, phone=null)
building:Facility(bno=1, building=building1)
status:true
temperature36.8
Hibernate: 
    insert 
    into
        status
        (regdate, facility_bno, member_mno, state, temperature) 
    values
        (?, ?, ?, ?, ?)
mno:Member(mno=22, name=null, phone=null)
building:Facility(bno=5, building=building5)
status:false
temperature37.3
Hibernate: 
    insert 
    into
        status
        (regdate, facility_bno, member_mno, state, temperature) 
    values
        (?, ?, ?, ?, ?)
mno:Member(mno=15, name=null, phone=null)
building:Facility(bno=9, building=building9)
status:true
temperature37.1
Hibernate: 
    insert 
    into
        status
        (regdate, facility_bno, member_mno, state, temperature) 
    values
        (?, ?, ?, ?, ?)
mno:Member(mno=89, name=null, phone=null)
building:Facility(bno=6, building=building6)
status:true
temperature35.4
Hibernate: 
    insert 
    into
        status
        (regdate, facility_bno, member_mno, state, temperature) 
    values
        (?, ?, ?, ?, ?)
mno:Member(mno=91, name=null, phone=null)
building:Facility(bno=3, building=building3)
status:true
temperature36.3
Hibernate: 
    insert 
    into
        status
        (regdate, facility_bno, member_mno, state, temperature) 
    values
        (?, ?, ?, ?, ?)
mno:Member(mno=17, name=null, phone=null)
building:Facility(bno=10, building=building10)
status:false
temperature37.0
Hibernate: 
    insert 
    into
        status
        (regdate, facility_bno, member_mno, state, temperature) 
    values
        (?, ?, ?, ?, ?)
mno:Member(mno=24, name=null, phone=null)
building:Facility(bno=8, building=building8)
status:false
temperature36.6
Hibernate: 
    insert 
    into
        status
        (regdate, facility_bno, member_mno, state, temperature) 
    values
        (?, ?, ?, ?, ?)
mno:Member(mno=50, name=null, phone=null)
building:Facility(bno=1, building=building1)
status:true
temperature36.1
Hibernate: 
    insert 
    into
        status
        (regdate, facility_bno, member_mno, state, temperature) 
    values
        (?, ?, ?, ?, ?)
mno:Member(mno=53, name=null, phone=null)
building:Facility(bno=3, building=building3)
status:false
temperature35.5
Hibernate: 
    insert 
    into
        status
        (regdate, facility_bno, member_mno, state, temperature) 
    values
        (?, ?, ?, ?, ?)
mno:Member(mno=58, name=null, phone=null)
building:Facility(bno=8, building=building8)
status:true
temperature37.0
Hibernate: 
    insert 
    into
        status
        (regdate, facility_bno, member_mno, state, temperature) 
    values
        (?, ?, ?, ?, ?)
mno:Member(mno=49, name=null, phone=null)
building:Facility(bno=5, building=building5)
status:true
temperature36.3
Hibernate: 
    insert 
    into
        status
        (regdate, facility_bno, member_mno, state, temperature) 
    values
        (?, ?, ?, ?, ?)
mno:Member(mno=95, name=null, phone=null)
building:Facility(bno=4, building=building4)
status:true
temperature36.4
Hibernate: 
    insert 
    into
        status
        (regdate, facility_bno, member_mno, state, temperature) 
    values
        (?, ?, ?, ?, ?)
mno:Member(mno=20, name=null, phone=null)
building:Facility(bno=9, building=building9)
status:false
temperature36.0
Hibernate: 
    insert 
    into
        status
        (regdate, facility_bno, member_mno, state, temperature) 
    values
        (?, ?, ?, ?, ?)
mno:Member(mno=18, name=null, phone=null)
building:Facility(bno=1, building=building1)
status:true
temperature35.7
Hibernate: 
    insert 
    into
        status
        (regdate, facility_bno, member_mno, state, temperature) 
    values
        (?, ?, ?, ?, ?)
mno:Member(mno=87, name=null, phone=null)
building:Facility(bno=10, building=building10)
status:false
temperature35.6
Hibernate: 
    insert 
    into
        status
        (regdate, facility_bno, member_mno, state, temperature) 
    values
        (?, ?, ?, ?, ?)
mno:Member(mno=33, name=null, phone=null)
building:Facility(bno=5, building=building5)
status:true
temperature37.2
Hibernate: 
    insert 
    into
        status
        (regdate, facility_bno, member_mno, state, temperature) 
    values
        (?, ?, ?, ?, ?)
mno:Member(mno=70, name=null, phone=null)
building:Facility(bno=3, building=building3)
status:false
temperature36.2
Hibernate: 
    insert 
    into
        status
        (regdate, facility_bno, member_mno, state, temperature) 
    values
        (?, ?, ?, ?, ?)
mno:Member(mno=10, name=null, phone=null)
building:Facility(bno=10, building=building10)
status:true
temperature35.6
Hibernate: 
    insert 
    into
        status
        (regdate, facility_bno, member_mno, state, temperature) 
    values
        (?, ?, ?, ?, ?)
mno:Member(mno=28, name=null, phone=null)
building:Facility(bno=1, building=building1)
status:true
temperature35.6
Hibernate: 
    insert 
    into
        status
        (regdate, facility_bno, member_mno, state, temperature) 
    values
        (?, ?, ?, ?, ?)
mno:Member(mno=75, name=null, phone=null)
building:Facility(bno=10, building=building10)
status:true
temperature36.7
Hibernate: 
    insert 
    into
        status
        (regdate, facility_bno, member_mno, state, temperature) 
    values
        (?, ?, ?, ?, ?)
mno:Member(mno=52, name=null, phone=null)
building:Facility(bno=1, building=building1)
status:true
temperature36.2
Hibernate: 
    insert 
    into
        status
        (regdate, facility_bno, member_mno, state, temperature) 
    values
        (?, ?, ?, ?, ?)
mno:Member(mno=29, name=null, phone=null)
building:Facility(bno=4, building=building4)
status:true
temperature36.1
Hibernate: 
    insert 
    into
        status
        (regdate, facility_bno, member_mno, state, temperature) 
    values
        (?, ?, ?, ?, ?)
mno:Member(mno=63, name=null, phone=null)
building:Facility(bno=10, building=building10)
status:true
temperature35.6
Hibernate: 
    insert 
    into
        status
        (regdate, facility_bno, member_mno, state, temperature) 
    values
        (?, ?, ?, ?, ?)
mno:Member(mno=13, name=null, phone=null)
building:Facility(bno=1, building=building1)
status:false
temperature37.2
Hibernate: 
    insert 
    into
        status
        (regdate, facility_bno, member_mno, state, temperature) 
    values
        (?, ?, ?, ?, ?)
mno:Member(mno=87, name=null, phone=null)
building:Facility(bno=4, building=building4)
status:true
temperature35.0
Hibernate: 
    insert 
    into
        status
        (regdate, facility_bno, member_mno, state, temperature) 
    values
        (?, ?, ?, ?, ?)
mno:Member(mno=87, name=null, phone=null)
building:Facility(bno=4, building=building4)
status:false
temperature36.8
Hibernate: 
    insert 
    into
        status
        (regdate, facility_bno, member_mno, state, temperature) 
    values
        (?, ?, ?, ?, ?)
mno:Member(mno=58, name=null, phone=null)
building:Facility(bno=8, building=building8)
status:false
temperature35.4
Hibernate: 
    insert 
    into
        status
        (regdate, facility_bno, member_mno, state, temperature) 
    values
        (?, ?, ?, ?, ?)
mno:Member(mno=89, name=null, phone=null)
building:Facility(bno=6, building=building6)
status:false
temperature36.5
Hibernate: 
    insert 
    into
        status
        (regdate, facility_bno, member_mno, state, temperature) 
    values
        (?, ?, ?, ?, ?)
mno:Member(mno=27, name=null, phone=null)
building:Facility(bno=9, building=building9)
status:false
temperature36.4
Hibernate: 
    insert 
    into
        status
        (regdate, facility_bno, member_mno, state, temperature) 
    values
        (?, ?, ?, ?, ?)
mno:Member(mno=18, name=null, phone=null)
building:Facility(bno=1, building=building1)
status:false
temperature37.3
Hibernate: 
    insert 
    into
        status
        (regdate, facility_bno, member_mno, state, temperature) 
    values
        (?, ?, ?, ?, ?)
mno:Member(mno=40, name=null, phone=null)
building:Facility(bno=9, building=building9)
status:true
temperature36.2
Hibernate: 
    insert 
    into
        status
        (regdate, facility_bno, member_mno, state, temperature) 
    values
        (?, ?, ?, ?, ?)
mno:Member(mno=35, name=null, phone=null)
building:Facility(bno=6, building=building6)
status:false
temperature36.2
Hibernate: 
    insert 
    into
        status
        (regdate, facility_bno, member_mno, state, temperature) 
    values
        (?, ?, ?, ?, ?)
mno:Member(mno=89, name=null, phone=null)
building:Facility(bno=9, building=building9)
status:true
temperature36.1
Hibernate: 
    insert 
    into
        status
        (regdate, facility_bno, member_mno, state, temperature) 
    values
        (?, ?, ?, ?, ?)
mno:Member(mno=21, name=null, phone=null)
building:Facility(bno=4, building=building4)
status:false
temperature35.1
Hibernate: 
    insert 
    into
        status
        (regdate, facility_bno, member_mno, state, temperature) 
    values
        (?, ?, ?, ?, ?)
mno:Member(mno=24, name=null, phone=null)
building:Facility(bno=6, building=building6)
status:true
temperature37.3
Hibernate: 
    insert 
    into
        status
        (regdate, facility_bno, member_mno, state, temperature) 
    values
        (?, ?, ?, ?, ?)
mno:Member(mno=34, name=null, phone=null)
building:Facility(bno=1, building=building1)
status:false
temperature36.6
Hibernate: 
    insert 
    into
        status
        (regdate, facility_bno, member_mno, state, temperature) 
    values
        (?, ?, ?, ?, ?)
mno:Member(mno=78, name=null, phone=null)
building:Facility(bno=4, building=building4)
status:true
temperature35.6
Hibernate: 
    insert 
    into
        status
        (regdate, facility_bno, member_mno, state, temperature) 
    values
        (?, ?, ?, ?, ?)
mno:Member(mno=35, name=null, phone=null)
building:Facility(bno=1, building=building1)
status:true
temperature36.3
Hibernate: 
    insert 
    into
        status
        (regdate, facility_bno, member_mno, state, temperature) 
    values
        (?, ?, ?, ?, ?)
mno:Member(mno=94, name=null, phone=null)
building:Facility(bno=9, building=building9)
status:true
temperature36.6
Hibernate: 
    insert 
    into
        status
        (regdate, facility_bno, member_mno, state, temperature) 
    values
        (?, ?, ?, ?, ?)
mno:Member(mno=31, name=null, phone=null)
building:Facility(bno=8, building=building8)
status:true
temperature37.2
Hibernate: 
    insert 
    into
        status
        (regdate, facility_bno, member_mno, state, temperature) 
    values
        (?, ?, ?, ?, ?)
mno:Member(mno=63, name=null, phone=null)
building:Facility(bno=10, building=building10)
status:false
temperature35.6
Hibernate: 
    insert 
    into
        status
        (regdate, facility_bno, member_mno, state, temperature) 
    values
        (?, ?, ?, ?, ?)
mno:Member(mno=38, name=null, phone=null)
building:Facility(bno=2, building=building2)
status:false
temperature35.7
Hibernate: 
    insert 
    into
        status
        (regdate, facility_bno, member_mno, state, temperature) 
    values
        (?, ?, ?, ?, ?)
mno:Member(mno=71, name=null, phone=null)
building:Facility(bno=4, building=building4)
status:true
temperature35.3
Hibernate: 
    insert 
    into
        status
        (regdate, facility_bno, member_mno, state, temperature) 
    values
        (?, ?, ?, ?, ?)
mno:Member(mno=32, name=null, phone=null)
building:Facility(bno=1, building=building1)
status:true
temperature36.9
Hibernate: 
    insert 
    into
        status
        (regdate, facility_bno, member_mno, state, temperature) 
    values
        (?, ?, ?, ?, ?)
mno:Member(mno=63, name=null, phone=null)
building:Facility(bno=2, building=building2)
status:true
temperature35.7
Hibernate: 
    insert 
    into
        status
        (regdate, facility_bno, member_mno, state, temperature) 
    values
        (?, ?, ?, ?, ?)
mno:Member(mno=77, name=null, phone=null)
building:Facility(bno=9, building=building9)
status:true
temperature37.0
Hibernate: 
    insert 
    into
        status
        (regdate, facility_bno, member_mno, state, temperature) 
    values
        (?, ?, ?, ?, ?)
mno:Member(mno=76, name=null, phone=null)
building:Facility(bno=1, building=building1)
status:false
temperature35.6
Hibernate: 
    insert 
    into
        status
        (regdate, facility_bno, member_mno, state, temperature) 
    values
        (?, ?, ?, ?, ?)
mno:Member(mno=5, name=null, phone=null)
building:Facility(bno=8, building=building8)
status:false
temperature36.2
Hibernate: 
    insert 
    into
        status
        (regdate, facility_bno, member_mno, state, temperature) 
    values
        (?, ?, ?, ?, ?)
mno:Member(mno=69, name=null, phone=null)
building:Facility(bno=5, building=building5)
status:false
temperature36.9
Hibernate: 
    insert 
    into
        status
        (regdate, facility_bno, member_mno, state, temperature) 
    values
        (?, ?, ?, ?, ?)
mno:Member(mno=40, name=null, phone=null)
building:Facility(bno=9, building=building9)
status:false
temperature35.2
Hibernate: 
    insert 
    into
        status
        (regdate, facility_bno, member_mno, state, temperature) 
    values
        (?, ?, ?, ?, ?)
mno:Member(mno=86, name=null, phone=null)
building:Facility(bno=7, building=building7)
status:false
temperature36.7
Hibernate: 
    insert 
    into
        status
        (regdate, facility_bno, member_mno, state, temperature) 
    values
        (?, ?, ?, ?, ?)
mno:Member(mno=17, name=null, phone=null)
building:Facility(bno=8, building=building8)
status:true
temperature35.2
Hibernate: 
    insert 
    into
        status
        (regdate, facility_bno, member_mno, state, temperature) 
    values
        (?, ?, ?, ?, ?)
mno:Member(mno=27, name=null, phone=null)
building:Facility(bno=10, building=building10)
status:true
temperature37.1
Hibernate: 
    insert 
    into
        status
        (regdate, facility_bno, member_mno, state, temperature) 
    values
        (?, ?, ?, ?, ?)
mno:Member(mno=21, name=null, phone=null)
building:Facility(bno=7, building=building7)
status:true
temperature35.8
Hibernate: 
    insert 
    into
        status
        (regdate, facility_bno, member_mno, state, temperature) 
    values
        (?, ?, ?, ?, ?)
mno:Member(mno=30, name=null, phone=null)
building:Facility(bno=10, building=building10)
status:true
temperature36.2
Hibernate: 
    insert 
    into
        status
        (regdate, facility_bno, member_mno, state, temperature) 
    values
        (?, ?, ?, ?, ?)
mno:Member(mno=84, name=null, phone=null)
building:Facility(bno=7, building=building7)
status:true
temperature35.0
Hibernate: 
    insert 
    into
        status
        (regdate, facility_bno, member_mno, state, temperature) 
    values
        (?, ?, ?, ?, ?)
mno:Member(mno=30, name=null, phone=null)
building:Facility(bno=10, building=building10)
status:false
temperature35.6
Hibernate: 
    insert 
    into
        status
        (regdate, facility_bno, member_mno, state, temperature) 
    values
        (?, ?, ?, ?, ?)
mno:Member(mno=24, name=null, phone=null)
building:Facility(bno=6, building=building6)
status:false
temperature37.0
Hibernate: 
    insert 
    into
        status
        (regdate, facility_bno, member_mno, state, temperature) 
    values
        (?, ?, ?, ?, ?)
mno:Member(mno=38, name=null, phone=null)
building:Facility(bno=6, building=building6)
status:true
temperature35.9
Hibernate: 
    insert 
    into
        status
        (regdate, facility_bno, member_mno, state, temperature) 
    values
        (?, ?, ?, ?, ?)
mno:Member(mno=5, name=null, phone=null)
building:Facility(bno=1, building=building1)
status:true
temperature35.7
Hibernate: 
    insert 
    into
        status
        (regdate, facility_bno, member_mno, state, temperature) 
    values
        (?, ?, ?, ?, ?)
mno:Member(mno=79, name=null, phone=null)
building:Facility(bno=8, building=building8)
status:true
temperature35.8
Hibernate: 
    insert 
    into
        status
        (regdate, facility_bno, member_mno, state, temperature) 
    values
        (?, ?, ?, ?, ?)
mno:Member(mno=68, name=null, phone=null)
building:Facility(bno=6, building=building6)
status:true
temperature36.6
Hibernate: 
    insert 
    into
        status
        (regdate, facility_bno, member_mno, state, temperature) 
    values
        (?, ?, ?, ?, ?)
mno:Member(mno=73, name=null, phone=null)
building:Facility(bno=3, building=building3)
status:true
temperature37.0
Hibernate: 
    insert 
    into
        status
        (regdate, facility_bno, member_mno, state, temperature) 
    values
        (?, ?, ?, ?, ?)
mno:Member(mno=68, name=null, phone=null)
building:Facility(bno=6, building=building6)
status:false
temperature36.0
Hibernate: 
    insert 
    into
        status
        (regdate, facility_bno, member_mno, state, temperature) 
    values
        (?, ?, ?, ?, ?)
mno:Member(mno=96, name=null, phone=null)
building:Facility(bno=3, building=building3)
status:true
temperature37.1
Hibernate: 
    insert 
    into
        status
        (regdate, facility_bno, member_mno, state, temperature) 
    values
        (?, ?, ?, ?, ?)
mno:Member(mno=43, name=null, phone=null)
building:Facility(bno=8, building=building8)
status:true
temperature36.5
Hibernate: 
    insert 
    into
        status
        (regdate, facility_bno, member_mno, state, temperature) 
    values
        (?, ?, ?, ?, ?)
mno:Member(mno=20, name=null, phone=null)
building:Facility(bno=7, building=building7)
status:true
temperature36.2
Hibernate: 
    insert 
    into
        status
        (regdate, facility_bno, member_mno, state, temperature) 
    values
        (?, ?, ?, ?, ?)
mno:Member(mno=52, name=null, phone=null)
building:Facility(bno=1, building=building1)
status:false
temperature35.0
Hibernate: 
    insert 
    into
        status
        (regdate, facility_bno, member_mno, state, temperature) 
    values
        (?, ?, ?, ?, ?)
mno:Member(mno=29, name=null, phone=null)
building:Facility(bno=4, building=building4)
status:false
temperature35.8
Hibernate: 
    insert 
    into
        status
        (regdate, facility_bno, member_mno, state, temperature) 
    values
        (?, ?, ?, ?, ?)
mno:Member(mno=12, name=null, phone=null)
building:Facility(bno=7, building=building7)
status:true
temperature36.8
Hibernate: 
    insert 
    into
        status
        (regdate, facility_bno, member_mno, state, temperature) 
    values
        (?, ?, ?, ?, ?)
mno:Member(mno=5, name=null, phone=null)
building:Facility(bno=1, building=building1)
status:false
temperature36.9
Hibernate: 
    insert 
    into
        status
        (regdate, facility_bno, member_mno, state, temperature) 
    values
        (?, ?, ?, ?, ?)
mno:Member(mno=29, name=null, phone=null)
building:Facility(bno=10, building=building10)
status:true
temperature36.8
Hibernate: 
    insert 
    into
        status
        (regdate, facility_bno, member_mno, state, temperature) 
    values
        (?, ?, ?, ?, ?)
mno:Member(mno=45, name=null, phone=null)
building:Facility(bno=5, building=building5)
status:false
temperature35.4
Hibernate: 
    insert 
    into
        status
        (regdate, facility_bno, member_mno, state, temperature) 
    values
        (?, ?, ?, ?, ?)
mno:Member(mno=70, name=null, phone=null)
building:Facility(bno=7, building=building7)
status:true
temperature35.2
Hibernate: 
    insert 
    into
        status
        (regdate, facility_bno, member_mno, state, temperature) 
    values
        (?, ?, ?, ?, ?)
mno:Member(mno=92, name=null, phone=null)
building:Facility(bno=5, building=building5)
status:true
temperature37.3
Hibernate: 
    insert 
    into
        status
        (regdate, facility_bno, member_mno, state, temperature) 
    values
        (?, ?, ?, ?, ?)
mno:Member(mno=92, name=null, phone=null)
building:Facility(bno=5, building=building5)
status:false
temperature35.1
Hibernate: 
    insert 
    into
        status
        (regdate, facility_bno, member_mno, state, temperature) 
    values
        (?, ?, ?, ?, ?)
mno:Member(mno=92, name=null, phone=null)
building:Facility(bno=1, building=building1)
status:true
temperature37.1
Hibernate: 
    insert 
    into
        status
        (regdate, facility_bno, member_mno, state, temperature) 
    values
        (?, ?, ?, ?, ?)
mno:Member(mno=15, name=null, phone=null)
building:Facility(bno=9, building=building9)
status:false
temperature36.9
Hibernate: 
    insert 
    into
        status
        (regdate, facility_bno, member_mno, state, temperature) 
    values
        (?, ?, ?, ?, ?)
mno:Member(mno=1, name=null, phone=null)
building:Facility(bno=4, building=building4)
status:true
temperature35.8
Hibernate: 
    insert 
    into
        status
        (regdate, facility_bno, member_mno, state, temperature) 
    values
        (?, ?, ?, ?, ?)
mno:Member(mno=11, name=null, phone=null)
building:Facility(bno=8, building=building8)
status:true
temperature35.5
Hibernate: 
    insert 
    into
        status
        (regdate, facility_bno, member_mno, state, temperature) 
    values
        (?, ?, ?, ?, ?)
mno:Member(mno=57, name=null, phone=null)
building:Facility(bno=1, building=building1)
status:false
temperature36.3
Hibernate: 
    insert 
    into
        status
        (regdate, facility_bno, member_mno, state, temperature) 
    values
        (?, ?, ?, ?, ?)
mno:Member(mno=29, name=null, phone=null)
building:Facility(bno=10, building=building10)
status:false
temperature35.1
Hibernate: 
    insert 
    into
        status
        (regdate, facility_bno, member_mno, state, temperature) 
    values
        (?, ?, ?, ?, ?)
mno:Member(mno=83, name=null, phone=null)
building:Facility(bno=7, building=building7)
status:false
temperature35.1
Hibernate: 
    insert 
    into
        status
        (regdate, facility_bno, member_mno, state, temperature) 
    values
        (?, ?, ?, ?, ?)
mno:Member(mno=9, name=null, phone=null)
building:Facility(bno=2, building=building2)
status:true
temperature35.8
Hibernate: 
    insert 
    into
        status
        (regdate, facility_bno, member_mno, state, temperature) 
    values
        (?, ?, ?, ?, ?)
mno:Member(mno=88, name=null, phone=null)
building:Facility(bno=9, building=building9)
status:false
temperature35.6
Hibernate: 
    insert 
    into
        status
        (regdate, facility_bno, member_mno, state, temperature) 
    values
        (?, ?, ?, ?, ?)
mno:Member(mno=93, name=null, phone=null)
building:Facility(bno=2, building=building2)
status:true
temperature35.5
Hibernate: 
    insert 
    into
        status
        (regdate, facility_bno, member_mno, state, temperature) 
    values
        (?, ?, ?, ?, ?)
mno:Member(mno=84, name=null, phone=null)
building:Facility(bno=7, building=building7)
status:false
temperature36.8
Hibernate: 
    insert 
    into
        status
        (regdate, facility_bno, member_mno, state, temperature) 
    values
        (?, ?, ?, ?, ?)
mno:Member(mno=16, name=null, phone=null)
building:Facility(bno=9, building=building9)
status:false
temperature37.2
Hibernate: 
    insert 
    into
        status
        (regdate, facility_bno, member_mno, state, temperature) 
    values
        (?, ?, ?, ?, ?)
mno:Member(mno=15, name=null, phone=null)
building:Facility(bno=4, building=building4)
status:true
temperature36.6
Hibernate: 
    insert 
    into
        status
        (regdate, facility_bno, member_mno, state, temperature) 
    values
        (?, ?, ?, ?, ?)
mno:Member(mno=71, name=null, phone=null)
building:Facility(bno=4, building=building4)
status:false
temperature37.2
Hibernate: 
    insert 
    into
        status
        (regdate, facility_bno, member_mno, state, temperature) 
    values
        (?, ?, ?, ?, ?)
mno:Member(mno=63, name=null, phone=null)
building:Facility(bno=2, building=building2)
status:false
temperature37.2
Hibernate: 
    insert 
    into
        status
        (regdate, facility_bno, member_mno, state, temperature) 
    values
        (?, ?, ?, ?, ?)
mno:Member(mno=34, name=null, phone=null)
building:Facility(bno=10, building=building10)
status:true
temperature35.8
Hibernate: 
    insert 
    into
        status
        (regdate, facility_bno, member_mno, state, temperature) 
    values
        (?, ?, ?, ?, ?)
]]></system-out>
  <system-err><![CDATA[]]></system-err>
</testsuite>
